ERROR - 2023-03-09 02:58:44 --> mysqli_sql_exception: Cannot add or update a child row: a foreign key constraint fails (`db_clinica`.`tbl_Usuarios`, CONSTRAINT `tbl_Usuarios_ibfk_1` FOREIGN KEY (`idPersona`) REFERENCES `tbl_Personas` (`idPersona`)) in /opt/lampp/htdocs/smiling/vendor/codeigniter4/framework/system/Database/MySQLi/Connection.php:295
Stack trace:
#0 /opt/lampp/htdocs/smiling/vendor/codeigniter4/framework/system/Database/MySQLi/Connection.php(295): mysqli->query('INSERT INTO `tb...', 0)
#1 /opt/lampp/htdocs/smiling/vendor/codeigniter4/framework/system/Database/BaseConnection.php(691): CodeIgniter\Database\MySQLi\Connection->execute('INSERT INTO `tb...')
#2 /opt/lampp/htdocs/smiling/vendor/codeigniter4/framework/system/Database/BaseConnection.php(605): CodeIgniter\Database\BaseConnection->simpleQuery('INSERT INTO `tb...')
#3 /opt/lampp/htdocs/smiling/vendor/codeigniter4/framework/system/Database/BaseBuilder.php(2295): CodeIgniter\Database\BaseConnection->query('INSERT INTO `tb...', Array, false)
#4 /opt/lampp/htdocs/smiling/app/Models/LoginModel.php(52): CodeIgniter\Database\BaseBuilder->insert(Array)
#5 /opt/lampp/htdocs/smiling/app/Controllers/Home.php(37): App\Models\LoginModel->addUser(Array)
#6 /opt/lampp/htdocs/smiling/vendor/codeigniter4/framework/system/CodeIgniter.php(934): App\Controllers\Home->addUser()
#7 /opt/lampp/htdocs/smiling/vendor/codeigniter4/framework/system/CodeIgniter.php(499): CodeIgniter\CodeIgniter->runController(Object(App\Controllers\Home))
#8 /opt/lampp/htdocs/smiling/vendor/codeigniter4/framework/system/CodeIgniter.php(368): CodeIgniter\CodeIgniter->handleRequest(NULL, Object(Config\Cache), false)
#9 /opt/lampp/htdocs/smiling/index.php(67): CodeIgniter\CodeIgniter->run()
#10 {main}
CRITICAL - 2023-03-09 02:58:44 --> Cannot add or update a child row: a foreign key constraint fails (`db_clinica`.`tbl_Usuarios`, CONSTRAINT `tbl_Usuarios_ibfk_1` FOREIGN KEY (`idPersona`) REFERENCES `tbl_Personas` (`idPersona`))
in SYSTEMPATH/Database/BaseConnection.php on line 645.
 1 SYSTEMPATH/Database/BaseBuilder.php(2295): CodeIgniter\Database\BaseConnection->query('INSERT INTO `tbl_Usuarios` (`nombreUsuario`, `claveUsuario`) VALUES (:nombreUsuario:, :claveUsuario:)', [...], false)
 2 APPPATH/Models/LoginModel.php(52): CodeIgniter\Database\BaseBuilder->insert([...])
 3 APPPATH/Controllers/Home.php(37): App\Models\LoginModel->addUser([...])
 4 SYSTEMPATH/CodeIgniter.php(934): App\Controllers\Home->addUser()
 5 SYSTEMPATH/CodeIgniter.php(499): CodeIgniter\CodeIgniter->runController(Object(App\Controllers\Home))
 6 SYSTEMPATH/CodeIgniter.php(368): CodeIgniter\CodeIgniter->handleRequest(null, Object(Config\Cache), false)
 7 FCPATH/index.php(67): CodeIgniter\CodeIgniter->run()
ERROR - 2023-03-09 03:00:59 --> mysqli_sql_exception: Cannot add or update a child row: a foreign key constraint fails (`db_clinica`.`tbl_Usuarios`, CONSTRAINT `tbl_Usuarios_ibfk_1` FOREIGN KEY (`idPersona`) REFERENCES `tbl_Personas` (`idPersona`)) in /opt/lampp/htdocs/smiling/vendor/codeigniter4/framework/system/Database/MySQLi/Connection.php:295
Stack trace:
#0 /opt/lampp/htdocs/smiling/vendor/codeigniter4/framework/system/Database/MySQLi/Connection.php(295): mysqli->query('INSERT INTO `tb...', 0)
#1 /opt/lampp/htdocs/smiling/vendor/codeigniter4/framework/system/Database/BaseConnection.php(691): CodeIgniter\Database\MySQLi\Connection->execute('INSERT INTO `tb...')
#2 /opt/lampp/htdocs/smiling/vendor/codeigniter4/framework/system/Database/BaseConnection.php(605): CodeIgniter\Database\BaseConnection->simpleQuery('INSERT INTO `tb...')
#3 /opt/lampp/htdocs/smiling/vendor/codeigniter4/framework/system/Database/BaseBuilder.php(2295): CodeIgniter\Database\BaseConnection->query('INSERT INTO `tb...', Array, false)
#4 /opt/lampp/htdocs/smiling/app/Models/LoginModel.php(52): CodeIgniter\Database\BaseBuilder->insert(Array)
#5 /opt/lampp/htdocs/smiling/app/Controllers/Home.php(37): App\Models\LoginModel->addUser(Array)
#6 /opt/lampp/htdocs/smiling/vendor/codeigniter4/framework/system/CodeIgniter.php(934): App\Controllers\Home->addUser()
#7 /opt/lampp/htdocs/smiling/vendor/codeigniter4/framework/system/CodeIgniter.php(499): CodeIgniter\CodeIgniter->runController(Object(App\Controllers\Home))
#8 /opt/lampp/htdocs/smiling/vendor/codeigniter4/framework/system/CodeIgniter.php(368): CodeIgniter\CodeIgniter->handleRequest(NULL, Object(Config\Cache), false)
#9 /opt/lampp/htdocs/smiling/index.php(67): CodeIgniter\CodeIgniter->run()
#10 {main}
CRITICAL - 2023-03-09 03:00:59 --> Cannot add or update a child row: a foreign key constraint fails (`db_clinica`.`tbl_Usuarios`, CONSTRAINT `tbl_Usuarios_ibfk_1` FOREIGN KEY (`idPersona`) REFERENCES `tbl_Personas` (`idPersona`))
in SYSTEMPATH/Database/BaseConnection.php on line 645.
 1 SYSTEMPATH/Database/BaseBuilder.php(2295): CodeIgniter\Database\BaseConnection->query('INSERT INTO `tbl_Usuarios` (`nombreUsuario`, `claveUsuario`) VALUES (:nombreUsuario:, :claveUsuario:)', [...], false)
 2 APPPATH/Models/LoginModel.php(52): CodeIgniter\Database\BaseBuilder->insert([...])
 3 APPPATH/Controllers/Home.php(37): App\Models\LoginModel->addUser([...])
 4 SYSTEMPATH/CodeIgniter.php(934): App\Controllers\Home->addUser()
 5 SYSTEMPATH/CodeIgniter.php(499): CodeIgniter\CodeIgniter->runController(Object(App\Controllers\Home))
 6 SYSTEMPATH/CodeIgniter.php(368): CodeIgniter\CodeIgniter->handleRequest(null, Object(Config\Cache), false)
 7 FCPATH/index.php(67): CodeIgniter\CodeIgniter->run()
CRITICAL - 2023-03-09 03:16:00 --> Call to undefined function App\Controllers\now()
in APPPATH/Controllers/Home.php on line 35.
 1 SYSTEMPATH/CodeIgniter.php(934): App\Controllers\Home->addUser()
 2 SYSTEMPATH/CodeIgniter.php(499): CodeIgniter\CodeIgniter->runController(Object(App\Controllers\Home))
 3 SYSTEMPATH/CodeIgniter.php(368): CodeIgniter\CodeIgniter->handleRequest(null, Object(Config\Cache), false)
 4 FCPATH/index.php(67): CodeIgniter\CodeIgniter->run()
CRITICAL - 2023-03-09 03:17:52 --> Call to undefined function App\Controllers\now()
in APPPATH/Controllers/Home.php on line 35.
 1 SYSTEMPATH/CodeIgniter.php(934): App\Controllers\Home->addUser()
 2 SYSTEMPATH/CodeIgniter.php(499): CodeIgniter\CodeIgniter->runController(Object(App\Controllers\Home))
 3 SYSTEMPATH/CodeIgniter.php(368): CodeIgniter\CodeIgniter->handleRequest(null, Object(Config\Cache), false)
 4 FCPATH/index.php(67): CodeIgniter\CodeIgniter->run()
