CRITICAL - 2023-03-21 21:56:44 --> Cannot access offset of type string on string
in APPPATH/Controllers/LoginController.php on line 41.
 1 SYSTEMPATH/CodeIgniter.php(934): App\Controllers\LoginController->validar()
 2 SYSTEMPATH/CodeIgniter.php(499): CodeIgniter\CodeIgniter->runController(Object(App\Controllers\LoginController))
 3 SYSTEMPATH/CodeIgniter.php(368): CodeIgniter\CodeIgniter->handleRequest(null, Object(Config\Cache), false)
 4 FCPATH/index.php(67): CodeIgniter\CodeIgniter->run()
ERROR - 2023-03-21 22:17:03 --> mysqli_sql_exception: CONSTRAINT `bi_bitacoras.detalle` failed for `smiling`.`bi_bitacoras` in /opt/lampp/htdocs/smiling/vendor/codeigniter4/framework/system/Database/MySQLi/Connection.php:295
Stack trace:
#0 /opt/lampp/htdocs/smiling/vendor/codeigniter4/framework/system/Database/MySQLi/Connection.php(295): mysqli->query('INSERT INTO `bi...', 0)
#1 /opt/lampp/htdocs/smiling/vendor/codeigniter4/framework/system/Database/BaseConnection.php(691): CodeIgniter\Database\MySQLi\Connection->execute('INSERT INTO `bi...')
#2 /opt/lampp/htdocs/smiling/vendor/codeigniter4/framework/system/Database/BaseConnection.php(605): CodeIgniter\Database\BaseConnection->simpleQuery('INSERT INTO `bi...')
#3 /opt/lampp/htdocs/smiling/vendor/codeigniter4/framework/system/Database/BaseBuilder.php(2295): CodeIgniter\Database\BaseConnection->query('INSERT INTO `bi...', Array, false)
#4 /opt/lampp/htdocs/smiling/app/Models/SistemaModel.php(31): CodeIgniter\Database\BaseBuilder->insert(Array)
#5 /opt/lampp/htdocs/smiling/app/Controllers/LoginController.php(43): App\Models\SistemaModel->bitacora(1, 'ADMIN', 'Inicio de sesio...')
#6 /opt/lampp/htdocs/smiling/vendor/codeigniter4/framework/system/CodeIgniter.php(934): App\Controllers\LoginController->validar()
#7 /opt/lampp/htdocs/smiling/vendor/codeigniter4/framework/system/CodeIgniter.php(499): CodeIgniter\CodeIgniter->runController(Object(App\Controllers\LoginController))
#8 /opt/lampp/htdocs/smiling/vendor/codeigniter4/framework/system/CodeIgniter.php(368): CodeIgniter\CodeIgniter->handleRequest(NULL, Object(Config\Cache), false)
#9 /opt/lampp/htdocs/smiling/index.php(67): CodeIgniter\CodeIgniter->run()
#10 {main}
CRITICAL - 2023-03-21 22:17:03 --> CONSTRAINT `bi_bitacoras.detalle` failed for `smiling`.`bi_bitacoras`
in SYSTEMPATH/Database/BaseConnection.php on line 645.
 1 SYSTEMPATH/Database/BaseBuilder.php(2295): CodeIgniter\Database\BaseConnection->query('INSERT INTO `bi_bitacoras` (`idMovimiento`, `fechaHora`, `idTabla`, `tablaRelacionada`, `usuario`, `detalle`) VALUES (:idMovimiento:, :fechaHora:, :idTabla:, :tablaRelacionada:, :usuario:, :detalle:)', [...], false)
 2 APPPATH/Models/SistemaModel.php(31): CodeIgniter\Database\BaseBuilder->insert([...])
 3 APPPATH/Controllers/LoginController.php(43): App\Models\SistemaModel->bitacora(1, 'ADMIN', 'Inicio de sesion')
 4 SYSTEMPATH/CodeIgniter.php(934): App\Controllers\LoginController->validar()
 5 SYSTEMPATH/CodeIgniter.php(499): CodeIgniter\CodeIgniter->runController(Object(App\Controllers\LoginController))
 6 SYSTEMPATH/CodeIgniter.php(368): CodeIgniter\CodeIgniter->handleRequest(null, Object(Config\Cache), false)
 7 FCPATH/index.php(67): CodeIgniter\CodeIgniter->run()
ERROR - 2023-03-21 22:20:03 --> mysqli_sql_exception: CONSTRAINT `bi_bitacoras.detalle` failed for `smiling`.`bi_bitacoras` in /opt/lampp/htdocs/smiling/vendor/codeigniter4/framework/system/Database/MySQLi/Connection.php:295
Stack trace:
#0 /opt/lampp/htdocs/smiling/vendor/codeigniter4/framework/system/Database/MySQLi/Connection.php(295): mysqli->query('INSERT INTO `bi...', 0)
#1 /opt/lampp/htdocs/smiling/vendor/codeigniter4/framework/system/Database/BaseConnection.php(691): CodeIgniter\Database\MySQLi\Connection->execute('INSERT INTO `bi...')
#2 /opt/lampp/htdocs/smiling/vendor/codeigniter4/framework/system/Database/BaseConnection.php(605): CodeIgniter\Database\BaseConnection->simpleQuery('INSERT INTO `bi...')
#3 /opt/lampp/htdocs/smiling/vendor/codeigniter4/framework/system/Database/BaseBuilder.php(2295): CodeIgniter\Database\BaseConnection->query('INSERT INTO `bi...', Array, false)
#4 /opt/lampp/htdocs/smiling/app/Models/SistemaModel.php(31): CodeIgniter\Database\BaseBuilder->insert(Array)
#5 /opt/lampp/htdocs/smiling/app/Controllers/LoginController.php(43): App\Models\SistemaModel->bitacora(1, 'ADMIN', 'Inicio de sesio...')
#6 /opt/lampp/htdocs/smiling/vendor/codeigniter4/framework/system/CodeIgniter.php(934): App\Controllers\LoginController->validar()
#7 /opt/lampp/htdocs/smiling/vendor/codeigniter4/framework/system/CodeIgniter.php(499): CodeIgniter\CodeIgniter->runController(Object(App\Controllers\LoginController))
#8 /opt/lampp/htdocs/smiling/vendor/codeigniter4/framework/system/CodeIgniter.php(368): CodeIgniter\CodeIgniter->handleRequest(NULL, Object(Config\Cache), false)
#9 /opt/lampp/htdocs/smiling/index.php(67): CodeIgniter\CodeIgniter->run()
#10 {main}
CRITICAL - 2023-03-21 22:20:03 --> CONSTRAINT `bi_bitacoras.detalle` failed for `smiling`.`bi_bitacoras`
in SYSTEMPATH/Database/BaseConnection.php on line 645.
 1 SYSTEMPATH/Database/BaseBuilder.php(2295): CodeIgniter\Database\BaseConnection->query('INSERT INTO `bi_bitacoras` (`idMovimiento`, `fechaHora`, `idTabla`, `tablaRelacionada`, `usuario`, `detalle`) VALUES (:idMovimiento:, :fechaHora:, :idTabla:, :tablaRelacionada:, :usuario:, :detalle:)', [...], false)
 2 APPPATH/Models/SistemaModel.php(31): CodeIgniter\Database\BaseBuilder->insert([...])
 3 APPPATH/Controllers/LoginController.php(43): App\Models\SistemaModel->bitacora(1, 'ADMIN', 'Inicio de sesion')
 4 SYSTEMPATH/CodeIgniter.php(934): App\Controllers\LoginController->validar()
 5 SYSTEMPATH/CodeIgniter.php(499): CodeIgniter\CodeIgniter->runController(Object(App\Controllers\LoginController))
 6 SYSTEMPATH/CodeIgniter.php(368): CodeIgniter\CodeIgniter->handleRequest(null, Object(Config\Cache), false)
 7 FCPATH/index.php(67): CodeIgniter\CodeIgniter->run()
ERROR - 2023-03-21 22:23:27 --> mysqli_sql_exception: CONSTRAINT `bi_bitacoras.detalle` failed for `smiling`.`bi_bitacoras` in /opt/lampp/htdocs/smiling/vendor/codeigniter4/framework/system/Database/MySQLi/Connection.php:295
Stack trace:
#0 /opt/lampp/htdocs/smiling/vendor/codeigniter4/framework/system/Database/MySQLi/Connection.php(295): mysqli->query('INSERT INTO `bi...', 0)
#1 /opt/lampp/htdocs/smiling/vendor/codeigniter4/framework/system/Database/BaseConnection.php(691): CodeIgniter\Database\MySQLi\Connection->execute('INSERT INTO `bi...')
#2 /opt/lampp/htdocs/smiling/vendor/codeigniter4/framework/system/Database/BaseConnection.php(605): CodeIgniter\Database\BaseConnection->simpleQuery('INSERT INTO `bi...')
#3 /opt/lampp/htdocs/smiling/vendor/codeigniter4/framework/system/Database/BaseBuilder.php(2295): CodeIgniter\Database\BaseConnection->query('INSERT INTO `bi...', Array, false)
#4 /opt/lampp/htdocs/smiling/app/Models/SistemaModel.php(31): CodeIgniter\Database\BaseBuilder->insert(Array)
#5 /opt/lampp/htdocs/smiling/app/Controllers/LoginController.php(45): App\Models\SistemaModel->bitacora(1, 'ADMIN', 'Inicio de sesio...')
#6 /opt/lampp/htdocs/smiling/vendor/codeigniter4/framework/system/CodeIgniter.php(934): App\Controllers\LoginController->validar()
#7 /opt/lampp/htdocs/smiling/vendor/codeigniter4/framework/system/CodeIgniter.php(499): CodeIgniter\CodeIgniter->runController(Object(App\Controllers\LoginController))
#8 /opt/lampp/htdocs/smiling/vendor/codeigniter4/framework/system/CodeIgniter.php(368): CodeIgniter\CodeIgniter->handleRequest(NULL, Object(Config\Cache), false)
#9 /opt/lampp/htdocs/smiling/index.php(67): CodeIgniter\CodeIgniter->run()
#10 {main}
CRITICAL - 2023-03-21 22:23:27 --> CONSTRAINT `bi_bitacoras.detalle` failed for `smiling`.`bi_bitacoras`
in SYSTEMPATH/Database/BaseConnection.php on line 645.
 1 SYSTEMPATH/Database/BaseBuilder.php(2295): CodeIgniter\Database\BaseConnection->query('INSERT INTO `bi_bitacoras` (`idMovimiento`, `fechaHora`, `idTabla`, `tablaRelacionada`, `usuario`, `detalle`) VALUES (:idMovimiento:, :fechaHora:, :idTabla:, :tablaRelacionada:, :usuario:, :detalle:)', [...], false)
 2 APPPATH/Models/SistemaModel.php(31): CodeIgniter\Database\BaseBuilder->insert([...])
 3 APPPATH/Controllers/LoginController.php(45): App\Models\SistemaModel->bitacora(1, 'ADMIN', 'Inicio de sesion')
 4 SYSTEMPATH/CodeIgniter.php(934): App\Controllers\LoginController->validar()
 5 SYSTEMPATH/CodeIgniter.php(499): CodeIgniter\CodeIgniter->runController(Object(App\Controllers\LoginController))
 6 SYSTEMPATH/CodeIgniter.php(368): CodeIgniter\CodeIgniter->handleRequest(null, Object(Config\Cache), false)
 7 FCPATH/index.php(67): CodeIgniter\CodeIgniter->run()
ERROR - 2023-03-21 22:23:59 --> mysqli_sql_exception: CONSTRAINT `bi_bitacoras.detalle` failed for `smiling`.`bi_bitacoras` in /opt/lampp/htdocs/smiling/vendor/codeigniter4/framework/system/Database/MySQLi/Connection.php:295
Stack trace:
#0 /opt/lampp/htdocs/smiling/vendor/codeigniter4/framework/system/Database/MySQLi/Connection.php(295): mysqli->query('INSERT INTO `bi...', 0)
#1 /opt/lampp/htdocs/smiling/vendor/codeigniter4/framework/system/Database/BaseConnection.php(691): CodeIgniter\Database\MySQLi\Connection->execute('INSERT INTO `bi...')
#2 /opt/lampp/htdocs/smiling/vendor/codeigniter4/framework/system/Database/BaseConnection.php(605): CodeIgniter\Database\BaseConnection->simpleQuery('INSERT INTO `bi...')
#3 /opt/lampp/htdocs/smiling/vendor/codeigniter4/framework/system/Database/BaseBuilder.php(2295): CodeIgniter\Database\BaseConnection->query('INSERT INTO `bi...', Array, false)
#4 /opt/lampp/htdocs/smiling/app/Models/SistemaModel.php(31): CodeIgniter\Database\BaseBuilder->insert(Array)
#5 /opt/lampp/htdocs/smiling/app/Controllers/LoginController.php(45): App\Models\SistemaModel->bitacora(1, 'ADMIN', 'Inicio de sesio...')
#6 /opt/lampp/htdocs/smiling/vendor/codeigniter4/framework/system/CodeIgniter.php(934): App\Controllers\LoginController->validar()
#7 /opt/lampp/htdocs/smiling/vendor/codeigniter4/framework/system/CodeIgniter.php(499): CodeIgniter\CodeIgniter->runController(Object(App\Controllers\LoginController))
#8 /opt/lampp/htdocs/smiling/vendor/codeigniter4/framework/system/CodeIgniter.php(368): CodeIgniter\CodeIgniter->handleRequest(NULL, Object(Config\Cache), false)
#9 /opt/lampp/htdocs/smiling/index.php(67): CodeIgniter\CodeIgniter->run()
#10 {main}
CRITICAL - 2023-03-21 22:23:59 --> CONSTRAINT `bi_bitacoras.detalle` failed for `smiling`.`bi_bitacoras`
in SYSTEMPATH/Database/BaseConnection.php on line 645.
 1 SYSTEMPATH/Database/BaseBuilder.php(2295): CodeIgniter\Database\BaseConnection->query('INSERT INTO `bi_bitacoras` (`idMovimiento`, `fechaHora`, `idTabla`, `tablaRelacionada`, `usuario`, `detalle`) VALUES (:idMovimiento:, :fechaHora:, :idTabla:, :tablaRelacionada:, :usuario:, :detalle:)', [...], false)
 2 APPPATH/Models/SistemaModel.php(31): CodeIgniter\Database\BaseBuilder->insert([...])
 3 APPPATH/Controllers/LoginController.php(45): App\Models\SistemaModel->bitacora(1, 'ADMIN', 'Inicio de sesion')
 4 SYSTEMPATH/CodeIgniter.php(934): App\Controllers\LoginController->validar()
 5 SYSTEMPATH/CodeIgniter.php(499): CodeIgniter\CodeIgniter->runController(Object(App\Controllers\LoginController))
 6 SYSTEMPATH/CodeIgniter.php(368): CodeIgniter\CodeIgniter->handleRequest(null, Object(Config\Cache), false)
 7 FCPATH/index.php(67): CodeIgniter\CodeIgniter->run()
ERROR - 2023-03-21 22:27:22 --> mysqli_sql_exception: CONSTRAINT `bi_bitacoras.detalle` failed for `smiling`.`bi_bitacoras` in /opt/lampp/htdocs/smiling/vendor/codeigniter4/framework/system/Database/MySQLi/Connection.php:295
Stack trace:
#0 /opt/lampp/htdocs/smiling/vendor/codeigniter4/framework/system/Database/MySQLi/Connection.php(295): mysqli->query('INSERT INTO `bi...', 0)
#1 /opt/lampp/htdocs/smiling/vendor/codeigniter4/framework/system/Database/BaseConnection.php(691): CodeIgniter\Database\MySQLi\Connection->execute('INSERT INTO `bi...')
#2 /opt/lampp/htdocs/smiling/vendor/codeigniter4/framework/system/Database/BaseConnection.php(605): CodeIgniter\Database\BaseConnection->simpleQuery('INSERT INTO `bi...')
#3 /opt/lampp/htdocs/smiling/vendor/codeigniter4/framework/system/Database/BaseBuilder.php(2295): CodeIgniter\Database\BaseConnection->query('INSERT INTO `bi...', Array, false)
#4 /opt/lampp/htdocs/smiling/app/Models/SistemaModel.php(24): CodeIgniter\Database\BaseBuilder->insert(Array)
#5 /opt/lampp/htdocs/smiling/app/Controllers/LoginController.php(51): App\Models\SistemaModel->bitacora(Array)
#6 /opt/lampp/htdocs/smiling/vendor/codeigniter4/framework/system/CodeIgniter.php(934): App\Controllers\LoginController->validar()
#7 /opt/lampp/htdocs/smiling/vendor/codeigniter4/framework/system/CodeIgniter.php(499): CodeIgniter\CodeIgniter->runController(Object(App\Controllers\LoginController))
#8 /opt/lampp/htdocs/smiling/vendor/codeigniter4/framework/system/CodeIgniter.php(368): CodeIgniter\CodeIgniter->handleRequest(NULL, Object(Config\Cache), false)
#9 /opt/lampp/htdocs/smiling/index.php(67): CodeIgniter\CodeIgniter->run()
#10 {main}
CRITICAL - 2023-03-21 22:27:22 --> CONSTRAINT `bi_bitacoras.detalle` failed for `smiling`.`bi_bitacoras`
in SYSTEMPATH/Database/BaseConnection.php on line 645.
 1 SYSTEMPATH/Database/BaseBuilder.php(2295): CodeIgniter\Database\BaseConnection->query('INSERT INTO `bi_bitacoras` (`idMovimiento`, `fechaHora`, `idTabla`, `tablaRelacionada`, `usuario`, `detalle`) VALUES (:idMovimiento:, :fechaHora:, :idTabla:, :tablaRelacionada:, :usuario:, :detalle:)', [...], false)
 2 APPPATH/Models/SistemaModel.php(24): CodeIgniter\Database\BaseBuilder->insert([...])
 3 APPPATH/Controllers/LoginController.php(51): App\Models\SistemaModel->bitacora([...])
 4 SYSTEMPATH/CodeIgniter.php(934): App\Controllers\LoginController->validar()
 5 SYSTEMPATH/CodeIgniter.php(499): CodeIgniter\CodeIgniter->runController(Object(App\Controllers\LoginController))
 6 SYSTEMPATH/CodeIgniter.php(368): CodeIgniter\CodeIgniter->handleRequest(null, Object(Config\Cache), false)
 7 FCPATH/index.php(67): CodeIgniter\CodeIgniter->run()
ERROR - 2023-03-21 22:29:19 --> mysqli_sql_exception: CONSTRAINT `bi_bitacoras.detalle` failed for `smiling`.`bi_bitacoras` in /opt/lampp/htdocs/smiling/vendor/codeigniter4/framework/system/Database/MySQLi/Connection.php:295
Stack trace:
#0 /opt/lampp/htdocs/smiling/vendor/codeigniter4/framework/system/Database/MySQLi/Connection.php(295): mysqli->query('INSERT INTO `bi...', 0)
#1 /opt/lampp/htdocs/smiling/vendor/codeigniter4/framework/system/Database/BaseConnection.php(691): CodeIgniter\Database\MySQLi\Connection->execute('INSERT INTO `bi...')
#2 /opt/lampp/htdocs/smiling/vendor/codeigniter4/framework/system/Database/BaseConnection.php(605): CodeIgniter\Database\BaseConnection->simpleQuery('INSERT INTO `bi...')
#3 /opt/lampp/htdocs/smiling/vendor/codeigniter4/framework/system/Database/BaseBuilder.php(2295): CodeIgniter\Database\BaseConnection->query('INSERT INTO `bi...', Array, false)
#4 /opt/lampp/htdocs/smiling/app/Models/SistemaModel.php(24): CodeIgniter\Database\BaseBuilder->insert(Array)
#5 /opt/lampp/htdocs/smiling/app/Controllers/LoginController.php(51): App\Models\SistemaModel->bitacora(Array)
#6 /opt/lampp/htdocs/smiling/vendor/codeigniter4/framework/system/CodeIgniter.php(934): App\Controllers\LoginController->validar()
#7 /opt/lampp/htdocs/smiling/vendor/codeigniter4/framework/system/CodeIgniter.php(499): CodeIgniter\CodeIgniter->runController(Object(App\Controllers\LoginController))
#8 /opt/lampp/htdocs/smiling/vendor/codeigniter4/framework/system/CodeIgniter.php(368): CodeIgniter\CodeIgniter->handleRequest(NULL, Object(Config\Cache), false)
#9 /opt/lampp/htdocs/smiling/index.php(67): CodeIgniter\CodeIgniter->run()
#10 {main}
CRITICAL - 2023-03-21 22:29:19 --> CONSTRAINT `bi_bitacoras.detalle` failed for `smiling`.`bi_bitacoras`
in SYSTEMPATH/Database/BaseConnection.php on line 645.
 1 SYSTEMPATH/Database/BaseBuilder.php(2295): CodeIgniter\Database\BaseConnection->query('INSERT INTO `bi_bitacoras` (`idMovimiento`, `fechaHora`, `idTabla`, `tablaRelacionada`, `usuario`, `detalle`) VALUES (:idMovimiento:, :fechaHora:, :idTabla:, :tablaRelacionada:, :usuario:, :detalle:)', [...], false)
 2 APPPATH/Models/SistemaModel.php(24): CodeIgniter\Database\BaseBuilder->insert([...])
 3 APPPATH/Controllers/LoginController.php(51): App\Models\SistemaModel->bitacora([...])
 4 SYSTEMPATH/CodeIgniter.php(934): App\Controllers\LoginController->validar()
 5 SYSTEMPATH/CodeIgniter.php(499): CodeIgniter\CodeIgniter->runController(Object(App\Controllers\LoginController))
 6 SYSTEMPATH/CodeIgniter.php(368): CodeIgniter\CodeIgniter->handleRequest(null, Object(Config\Cache), false)
 7 FCPATH/index.php(67): CodeIgniter\CodeIgniter->run()
ERROR - 2023-03-21 22:33:18 --> mysqli_sql_exception: CONSTRAINT `bi_bitacoras.detalle` failed for `smiling`.`bi_bitacoras` in /opt/lampp/htdocs/smiling/vendor/codeigniter4/framework/system/Database/MySQLi/Connection.php:295
Stack trace:
#0 /opt/lampp/htdocs/smiling/vendor/codeigniter4/framework/system/Database/MySQLi/Connection.php(295): mysqli->query('INSERT INTO `bi...', 0)
#1 /opt/lampp/htdocs/smiling/vendor/codeigniter4/framework/system/Database/BaseConnection.php(691): CodeIgniter\Database\MySQLi\Connection->execute('INSERT INTO `bi...')
#2 /opt/lampp/htdocs/smiling/vendor/codeigniter4/framework/system/Database/BaseConnection.php(605): CodeIgniter\Database\BaseConnection->simpleQuery('INSERT INTO `bi...')
#3 /opt/lampp/htdocs/smiling/vendor/codeigniter4/framework/system/Database/BaseBuilder.php(2295): CodeIgniter\Database\BaseConnection->query('INSERT INTO `bi...', Array, false)
#4 /opt/lampp/htdocs/smiling/app/Models/SistemaModel.php(30): CodeIgniter\Database\BaseBuilder->insert(Array)
#5 /opt/lampp/htdocs/smiling/app/Controllers/LoginController.php(51): App\Models\SistemaModel->bitacora(Array)
#6 /opt/lampp/htdocs/smiling/vendor/codeigniter4/framework/system/CodeIgniter.php(934): App\Controllers\LoginController->validar()
#7 /opt/lampp/htdocs/smiling/vendor/codeigniter4/framework/system/CodeIgniter.php(499): CodeIgniter\CodeIgniter->runController(Object(App\Controllers\LoginController))
#8 /opt/lampp/htdocs/smiling/vendor/codeigniter4/framework/system/CodeIgniter.php(368): CodeIgniter\CodeIgniter->handleRequest(NULL, Object(Config\Cache), false)
#9 /opt/lampp/htdocs/smiling/index.php(67): CodeIgniter\CodeIgniter->run()
#10 {main}
CRITICAL - 2023-03-21 22:33:18 --> CONSTRAINT `bi_bitacoras.detalle` failed for `smiling`.`bi_bitacoras`
in SYSTEMPATH/Database/BaseConnection.php on line 645.
 1 SYSTEMPATH/Database/BaseBuilder.php(2295): CodeIgniter\Database\BaseConnection->query('INSERT INTO `bi_bitacoras` (`idMovimiento`, `fechaHora`, `idTabla`, `tablaRelacionada`, `usuario`, `detalle`) VALUES (:idMovimiento:, :fechaHora:, :idTabla:, :tablaRelacionada:, :usuario:, :detalle:)', [...], false)
 2 APPPATH/Models/SistemaModel.php(30): CodeIgniter\Database\BaseBuilder->insert([...])
 3 APPPATH/Controllers/LoginController.php(51): App\Models\SistemaModel->bitacora([...])
 4 SYSTEMPATH/CodeIgniter.php(934): App\Controllers\LoginController->validar()
 5 SYSTEMPATH/CodeIgniter.php(499): CodeIgniter\CodeIgniter->runController(Object(App\Controllers\LoginController))
 6 SYSTEMPATH/CodeIgniter.php(368): CodeIgniter\CodeIgniter->handleRequest(null, Object(Config\Cache), false)
 7 FCPATH/index.php(67): CodeIgniter\CodeIgniter->run()
ERROR - 2023-03-21 22:34:42 --> mysqli_sql_exception: CONSTRAINT `bi_bitacoras.detalle` failed for `smiling`.`bi_bitacoras` in /opt/lampp/htdocs/smiling/vendor/codeigniter4/framework/system/Database/MySQLi/Connection.php:295
Stack trace:
#0 /opt/lampp/htdocs/smiling/vendor/codeigniter4/framework/system/Database/MySQLi/Connection.php(295): mysqli->query('INSERT INTO `bi...', 0)
#1 /opt/lampp/htdocs/smiling/vendor/codeigniter4/framework/system/Database/BaseConnection.php(691): CodeIgniter\Database\MySQLi\Connection->execute('INSERT INTO `bi...')
#2 /opt/lampp/htdocs/smiling/vendor/codeigniter4/framework/system/Database/BaseConnection.php(605): CodeIgniter\Database\BaseConnection->simpleQuery('INSERT INTO `bi...')
#3 /opt/lampp/htdocs/smiling/vendor/codeigniter4/framework/system/Database/BaseBuilder.php(2295): CodeIgniter\Database\BaseConnection->query('INSERT INTO `bi...', Array, false)
#4 /opt/lampp/htdocs/smiling/app/Models/SistemaModel.php(30): CodeIgniter\Database\BaseBuilder->insert(Array)
#5 /opt/lampp/htdocs/smiling/app/Controllers/LoginController.php(49): App\Models\SistemaModel->bitacora(Array)
#6 /opt/lampp/htdocs/smiling/vendor/codeigniter4/framework/system/CodeIgniter.php(934): App\Controllers\LoginController->validar()
#7 /opt/lampp/htdocs/smiling/vendor/codeigniter4/framework/system/CodeIgniter.php(499): CodeIgniter\CodeIgniter->runController(Object(App\Controllers\LoginController))
#8 /opt/lampp/htdocs/smiling/vendor/codeigniter4/framework/system/CodeIgniter.php(368): CodeIgniter\CodeIgniter->handleRequest(NULL, Object(Config\Cache), false)
#9 /opt/lampp/htdocs/smiling/index.php(67): CodeIgniter\CodeIgniter->run()
#10 {main}
CRITICAL - 2023-03-21 22:34:42 --> CONSTRAINT `bi_bitacoras.detalle` failed for `smiling`.`bi_bitacoras`
in SYSTEMPATH/Database/BaseConnection.php on line 645.
 1 SYSTEMPATH/Database/BaseBuilder.php(2295): CodeIgniter\Database\BaseConnection->query('INSERT INTO `bi_bitacoras` (`idMovimiento`, `fechaHora`, `idTabla`, `tablaRelacionada`, `usuario`, `detalle`) VALUES (:idMovimiento:, :fechaHora:, :idTabla:, :tablaRelacionada:, :usuario:, :detalle:)', [...], false)
 2 APPPATH/Models/SistemaModel.php(30): CodeIgniter\Database\BaseBuilder->insert([...])
 3 APPPATH/Controllers/LoginController.php(49): App\Models\SistemaModel->bitacora([...])
 4 SYSTEMPATH/CodeIgniter.php(934): App\Controllers\LoginController->validar()
 5 SYSTEMPATH/CodeIgniter.php(499): CodeIgniter\CodeIgniter->runController(Object(App\Controllers\LoginController))
 6 SYSTEMPATH/CodeIgniter.php(368): CodeIgniter\CodeIgniter->handleRequest(null, Object(Config\Cache), false)
 7 FCPATH/index.php(67): CodeIgniter\CodeIgniter->run()
ERROR - 2023-03-21 22:35:23 --> mysqli_sql_exception: CONSTRAINT `bi_bitacoras.detalle` failed for `smiling`.`bi_bitacoras` in /opt/lampp/htdocs/smiling/vendor/codeigniter4/framework/system/Database/MySQLi/Connection.php:295
Stack trace:
#0 /opt/lampp/htdocs/smiling/vendor/codeigniter4/framework/system/Database/MySQLi/Connection.php(295): mysqli->query('INSERT INTO `bi...', 0)
#1 /opt/lampp/htdocs/smiling/vendor/codeigniter4/framework/system/Database/BaseConnection.php(691): CodeIgniter\Database\MySQLi\Connection->execute('INSERT INTO `bi...')
#2 /opt/lampp/htdocs/smiling/vendor/codeigniter4/framework/system/Database/BaseConnection.php(605): CodeIgniter\Database\BaseConnection->simpleQuery('INSERT INTO `bi...')
#3 /opt/lampp/htdocs/smiling/vendor/codeigniter4/framework/system/Database/BaseBuilder.php(2295): CodeIgniter\Database\BaseConnection->query('INSERT INTO `bi...', Array, false)
#4 /opt/lampp/htdocs/smiling/app/Models/SistemaModel.php(30): CodeIgniter\Database\BaseBuilder->insert(Array)
#5 /opt/lampp/htdocs/smiling/app/Controllers/LoginController.php(48): App\Models\SistemaModel->bitacora(Array)
#6 /opt/lampp/htdocs/smiling/vendor/codeigniter4/framework/system/CodeIgniter.php(934): App\Controllers\LoginController->validar()
#7 /opt/lampp/htdocs/smiling/vendor/codeigniter4/framework/system/CodeIgniter.php(499): CodeIgniter\CodeIgniter->runController(Object(App\Controllers\LoginController))
#8 /opt/lampp/htdocs/smiling/vendor/codeigniter4/framework/system/CodeIgniter.php(368): CodeIgniter\CodeIgniter->handleRequest(NULL, Object(Config\Cache), false)
#9 /opt/lampp/htdocs/smiling/index.php(67): CodeIgniter\CodeIgniter->run()
#10 {main}
CRITICAL - 2023-03-21 22:35:23 --> CONSTRAINT `bi_bitacoras.detalle` failed for `smiling`.`bi_bitacoras`
in SYSTEMPATH/Database/BaseConnection.php on line 645.
 1 SYSTEMPATH/Database/BaseBuilder.php(2295): CodeIgniter\Database\BaseConnection->query('INSERT INTO `bi_bitacoras` (`idMovimiento`, `fechaHora`, `idTabla`, `tablaRelacionada`, `usuario`, `detalle`) VALUES (:idMovimiento:, :fechaHora:, :idTabla:, :tablaRelacionada:, :usuario:, :detalle:)', [...], false)
 2 APPPATH/Models/SistemaModel.php(30): CodeIgniter\Database\BaseBuilder->insert([...])
 3 APPPATH/Controllers/LoginController.php(48): App\Models\SistemaModel->bitacora([...])
 4 SYSTEMPATH/CodeIgniter.php(934): App\Controllers\LoginController->validar()
 5 SYSTEMPATH/CodeIgniter.php(499): CodeIgniter\CodeIgniter->runController(Object(App\Controllers\LoginController))
 6 SYSTEMPATH/CodeIgniter.php(368): CodeIgniter\CodeIgniter->handleRequest(null, Object(Config\Cache), false)
 7 FCPATH/index.php(67): CodeIgniter\CodeIgniter->run()
ERROR - 2023-03-21 22:37:34 --> mysqli_sql_exception: CONSTRAINT `bi_bitacoras.detalle` failed for `smiling`.`bi_bitacoras` in /opt/lampp/htdocs/smiling/vendor/codeigniter4/framework/system/Database/MySQLi/Connection.php:295
Stack trace:
#0 /opt/lampp/htdocs/smiling/vendor/codeigniter4/framework/system/Database/MySQLi/Connection.php(295): mysqli->query('INSERT INTO `bi...', 0)
#1 /opt/lampp/htdocs/smiling/vendor/codeigniter4/framework/system/Database/BaseConnection.php(691): CodeIgniter\Database\MySQLi\Connection->execute('INSERT INTO `bi...')
#2 /opt/lampp/htdocs/smiling/vendor/codeigniter4/framework/system/Database/BaseConnection.php(605): CodeIgniter\Database\BaseConnection->simpleQuery('INSERT INTO `bi...')
#3 /opt/lampp/htdocs/smiling/vendor/codeigniter4/framework/system/Database/BaseBuilder.php(2295): CodeIgniter\Database\BaseConnection->query('INSERT INTO `bi...', Array, false)
#4 /opt/lampp/htdocs/smiling/app/Models/SistemaModel.php(30): CodeIgniter\Database\BaseBuilder->insert(Array)
#5 /opt/lampp/htdocs/smiling/app/Controllers/LoginController.php(48): App\Models\SistemaModel->bitacora(Array)
#6 /opt/lampp/htdocs/smiling/vendor/codeigniter4/framework/system/CodeIgniter.php(934): App\Controllers\LoginController->validar()
#7 /opt/lampp/htdocs/smiling/vendor/codeigniter4/framework/system/CodeIgniter.php(499): CodeIgniter\CodeIgniter->runController(Object(App\Controllers\LoginController))
#8 /opt/lampp/htdocs/smiling/vendor/codeigniter4/framework/system/CodeIgniter.php(368): CodeIgniter\CodeIgniter->handleRequest(NULL, Object(Config\Cache), false)
#9 /opt/lampp/htdocs/smiling/index.php(67): CodeIgniter\CodeIgniter->run()
#10 {main}
CRITICAL - 2023-03-21 22:37:34 --> CONSTRAINT `bi_bitacoras.detalle` failed for `smiling`.`bi_bitacoras`
in SYSTEMPATH/Database/BaseConnection.php on line 645.
 1 SYSTEMPATH/Database/BaseBuilder.php(2295): CodeIgniter\Database\BaseConnection->query('INSERT INTO `bi_bitacoras` (`idMovimiento`, `fechaHora`, `idTabla`, `tablaRelacionada`, `usuario`, `detalle`) VALUES (:idMovimiento:, :fechaHora:, :idTabla:, :tablaRelacionada:, :usuario:, :detalle:)', [...], false)
 2 APPPATH/Models/SistemaModel.php(30): CodeIgniter\Database\BaseBuilder->insert([...])
 3 APPPATH/Controllers/LoginController.php(48): App\Models\SistemaModel->bitacora([...])
 4 SYSTEMPATH/CodeIgniter.php(934): App\Controllers\LoginController->validar()
 5 SYSTEMPATH/CodeIgniter.php(499): CodeIgniter\CodeIgniter->runController(Object(App\Controllers\LoginController))
 6 SYSTEMPATH/CodeIgniter.php(368): CodeIgniter\CodeIgniter->handleRequest(null, Object(Config\Cache), false)
 7 FCPATH/index.php(67): CodeIgniter\CodeIgniter->run()
ERROR - 2023-03-21 22:38:17 --> mysqli_sql_exception: CONSTRAINT `bi_bitacoras.detalle` failed for `smiling`.`bi_bitacoras` in /opt/lampp/htdocs/smiling/vendor/codeigniter4/framework/system/Database/MySQLi/Connection.php:295
Stack trace:
#0 /opt/lampp/htdocs/smiling/vendor/codeigniter4/framework/system/Database/MySQLi/Connection.php(295): mysqli->query('INSERT INTO `bi...', 0)
#1 /opt/lampp/htdocs/smiling/vendor/codeigniter4/framework/system/Database/BaseConnection.php(691): CodeIgniter\Database\MySQLi\Connection->execute('INSERT INTO `bi...')
#2 /opt/lampp/htdocs/smiling/vendor/codeigniter4/framework/system/Database/BaseConnection.php(605): CodeIgniter\Database\BaseConnection->simpleQuery('INSERT INTO `bi...')
#3 /opt/lampp/htdocs/smiling/vendor/codeigniter4/framework/system/Database/BaseBuilder.php(2295): CodeIgniter\Database\BaseConnection->query('INSERT INTO `bi...', Array, false)
#4 /opt/lampp/htdocs/smiling/app/Models/SistemaModel.php(30): CodeIgniter\Database\BaseBuilder->insert(Array)
#5 /opt/lampp/htdocs/smiling/app/Controllers/LoginController.php(48): App\Models\SistemaModel->bitacora(Array)
#6 /opt/lampp/htdocs/smiling/vendor/codeigniter4/framework/system/CodeIgniter.php(934): App\Controllers\LoginController->validar()
#7 /opt/lampp/htdocs/smiling/vendor/codeigniter4/framework/system/CodeIgniter.php(499): CodeIgniter\CodeIgniter->runController(Object(App\Controllers\LoginController))
#8 /opt/lampp/htdocs/smiling/vendor/codeigniter4/framework/system/CodeIgniter.php(368): CodeIgniter\CodeIgniter->handleRequest(NULL, Object(Config\Cache), false)
#9 /opt/lampp/htdocs/smiling/index.php(67): CodeIgniter\CodeIgniter->run()
#10 {main}
CRITICAL - 2023-03-21 22:38:17 --> CONSTRAINT `bi_bitacoras.detalle` failed for `smiling`.`bi_bitacoras`
in SYSTEMPATH/Database/BaseConnection.php on line 645.
 1 SYSTEMPATH/Database/BaseBuilder.php(2295): CodeIgniter\Database\BaseConnection->query('INSERT INTO `bi_bitacoras` (`idMovimiento`, `fechaHora`, `idTabla`, `tablaRelacionada`, `usuario`, `detalle`) VALUES (:idMovimiento:, :fechaHora:, :idTabla:, :tablaRelacionada:, :usuario:, :detalle:)', [...], false)
 2 APPPATH/Models/SistemaModel.php(30): CodeIgniter\Database\BaseBuilder->insert([...])
 3 APPPATH/Controllers/LoginController.php(48): App\Models\SistemaModel->bitacora([...])
 4 SYSTEMPATH/CodeIgniter.php(934): App\Controllers\LoginController->validar()
 5 SYSTEMPATH/CodeIgniter.php(499): CodeIgniter\CodeIgniter->runController(Object(App\Controllers\LoginController))
 6 SYSTEMPATH/CodeIgniter.php(368): CodeIgniter\CodeIgniter->handleRequest(null, Object(Config\Cache), false)
 7 FCPATH/index.php(67): CodeIgniter\CodeIgniter->run()
ERROR - 2023-03-21 22:39:57 --> mysqli_sql_exception: CONSTRAINT `bi_bitacoras.detalle` failed for `smiling`.`bi_bitacoras` in /opt/lampp/htdocs/smiling/vendor/codeigniter4/framework/system/Database/MySQLi/Connection.php:295
Stack trace:
#0 /opt/lampp/htdocs/smiling/vendor/codeigniter4/framework/system/Database/MySQLi/Connection.php(295): mysqli->query('INSERT INTO `bi...', 0)
#1 /opt/lampp/htdocs/smiling/vendor/codeigniter4/framework/system/Database/BaseConnection.php(691): CodeIgniter\Database\MySQLi\Connection->execute('INSERT INTO `bi...')
#2 /opt/lampp/htdocs/smiling/vendor/codeigniter4/framework/system/Database/BaseConnection.php(605): CodeIgniter\Database\BaseConnection->simpleQuery('INSERT INTO `bi...')
#3 /opt/lampp/htdocs/smiling/vendor/codeigniter4/framework/system/Database/BaseBuilder.php(2295): CodeIgniter\Database\BaseConnection->query('INSERT INTO `bi...', Array, false)
#4 /opt/lampp/htdocs/smiling/app/Models/SistemaModel.php(30): CodeIgniter\Database\BaseBuilder->insert(Array)
#5 /opt/lampp/htdocs/smiling/app/Controllers/LoginController.php(48): App\Models\SistemaModel->bitacora(Array)
#6 /opt/lampp/htdocs/smiling/vendor/codeigniter4/framework/system/CodeIgniter.php(934): App\Controllers\LoginController->validar()
#7 /opt/lampp/htdocs/smiling/vendor/codeigniter4/framework/system/CodeIgniter.php(499): CodeIgniter\CodeIgniter->runController(Object(App\Controllers\LoginController))
#8 /opt/lampp/htdocs/smiling/vendor/codeigniter4/framework/system/CodeIgniter.php(368): CodeIgniter\CodeIgniter->handleRequest(NULL, Object(Config\Cache), false)
#9 /opt/lampp/htdocs/smiling/index.php(67): CodeIgniter\CodeIgniter->run()
#10 {main}
CRITICAL - 2023-03-21 22:39:57 --> CONSTRAINT `bi_bitacoras.detalle` failed for `smiling`.`bi_bitacoras`
in SYSTEMPATH/Database/BaseConnection.php on line 645.
 1 SYSTEMPATH/Database/BaseBuilder.php(2295): CodeIgniter\Database\BaseConnection->query('INSERT INTO `bi_bitacoras` (`idMovimiento`, `fechaHora`, `idTabla`, `tablaRelacionada`, `usuario`, `detalle`) VALUES (:idMovimiento:, :fechaHora:, :idTabla:, :tablaRelacionada:, :usuario:, :detalle:)', [...], false)
 2 APPPATH/Models/SistemaModel.php(30): CodeIgniter\Database\BaseBuilder->insert([...])
 3 APPPATH/Controllers/LoginController.php(48): App\Models\SistemaModel->bitacora([...])
 4 SYSTEMPATH/CodeIgniter.php(934): App\Controllers\LoginController->validar()
 5 SYSTEMPATH/CodeIgniter.php(499): CodeIgniter\CodeIgniter->runController(Object(App\Controllers\LoginController))
 6 SYSTEMPATH/CodeIgniter.php(368): CodeIgniter\CodeIgniter->handleRequest(null, Object(Config\Cache), false)
 7 FCPATH/index.php(67): CodeIgniter\CodeIgniter->run()
