CRITICAL - 2023-03-18 07:00:00 --> You must set the database table to be used with your query.
in SYSTEMPATH/Database/BaseConnection.php on line 882.
 1 SYSTEMPATH/Model.php(641): CodeIgniter\Database\BaseConnection->table(null)
 2 SYSTEMPATH/Model.php(233): CodeIgniter\Model->builder()
 3 SYSTEMPATH/BaseModel.php(618): CodeIgniter\Model->doFindAll(0, 0)
 4 APPPATH/Controllers/DocumentosController.php(13): CodeIgniter\BaseModel->findAll()
 5 SYSTEMPATH/CodeIgniter.php(934): App\Controllers\DocumentosController->buscar()
 6 SYSTEMPATH/CodeIgniter.php(499): CodeIgniter\CodeIgniter->runController(Object(App\Controllers\DocumentosController))
 7 SYSTEMPATH/CodeIgniter.php(368): CodeIgniter\CodeIgniter->handleRequest(null, Object(Config\Cache), false)
 8 FCPATH/index.php(67): CodeIgniter\CodeIgniter->run()
CRITICAL - 2023-03-18 07:03:53 --> You must set the database table to be used with your query.
in SYSTEMPATH/Database/BaseConnection.php on line 882.
 1 SYSTEMPATH/Model.php(641): CodeIgniter\Database\BaseConnection->table(null)
 2 SYSTEMPATH/Model.php(802): CodeIgniter\Model->builder()
 3 APPPATH/Controllers/DocumentosController.php(13): CodeIgniter\Model->__get('TipoDocumento')
 4 SYSTEMPATH/CodeIgniter.php(934): App\Controllers\DocumentosController->buscar()
 5 SYSTEMPATH/CodeIgniter.php(499): CodeIgniter\CodeIgniter->runController(Object(App\Controllers\DocumentosController))
 6 SYSTEMPATH/CodeIgniter.php(368): CodeIgniter\CodeIgniter->handleRequest(null, Object(Config\Cache), false)
 7 FCPATH/index.php(67): CodeIgniter\CodeIgniter->run()
CRITICAL - 2023-03-18 07:04:11 --> You must set the database table to be used with your query.
in SYSTEMPATH/Database/BaseConnection.php on line 882.
 1 SYSTEMPATH/Model.php(641): CodeIgniter\Database\BaseConnection->table(null)
 2 SYSTEMPATH/Model.php(802): CodeIgniter\Model->builder()
 3 APPPATH/Controllers/DocumentosController.php(13): CodeIgniter\Model->__get('TipoDocumento')
 4 SYSTEMPATH/CodeIgniter.php(934): App\Controllers\DocumentosController->buscar()
 5 SYSTEMPATH/CodeIgniter.php(499): CodeIgniter\CodeIgniter->runController(Object(App\Controllers\DocumentosController))
 6 SYSTEMPATH/CodeIgniter.php(368): CodeIgniter\CodeIgniter->handleRequest(null, Object(Config\Cache), false)
 7 FCPATH/index.php(67): CodeIgniter\CodeIgniter->run()
CRITICAL - 2023-03-18 07:10:26 --> Call to a member function findAll() on null
in APPPATH/Controllers/DocumentosController.php on line 13.
 1 SYSTEMPATH/CodeIgniter.php(934): App\Controllers\DocumentosController->buscar()
 2 SYSTEMPATH/CodeIgniter.php(499): CodeIgniter\CodeIgniter->runController(Object(App\Controllers\DocumentosController))
 3 SYSTEMPATH/CodeIgniter.php(368): CodeIgniter\CodeIgniter->handleRequest(null, Object(Config\Cache), false)
 4 FCPATH/index.php(67): CodeIgniter\CodeIgniter->run()
ERROR - 2023-03-18 07:32:14 --> mysqli_sql_exception: Unknown column 'id' in 'where clause' in /opt/lampp/htdocs/smiling/vendor/codeigniter4/framework/system/Database/MySQLi/Connection.php:295
Stack trace:
#0 /opt/lampp/htdocs/smiling/vendor/codeigniter4/framework/system/Database/MySQLi/Connection.php(295): mysqli->query('UPDATE `co_tipo...', 0)
#1 /opt/lampp/htdocs/smiling/vendor/codeigniter4/framework/system/Database/BaseConnection.php(691): CodeIgniter\Database\MySQLi\Connection->execute('UPDATE `co_tipo...')
#2 /opt/lampp/htdocs/smiling/vendor/codeigniter4/framework/system/Database/BaseConnection.php(605): CodeIgniter\Database\BaseConnection->simpleQuery('UPDATE `co_tipo...')
#3 /opt/lampp/htdocs/smiling/vendor/codeigniter4/framework/system/Database/BaseBuilder.php(2462): CodeIgniter\Database\BaseConnection->query('UPDATE `co_tipo...', Array, false)
#4 /opt/lampp/htdocs/smiling/app/Models/TipoDocumentoModel.php(49): CodeIgniter\Database\BaseBuilder->update(Array)
#5 /opt/lampp/htdocs/smiling/app/Controllers/DocumentosController.php(31): App\Models\TipoDocumentoModel->actualizarDocumento(1)
#6 /opt/lampp/htdocs/smiling/vendor/codeigniter4/framework/system/CodeIgniter.php(934): App\Controllers\DocumentosController->actualizar()
#7 /opt/lampp/htdocs/smiling/vendor/codeigniter4/framework/system/CodeIgniter.php(499): CodeIgniter\CodeIgniter->runController(Object(App\Controllers\DocumentosController))
#8 /opt/lampp/htdocs/smiling/vendor/codeigniter4/framework/system/CodeIgniter.php(368): CodeIgniter\CodeIgniter->handleRequest(NULL, Object(Config\Cache), false)
#9 /opt/lampp/htdocs/smiling/index.php(67): CodeIgniter\CodeIgniter->run()
#10 {main}
CRITICAL - 2023-03-18 07:32:14 --> Unknown column 'id' in 'where clause'
in SYSTEMPATH/Database/BaseConnection.php on line 645.
 1 SYSTEMPATH/Database/BaseBuilder.php(2462): CodeIgniter\Database\BaseConnection->query('UPDATE `co_tipo_documento` SET `tipoDocumento` = :tipoDocumento:
WHERE `id` = :id:', [...], false)
 2 APPPATH/Models/TipoDocumentoModel.php(49): CodeIgniter\Database\BaseBuilder->update([...])
 3 APPPATH/Controllers/DocumentosController.php(31): App\Models\TipoDocumentoModel->actualizarDocumento(1)
 4 SYSTEMPATH/CodeIgniter.php(934): App\Controllers\DocumentosController->actualizar()
 5 SYSTEMPATH/CodeIgniter.php(499): CodeIgniter\CodeIgniter->runController(Object(App\Controllers\DocumentosController))
 6 SYSTEMPATH/CodeIgniter.php(368): CodeIgniter\CodeIgniter->handleRequest(null, Object(Config\Cache), false)
 7 FCPATH/index.php(67): CodeIgniter\CodeIgniter->run()
ERROR - 2023-03-18 07:32:14 --> mysqli_sql_exception: Unknown column 'id' in 'where clause' in /opt/lampp/htdocs/smiling/vendor/codeigniter4/framework/system/Database/MySQLi/Connection.php:295
Stack trace:
#0 /opt/lampp/htdocs/smiling/vendor/codeigniter4/framework/system/Database/MySQLi/Connection.php(295): mysqli->query('UPDATE `co_tipo...', 0)
#1 /opt/lampp/htdocs/smiling/vendor/codeigniter4/framework/system/Database/BaseConnection.php(691): CodeIgniter\Database\MySQLi\Connection->execute('UPDATE `co_tipo...')
#2 /opt/lampp/htdocs/smiling/vendor/codeigniter4/framework/system/Database/BaseConnection.php(605): CodeIgniter\Database\BaseConnection->simpleQuery('UPDATE `co_tipo...')
#3 /opt/lampp/htdocs/smiling/vendor/codeigniter4/framework/system/Database/BaseBuilder.php(2462): CodeIgniter\Database\BaseConnection->query('UPDATE `co_tipo...', Array, false)
#4 /opt/lampp/htdocs/smiling/app/Models/TipoDocumentoModel.php(49): CodeIgniter\Database\BaseBuilder->update(Array)
#5 /opt/lampp/htdocs/smiling/app/Controllers/DocumentosController.php(31): App\Models\TipoDocumentoModel->actualizarDocumento(1)
#6 /opt/lampp/htdocs/smiling/vendor/codeigniter4/framework/system/CodeIgniter.php(934): App\Controllers\DocumentosController->actualizar()
#7 /opt/lampp/htdocs/smiling/vendor/codeigniter4/framework/system/CodeIgniter.php(499): CodeIgniter\CodeIgniter->runController(Object(App\Controllers\DocumentosController))
#8 /opt/lampp/htdocs/smiling/vendor/codeigniter4/framework/system/CodeIgniter.php(368): CodeIgniter\CodeIgniter->handleRequest(NULL, Object(Config\Cache), false)
#9 /opt/lampp/htdocs/smiling/index.php(67): CodeIgniter\CodeIgniter->run()
#10 {main}
CRITICAL - 2023-03-18 07:32:14 --> Unknown column 'id' in 'where clause'
in SYSTEMPATH/Database/BaseConnection.php on line 645.
 1 SYSTEMPATH/Database/BaseBuilder.php(2462): CodeIgniter\Database\BaseConnection->query('UPDATE `co_tipo_documento` SET `tipoDocumento` = :tipoDocumento:
WHERE `id` = :id:', [...], false)
 2 APPPATH/Models/TipoDocumentoModel.php(49): CodeIgniter\Database\BaseBuilder->update([...])
 3 APPPATH/Controllers/DocumentosController.php(31): App\Models\TipoDocumentoModel->actualizarDocumento(1)
 4 SYSTEMPATH/CodeIgniter.php(934): App\Controllers\DocumentosController->actualizar()
 5 SYSTEMPATH/CodeIgniter.php(499): CodeIgniter\CodeIgniter->runController(Object(App\Controllers\DocumentosController))
 6 SYSTEMPATH/CodeIgniter.php(368): CodeIgniter\CodeIgniter->handleRequest(null, Object(Config\Cache), false)
 7 FCPATH/index.php(67): CodeIgniter\CodeIgniter->run()
ERROR - 2023-03-18 07:32:14 --> mysqli_sql_exception: Unknown column 'id' in 'where clause' in /opt/lampp/htdocs/smiling/vendor/codeigniter4/framework/system/Database/MySQLi/Connection.php:295
Stack trace:
#0 /opt/lampp/htdocs/smiling/vendor/codeigniter4/framework/system/Database/MySQLi/Connection.php(295): mysqli->query('UPDATE `co_tipo...', 0)
#1 /opt/lampp/htdocs/smiling/vendor/codeigniter4/framework/system/Database/BaseConnection.php(691): CodeIgniter\Database\MySQLi\Connection->execute('UPDATE `co_tipo...')
#2 /opt/lampp/htdocs/smiling/vendor/codeigniter4/framework/system/Database/BaseConnection.php(605): CodeIgniter\Database\BaseConnection->simpleQuery('UPDATE `co_tipo...')
#3 /opt/lampp/htdocs/smiling/vendor/codeigniter4/framework/system/Database/BaseBuilder.php(2462): CodeIgniter\Database\BaseConnection->query('UPDATE `co_tipo...', Array, false)
#4 /opt/lampp/htdocs/smiling/app/Models/TipoDocumentoModel.php(49): CodeIgniter\Database\BaseBuilder->update(Array)
#5 /opt/lampp/htdocs/smiling/app/Controllers/DocumentosController.php(31): App\Models\TipoDocumentoModel->actualizarDocumento(1)
#6 /opt/lampp/htdocs/smiling/vendor/codeigniter4/framework/system/CodeIgniter.php(934): App\Controllers\DocumentosController->actualizar()
#7 /opt/lampp/htdocs/smiling/vendor/codeigniter4/framework/system/CodeIgniter.php(499): CodeIgniter\CodeIgniter->runController(Object(App\Controllers\DocumentosController))
#8 /opt/lampp/htdocs/smiling/vendor/codeigniter4/framework/system/CodeIgniter.php(368): CodeIgniter\CodeIgniter->handleRequest(NULL, Object(Config\Cache), false)
#9 /opt/lampp/htdocs/smiling/index.php(67): CodeIgniter\CodeIgniter->run()
#10 {main}
CRITICAL - 2023-03-18 07:32:14 --> Unknown column 'id' in 'where clause'
in SYSTEMPATH/Database/BaseConnection.php on line 645.
 1 SYSTEMPATH/Database/BaseBuilder.php(2462): CodeIgniter\Database\BaseConnection->query('UPDATE `co_tipo_documento` SET `tipoDocumento` = :tipoDocumento:
WHERE `id` = :id:', [...], false)
 2 APPPATH/Models/TipoDocumentoModel.php(49): CodeIgniter\Database\BaseBuilder->update([...])
 3 APPPATH/Controllers/DocumentosController.php(31): App\Models\TipoDocumentoModel->actualizarDocumento(1)
 4 SYSTEMPATH/CodeIgniter.php(934): App\Controllers\DocumentosController->actualizar()
 5 SYSTEMPATH/CodeIgniter.php(499): CodeIgniter\CodeIgniter->runController(Object(App\Controllers\DocumentosController))
 6 SYSTEMPATH/CodeIgniter.php(368): CodeIgniter\CodeIgniter->handleRequest(null, Object(Config\Cache), false)
 7 FCPATH/index.php(67): CodeIgniter\CodeIgniter->run()
ERROR - 2023-03-18 07:32:14 --> mysqli_sql_exception: Unknown column 'id' in 'where clause' in /opt/lampp/htdocs/smiling/vendor/codeigniter4/framework/system/Database/MySQLi/Connection.php:295
Stack trace:
#0 /opt/lampp/htdocs/smiling/vendor/codeigniter4/framework/system/Database/MySQLi/Connection.php(295): mysqli->query('UPDATE `co_tipo...', 0)
#1 /opt/lampp/htdocs/smiling/vendor/codeigniter4/framework/system/Database/BaseConnection.php(691): CodeIgniter\Database\MySQLi\Connection->execute('UPDATE `co_tipo...')
#2 /opt/lampp/htdocs/smiling/vendor/codeigniter4/framework/system/Database/BaseConnection.php(605): CodeIgniter\Database\BaseConnection->simpleQuery('UPDATE `co_tipo...')
#3 /opt/lampp/htdocs/smiling/vendor/codeigniter4/framework/system/Database/BaseBuilder.php(2462): CodeIgniter\Database\BaseConnection->query('UPDATE `co_tipo...', Array, false)
#4 /opt/lampp/htdocs/smiling/app/Models/TipoDocumentoModel.php(49): CodeIgniter\Database\BaseBuilder->update(Array)
#5 /opt/lampp/htdocs/smiling/app/Controllers/DocumentosController.php(31): App\Models\TipoDocumentoModel->actualizarDocumento(1)
#6 /opt/lampp/htdocs/smiling/vendor/codeigniter4/framework/system/CodeIgniter.php(934): App\Controllers\DocumentosController->actualizar()
#7 /opt/lampp/htdocs/smiling/vendor/codeigniter4/framework/system/CodeIgniter.php(499): CodeIgniter\CodeIgniter->runController(Object(App\Controllers\DocumentosController))
#8 /opt/lampp/htdocs/smiling/vendor/codeigniter4/framework/system/CodeIgniter.php(368): CodeIgniter\CodeIgniter->handleRequest(NULL, Object(Config\Cache), false)
#9 /opt/lampp/htdocs/smiling/index.php(67): CodeIgniter\CodeIgniter->run()
#10 {main}
CRITICAL - 2023-03-18 07:32:14 --> Unknown column 'id' in 'where clause'
in SYSTEMPATH/Database/BaseConnection.php on line 645.
 1 SYSTEMPATH/Database/BaseBuilder.php(2462): CodeIgniter\Database\BaseConnection->query('UPDATE `co_tipo_documento` SET `tipoDocumento` = :tipoDocumento:
WHERE `id` = :id:', [...], false)
 2 APPPATH/Models/TipoDocumentoModel.php(49): CodeIgniter\Database\BaseBuilder->update([...])
 3 APPPATH/Controllers/DocumentosController.php(31): App\Models\TipoDocumentoModel->actualizarDocumento(1)
 4 SYSTEMPATH/CodeIgniter.php(934): App\Controllers\DocumentosController->actualizar()
 5 SYSTEMPATH/CodeIgniter.php(499): CodeIgniter\CodeIgniter->runController(Object(App\Controllers\DocumentosController))
 6 SYSTEMPATH/CodeIgniter.php(368): CodeIgniter\CodeIgniter->handleRequest(null, Object(Config\Cache), false)
 7 FCPATH/index.php(67): CodeIgniter\CodeIgniter->run()
ERROR - 2023-03-18 07:33:28 --> mysqli_sql_exception: Unknown column 'id' in 'where clause' in /opt/lampp/htdocs/smiling/vendor/codeigniter4/framework/system/Database/MySQLi/Connection.php:295
Stack trace:
#0 /opt/lampp/htdocs/smiling/vendor/codeigniter4/framework/system/Database/MySQLi/Connection.php(295): mysqli->query('UPDATE `co_tipo...', 0)
#1 /opt/lampp/htdocs/smiling/vendor/codeigniter4/framework/system/Database/BaseConnection.php(691): CodeIgniter\Database\MySQLi\Connection->execute('UPDATE `co_tipo...')
#2 /opt/lampp/htdocs/smiling/vendor/codeigniter4/framework/system/Database/BaseConnection.php(605): CodeIgniter\Database\BaseConnection->simpleQuery('UPDATE `co_tipo...')
#3 /opt/lampp/htdocs/smiling/vendor/codeigniter4/framework/system/Database/BaseBuilder.php(2462): CodeIgniter\Database\BaseConnection->query('UPDATE `co_tipo...', Array, false)
#4 /opt/lampp/htdocs/smiling/app/Models/TipoDocumentoModel.php(49): CodeIgniter\Database\BaseBuilder->update(Array)
#5 /opt/lampp/htdocs/smiling/app/Controllers/DocumentosController.php(31): App\Models\TipoDocumentoModel->actualizarDocumento(1)
#6 /opt/lampp/htdocs/smiling/vendor/codeigniter4/framework/system/CodeIgniter.php(934): App\Controllers\DocumentosController->actualizar()
#7 /opt/lampp/htdocs/smiling/vendor/codeigniter4/framework/system/CodeIgniter.php(499): CodeIgniter\CodeIgniter->runController(Object(App\Controllers\DocumentosController))
#8 /opt/lampp/htdocs/smiling/vendor/codeigniter4/framework/system/CodeIgniter.php(368): CodeIgniter\CodeIgniter->handleRequest(NULL, Object(Config\Cache), false)
#9 /opt/lampp/htdocs/smiling/index.php(67): CodeIgniter\CodeIgniter->run()
#10 {main}
CRITICAL - 2023-03-18 07:33:28 --> Unknown column 'id' in 'where clause'
in SYSTEMPATH/Database/BaseConnection.php on line 645.
 1 SYSTEMPATH/Database/BaseBuilder.php(2462): CodeIgniter\Database\BaseConnection->query('UPDATE `co_tipo_documento` SET `tipoDocumento` = :tipoDocumento:
WHERE `id` = :id:', [...], false)
 2 APPPATH/Models/TipoDocumentoModel.php(49): CodeIgniter\Database\BaseBuilder->update([...])
 3 APPPATH/Controllers/DocumentosController.php(31): App\Models\TipoDocumentoModel->actualizarDocumento(1)
 4 SYSTEMPATH/CodeIgniter.php(934): App\Controllers\DocumentosController->actualizar()
 5 SYSTEMPATH/CodeIgniter.php(499): CodeIgniter\CodeIgniter->runController(Object(App\Controllers\DocumentosController))
 6 SYSTEMPATH/CodeIgniter.php(368): CodeIgniter\CodeIgniter->handleRequest(null, Object(Config\Cache), false)
 7 FCPATH/index.php(67): CodeIgniter\CodeIgniter->run()
ERROR - 2023-03-18 07:33:28 --> mysqli_sql_exception: Unknown column 'id' in 'where clause' in /opt/lampp/htdocs/smiling/vendor/codeigniter4/framework/system/Database/MySQLi/Connection.php:295
Stack trace:
#0 /opt/lampp/htdocs/smiling/vendor/codeigniter4/framework/system/Database/MySQLi/Connection.php(295): mysqli->query('UPDATE `co_tipo...', 0)
#1 /opt/lampp/htdocs/smiling/vendor/codeigniter4/framework/system/Database/BaseConnection.php(691): CodeIgniter\Database\MySQLi\Connection->execute('UPDATE `co_tipo...')
#2 /opt/lampp/htdocs/smiling/vendor/codeigniter4/framework/system/Database/BaseConnection.php(605): CodeIgniter\Database\BaseConnection->simpleQuery('UPDATE `co_tipo...')
#3 /opt/lampp/htdocs/smiling/vendor/codeigniter4/framework/system/Database/BaseBuilder.php(2462): CodeIgniter\Database\BaseConnection->query('UPDATE `co_tipo...', Array, false)
#4 /opt/lampp/htdocs/smiling/app/Models/TipoDocumentoModel.php(49): CodeIgniter\Database\BaseBuilder->update(Array)
#5 /opt/lampp/htdocs/smiling/app/Controllers/DocumentosController.php(31): App\Models\TipoDocumentoModel->actualizarDocumento(1)
#6 /opt/lampp/htdocs/smiling/vendor/codeigniter4/framework/system/CodeIgniter.php(934): App\Controllers\DocumentosController->actualizar()
#7 /opt/lampp/htdocs/smiling/vendor/codeigniter4/framework/system/CodeIgniter.php(499): CodeIgniter\CodeIgniter->runController(Object(App\Controllers\DocumentosController))
#8 /opt/lampp/htdocs/smiling/vendor/codeigniter4/framework/system/CodeIgniter.php(368): CodeIgniter\CodeIgniter->handleRequest(NULL, Object(Config\Cache), false)
#9 /opt/lampp/htdocs/smiling/index.php(67): CodeIgniter\CodeIgniter->run()
#10 {main}
CRITICAL - 2023-03-18 07:33:28 --> Unknown column 'id' in 'where clause'
in SYSTEMPATH/Database/BaseConnection.php on line 645.
 1 SYSTEMPATH/Database/BaseBuilder.php(2462): CodeIgniter\Database\BaseConnection->query('UPDATE `co_tipo_documento` SET `tipoDocumento` = :tipoDocumento:
WHERE `id` = :id:', [...], false)
 2 APPPATH/Models/TipoDocumentoModel.php(49): CodeIgniter\Database\BaseBuilder->update([...])
 3 APPPATH/Controllers/DocumentosController.php(31): App\Models\TipoDocumentoModel->actualizarDocumento(1)
 4 SYSTEMPATH/CodeIgniter.php(934): App\Controllers\DocumentosController->actualizar()
 5 SYSTEMPATH/CodeIgniter.php(499): CodeIgniter\CodeIgniter->runController(Object(App\Controllers\DocumentosController))
 6 SYSTEMPATH/CodeIgniter.php(368): CodeIgniter\CodeIgniter->handleRequest(null, Object(Config\Cache), false)
 7 FCPATH/index.php(67): CodeIgniter\CodeIgniter->run()
ERROR - 2023-03-18 07:33:28 --> mysqli_sql_exception: Unknown column 'id' in 'where clause' in /opt/lampp/htdocs/smiling/vendor/codeigniter4/framework/system/Database/MySQLi/Connection.php:295
Stack trace:
#0 /opt/lampp/htdocs/smiling/vendor/codeigniter4/framework/system/Database/MySQLi/Connection.php(295): mysqli->query('UPDATE `co_tipo...', 0)
#1 /opt/lampp/htdocs/smiling/vendor/codeigniter4/framework/system/Database/BaseConnection.php(691): CodeIgniter\Database\MySQLi\Connection->execute('UPDATE `co_tipo...')
#2 /opt/lampp/htdocs/smiling/vendor/codeigniter4/framework/system/Database/BaseConnection.php(605): CodeIgniter\Database\BaseConnection->simpleQuery('UPDATE `co_tipo...')
#3 /opt/lampp/htdocs/smiling/vendor/codeigniter4/framework/system/Database/BaseBuilder.php(2462): CodeIgniter\Database\BaseConnection->query('UPDATE `co_tipo...', Array, false)
#4 /opt/lampp/htdocs/smiling/app/Models/TipoDocumentoModel.php(49): CodeIgniter\Database\BaseBuilder->update(Array)
#5 /opt/lampp/htdocs/smiling/app/Controllers/DocumentosController.php(31): App\Models\TipoDocumentoModel->actualizarDocumento(1)
#6 /opt/lampp/htdocs/smiling/vendor/codeigniter4/framework/system/CodeIgniter.php(934): App\Controllers\DocumentosController->actualizar()
#7 /opt/lampp/htdocs/smiling/vendor/codeigniter4/framework/system/CodeIgniter.php(499): CodeIgniter\CodeIgniter->runController(Object(App\Controllers\DocumentosController))
#8 /opt/lampp/htdocs/smiling/vendor/codeigniter4/framework/system/CodeIgniter.php(368): CodeIgniter\CodeIgniter->handleRequest(NULL, Object(Config\Cache), false)
#9 /opt/lampp/htdocs/smiling/index.php(67): CodeIgniter\CodeIgniter->run()
#10 {main}
CRITICAL - 2023-03-18 07:33:28 --> Unknown column 'id' in 'where clause'
in SYSTEMPATH/Database/BaseConnection.php on line 645.
 1 SYSTEMPATH/Database/BaseBuilder.php(2462): CodeIgniter\Database\BaseConnection->query('UPDATE `co_tipo_documento` SET `tipoDocumento` = :tipoDocumento:
WHERE `id` = :id:', [...], false)
 2 APPPATH/Models/TipoDocumentoModel.php(49): CodeIgniter\Database\BaseBuilder->update([...])
 3 APPPATH/Controllers/DocumentosController.php(31): App\Models\TipoDocumentoModel->actualizarDocumento(1)
 4 SYSTEMPATH/CodeIgniter.php(934): App\Controllers\DocumentosController->actualizar()
 5 SYSTEMPATH/CodeIgniter.php(499): CodeIgniter\CodeIgniter->runController(Object(App\Controllers\DocumentosController))
 6 SYSTEMPATH/CodeIgniter.php(368): CodeIgniter\CodeIgniter->handleRequest(null, Object(Config\Cache), false)
 7 FCPATH/index.php(67): CodeIgniter\CodeIgniter->run()
ERROR - 2023-03-18 07:33:28 --> mysqli_sql_exception: Unknown column 'id' in 'where clause' in /opt/lampp/htdocs/smiling/vendor/codeigniter4/framework/system/Database/MySQLi/Connection.php:295
Stack trace:
#0 /opt/lampp/htdocs/smiling/vendor/codeigniter4/framework/system/Database/MySQLi/Connection.php(295): mysqli->query('UPDATE `co_tipo...', 0)
#1 /opt/lampp/htdocs/smiling/vendor/codeigniter4/framework/system/Database/BaseConnection.php(691): CodeIgniter\Database\MySQLi\Connection->execute('UPDATE `co_tipo...')
#2 /opt/lampp/htdocs/smiling/vendor/codeigniter4/framework/system/Database/BaseConnection.php(605): CodeIgniter\Database\BaseConnection->simpleQuery('UPDATE `co_tipo...')
#3 /opt/lampp/htdocs/smiling/vendor/codeigniter4/framework/system/Database/BaseBuilder.php(2462): CodeIgniter\Database\BaseConnection->query('UPDATE `co_tipo...', Array, false)
#4 /opt/lampp/htdocs/smiling/app/Models/TipoDocumentoModel.php(49): CodeIgniter\Database\BaseBuilder->update(Array)
#5 /opt/lampp/htdocs/smiling/app/Controllers/DocumentosController.php(31): App\Models\TipoDocumentoModel->actualizarDocumento(1)
#6 /opt/lampp/htdocs/smiling/vendor/codeigniter4/framework/system/CodeIgniter.php(934): App\Controllers\DocumentosController->actualizar()
#7 /opt/lampp/htdocs/smiling/vendor/codeigniter4/framework/system/CodeIgniter.php(499): CodeIgniter\CodeIgniter->runController(Object(App\Controllers\DocumentosController))
#8 /opt/lampp/htdocs/smiling/vendor/codeigniter4/framework/system/CodeIgniter.php(368): CodeIgniter\CodeIgniter->handleRequest(NULL, Object(Config\Cache), false)
#9 /opt/lampp/htdocs/smiling/index.php(67): CodeIgniter\CodeIgniter->run()
#10 {main}
CRITICAL - 2023-03-18 07:33:28 --> Unknown column 'id' in 'where clause'
in SYSTEMPATH/Database/BaseConnection.php on line 645.
 1 SYSTEMPATH/Database/BaseBuilder.php(2462): CodeIgniter\Database\BaseConnection->query('UPDATE `co_tipo_documento` SET `tipoDocumento` = :tipoDocumento:
WHERE `id` = :id:', [...], false)
 2 APPPATH/Models/TipoDocumentoModel.php(49): CodeIgniter\Database\BaseBuilder->update([...])
 3 APPPATH/Controllers/DocumentosController.php(31): App\Models\TipoDocumentoModel->actualizarDocumento(1)
 4 SYSTEMPATH/CodeIgniter.php(934): App\Controllers\DocumentosController->actualizar()
 5 SYSTEMPATH/CodeIgniter.php(499): CodeIgniter\CodeIgniter->runController(Object(App\Controllers\DocumentosController))
 6 SYSTEMPATH/CodeIgniter.php(368): CodeIgniter\CodeIgniter->handleRequest(null, Object(Config\Cache), false)
 7 FCPATH/index.php(67): CodeIgniter\CodeIgniter->run()
ERROR - 2023-03-18 07:36:01 --> mysqli_sql_exception: Unknown column 'id' in 'where clause' in /opt/lampp/htdocs/smiling/vendor/codeigniter4/framework/system/Database/MySQLi/Connection.php:295
Stack trace:
#0 /opt/lampp/htdocs/smiling/vendor/codeigniter4/framework/system/Database/MySQLi/Connection.php(295): mysqli->query('UPDATE `co_tipo...', 0)
#1 /opt/lampp/htdocs/smiling/vendor/codeigniter4/framework/system/Database/BaseConnection.php(691): CodeIgniter\Database\MySQLi\Connection->execute('UPDATE `co_tipo...')
#2 /opt/lampp/htdocs/smiling/vendor/codeigniter4/framework/system/Database/BaseConnection.php(605): CodeIgniter\Database\BaseConnection->simpleQuery('UPDATE `co_tipo...')
#3 /opt/lampp/htdocs/smiling/vendor/codeigniter4/framework/system/Database/BaseBuilder.php(2462): CodeIgniter\Database\BaseConnection->query('UPDATE `co_tipo...', Array, false)
#4 /opt/lampp/htdocs/smiling/app/Models/TipoDocumentoModel.php(49): CodeIgniter\Database\BaseBuilder->update(Array)
#5 /opt/lampp/htdocs/smiling/app/Controllers/DocumentosController.php(31): App\Models\TipoDocumentoModel->actualizarDocumento(1)
#6 /opt/lampp/htdocs/smiling/vendor/codeigniter4/framework/system/CodeIgniter.php(934): App\Controllers\DocumentosController->actualizar()
#7 /opt/lampp/htdocs/smiling/vendor/codeigniter4/framework/system/CodeIgniter.php(499): CodeIgniter\CodeIgniter->runController(Object(App\Controllers\DocumentosController))
#8 /opt/lampp/htdocs/smiling/vendor/codeigniter4/framework/system/CodeIgniter.php(368): CodeIgniter\CodeIgniter->handleRequest(NULL, Object(Config\Cache), false)
#9 /opt/lampp/htdocs/smiling/index.php(67): CodeIgniter\CodeIgniter->run()
#10 {main}
CRITICAL - 2023-03-18 07:36:01 --> Unknown column 'id' in 'where clause'
in SYSTEMPATH/Database/BaseConnection.php on line 645.
 1 SYSTEMPATH/Database/BaseBuilder.php(2462): CodeIgniter\Database\BaseConnection->query('UPDATE `co_tipo_documento` SET `tipoDocumento` = :tipoDocumento:
WHERE `id` = :id:', [...], false)
 2 APPPATH/Models/TipoDocumentoModel.php(49): CodeIgniter\Database\BaseBuilder->update([...])
 3 APPPATH/Controllers/DocumentosController.php(31): App\Models\TipoDocumentoModel->actualizarDocumento(1)
 4 SYSTEMPATH/CodeIgniter.php(934): App\Controllers\DocumentosController->actualizar()
 5 SYSTEMPATH/CodeIgniter.php(499): CodeIgniter\CodeIgniter->runController(Object(App\Controllers\DocumentosController))
 6 SYSTEMPATH/CodeIgniter.php(368): CodeIgniter\CodeIgniter->handleRequest(null, Object(Config\Cache), false)
 7 FCPATH/index.php(67): CodeIgniter\CodeIgniter->run()
ERROR - 2023-03-18 07:39:37 --> mysqli_sql_exception: Unknown column 'id' in 'where clause' in /opt/lampp/htdocs/smiling/vendor/codeigniter4/framework/system/Database/MySQLi/Connection.php:295
Stack trace:
#0 /opt/lampp/htdocs/smiling/vendor/codeigniter4/framework/system/Database/MySQLi/Connection.php(295): mysqli->query('UPDATE `co_tipo...', 0)
#1 /opt/lampp/htdocs/smiling/vendor/codeigniter4/framework/system/Database/BaseConnection.php(691): CodeIgniter\Database\MySQLi\Connection->execute('UPDATE `co_tipo...')
#2 /opt/lampp/htdocs/smiling/vendor/codeigniter4/framework/system/Database/BaseConnection.php(605): CodeIgniter\Database\BaseConnection->simpleQuery('UPDATE `co_tipo...')
#3 /opt/lampp/htdocs/smiling/vendor/codeigniter4/framework/system/Database/BaseBuilder.php(2462): CodeIgniter\Database\BaseConnection->query('UPDATE `co_tipo...', Array, false)
#4 /opt/lampp/htdocs/smiling/app/Models/TipoDocumentoModel.php(49): CodeIgniter\Database\BaseBuilder->update(Array)
#5 /opt/lampp/htdocs/smiling/app/Controllers/DocumentosController.php(31): App\Models\TipoDocumentoModel->actualizarDocumento(1)
#6 /opt/lampp/htdocs/smiling/vendor/codeigniter4/framework/system/CodeIgniter.php(934): App\Controllers\DocumentosController->actualizar()
#7 /opt/lampp/htdocs/smiling/vendor/codeigniter4/framework/system/CodeIgniter.php(499): CodeIgniter\CodeIgniter->runController(Object(App\Controllers\DocumentosController))
#8 /opt/lampp/htdocs/smiling/vendor/codeigniter4/framework/system/CodeIgniter.php(368): CodeIgniter\CodeIgniter->handleRequest(NULL, Object(Config\Cache), false)
#9 /opt/lampp/htdocs/smiling/index.php(67): CodeIgniter\CodeIgniter->run()
#10 {main}
CRITICAL - 2023-03-18 07:39:37 --> Unknown column 'id' in 'where clause'
in SYSTEMPATH/Database/BaseConnection.php on line 645.
 1 SYSTEMPATH/Database/BaseBuilder.php(2462): CodeIgniter\Database\BaseConnection->query('UPDATE `co_tipo_documento` SET `tipoDocumento` = :tipoDocumento:
WHERE `id` = :id:', [...], false)
 2 APPPATH/Models/TipoDocumentoModel.php(49): CodeIgniter\Database\BaseBuilder->update([...])
 3 APPPATH/Controllers/DocumentosController.php(31): App\Models\TipoDocumentoModel->actualizarDocumento(1)
 4 SYSTEMPATH/CodeIgniter.php(934): App\Controllers\DocumentosController->actualizar()
 5 SYSTEMPATH/CodeIgniter.php(499): CodeIgniter\CodeIgniter->runController(Object(App\Controllers\DocumentosController))
 6 SYSTEMPATH/CodeIgniter.php(368): CodeIgniter\CodeIgniter->handleRequest(null, Object(Config\Cache), false)
 7 FCPATH/index.php(67): CodeIgniter\CodeIgniter->run()
