INFO - 2023-06-08 18:19:27 --> Session: Class initialized using 'CodeIgniter\Session\Handlers\FileHandler' driver.
INFO - 2023-06-08 18:19:28 --> Session: Class initialized using 'CodeIgniter\Session\Handlers\FileHandler' driver.
CRITICAL - 2023-06-08 18:19:31 --> include(C:\xampp\htdocs\smiling\vendor\codeigniter4\framework\system\Debug/Toolbar/Views/toolbarloader.js): Failed to open stream: No such file or directory
in SYSTEMPATH\Debug\Toolbar.php on line 452.
 1 SYSTEMPATH\Debug\Toolbar.php(452): CodeIgniter\Debug\Exceptions->errorHandler(2, 'include(C:\\xampp\\htdocs\\smiling\\vendor\\codeigniter4\\framework\\system\\Debug/Toolbar/Views/toolbarloader.js): Failed to open stream: No such file or directory', 'SYSTEMPATH\\Debug\\Toolbar.php', 452)
 2 SYSTEMPATH\Debug\Toolbar.php(452): include()
 3 APPPATH\Config\Events.php(46): CodeIgniter\Debug\Toolbar->respond()
 4 SYSTEMPATH\Events\Events.php(149): CodeIgniter\Events\Events::Config\{closure}()
 5 SYSTEMPATH\CodeIgniter.php(350): CodeIgniter\Events\Events::trigger('pre_system')
 6 FCPATH\index.php(67): CodeIgniter\CodeIgniter->run()
INFO - 2023-06-08 18:19:37 --> Session: Class initialized using 'CodeIgniter\Session\Handlers\FileHandler' driver.
INFO - 2023-06-08 18:19:37 --> Session: Class initialized using 'CodeIgniter\Session\Handlers\FileHandler' driver.
INFO - 2023-06-08 18:20:33 --> Session: Class initialized using 'CodeIgniter\Session\Handlers\FileHandler' driver.
CRITICAL - 2023-06-08 18:20:34 --> include(C:\xampp\htdocs\smiling\vendor\codeigniter4\framework\system\Debug/Toolbar/Views/toolbarloader.js): Failed to open stream: No such file or directory
in SYSTEMPATH\Debug\Toolbar.php on line 452.
 1 SYSTEMPATH\Debug\Toolbar.php(452): CodeIgniter\Debug\Exceptions->errorHandler(2, 'include(C:\\xampp\\htdocs\\smiling\\vendor\\codeigniter4\\framework\\system\\Debug/Toolbar/Views/toolbarloader.js): Failed to open stream: No such file or directory', 'SYSTEMPATH\\Debug\\Toolbar.php', 452)
 2 SYSTEMPATH\Debug\Toolbar.php(452): include()
 3 APPPATH\Config\Events.php(46): CodeIgniter\Debug\Toolbar->respond()
 4 SYSTEMPATH\Events\Events.php(149): CodeIgniter\Events\Events::Config\{closure}()
 5 SYSTEMPATH\CodeIgniter.php(350): CodeIgniter\Events\Events::trigger('pre_system')
 6 FCPATH\index.php(67): CodeIgniter\CodeIgniter->run()
INFO - 2023-06-08 18:20:36 --> Session: Class initialized using 'CodeIgniter\Session\Handlers\FileHandler' driver.
CRITICAL - 2023-06-08 18:20:36 --> include(C:\xampp\htdocs\smiling\vendor\codeigniter4\framework\system\Debug/Toolbar/Views/toolbarloader.js): Failed to open stream: No such file or directory
in SYSTEMPATH\Debug\Toolbar.php on line 452.
 1 SYSTEMPATH\Debug\Toolbar.php(452): CodeIgniter\Debug\Exceptions->errorHandler(2, 'include(C:\\xampp\\htdocs\\smiling\\vendor\\codeigniter4\\framework\\system\\Debug/Toolbar/Views/toolbarloader.js): Failed to open stream: No such file or directory', 'SYSTEMPATH\\Debug\\Toolbar.php', 452)
 2 SYSTEMPATH\Debug\Toolbar.php(452): include()
 3 APPPATH\Config\Events.php(46): CodeIgniter\Debug\Toolbar->respond()
 4 SYSTEMPATH\Events\Events.php(149): CodeIgniter\Events\Events::Config\{closure}()
 5 SYSTEMPATH\CodeIgniter.php(350): CodeIgniter\Events\Events::trigger('pre_system')
 6 FCPATH\index.php(67): CodeIgniter\CodeIgniter->run()
INFO - 2023-06-08 18:20:39 --> Session: Class initialized using 'CodeIgniter\Session\Handlers\FileHandler' driver.
INFO - 2023-06-08 18:21:40 --> Session: Class initialized using 'CodeIgniter\Session\Handlers\FileHandler' driver.
INFO - 2023-06-08 18:26:26 --> Session: Class initialized using 'CodeIgniter\Session\Handlers\FileHandler' driver.
CRITICAL - 2023-06-08 18:26:27 --> include(C:\xampp\htdocs\smiling\vendor\codeigniter4\framework\system\Debug/Toolbar/Views/toolbarloader.js): Failed to open stream: No such file or directory
in SYSTEMPATH\Debug\Toolbar.php on line 452.
 1 SYSTEMPATH\Debug\Toolbar.php(452): CodeIgniter\Debug\Exceptions->errorHandler(2, 'include(C:\\xampp\\htdocs\\smiling\\vendor\\codeigniter4\\framework\\system\\Debug/Toolbar/Views/toolbarloader.js): Failed to open stream: No such file or directory', 'SYSTEMPATH\\Debug\\Toolbar.php', 452)
 2 SYSTEMPATH\Debug\Toolbar.php(452): include()
 3 APPPATH\Config\Events.php(46): CodeIgniter\Debug\Toolbar->respond()
 4 SYSTEMPATH\Events\Events.php(149): CodeIgniter\Events\Events::Config\{closure}()
 5 SYSTEMPATH\CodeIgniter.php(350): CodeIgniter\Events\Events::trigger('pre_system')
 6 FCPATH\index.php(67): CodeIgniter\CodeIgniter->run()
INFO - 2023-06-08 18:26:34 --> Session: Class initialized using 'CodeIgniter\Session\Handlers\FileHandler' driver.
INFO - 2023-06-08 18:26:43 --> Session: Class initialized using 'CodeIgniter\Session\Handlers\FileHandler' driver.
CRITICAL - 2023-06-08 18:26:43 --> include(C:\xampp\htdocs\smiling\vendor\codeigniter4\framework\system\Debug/Toolbar/Views/toolbarloader.js): Failed to open stream: No such file or directory
in SYSTEMPATH\Debug\Toolbar.php on line 452.
 1 SYSTEMPATH\Debug\Toolbar.php(452): CodeIgniter\Debug\Exceptions->errorHandler(2, 'include(C:\\xampp\\htdocs\\smiling\\vendor\\codeigniter4\\framework\\system\\Debug/Toolbar/Views/toolbarloader.js): Failed to open stream: No such file or directory', 'SYSTEMPATH\\Debug\\Toolbar.php', 452)
 2 SYSTEMPATH\Debug\Toolbar.php(452): include()
 3 APPPATH\Config\Events.php(46): CodeIgniter\Debug\Toolbar->respond()
 4 SYSTEMPATH\Events\Events.php(149): CodeIgniter\Events\Events::Config\{closure}()
 5 SYSTEMPATH\CodeIgniter.php(350): CodeIgniter\Events\Events::trigger('pre_system')
 6 FCPATH\index.php(67): CodeIgniter\CodeIgniter->run()
INFO - 2023-06-08 18:26:46 --> Session: Class initialized using 'CodeIgniter\Session\Handlers\FileHandler' driver.
INFO - 2023-06-08 18:28:45 --> Session: Class initialized using 'CodeIgniter\Session\Handlers\FileHandler' driver.
CRITICAL - 2023-06-08 18:28:46 --> include(C:\xampp\htdocs\smiling\vendor\codeigniter4\framework\system\Debug/Toolbar/Views/toolbarloader.js): Failed to open stream: No such file or directory
in SYSTEMPATH\Debug\Toolbar.php on line 452.
 1 SYSTEMPATH\Debug\Toolbar.php(452): CodeIgniter\Debug\Exceptions->errorHandler(2, 'include(C:\\xampp\\htdocs\\smiling\\vendor\\codeigniter4\\framework\\system\\Debug/Toolbar/Views/toolbarloader.js): Failed to open stream: No such file or directory', 'SYSTEMPATH\\Debug\\Toolbar.php', 452)
 2 SYSTEMPATH\Debug\Toolbar.php(452): include()
 3 APPPATH\Config\Events.php(46): CodeIgniter\Debug\Toolbar->respond()
 4 SYSTEMPATH\Events\Events.php(149): CodeIgniter\Events\Events::Config\{closure}()
 5 SYSTEMPATH\CodeIgniter.php(350): CodeIgniter\Events\Events::trigger('pre_system')
 6 FCPATH\index.php(67): CodeIgniter\CodeIgniter->run()
CRITICAL - 2023-06-08 18:40:05 --> include(C:\xampp\htdocs\smiling\vendor\codeigniter4\framework\system\Debug/Toolbar/Views/toolbarloader.js): Failed to open stream: No such file or directory
in SYSTEMPATH\Debug\Toolbar.php on line 452.
 1 SYSTEMPATH\Debug\Toolbar.php(452): CodeIgniter\Debug\Exceptions->errorHandler(2, 'include(C:\\xampp\\htdocs\\smiling\\vendor\\codeigniter4\\framework\\system\\Debug/Toolbar/Views/toolbarloader.js): Failed to open stream: No such file or directory', 'SYSTEMPATH\\Debug\\Toolbar.php', 452)
 2 SYSTEMPATH\Debug\Toolbar.php(452): include()
 3 APPPATH\Config\Events.php(46): CodeIgniter\Debug\Toolbar->respond()
 4 SYSTEMPATH\Events\Events.php(149): CodeIgniter\Events\Events::Config\{closure}()
 5 SYSTEMPATH\CodeIgniter.php(350): CodeIgniter\Events\Events::trigger('pre_system')
 6 FCPATH\index.php(67): CodeIgniter\CodeIgniter->run()
INFO - 2023-06-08 18:40:47 --> Session: Class initialized using 'CodeIgniter\Session\Handlers\FileHandler' driver.
INFO - 2023-06-08 18:40:47 --> Session: Class initialized using 'CodeIgniter\Session\Handlers\FileHandler' driver.
CRITICAL - 2023-06-08 18:40:48 --> include(C:\xampp\htdocs\smiling\vendor\codeigniter4\framework\system\Debug/Toolbar/Views/toolbarloader.js): Failed to open stream: No such file or directory
in SYSTEMPATH\Debug\Toolbar.php on line 452.
 1 SYSTEMPATH\Debug\Toolbar.php(452): CodeIgniter\Debug\Exceptions->errorHandler(2, 'include(C:\\xampp\\htdocs\\smiling\\vendor\\codeigniter4\\framework\\system\\Debug/Toolbar/Views/toolbarloader.js): Failed to open stream: No such file or directory', 'SYSTEMPATH\\Debug\\Toolbar.php', 452)
 2 SYSTEMPATH\Debug\Toolbar.php(452): include()
 3 APPPATH\Config\Events.php(46): CodeIgniter\Debug\Toolbar->respond()
 4 SYSTEMPATH\Events\Events.php(149): CodeIgniter\Events\Events::Config\{closure}()
 5 SYSTEMPATH\CodeIgniter.php(350): CodeIgniter\Events\Events::trigger('pre_system')
 6 FCPATH\index.php(67): CodeIgniter\CodeIgniter->run()
INFO - 2023-06-08 18:40:49 --> Session: Class initialized using 'CodeIgniter\Session\Handlers\FileHandler' driver.
INFO - 2023-06-08 18:40:50 --> Session: Class initialized using 'CodeIgniter\Session\Handlers\FileHandler' driver.
INFO - 2023-06-08 18:40:52 --> Session: Class initialized using 'CodeIgniter\Session\Handlers\FileHandler' driver.
CRITICAL - 2023-06-08 18:40:52 --> include(C:\xampp\htdocs\smiling\vendor\codeigniter4\framework\system\Debug/Toolbar/Views/toolbarloader.js): Failed to open stream: No such file or directory
in SYSTEMPATH\Debug\Toolbar.php on line 452.
 1 SYSTEMPATH\Debug\Toolbar.php(452): CodeIgniter\Debug\Exceptions->errorHandler(2, 'include(C:\\xampp\\htdocs\\smiling\\vendor\\codeigniter4\\framework\\system\\Debug/Toolbar/Views/toolbarloader.js): Failed to open stream: No such file or directory', 'SYSTEMPATH\\Debug\\Toolbar.php', 452)
 2 SYSTEMPATH\Debug\Toolbar.php(452): include()
 3 APPPATH\Config\Events.php(46): CodeIgniter\Debug\Toolbar->respond()
 4 SYSTEMPATH\Events\Events.php(149): CodeIgniter\Events\Events::Config\{closure}()
 5 SYSTEMPATH\CodeIgniter.php(350): CodeIgniter\Events\Events::trigger('pre_system')
 6 FCPATH\index.php(67): CodeIgniter\CodeIgniter->run()
INFO - 2023-06-08 18:40:54 --> Session: Class initialized using 'CodeIgniter\Session\Handlers\FileHandler' driver.
CRITICAL - 2023-06-08 18:40:54 --> include(C:\xampp\htdocs\smiling\vendor\codeigniter4\framework\system\Debug/Toolbar/Views/toolbarloader.js): Failed to open stream: No such file or directory
in SYSTEMPATH\Debug\Toolbar.php on line 452.
 1 SYSTEMPATH\Debug\Toolbar.php(452): CodeIgniter\Debug\Exceptions->errorHandler(2, 'include(C:\\xampp\\htdocs\\smiling\\vendor\\codeigniter4\\framework\\system\\Debug/Toolbar/Views/toolbarloader.js): Failed to open stream: No such file or directory', 'SYSTEMPATH\\Debug\\Toolbar.php', 452)
 2 SYSTEMPATH\Debug\Toolbar.php(452): include()
 3 APPPATH\Config\Events.php(46): CodeIgniter\Debug\Toolbar->respond()
 4 SYSTEMPATH\Events\Events.php(149): CodeIgniter\Events\Events::Config\{closure}()
 5 SYSTEMPATH\CodeIgniter.php(350): CodeIgniter\Events\Events::trigger('pre_system')
 6 FCPATH\index.php(67): CodeIgniter\CodeIgniter->run()
INFO - 2023-06-08 18:40:59 --> Session: Class initialized using 'CodeIgniter\Session\Handlers\FileHandler' driver.
INFO - 2023-06-08 18:42:02 --> Session: Class initialized using 'CodeIgniter\Session\Handlers\FileHandler' driver.
CRITICAL - 2023-06-08 18:42:03 --> include(C:\xampp\htdocs\smiling\vendor\codeigniter4\framework\system\Debug/Toolbar/Views/toolbarloader.js): Failed to open stream: No such file or directory
in SYSTEMPATH\Debug\Toolbar.php on line 452.
 1 SYSTEMPATH\Debug\Toolbar.php(452): CodeIgniter\Debug\Exceptions->errorHandler(2, 'include(C:\\xampp\\htdocs\\smiling\\vendor\\codeigniter4\\framework\\system\\Debug/Toolbar/Views/toolbarloader.js): Failed to open stream: No such file or directory', 'SYSTEMPATH\\Debug\\Toolbar.php', 452)
 2 SYSTEMPATH\Debug\Toolbar.php(452): include()
 3 APPPATH\Config\Events.php(46): CodeIgniter\Debug\Toolbar->respond()
 4 SYSTEMPATH\Events\Events.php(149): CodeIgniter\Events\Events::Config\{closure}()
 5 SYSTEMPATH\CodeIgniter.php(350): CodeIgniter\Events\Events::trigger('pre_system')
 6 FCPATH\index.php(67): CodeIgniter\CodeIgniter->run()
INFO - 2023-06-08 18:42:08 --> Session: Class initialized using 'CodeIgniter\Session\Handlers\FileHandler' driver.
INFO - 2023-06-08 18:42:08 --> Session: Class initialized using 'CodeIgniter\Session\Handlers\FileHandler' driver.
INFO - 2023-06-08 18:47:39 --> Session: Class initialized using 'CodeIgniter\Session\Handlers\FileHandler' driver.
CRITICAL - 2023-06-08 18:47:40 --> include(C:\xampp\htdocs\smiling\vendor\codeigniter4\framework\system\Debug/Toolbar/Views/toolbarloader.js): Failed to open stream: No such file or directory
in SYSTEMPATH\Debug\Toolbar.php on line 452.
 1 SYSTEMPATH\Debug\Toolbar.php(452): CodeIgniter\Debug\Exceptions->errorHandler(2, 'include(C:\\xampp\\htdocs\\smiling\\vendor\\codeigniter4\\framework\\system\\Debug/Toolbar/Views/toolbarloader.js): Failed to open stream: No such file or directory', 'SYSTEMPATH\\Debug\\Toolbar.php', 452)
 2 SYSTEMPATH\Debug\Toolbar.php(452): include()
 3 APPPATH\Config\Events.php(46): CodeIgniter\Debug\Toolbar->respond()
 4 SYSTEMPATH\Events\Events.php(149): CodeIgniter\Events\Events::Config\{closure}()
 5 SYSTEMPATH\CodeIgniter.php(350): CodeIgniter\Events\Events::trigger('pre_system')
 6 FCPATH\index.php(67): CodeIgniter\CodeIgniter->run()
INFO - 2023-06-08 18:47:42 --> Session: Class initialized using 'CodeIgniter\Session\Handlers\FileHandler' driver.
INFO - 2023-06-08 18:47:42 --> Session: Class initialized using 'CodeIgniter\Session\Handlers\FileHandler' driver.
INFO - 2023-06-08 18:47:42 --> Session: Class initialized using 'CodeIgniter\Session\Handlers\FileHandler' driver.
INFO - 2023-06-08 18:56:57 --> Session: Class initialized using 'CodeIgniter\Session\Handlers\FileHandler' driver.
CRITICAL - 2023-06-08 18:56:59 --> include(C:\xampp\htdocs\smiling\vendor\codeigniter4\framework\system\Debug/Toolbar/Views/toolbarloader.js): Failed to open stream: No such file or directory
in SYSTEMPATH\Debug\Toolbar.php on line 452.
 1 SYSTEMPATH\Debug\Toolbar.php(452): CodeIgniter\Debug\Exceptions->errorHandler(2, 'include(C:\\xampp\\htdocs\\smiling\\vendor\\codeigniter4\\framework\\system\\Debug/Toolbar/Views/toolbarloader.js): Failed to open stream: No such file or directory', 'SYSTEMPATH\\Debug\\Toolbar.php', 452)
 2 SYSTEMPATH\Debug\Toolbar.php(452): include()
 3 APPPATH\Config\Events.php(46): CodeIgniter\Debug\Toolbar->respond()
 4 SYSTEMPATH\Events\Events.php(149): CodeIgniter\Events\Events::Config\{closure}()
 5 SYSTEMPATH\CodeIgniter.php(350): CodeIgniter\Events\Events::trigger('pre_system')
 6 FCPATH\index.php(67): CodeIgniter\CodeIgniter->run()
INFO - 2023-06-08 18:57:05 --> Session: Class initialized using 'CodeIgniter\Session\Handlers\FileHandler' driver.
INFO - 2023-06-08 18:57:05 --> Session: Class initialized using 'CodeIgniter\Session\Handlers\FileHandler' driver.
INFO - 2023-06-08 18:57:05 --> Session: Class initialized using 'CodeIgniter\Session\Handlers\FileHandler' driver.
INFO - 2023-06-08 18:57:05 --> Session: Class initialized using 'CodeIgniter\Session\Handlers\FileHandler' driver.
INFO - 2023-06-08 18:59:13 --> Session: Class initialized using 'CodeIgniter\Session\Handlers\FileHandler' driver.
INFO - 2023-06-08 18:59:13 --> Session: Class initialized using 'CodeIgniter\Session\Handlers\FileHandler' driver.
INFO - 2023-06-08 18:59:13 --> Session: Class initialized using 'CodeIgniter\Session\Handlers\FileHandler' driver.
INFO - 2023-06-08 18:59:13 --> Session: Class initialized using 'CodeIgniter\Session\Handlers\FileHandler' driver.
INFO - 2023-06-08 18:59:35 --> Session: Class initialized using 'CodeIgniter\Session\Handlers\FileHandler' driver.
INFO - 2023-06-08 18:59:35 --> Session: Class initialized using 'CodeIgniter\Session\Handlers\FileHandler' driver.
INFO - 2023-06-08 18:59:36 --> Session: Class initialized using 'CodeIgniter\Session\Handlers\FileHandler' driver.
INFO - 2023-06-08 18:59:36 --> Session: Class initialized using 'CodeIgniter\Session\Handlers\FileHandler' driver.
INFO - 2023-06-08 19:03:29 --> Session: Class initialized using 'CodeIgniter\Session\Handlers\FileHandler' driver.
INFO - 2023-06-08 19:03:29 --> Session: Class initialized using 'CodeIgniter\Session\Handlers\FileHandler' driver.
INFO - 2023-06-08 19:03:30 --> Session: Class initialized using 'CodeIgniter\Session\Handlers\FileHandler' driver.
INFO - 2023-06-08 19:03:30 --> Session: Class initialized using 'CodeIgniter\Session\Handlers\FileHandler' driver.
INFO - 2023-06-08 19:16:34 --> Session: Class initialized using 'CodeIgniter\Session\Handlers\FileHandler' driver.
CRITICAL - 2023-06-08 19:16:35 --> include(C:\xampp\htdocs\smiling\vendor\codeigniter4\framework\system\Debug/Toolbar/Views/toolbarloader.js): Failed to open stream: No such file or directory
in SYSTEMPATH\Debug\Toolbar.php on line 452.
 1 SYSTEMPATH\Debug\Toolbar.php(452): CodeIgniter\Debug\Exceptions->errorHandler(2, 'include(C:\\xampp\\htdocs\\smiling\\vendor\\codeigniter4\\framework\\system\\Debug/Toolbar/Views/toolbarloader.js): Failed to open stream: No such file or directory', 'SYSTEMPATH\\Debug\\Toolbar.php', 452)
 2 SYSTEMPATH\Debug\Toolbar.php(452): include()
 3 APPPATH\Config\Events.php(46): CodeIgniter\Debug\Toolbar->respond()
 4 SYSTEMPATH\Events\Events.php(149): CodeIgniter\Events\Events::Config\{closure}()
 5 SYSTEMPATH\CodeIgniter.php(350): CodeIgniter\Events\Events::trigger('pre_system')
 6 FCPATH\index.php(67): CodeIgniter\CodeIgniter->run()
INFO - 2023-06-08 19:16:38 --> Session: Class initialized using 'CodeIgniter\Session\Handlers\FileHandler' driver.
INFO - 2023-06-08 19:16:38 --> Session: Class initialized using 'CodeIgniter\Session\Handlers\FileHandler' driver.
INFO - 2023-06-08 19:16:38 --> Session: Class initialized using 'CodeIgniter\Session\Handlers\FileHandler' driver.
INFO - 2023-06-08 19:16:38 --> Session: Class initialized using 'CodeIgniter\Session\Handlers\FileHandler' driver.
CRITICAL - 2023-06-08 19:58:36 --> include(C:\xampp\htdocs\smiling\vendor\codeigniter4\framework\system\Debug/Toolbar/Views/toolbarloader.js): Failed to open stream: No such file or directory
in SYSTEMPATH\Debug\Toolbar.php on line 452.
 1 SYSTEMPATH\Debug\Toolbar.php(452): CodeIgniter\Debug\Exceptions->errorHandler(2, 'include(C:\\xampp\\htdocs\\smiling\\vendor\\codeigniter4\\framework\\system\\Debug/Toolbar/Views/toolbarloader.js): Failed to open stream: No such file or directory', 'SYSTEMPATH\\Debug\\Toolbar.php', 452)
 2 SYSTEMPATH\Debug\Toolbar.php(452): include()
 3 APPPATH\Config\Events.php(46): CodeIgniter\Debug\Toolbar->respond()
 4 SYSTEMPATH\Events\Events.php(149): CodeIgniter\Events\Events::Config\{closure}()
 5 SYSTEMPATH\CodeIgniter.php(350): CodeIgniter\Events\Events::trigger('pre_system')
 6 FCPATH\index.php(67): CodeIgniter\CodeIgniter->run()
INFO - 2023-06-08 19:58:57 --> Session: Class initialized using 'CodeIgniter\Session\Handlers\FileHandler' driver.
INFO - 2023-06-08 19:58:57 --> Session: Class initialized using 'CodeIgniter\Session\Handlers\FileHandler' driver.
CRITICAL - 2023-06-08 19:58:58 --> include(C:\xampp\htdocs\smiling\vendor\codeigniter4\framework\system\Debug/Toolbar/Views/toolbarloader.js): Failed to open stream: No such file or directory
in SYSTEMPATH\Debug\Toolbar.php on line 452.
 1 SYSTEMPATH\Debug\Toolbar.php(452): CodeIgniter\Debug\Exceptions->errorHandler(2, 'include(C:\\xampp\\htdocs\\smiling\\vendor\\codeigniter4\\framework\\system\\Debug/Toolbar/Views/toolbarloader.js): Failed to open stream: No such file or directory', 'SYSTEMPATH\\Debug\\Toolbar.php', 452)
 2 SYSTEMPATH\Debug\Toolbar.php(452): include()
 3 APPPATH\Config\Events.php(46): CodeIgniter\Debug\Toolbar->respond()
 4 SYSTEMPATH\Events\Events.php(149): CodeIgniter\Events\Events::Config\{closure}()
 5 SYSTEMPATH\CodeIgniter.php(350): CodeIgniter\Events\Events::trigger('pre_system')
 6 FCPATH\index.php(67): CodeIgniter\CodeIgniter->run()
INFO - 2023-06-08 19:59:01 --> Session: Class initialized using 'CodeIgniter\Session\Handlers\FileHandler' driver.
INFO - 2023-06-08 19:59:01 --> Session: Class initialized using 'CodeIgniter\Session\Handlers\FileHandler' driver.
INFO - 2023-06-08 19:59:03 --> Session: Class initialized using 'CodeIgniter\Session\Handlers\FileHandler' driver.
CRITICAL - 2023-06-08 19:59:04 --> include(C:\xampp\htdocs\smiling\vendor\codeigniter4\framework\system\Debug/Toolbar/Views/toolbarloader.js): Failed to open stream: No such file or directory
in SYSTEMPATH\Debug\Toolbar.php on line 452.
 1 SYSTEMPATH\Debug\Toolbar.php(452): CodeIgniter\Debug\Exceptions->errorHandler(2, 'include(C:\\xampp\\htdocs\\smiling\\vendor\\codeigniter4\\framework\\system\\Debug/Toolbar/Views/toolbarloader.js): Failed to open stream: No such file or directory', 'SYSTEMPATH\\Debug\\Toolbar.php', 452)
 2 SYSTEMPATH\Debug\Toolbar.php(452): include()
 3 APPPATH\Config\Events.php(46): CodeIgniter\Debug\Toolbar->respond()
 4 SYSTEMPATH\Events\Events.php(149): CodeIgniter\Events\Events::Config\{closure}()
 5 SYSTEMPATH\CodeIgniter.php(350): CodeIgniter\Events\Events::trigger('pre_system')
 6 FCPATH\index.php(67): CodeIgniter\CodeIgniter->run()
INFO - 2023-06-08 19:59:06 --> Session: Class initialized using 'CodeIgniter\Session\Handlers\FileHandler' driver.
CRITICAL - 2023-06-08 19:59:07 --> include(C:\xampp\htdocs\smiling\vendor\codeigniter4\framework\system\Debug/Toolbar/Views/toolbarloader.js): Failed to open stream: No such file or directory
in SYSTEMPATH\Debug\Toolbar.php on line 452.
 1 SYSTEMPATH\Debug\Toolbar.php(452): CodeIgniter\Debug\Exceptions->errorHandler(2, 'include(C:\\xampp\\htdocs\\smiling\\vendor\\codeigniter4\\framework\\system\\Debug/Toolbar/Views/toolbarloader.js): Failed to open stream: No such file or directory', 'SYSTEMPATH\\Debug\\Toolbar.php', 452)
 2 SYSTEMPATH\Debug\Toolbar.php(452): include()
 3 APPPATH\Config\Events.php(46): CodeIgniter\Debug\Toolbar->respond()
 4 SYSTEMPATH\Events\Events.php(149): CodeIgniter\Events\Events::Config\{closure}()
 5 SYSTEMPATH\CodeIgniter.php(350): CodeIgniter\Events\Events::trigger('pre_system')
 6 FCPATH\index.php(67): CodeIgniter\CodeIgniter->run()
INFO - 2023-06-08 19:59:18 --> Session: Class initialized using 'CodeIgniter\Session\Handlers\FileHandler' driver.
INFO - 2023-06-08 19:59:18 --> Session: Class initialized using 'CodeIgniter\Session\Handlers\FileHandler' driver.
INFO - 2023-06-08 19:59:18 --> Session: Class initialized using 'CodeIgniter\Session\Handlers\FileHandler' driver.
INFO - 2023-06-08 19:59:18 --> Session: Class initialized using 'CodeIgniter\Session\Handlers\FileHandler' driver.
INFO - 2023-06-08 20:00:20 --> Session: Class initialized using 'CodeIgniter\Session\Handlers\FileHandler' driver.
CRITICAL - 2023-06-08 20:00:21 --> include(C:\xampp\htdocs\smiling\vendor\codeigniter4\framework\system\Debug/Toolbar/Views/toolbarloader.js): Failed to open stream: No such file or directory
in SYSTEMPATH\Debug\Toolbar.php on line 452.
 1 SYSTEMPATH\Debug\Toolbar.php(452): CodeIgniter\Debug\Exceptions->errorHandler(2, 'include(C:\\xampp\\htdocs\\smiling\\vendor\\codeigniter4\\framework\\system\\Debug/Toolbar/Views/toolbarloader.js): Failed to open stream: No such file or directory', 'SYSTEMPATH\\Debug\\Toolbar.php', 452)
 2 SYSTEMPATH\Debug\Toolbar.php(452): include()
 3 APPPATH\Config\Events.php(46): CodeIgniter\Debug\Toolbar->respond()
 4 SYSTEMPATH\Events\Events.php(149): CodeIgniter\Events\Events::Config\{closure}()
 5 SYSTEMPATH\CodeIgniter.php(350): CodeIgniter\Events\Events::trigger('pre_system')
 6 FCPATH\index.php(67): CodeIgniter\CodeIgniter->run()
INFO - 2023-06-08 20:00:24 --> Session: Class initialized using 'CodeIgniter\Session\Handlers\FileHandler' driver.
INFO - 2023-06-08 20:00:24 --> Session: Class initialized using 'CodeIgniter\Session\Handlers\FileHandler' driver.
INFO - 2023-06-08 20:00:24 --> Session: Class initialized using 'CodeIgniter\Session\Handlers\FileHandler' driver.
INFO - 2023-06-08 20:00:24 --> Session: Class initialized using 'CodeIgniter\Session\Handlers\FileHandler' driver.
INFO - 2023-06-08 20:01:01 --> Session: Class initialized using 'CodeIgniter\Session\Handlers\FileHandler' driver.
CRITICAL - 2023-06-08 20:01:01 --> include(C:\xampp\htdocs\smiling\vendor\codeigniter4\framework\system\Debug/Toolbar/Views/toolbarloader.js): Failed to open stream: No such file or directory
in SYSTEMPATH\Debug\Toolbar.php on line 452.
 1 SYSTEMPATH\Debug\Toolbar.php(452): CodeIgniter\Debug\Exceptions->errorHandler(2, 'include(C:\\xampp\\htdocs\\smiling\\vendor\\codeigniter4\\framework\\system\\Debug/Toolbar/Views/toolbarloader.js): Failed to open stream: No such file or directory', 'SYSTEMPATH\\Debug\\Toolbar.php', 452)
 2 SYSTEMPATH\Debug\Toolbar.php(452): include()
 3 APPPATH\Config\Events.php(46): CodeIgniter\Debug\Toolbar->respond()
 4 SYSTEMPATH\Events\Events.php(149): CodeIgniter\Events\Events::Config\{closure}()
 5 SYSTEMPATH\CodeIgniter.php(350): CodeIgniter\Events\Events::trigger('pre_system')
 6 FCPATH\index.php(67): CodeIgniter\CodeIgniter->run()
INFO - 2023-06-08 20:01:05 --> Session: Class initialized using 'CodeIgniter\Session\Handlers\FileHandler' driver.
INFO - 2023-06-08 20:01:05 --> Session: Class initialized using 'CodeIgniter\Session\Handlers\FileHandler' driver.
INFO - 2023-06-08 20:01:05 --> Session: Class initialized using 'CodeIgniter\Session\Handlers\FileHandler' driver.
INFO - 2023-06-08 20:01:05 --> Session: Class initialized using 'CodeIgniter\Session\Handlers\FileHandler' driver.
INFO - 2023-06-08 20:01:38 --> Session: Class initialized using 'CodeIgniter\Session\Handlers\FileHandler' driver.
CRITICAL - 2023-06-08 20:01:39 --> include(C:\xampp\htdocs\smiling\vendor\codeigniter4\framework\system\Debug/Toolbar/Views/toolbarloader.js): Failed to open stream: No such file or directory
in SYSTEMPATH\Debug\Toolbar.php on line 452.
 1 SYSTEMPATH\Debug\Toolbar.php(452): CodeIgniter\Debug\Exceptions->errorHandler(2, 'include(C:\\xampp\\htdocs\\smiling\\vendor\\codeigniter4\\framework\\system\\Debug/Toolbar/Views/toolbarloader.js): Failed to open stream: No such file or directory', 'SYSTEMPATH\\Debug\\Toolbar.php', 452)
 2 SYSTEMPATH\Debug\Toolbar.php(452): include()
 3 APPPATH\Config\Events.php(46): CodeIgniter\Debug\Toolbar->respond()
 4 SYSTEMPATH\Events\Events.php(149): CodeIgniter\Events\Events::Config\{closure}()
 5 SYSTEMPATH\CodeIgniter.php(350): CodeIgniter\Events\Events::trigger('pre_system')
 6 FCPATH\index.php(67): CodeIgniter\CodeIgniter->run()
INFO - 2023-06-08 20:01:42 --> Session: Class initialized using 'CodeIgniter\Session\Handlers\FileHandler' driver.
INFO - 2023-06-08 20:01:42 --> Session: Class initialized using 'CodeIgniter\Session\Handlers\FileHandler' driver.
INFO - 2023-06-08 20:01:42 --> Session: Class initialized using 'CodeIgniter\Session\Handlers\FileHandler' driver.
INFO - 2023-06-08 20:01:42 --> Session: Class initialized using 'CodeIgniter\Session\Handlers\FileHandler' driver.
INFO - 2023-06-08 20:02:45 --> Session: Class initialized using 'CodeIgniter\Session\Handlers\FileHandler' driver.
CRITICAL - 2023-06-08 20:02:46 --> include(C:\xampp\htdocs\smiling\vendor\codeigniter4\framework\system\Debug/Toolbar/Views/toolbarloader.js): Failed to open stream: No such file or directory
in SYSTEMPATH\Debug\Toolbar.php on line 452.
 1 SYSTEMPATH\Debug\Toolbar.php(452): CodeIgniter\Debug\Exceptions->errorHandler(2, 'include(C:\\xampp\\htdocs\\smiling\\vendor\\codeigniter4\\framework\\system\\Debug/Toolbar/Views/toolbarloader.js): Failed to open stream: No such file or directory', 'SYSTEMPATH\\Debug\\Toolbar.php', 452)
 2 SYSTEMPATH\Debug\Toolbar.php(452): include()
 3 APPPATH\Config\Events.php(46): CodeIgniter\Debug\Toolbar->respond()
 4 SYSTEMPATH\Events\Events.php(149): CodeIgniter\Events\Events::Config\{closure}()
 5 SYSTEMPATH\CodeIgniter.php(350): CodeIgniter\Events\Events::trigger('pre_system')
 6 FCPATH\index.php(67): CodeIgniter\CodeIgniter->run()
INFO - 2023-06-08 20:02:48 --> Session: Class initialized using 'CodeIgniter\Session\Handlers\FileHandler' driver.
INFO - 2023-06-08 20:02:48 --> Session: Class initialized using 'CodeIgniter\Session\Handlers\FileHandler' driver.
INFO - 2023-06-08 20:02:49 --> Session: Class initialized using 'CodeIgniter\Session\Handlers\FileHandler' driver.
INFO - 2023-06-08 20:02:49 --> Session: Class initialized using 'CodeIgniter\Session\Handlers\FileHandler' driver.
INFO - 2023-06-08 20:03:14 --> Session: Class initialized using 'CodeIgniter\Session\Handlers\FileHandler' driver.
CRITICAL - 2023-06-08 20:03:15 --> include(C:\xampp\htdocs\smiling\vendor\codeigniter4\framework\system\Debug/Toolbar/Views/toolbarloader.js): Failed to open stream: No such file or directory
in SYSTEMPATH\Debug\Toolbar.php on line 452.
 1 SYSTEMPATH\Debug\Toolbar.php(452): CodeIgniter\Debug\Exceptions->errorHandler(2, 'include(C:\\xampp\\htdocs\\smiling\\vendor\\codeigniter4\\framework\\system\\Debug/Toolbar/Views/toolbarloader.js): Failed to open stream: No such file or directory', 'SYSTEMPATH\\Debug\\Toolbar.php', 452)
 2 SYSTEMPATH\Debug\Toolbar.php(452): include()
 3 APPPATH\Config\Events.php(46): CodeIgniter\Debug\Toolbar->respond()
 4 SYSTEMPATH\Events\Events.php(149): CodeIgniter\Events\Events::Config\{closure}()
 5 SYSTEMPATH\CodeIgniter.php(350): CodeIgniter\Events\Events::trigger('pre_system')
 6 FCPATH\index.php(67): CodeIgniter\CodeIgniter->run()
INFO - 2023-06-08 20:03:17 --> Session: Class initialized using 'CodeIgniter\Session\Handlers\FileHandler' driver.
INFO - 2023-06-08 20:03:18 --> Session: Class initialized using 'CodeIgniter\Session\Handlers\FileHandler' driver.
INFO - 2023-06-08 20:03:18 --> Session: Class initialized using 'CodeIgniter\Session\Handlers\FileHandler' driver.
INFO - 2023-06-08 20:03:18 --> Session: Class initialized using 'CodeIgniter\Session\Handlers\FileHandler' driver.
INFO - 2023-06-08 20:04:30 --> Session: Class initialized using 'CodeIgniter\Session\Handlers\FileHandler' driver.
CRITICAL - 2023-06-08 20:04:30 --> include(C:\xampp\htdocs\smiling\vendor\codeigniter4\framework\system\Debug/Toolbar/Views/toolbarloader.js): Failed to open stream: No such file or directory
in SYSTEMPATH\Debug\Toolbar.php on line 452.
 1 SYSTEMPATH\Debug\Toolbar.php(452): CodeIgniter\Debug\Exceptions->errorHandler(2, 'include(C:\\xampp\\htdocs\\smiling\\vendor\\codeigniter4\\framework\\system\\Debug/Toolbar/Views/toolbarloader.js): Failed to open stream: No such file or directory', 'SYSTEMPATH\\Debug\\Toolbar.php', 452)
 2 SYSTEMPATH\Debug\Toolbar.php(452): include()
 3 APPPATH\Config\Events.php(46): CodeIgniter\Debug\Toolbar->respond()
 4 SYSTEMPATH\Events\Events.php(149): CodeIgniter\Events\Events::Config\{closure}()
 5 SYSTEMPATH\CodeIgniter.php(350): CodeIgniter\Events\Events::trigger('pre_system')
 6 FCPATH\index.php(67): CodeIgniter\CodeIgniter->run()
INFO - 2023-06-08 20:04:33 --> Session: Class initialized using 'CodeIgniter\Session\Handlers\FileHandler' driver.
INFO - 2023-06-08 20:04:34 --> Session: Class initialized using 'CodeIgniter\Session\Handlers\FileHandler' driver.
INFO - 2023-06-08 20:04:34 --> Session: Class initialized using 'CodeIgniter\Session\Handlers\FileHandler' driver.
INFO - 2023-06-08 20:04:34 --> Session: Class initialized using 'CodeIgniter\Session\Handlers\FileHandler' driver.
INFO - 2023-06-08 20:04:43 --> Session: Class initialized using 'CodeIgniter\Session\Handlers\FileHandler' driver.
CRITICAL - 2023-06-08 20:04:44 --> include(C:\xampp\htdocs\smiling\vendor\codeigniter4\framework\system\Debug/Toolbar/Views/toolbarloader.js): Failed to open stream: No such file or directory
in SYSTEMPATH\Debug\Toolbar.php on line 452.
 1 SYSTEMPATH\Debug\Toolbar.php(452): CodeIgniter\Debug\Exceptions->errorHandler(2, 'include(C:\\xampp\\htdocs\\smiling\\vendor\\codeigniter4\\framework\\system\\Debug/Toolbar/Views/toolbarloader.js): Failed to open stream: No such file or directory', 'SYSTEMPATH\\Debug\\Toolbar.php', 452)
 2 SYSTEMPATH\Debug\Toolbar.php(452): include()
 3 APPPATH\Config\Events.php(46): CodeIgniter\Debug\Toolbar->respond()
 4 SYSTEMPATH\Events\Events.php(149): CodeIgniter\Events\Events::Config\{closure}()
 5 SYSTEMPATH\CodeIgniter.php(350): CodeIgniter\Events\Events::trigger('pre_system')
 6 FCPATH\index.php(67): CodeIgniter\CodeIgniter->run()
INFO - 2023-06-08 20:04:46 --> Session: Class initialized using 'CodeIgniter\Session\Handlers\FileHandler' driver.
INFO - 2023-06-08 20:04:46 --> Session: Class initialized using 'CodeIgniter\Session\Handlers\FileHandler' driver.
INFO - 2023-06-08 20:04:47 --> Session: Class initialized using 'CodeIgniter\Session\Handlers\FileHandler' driver.
INFO - 2023-06-08 20:04:47 --> Session: Class initialized using 'CodeIgniter\Session\Handlers\FileHandler' driver.
INFO - 2023-06-08 20:05:48 --> Session: Class initialized using 'CodeIgniter\Session\Handlers\FileHandler' driver.
CRITICAL - 2023-06-08 20:05:48 --> include(C:\xampp\htdocs\smiling\vendor\codeigniter4\framework\system\Debug/Toolbar/Views/toolbarloader.js): Failed to open stream: No such file or directory
in SYSTEMPATH\Debug\Toolbar.php on line 452.
 1 SYSTEMPATH\Debug\Toolbar.php(452): CodeIgniter\Debug\Exceptions->errorHandler(2, 'include(C:\\xampp\\htdocs\\smiling\\vendor\\codeigniter4\\framework\\system\\Debug/Toolbar/Views/toolbarloader.js): Failed to open stream: No such file or directory', 'SYSTEMPATH\\Debug\\Toolbar.php', 452)
 2 SYSTEMPATH\Debug\Toolbar.php(452): include()
 3 APPPATH\Config\Events.php(46): CodeIgniter\Debug\Toolbar->respond()
 4 SYSTEMPATH\Events\Events.php(149): CodeIgniter\Events\Events::Config\{closure}()
 5 SYSTEMPATH\CodeIgniter.php(350): CodeIgniter\Events\Events::trigger('pre_system')
 6 FCPATH\index.php(67): CodeIgniter\CodeIgniter->run()
INFO - 2023-06-08 20:05:51 --> Session: Class initialized using 'CodeIgniter\Session\Handlers\FileHandler' driver.
INFO - 2023-06-08 20:05:51 --> Session: Class initialized using 'CodeIgniter\Session\Handlers\FileHandler' driver.
INFO - 2023-06-08 20:05:51 --> Session: Class initialized using 'CodeIgniter\Session\Handlers\FileHandler' driver.
INFO - 2023-06-08 20:05:51 --> Session: Class initialized using 'CodeIgniter\Session\Handlers\FileHandler' driver.
INFO - 2023-06-08 20:06:09 --> Session: Class initialized using 'CodeIgniter\Session\Handlers\FileHandler' driver.
CRITICAL - 2023-06-08 20:06:09 --> include(C:\xampp\htdocs\smiling\vendor\codeigniter4\framework\system\Debug/Toolbar/Views/toolbarloader.js): Failed to open stream: No such file or directory
in SYSTEMPATH\Debug\Toolbar.php on line 452.
 1 SYSTEMPATH\Debug\Toolbar.php(452): CodeIgniter\Debug\Exceptions->errorHandler(2, 'include(C:\\xampp\\htdocs\\smiling\\vendor\\codeigniter4\\framework\\system\\Debug/Toolbar/Views/toolbarloader.js): Failed to open stream: No such file or directory', 'SYSTEMPATH\\Debug\\Toolbar.php', 452)
 2 SYSTEMPATH\Debug\Toolbar.php(452): include()
 3 APPPATH\Config\Events.php(46): CodeIgniter\Debug\Toolbar->respond()
 4 SYSTEMPATH\Events\Events.php(149): CodeIgniter\Events\Events::Config\{closure}()
 5 SYSTEMPATH\CodeIgniter.php(350): CodeIgniter\Events\Events::trigger('pre_system')
 6 FCPATH\index.php(67): CodeIgniter\CodeIgniter->run()
INFO - 2023-06-08 20:06:13 --> Session: Class initialized using 'CodeIgniter\Session\Handlers\FileHandler' driver.
INFO - 2023-06-08 20:06:13 --> Session: Class initialized using 'CodeIgniter\Session\Handlers\FileHandler' driver.
INFO - 2023-06-08 20:06:13 --> Session: Class initialized using 'CodeIgniter\Session\Handlers\FileHandler' driver.
INFO - 2023-06-08 20:06:13 --> Session: Class initialized using 'CodeIgniter\Session\Handlers\FileHandler' driver.
INFO - 2023-06-08 20:06:52 --> Session: Class initialized using 'CodeIgniter\Session\Handlers\FileHandler' driver.
CRITICAL - 2023-06-08 20:06:52 --> include(C:\xampp\htdocs\smiling\vendor\codeigniter4\framework\system\Debug/Toolbar/Views/toolbarloader.js): Failed to open stream: No such file or directory
in SYSTEMPATH\Debug\Toolbar.php on line 452.
 1 SYSTEMPATH\Debug\Toolbar.php(452): CodeIgniter\Debug\Exceptions->errorHandler(2, 'include(C:\\xampp\\htdocs\\smiling\\vendor\\codeigniter4\\framework\\system\\Debug/Toolbar/Views/toolbarloader.js): Failed to open stream: No such file or directory', 'SYSTEMPATH\\Debug\\Toolbar.php', 452)
 2 SYSTEMPATH\Debug\Toolbar.php(452): include()
 3 APPPATH\Config\Events.php(46): CodeIgniter\Debug\Toolbar->respond()
 4 SYSTEMPATH\Events\Events.php(149): CodeIgniter\Events\Events::Config\{closure}()
 5 SYSTEMPATH\CodeIgniter.php(350): CodeIgniter\Events\Events::trigger('pre_system')
 6 FCPATH\index.php(67): CodeIgniter\CodeIgniter->run()
INFO - 2023-06-08 20:06:56 --> Session: Class initialized using 'CodeIgniter\Session\Handlers\FileHandler' driver.
INFO - 2023-06-08 20:06:56 --> Session: Class initialized using 'CodeIgniter\Session\Handlers\FileHandler' driver.
INFO - 2023-06-08 20:06:56 --> Session: Class initialized using 'CodeIgniter\Session\Handlers\FileHandler' driver.
INFO - 2023-06-08 20:06:56 --> Session: Class initialized using 'CodeIgniter\Session\Handlers\FileHandler' driver.
INFO - 2023-06-08 20:07:22 --> Session: Class initialized using 'CodeIgniter\Session\Handlers\FileHandler' driver.
CRITICAL - 2023-06-08 20:07:23 --> include(C:\xampp\htdocs\smiling\vendor\codeigniter4\framework\system\Debug/Toolbar/Views/toolbarloader.js): Failed to open stream: No such file or directory
in SYSTEMPATH\Debug\Toolbar.php on line 452.
 1 SYSTEMPATH\Debug\Toolbar.php(452): CodeIgniter\Debug\Exceptions->errorHandler(2, 'include(C:\\xampp\\htdocs\\smiling\\vendor\\codeigniter4\\framework\\system\\Debug/Toolbar/Views/toolbarloader.js): Failed to open stream: No such file or directory', 'SYSTEMPATH\\Debug\\Toolbar.php', 452)
 2 SYSTEMPATH\Debug\Toolbar.php(452): include()
 3 APPPATH\Config\Events.php(46): CodeIgniter\Debug\Toolbar->respond()
 4 SYSTEMPATH\Events\Events.php(149): CodeIgniter\Events\Events::Config\{closure}()
 5 SYSTEMPATH\CodeIgniter.php(350): CodeIgniter\Events\Events::trigger('pre_system')
 6 FCPATH\index.php(67): CodeIgniter\CodeIgniter->run()
INFO - 2023-06-08 20:07:25 --> Session: Class initialized using 'CodeIgniter\Session\Handlers\FileHandler' driver.
INFO - 2023-06-08 20:07:25 --> Session: Class initialized using 'CodeIgniter\Session\Handlers\FileHandler' driver.
INFO - 2023-06-08 20:07:25 --> Session: Class initialized using 'CodeIgniter\Session\Handlers\FileHandler' driver.
INFO - 2023-06-08 20:07:26 --> Session: Class initialized using 'CodeIgniter\Session\Handlers\FileHandler' driver.
INFO - 2023-06-08 20:09:59 --> Session: Class initialized using 'CodeIgniter\Session\Handlers\FileHandler' driver.
CRITICAL - 2023-06-08 20:10:00 --> include(C:\xampp\htdocs\smiling\vendor\codeigniter4\framework\system\Debug/Toolbar/Views/toolbarloader.js): Failed to open stream: No such file or directory
in SYSTEMPATH\Debug\Toolbar.php on line 452.
 1 SYSTEMPATH\Debug\Toolbar.php(452): CodeIgniter\Debug\Exceptions->errorHandler(2, 'include(C:\\xampp\\htdocs\\smiling\\vendor\\codeigniter4\\framework\\system\\Debug/Toolbar/Views/toolbarloader.js): Failed to open stream: No such file or directory', 'SYSTEMPATH\\Debug\\Toolbar.php', 452)
 2 SYSTEMPATH\Debug\Toolbar.php(452): include()
 3 APPPATH\Config\Events.php(46): CodeIgniter\Debug\Toolbar->respond()
 4 SYSTEMPATH\Events\Events.php(149): CodeIgniter\Events\Events::Config\{closure}()
 5 SYSTEMPATH\CodeIgniter.php(350): CodeIgniter\Events\Events::trigger('pre_system')
 6 FCPATH\index.php(67): CodeIgniter\CodeIgniter->run()
INFO - 2023-06-08 20:10:02 --> Session: Class initialized using 'CodeIgniter\Session\Handlers\FileHandler' driver.
INFO - 2023-06-08 20:10:02 --> Session: Class initialized using 'CodeIgniter\Session\Handlers\FileHandler' driver.
INFO - 2023-06-08 20:10:03 --> Session: Class initialized using 'CodeIgniter\Session\Handlers\FileHandler' driver.
INFO - 2023-06-08 20:10:03 --> Session: Class initialized using 'CodeIgniter\Session\Handlers\FileHandler' driver.
INFO - 2023-06-08 20:11:00 --> Session: Class initialized using 'CodeIgniter\Session\Handlers\FileHandler' driver.
CRITICAL - 2023-06-08 20:11:01 --> include(C:\xampp\htdocs\smiling\vendor\codeigniter4\framework\system\Debug/Toolbar/Views/toolbarloader.js): Failed to open stream: No such file or directory
in SYSTEMPATH\Debug\Toolbar.php on line 452.
 1 SYSTEMPATH\Debug\Toolbar.php(452): CodeIgniter\Debug\Exceptions->errorHandler(2, 'include(C:\\xampp\\htdocs\\smiling\\vendor\\codeigniter4\\framework\\system\\Debug/Toolbar/Views/toolbarloader.js): Failed to open stream: No such file or directory', 'SYSTEMPATH\\Debug\\Toolbar.php', 452)
 2 SYSTEMPATH\Debug\Toolbar.php(452): include()
 3 APPPATH\Config\Events.php(46): CodeIgniter\Debug\Toolbar->respond()
 4 SYSTEMPATH\Events\Events.php(149): CodeIgniter\Events\Events::Config\{closure}()
 5 SYSTEMPATH\CodeIgniter.php(350): CodeIgniter\Events\Events::trigger('pre_system')
 6 FCPATH\index.php(67): CodeIgniter\CodeIgniter->run()
INFO - 2023-06-08 20:11:03 --> Session: Class initialized using 'CodeIgniter\Session\Handlers\FileHandler' driver.
INFO - 2023-06-08 20:11:03 --> Session: Class initialized using 'CodeIgniter\Session\Handlers\FileHandler' driver.
INFO - 2023-06-08 20:11:03 --> Session: Class initialized using 'CodeIgniter\Session\Handlers\FileHandler' driver.
INFO - 2023-06-08 20:11:03 --> Session: Class initialized using 'CodeIgniter\Session\Handlers\FileHandler' driver.
INFO - 2023-06-08 20:11:38 --> Session: Class initialized using 'CodeIgniter\Session\Handlers\FileHandler' driver.
CRITICAL - 2023-06-08 20:11:39 --> include(C:\xampp\htdocs\smiling\vendor\codeigniter4\framework\system\Debug/Toolbar/Views/toolbarloader.js): Failed to open stream: No such file or directory
in SYSTEMPATH\Debug\Toolbar.php on line 452.
 1 SYSTEMPATH\Debug\Toolbar.php(452): CodeIgniter\Debug\Exceptions->errorHandler(2, 'include(C:\\xampp\\htdocs\\smiling\\vendor\\codeigniter4\\framework\\system\\Debug/Toolbar/Views/toolbarloader.js): Failed to open stream: No such file or directory', 'SYSTEMPATH\\Debug\\Toolbar.php', 452)
 2 SYSTEMPATH\Debug\Toolbar.php(452): include()
 3 APPPATH\Config\Events.php(46): CodeIgniter\Debug\Toolbar->respond()
 4 SYSTEMPATH\Events\Events.php(149): CodeIgniter\Events\Events::Config\{closure}()
 5 SYSTEMPATH\CodeIgniter.php(350): CodeIgniter\Events\Events::trigger('pre_system')
 6 FCPATH\index.php(67): CodeIgniter\CodeIgniter->run()
INFO - 2023-06-08 20:11:42 --> Session: Class initialized using 'CodeIgniter\Session\Handlers\FileHandler' driver.
INFO - 2023-06-08 20:11:42 --> Session: Class initialized using 'CodeIgniter\Session\Handlers\FileHandler' driver.
INFO - 2023-06-08 20:11:42 --> Session: Class initialized using 'CodeIgniter\Session\Handlers\FileHandler' driver.
INFO - 2023-06-08 20:11:42 --> Session: Class initialized using 'CodeIgniter\Session\Handlers\FileHandler' driver.
INFO - 2023-06-08 20:13:12 --> Session: Class initialized using 'CodeIgniter\Session\Handlers\FileHandler' driver.
CRITICAL - 2023-06-08 20:13:13 --> include(C:\xampp\htdocs\smiling\vendor\codeigniter4\framework\system\Debug/Toolbar/Views/toolbarloader.js): Failed to open stream: No such file or directory
in SYSTEMPATH\Debug\Toolbar.php on line 452.
 1 SYSTEMPATH\Debug\Toolbar.php(452): CodeIgniter\Debug\Exceptions->errorHandler(2, 'include(C:\\xampp\\htdocs\\smiling\\vendor\\codeigniter4\\framework\\system\\Debug/Toolbar/Views/toolbarloader.js): Failed to open stream: No such file or directory', 'SYSTEMPATH\\Debug\\Toolbar.php', 452)
 2 SYSTEMPATH\Debug\Toolbar.php(452): include()
 3 APPPATH\Config\Events.php(46): CodeIgniter\Debug\Toolbar->respond()
 4 SYSTEMPATH\Events\Events.php(149): CodeIgniter\Events\Events::Config\{closure}()
 5 SYSTEMPATH\CodeIgniter.php(350): CodeIgniter\Events\Events::trigger('pre_system')
 6 FCPATH\index.php(67): CodeIgniter\CodeIgniter->run()
INFO - 2023-06-08 20:13:16 --> Session: Class initialized using 'CodeIgniter\Session\Handlers\FileHandler' driver.
INFO - 2023-06-08 20:13:16 --> Session: Class initialized using 'CodeIgniter\Session\Handlers\FileHandler' driver.
INFO - 2023-06-08 20:13:17 --> Session: Class initialized using 'CodeIgniter\Session\Handlers\FileHandler' driver.
INFO - 2023-06-08 20:13:17 --> Session: Class initialized using 'CodeIgniter\Session\Handlers\FileHandler' driver.
INFO - 2023-06-08 20:15:37 --> Session: Class initialized using 'CodeIgniter\Session\Handlers\FileHandler' driver.
CRITICAL - 2023-06-08 20:15:38 --> include(C:\xampp\htdocs\smiling\vendor\codeigniter4\framework\system\Debug/Toolbar/Views/toolbarloader.js): Failed to open stream: No such file or directory
in SYSTEMPATH\Debug\Toolbar.php on line 452.
 1 SYSTEMPATH\Debug\Toolbar.php(452): CodeIgniter\Debug\Exceptions->errorHandler(2, 'include(C:\\xampp\\htdocs\\smiling\\vendor\\codeigniter4\\framework\\system\\Debug/Toolbar/Views/toolbarloader.js): Failed to open stream: No such file or directory', 'SYSTEMPATH\\Debug\\Toolbar.php', 452)
 2 SYSTEMPATH\Debug\Toolbar.php(452): include()
 3 APPPATH\Config\Events.php(46): CodeIgniter\Debug\Toolbar->respond()
 4 SYSTEMPATH\Events\Events.php(149): CodeIgniter\Events\Events::Config\{closure}()
 5 SYSTEMPATH\CodeIgniter.php(350): CodeIgniter\Events\Events::trigger('pre_system')
 6 FCPATH\index.php(67): CodeIgniter\CodeIgniter->run()
INFO - 2023-06-08 20:15:41 --> Session: Class initialized using 'CodeIgniter\Session\Handlers\FileHandler' driver.
INFO - 2023-06-08 20:15:41 --> Session: Class initialized using 'CodeIgniter\Session\Handlers\FileHandler' driver.
INFO - 2023-06-08 20:15:41 --> Session: Class initialized using 'CodeIgniter\Session\Handlers\FileHandler' driver.
INFO - 2023-06-08 20:15:41 --> Session: Class initialized using 'CodeIgniter\Session\Handlers\FileHandler' driver.
INFO - 2023-06-08 20:16:03 --> Session: Class initialized using 'CodeIgniter\Session\Handlers\FileHandler' driver.
CRITICAL - 2023-06-08 20:16:03 --> include(C:\xampp\htdocs\smiling\vendor\codeigniter4\framework\system\Debug/Toolbar/Views/toolbarloader.js): Failed to open stream: No such file or directory
in SYSTEMPATH\Debug\Toolbar.php on line 452.
 1 SYSTEMPATH\Debug\Toolbar.php(452): CodeIgniter\Debug\Exceptions->errorHandler(2, 'include(C:\\xampp\\htdocs\\smiling\\vendor\\codeigniter4\\framework\\system\\Debug/Toolbar/Views/toolbarloader.js): Failed to open stream: No such file or directory', 'SYSTEMPATH\\Debug\\Toolbar.php', 452)
 2 SYSTEMPATH\Debug\Toolbar.php(452): include()
 3 APPPATH\Config\Events.php(46): CodeIgniter\Debug\Toolbar->respond()
 4 SYSTEMPATH\Events\Events.php(149): CodeIgniter\Events\Events::Config\{closure}()
 5 SYSTEMPATH\CodeIgniter.php(350): CodeIgniter\Events\Events::trigger('pre_system')
 6 FCPATH\index.php(67): CodeIgniter\CodeIgniter->run()
INFO - 2023-06-08 20:16:06 --> Session: Class initialized using 'CodeIgniter\Session\Handlers\FileHandler' driver.
INFO - 2023-06-08 20:16:06 --> Session: Class initialized using 'CodeIgniter\Session\Handlers\FileHandler' driver.
INFO - 2023-06-08 20:16:06 --> Session: Class initialized using 'CodeIgniter\Session\Handlers\FileHandler' driver.
INFO - 2023-06-08 20:16:06 --> Session: Class initialized using 'CodeIgniter\Session\Handlers\FileHandler' driver.
INFO - 2023-06-08 20:31:22 --> Session: Class initialized using 'CodeIgniter\Session\Handlers\FileHandler' driver.
CRITICAL - 2023-06-08 20:31:22 --> include(C:\xampp\htdocs\smiling\vendor\codeigniter4\framework\system\Debug/Toolbar/Views/toolbarloader.js): Failed to open stream: No such file or directory
in SYSTEMPATH\Debug\Toolbar.php on line 452.
 1 SYSTEMPATH\Debug\Toolbar.php(452): CodeIgniter\Debug\Exceptions->errorHandler(2, 'include(C:\\xampp\\htdocs\\smiling\\vendor\\codeigniter4\\framework\\system\\Debug/Toolbar/Views/toolbarloader.js): Failed to open stream: No such file or directory', 'SYSTEMPATH\\Debug\\Toolbar.php', 452)
 2 SYSTEMPATH\Debug\Toolbar.php(452): include()
 3 APPPATH\Config\Events.php(46): CodeIgniter\Debug\Toolbar->respond()
 4 SYSTEMPATH\Events\Events.php(149): CodeIgniter\Events\Events::Config\{closure}()
 5 SYSTEMPATH\CodeIgniter.php(350): CodeIgniter\Events\Events::trigger('pre_system')
 6 FCPATH\index.php(67): CodeIgniter\CodeIgniter->run()
INFO - 2023-06-08 20:31:25 --> Session: Class initialized using 'CodeIgniter\Session\Handlers\FileHandler' driver.
INFO - 2023-06-08 20:31:25 --> Session: Class initialized using 'CodeIgniter\Session\Handlers\FileHandler' driver.
INFO - 2023-06-08 20:31:25 --> Session: Class initialized using 'CodeIgniter\Session\Handlers\FileHandler' driver.
INFO - 2023-06-08 20:31:25 --> Session: Class initialized using 'CodeIgniter\Session\Handlers\FileHandler' driver.
INFO - 2023-06-08 20:56:41 --> Session: Class initialized using 'CodeIgniter\Session\Handlers\FileHandler' driver.
INFO - 2023-06-08 20:56:41 --> Session: Class initialized using 'CodeIgniter\Session\Handlers\FileHandler' driver.
INFO - 2023-06-08 20:56:41 --> Session: Class initialized using 'CodeIgniter\Session\Handlers\FileHandler' driver.
INFO - 2023-06-08 20:56:41 --> Session: Class initialized using 'CodeIgniter\Session\Handlers\FileHandler' driver.
INFO - 2023-06-08 21:00:05 --> Session: Class initialized using 'CodeIgniter\Session\Handlers\FileHandler' driver.
CRITICAL - 2023-06-08 21:00:06 --> include(C:\xampp\htdocs\smiling\vendor\codeigniter4\framework\system\Debug/Toolbar/Views/toolbarloader.js): Failed to open stream: No such file or directory
in SYSTEMPATH\Debug\Toolbar.php on line 452.
 1 SYSTEMPATH\Debug\Toolbar.php(452): CodeIgniter\Debug\Exceptions->errorHandler(2, 'include(C:\\xampp\\htdocs\\smiling\\vendor\\codeigniter4\\framework\\system\\Debug/Toolbar/Views/toolbarloader.js): Failed to open stream: No such file or directory', 'SYSTEMPATH\\Debug\\Toolbar.php', 452)
 2 SYSTEMPATH\Debug\Toolbar.php(452): include()
 3 APPPATH\Config\Events.php(46): CodeIgniter\Debug\Toolbar->respond()
 4 SYSTEMPATH\Events\Events.php(149): CodeIgniter\Events\Events::Config\{closure}()
 5 SYSTEMPATH\CodeIgniter.php(350): CodeIgniter\Events\Events::trigger('pre_system')
 6 FCPATH\index.php(67): CodeIgniter\CodeIgniter->run()
INFO - 2023-06-08 21:00:07 --> Session: Class initialized using 'CodeIgniter\Session\Handlers\FileHandler' driver.
INFO - 2023-06-08 21:00:10 --> Session: Class initialized using 'CodeIgniter\Session\Handlers\FileHandler' driver.
CRITICAL - 2023-06-08 21:00:11 --> include(C:\xampp\htdocs\smiling\vendor\codeigniter4\framework\system\Debug/Toolbar/Views/toolbarloader.js): Failed to open stream: No such file or directory
in SYSTEMPATH\Debug\Toolbar.php on line 452.
 1 SYSTEMPATH\Debug\Toolbar.php(452): CodeIgniter\Debug\Exceptions->errorHandler(2, 'include(C:\\xampp\\htdocs\\smiling\\vendor\\codeigniter4\\framework\\system\\Debug/Toolbar/Views/toolbarloader.js): Failed to open stream: No such file or directory', 'SYSTEMPATH\\Debug\\Toolbar.php', 452)
 2 SYSTEMPATH\Debug\Toolbar.php(452): include()
 3 APPPATH\Config\Events.php(46): CodeIgniter\Debug\Toolbar->respond()
 4 SYSTEMPATH\Events\Events.php(149): CodeIgniter\Events\Events::Config\{closure}()
 5 SYSTEMPATH\CodeIgniter.php(350): CodeIgniter\Events\Events::trigger('pre_system')
 6 FCPATH\index.php(67): CodeIgniter\CodeIgniter->run()
INFO - 2023-06-08 21:00:11 --> Session: Class initialized using 'CodeIgniter\Session\Handlers\FileHandler' driver.
INFO - 2023-06-08 21:00:31 --> Session: Class initialized using 'CodeIgniter\Session\Handlers\FileHandler' driver.
INFO - 2023-06-08 21:00:31 --> Session: Class initialized using 'CodeIgniter\Session\Handlers\FileHandler' driver.
INFO - 2023-06-08 21:00:32 --> Session: Class initialized using 'CodeIgniter\Session\Handlers\FileHandler' driver.
INFO - 2023-06-08 21:00:32 --> Session: Class initialized using 'CodeIgniter\Session\Handlers\FileHandler' driver.
INFO - 2023-06-08 21:00:55 --> Session: Class initialized using 'CodeIgniter\Session\Handlers\FileHandler' driver.
CRITICAL - 2023-06-08 21:00:56 --> include(C:\xampp\htdocs\smiling\vendor\codeigniter4\framework\system\Debug/Toolbar/Views/toolbarloader.js): Failed to open stream: No such file or directory
in SYSTEMPATH\Debug\Toolbar.php on line 452.
 1 SYSTEMPATH\Debug\Toolbar.php(452): CodeIgniter\Debug\Exceptions->errorHandler(2, 'include(C:\\xampp\\htdocs\\smiling\\vendor\\codeigniter4\\framework\\system\\Debug/Toolbar/Views/toolbarloader.js): Failed to open stream: No such file or directory', 'SYSTEMPATH\\Debug\\Toolbar.php', 452)
 2 SYSTEMPATH\Debug\Toolbar.php(452): include()
 3 APPPATH\Config\Events.php(46): CodeIgniter\Debug\Toolbar->respond()
 4 SYSTEMPATH\Events\Events.php(149): CodeIgniter\Events\Events::Config\{closure}()
 5 SYSTEMPATH\CodeIgniter.php(350): CodeIgniter\Events\Events::trigger('pre_system')
 6 FCPATH\index.php(67): CodeIgniter\CodeIgniter->run()
INFO - 2023-06-08 21:00:57 --> Session: Class initialized using 'CodeIgniter\Session\Handlers\FileHandler' driver.
INFO - 2023-06-08 21:01:01 --> Session: Class initialized using 'CodeIgniter\Session\Handlers\FileHandler' driver.
CRITICAL - 2023-06-08 21:01:01 --> include(C:\xampp\htdocs\smiling\vendor\codeigniter4\framework\system\Debug/Toolbar/Views/toolbarloader.js): Failed to open stream: No such file or directory
in SYSTEMPATH\Debug\Toolbar.php on line 452.
 1 SYSTEMPATH\Debug\Toolbar.php(452): CodeIgniter\Debug\Exceptions->errorHandler(2, 'include(C:\\xampp\\htdocs\\smiling\\vendor\\codeigniter4\\framework\\system\\Debug/Toolbar/Views/toolbarloader.js): Failed to open stream: No such file or directory', 'SYSTEMPATH\\Debug\\Toolbar.php', 452)
 2 SYSTEMPATH\Debug\Toolbar.php(452): include()
 3 APPPATH\Config\Events.php(46): CodeIgniter\Debug\Toolbar->respond()
 4 SYSTEMPATH\Events\Events.php(149): CodeIgniter\Events\Events::Config\{closure}()
 5 SYSTEMPATH\CodeIgniter.php(350): CodeIgniter\Events\Events::trigger('pre_system')
 6 FCPATH\index.php(67): CodeIgniter\CodeIgniter->run()
INFO - 2023-06-08 21:01:02 --> Session: Class initialized using 'CodeIgniter\Session\Handlers\FileHandler' driver.
INFO - 2023-06-08 21:01:03 --> Session: Class initialized using 'CodeIgniter\Session\Handlers\FileHandler' driver.
INFO - 2023-06-08 21:01:03 --> Session: Class initialized using 'CodeIgniter\Session\Handlers\FileHandler' driver.
INFO - 2023-06-08 21:01:03 --> Session: Class initialized using 'CodeIgniter\Session\Handlers\FileHandler' driver.
INFO - 2023-06-08 21:01:03 --> Session: Class initialized using 'CodeIgniter\Session\Handlers\FileHandler' driver.
INFO - 2023-06-08 21:04:11 --> Session: Class initialized using 'CodeIgniter\Session\Handlers\FileHandler' driver.
CRITICAL - 2023-06-08 21:04:12 --> include(C:\xampp\htdocs\smiling\vendor\codeigniter4\framework\system\Debug/Toolbar/Views/toolbarloader.js): Failed to open stream: No such file or directory
in SYSTEMPATH\Debug\Toolbar.php on line 452.
 1 SYSTEMPATH\Debug\Toolbar.php(452): CodeIgniter\Debug\Exceptions->errorHandler(2, 'include(C:\\xampp\\htdocs\\smiling\\vendor\\codeigniter4\\framework\\system\\Debug/Toolbar/Views/toolbarloader.js): Failed to open stream: No such file or directory', 'SYSTEMPATH\\Debug\\Toolbar.php', 452)
 2 SYSTEMPATH\Debug\Toolbar.php(452): include()
 3 APPPATH\Config\Events.php(46): CodeIgniter\Debug\Toolbar->respond()
 4 SYSTEMPATH\Events\Events.php(149): CodeIgniter\Events\Events::Config\{closure}()
 5 SYSTEMPATH\CodeIgniter.php(350): CodeIgniter\Events\Events::trigger('pre_system')
 6 FCPATH\index.php(67): CodeIgniter\CodeIgniter->run()
INFO - 2023-06-08 21:04:13 --> Session: Class initialized using 'CodeIgniter\Session\Handlers\FileHandler' driver.
INFO - 2023-06-08 21:04:16 --> Session: Class initialized using 'CodeIgniter\Session\Handlers\FileHandler' driver.
INFO - 2023-06-08 21:04:16 --> Session: Class initialized using 'CodeIgniter\Session\Handlers\FileHandler' driver.
INFO - 2023-06-08 21:04:16 --> Session: Class initialized using 'CodeIgniter\Session\Handlers\FileHandler' driver.
INFO - 2023-06-08 21:04:17 --> Session: Class initialized using 'CodeIgniter\Session\Handlers\FileHandler' driver.
INFO - 2023-06-08 21:06:05 --> Session: Class initialized using 'CodeIgniter\Session\Handlers\FileHandler' driver.
CRITICAL - 2023-06-08 21:06:06 --> include(C:\xampp\htdocs\smiling\vendor\codeigniter4\framework\system\Debug/Toolbar/Views/toolbarloader.js): Failed to open stream: No such file or directory
in SYSTEMPATH\Debug\Toolbar.php on line 452.
 1 SYSTEMPATH\Debug\Toolbar.php(452): CodeIgniter\Debug\Exceptions->errorHandler(2, 'include(C:\\xampp\\htdocs\\smiling\\vendor\\codeigniter4\\framework\\system\\Debug/Toolbar/Views/toolbarloader.js): Failed to open stream: No such file or directory', 'SYSTEMPATH\\Debug\\Toolbar.php', 452)
 2 SYSTEMPATH\Debug\Toolbar.php(452): include()
 3 APPPATH\Config\Events.php(46): CodeIgniter\Debug\Toolbar->respond()
 4 SYSTEMPATH\Events\Events.php(149): CodeIgniter\Events\Events::Config\{closure}()
 5 SYSTEMPATH\CodeIgniter.php(350): CodeIgniter\Events\Events::trigger('pre_system')
 6 FCPATH\index.php(67): CodeIgniter\CodeIgniter->run()
INFO - 2023-06-08 21:06:07 --> Session: Class initialized using 'CodeIgniter\Session\Handlers\FileHandler' driver.
INFO - 2023-06-08 21:06:33 --> Session: Class initialized using 'CodeIgniter\Session\Handlers\FileHandler' driver.
CRITICAL - 2023-06-08 21:06:33 --> include(C:\xampp\htdocs\smiling\vendor\codeigniter4\framework\system\Debug/Toolbar/Views/toolbarloader.js): Failed to open stream: No such file or directory
in SYSTEMPATH\Debug\Toolbar.php on line 452.
 1 SYSTEMPATH\Debug\Toolbar.php(452): CodeIgniter\Debug\Exceptions->errorHandler(2, 'include(C:\\xampp\\htdocs\\smiling\\vendor\\codeigniter4\\framework\\system\\Debug/Toolbar/Views/toolbarloader.js): Failed to open stream: No such file or directory', 'SYSTEMPATH\\Debug\\Toolbar.php', 452)
 2 SYSTEMPATH\Debug\Toolbar.php(452): include()
 3 APPPATH\Config\Events.php(46): CodeIgniter\Debug\Toolbar->respond()
 4 SYSTEMPATH\Events\Events.php(149): CodeIgniter\Events\Events::Config\{closure}()
 5 SYSTEMPATH\CodeIgniter.php(350): CodeIgniter\Events\Events::trigger('pre_system')
 6 FCPATH\index.php(67): CodeIgniter\CodeIgniter->run()
INFO - 2023-06-08 21:06:34 --> Session: Class initialized using 'CodeIgniter\Session\Handlers\FileHandler' driver.
INFO - 2023-06-08 21:06:37 --> Session: Class initialized using 'CodeIgniter\Session\Handlers\FileHandler' driver.
CRITICAL - 2023-06-08 21:06:37 --> include(C:\xampp\htdocs\smiling\vendor\codeigniter4\framework\system\Debug/Toolbar/Views/toolbarloader.js): Failed to open stream: No such file or directory
in SYSTEMPATH\Debug\Toolbar.php on line 452.
 1 SYSTEMPATH\Debug\Toolbar.php(452): CodeIgniter\Debug\Exceptions->errorHandler(2, 'include(C:\\xampp\\htdocs\\smiling\\vendor\\codeigniter4\\framework\\system\\Debug/Toolbar/Views/toolbarloader.js): Failed to open stream: No such file or directory', 'SYSTEMPATH\\Debug\\Toolbar.php', 452)
 2 SYSTEMPATH\Debug\Toolbar.php(452): include()
 3 APPPATH\Config\Events.php(46): CodeIgniter\Debug\Toolbar->respond()
 4 SYSTEMPATH\Events\Events.php(149): CodeIgniter\Events\Events::Config\{closure}()
 5 SYSTEMPATH\CodeIgniter.php(350): CodeIgniter\Events\Events::trigger('pre_system')
 6 FCPATH\index.php(67): CodeIgniter\CodeIgniter->run()
INFO - 2023-06-08 21:06:38 --> Session: Class initialized using 'CodeIgniter\Session\Handlers\FileHandler' driver.
INFO - 2023-06-08 21:06:41 --> Session: Class initialized using 'CodeIgniter\Session\Handlers\FileHandler' driver.
INFO - 2023-06-08 21:06:41 --> Session: Class initialized using 'CodeIgniter\Session\Handlers\FileHandler' driver.
INFO - 2023-06-08 21:06:41 --> Session: Class initialized using 'CodeIgniter\Session\Handlers\FileHandler' driver.
INFO - 2023-06-08 21:06:41 --> Session: Class initialized using 'CodeIgniter\Session\Handlers\FileHandler' driver.
INFO - 2023-06-08 21:15:12 --> Session: Class initialized using 'CodeIgniter\Session\Handlers\FileHandler' driver.
CRITICAL - 2023-06-08 21:15:13 --> include(C:\xampp\htdocs\smiling\vendor\codeigniter4\framework\system\Debug/Toolbar/Views/toolbarloader.js): Failed to open stream: No such file or directory
in SYSTEMPATH\Debug\Toolbar.php on line 452.
 1 SYSTEMPATH\Debug\Toolbar.php(452): CodeIgniter\Debug\Exceptions->errorHandler(2, 'include(C:\\xampp\\htdocs\\smiling\\vendor\\codeigniter4\\framework\\system\\Debug/Toolbar/Views/toolbarloader.js): Failed to open stream: No such file or directory', 'SYSTEMPATH\\Debug\\Toolbar.php', 452)
 2 SYSTEMPATH\Debug\Toolbar.php(452): include()
 3 APPPATH\Config\Events.php(46): CodeIgniter\Debug\Toolbar->respond()
 4 SYSTEMPATH\Events\Events.php(149): CodeIgniter\Events\Events::Config\{closure}()
 5 SYSTEMPATH\CodeIgniter.php(350): CodeIgniter\Events\Events::trigger('pre_system')
 6 FCPATH\index.php(67): CodeIgniter\CodeIgniter->run()
INFO - 2023-06-08 21:15:14 --> Session: Class initialized using 'CodeIgniter\Session\Handlers\FileHandler' driver.
INFO - 2023-06-08 21:15:21 --> Session: Class initialized using 'CodeIgniter\Session\Handlers\FileHandler' driver.
CRITICAL - 2023-06-08 21:15:22 --> include(C:\xampp\htdocs\smiling\vendor\codeigniter4\framework\system\Debug/Toolbar/Views/toolbarloader.js): Failed to open stream: No such file or directory
in SYSTEMPATH\Debug\Toolbar.php on line 452.
 1 SYSTEMPATH\Debug\Toolbar.php(452): CodeIgniter\Debug\Exceptions->errorHandler(2, 'include(C:\\xampp\\htdocs\\smiling\\vendor\\codeigniter4\\framework\\system\\Debug/Toolbar/Views/toolbarloader.js): Failed to open stream: No such file or directory', 'SYSTEMPATH\\Debug\\Toolbar.php', 452)
 2 SYSTEMPATH\Debug\Toolbar.php(452): include()
 3 APPPATH\Config\Events.php(46): CodeIgniter\Debug\Toolbar->respond()
 4 SYSTEMPATH\Events\Events.php(149): CodeIgniter\Events\Events::Config\{closure}()
 5 SYSTEMPATH\CodeIgniter.php(350): CodeIgniter\Events\Events::trigger('pre_system')
 6 FCPATH\index.php(67): CodeIgniter\CodeIgniter->run()
INFO - 2023-06-08 21:15:23 --> Session: Class initialized using 'CodeIgniter\Session\Handlers\FileHandler' driver.
INFO - 2023-06-08 21:15:23 --> Session: Class initialized using 'CodeIgniter\Session\Handlers\FileHandler' driver.
CRITICAL - 2023-06-08 21:15:23 --> include(C:\xampp\htdocs\smiling\vendor\codeigniter4\framework\system\Debug/Toolbar/Views/toolbarloader.js): Failed to open stream: No such file or directory
in SYSTEMPATH\Debug\Toolbar.php on line 452.
 1 SYSTEMPATH\Debug\Toolbar.php(452): CodeIgniter\Debug\Exceptions->errorHandler(2, 'include(C:\\xampp\\htdocs\\smiling\\vendor\\codeigniter4\\framework\\system\\Debug/Toolbar/Views/toolbarloader.js): Failed to open stream: No such file or directory', 'SYSTEMPATH\\Debug\\Toolbar.php', 452)
 2 SYSTEMPATH\Debug\Toolbar.php(452): include()
 3 APPPATH\Config\Events.php(46): CodeIgniter\Debug\Toolbar->respond()
 4 SYSTEMPATH\Events\Events.php(149): CodeIgniter\Events\Events::Config\{closure}()
 5 SYSTEMPATH\CodeIgniter.php(350): CodeIgniter\Events\Events::trigger('pre_system')
 6 FCPATH\index.php(67): CodeIgniter\CodeIgniter->run()
INFO - 2023-06-08 21:15:23 --> Session: Class initialized using 'CodeIgniter\Session\Handlers\FileHandler' driver.
CRITICAL - 2023-06-08 21:15:24 --> include(C:\xampp\htdocs\smiling\vendor\codeigniter4\framework\system\Debug/Toolbar/Views/toolbarloader.js): Failed to open stream: No such file or directory
in SYSTEMPATH\Debug\Toolbar.php on line 452.
 1 SYSTEMPATH\Debug\Toolbar.php(452): CodeIgniter\Debug\Exceptions->errorHandler(2, 'include(C:\\xampp\\htdocs\\smiling\\vendor\\codeigniter4\\framework\\system\\Debug/Toolbar/Views/toolbarloader.js): Failed to open stream: No such file or directory', 'SYSTEMPATH\\Debug\\Toolbar.php', 452)
 2 SYSTEMPATH\Debug\Toolbar.php(452): include()
 3 APPPATH\Config\Events.php(46): CodeIgniter\Debug\Toolbar->respond()
 4 SYSTEMPATH\Events\Events.php(149): CodeIgniter\Events\Events::Config\{closure}()
 5 SYSTEMPATH\CodeIgniter.php(350): CodeIgniter\Events\Events::trigger('pre_system')
 6 FCPATH\index.php(67): CodeIgniter\CodeIgniter->run()
INFO - 2023-06-08 21:15:25 --> Session: Class initialized using 'CodeIgniter\Session\Handlers\FileHandler' driver.
INFO - 2023-06-08 21:16:42 --> Session: Class initialized using 'CodeIgniter\Session\Handlers\FileHandler' driver.
CRITICAL - 2023-06-08 21:16:43 --> include(C:\xampp\htdocs\smiling\vendor\codeigniter4\framework\system\Debug/Toolbar/Views/toolbarloader.js): Failed to open stream: No such file or directory
in SYSTEMPATH\Debug\Toolbar.php on line 452.
 1 SYSTEMPATH\Debug\Toolbar.php(452): CodeIgniter\Debug\Exceptions->errorHandler(2, 'include(C:\\xampp\\htdocs\\smiling\\vendor\\codeigniter4\\framework\\system\\Debug/Toolbar/Views/toolbarloader.js): Failed to open stream: No such file or directory', 'SYSTEMPATH\\Debug\\Toolbar.php', 452)
 2 SYSTEMPATH\Debug\Toolbar.php(452): include()
 3 APPPATH\Config\Events.php(46): CodeIgniter\Debug\Toolbar->respond()
 4 SYSTEMPATH\Events\Events.php(149): CodeIgniter\Events\Events::Config\{closure}()
 5 SYSTEMPATH\CodeIgniter.php(350): CodeIgniter\Events\Events::trigger('pre_system')
 6 FCPATH\index.php(67): CodeIgniter\CodeIgniter->run()
INFO - 2023-06-08 21:16:44 --> Session: Class initialized using 'CodeIgniter\Session\Handlers\FileHandler' driver.
INFO - 2023-06-08 21:18:20 --> Session: Class initialized using 'CodeIgniter\Session\Handlers\FileHandler' driver.
CRITICAL - 2023-06-08 21:18:21 --> include(C:\xampp\htdocs\smiling\vendor\codeigniter4\framework\system\Debug/Toolbar/Views/toolbarloader.js): Failed to open stream: No such file or directory
in SYSTEMPATH\Debug\Toolbar.php on line 452.
 1 SYSTEMPATH\Debug\Toolbar.php(452): CodeIgniter\Debug\Exceptions->errorHandler(2, 'include(C:\\xampp\\htdocs\\smiling\\vendor\\codeigniter4\\framework\\system\\Debug/Toolbar/Views/toolbarloader.js): Failed to open stream: No such file or directory', 'SYSTEMPATH\\Debug\\Toolbar.php', 452)
 2 SYSTEMPATH\Debug\Toolbar.php(452): include()
 3 APPPATH\Config\Events.php(46): CodeIgniter\Debug\Toolbar->respond()
 4 SYSTEMPATH\Events\Events.php(149): CodeIgniter\Events\Events::Config\{closure}()
 5 SYSTEMPATH\CodeIgniter.php(350): CodeIgniter\Events\Events::trigger('pre_system')
 6 FCPATH\index.php(67): CodeIgniter\CodeIgniter->run()
INFO - 2023-06-08 21:18:22 --> Session: Class initialized using 'CodeIgniter\Session\Handlers\FileHandler' driver.
INFO - 2023-06-08 21:18:25 --> Session: Class initialized using 'CodeIgniter\Session\Handlers\FileHandler' driver.
CRITICAL - 2023-06-08 21:18:26 --> include(C:\xampp\htdocs\smiling\vendor\codeigniter4\framework\system\Debug/Toolbar/Views/toolbarloader.js): Failed to open stream: No such file or directory
in SYSTEMPATH\Debug\Toolbar.php on line 452.
 1 SYSTEMPATH\Debug\Toolbar.php(452): CodeIgniter\Debug\Exceptions->errorHandler(2, 'include(C:\\xampp\\htdocs\\smiling\\vendor\\codeigniter4\\framework\\system\\Debug/Toolbar/Views/toolbarloader.js): Failed to open stream: No such file or directory', 'SYSTEMPATH\\Debug\\Toolbar.php', 452)
 2 SYSTEMPATH\Debug\Toolbar.php(452): include()
 3 APPPATH\Config\Events.php(46): CodeIgniter\Debug\Toolbar->respond()
 4 SYSTEMPATH\Events\Events.php(149): CodeIgniter\Events\Events::Config\{closure}()
 5 SYSTEMPATH\CodeIgniter.php(350): CodeIgniter\Events\Events::trigger('pre_system')
 6 FCPATH\index.php(67): CodeIgniter\CodeIgniter->run()
INFO - 2023-06-08 21:18:27 --> Session: Class initialized using 'CodeIgniter\Session\Handlers\FileHandler' driver.
INFO - 2023-06-08 21:24:18 --> Session: Class initialized using 'CodeIgniter\Session\Handlers\FileHandler' driver.
CRITICAL - 2023-06-08 21:24:18 --> include(C:\xampp\htdocs\smiling\vendor\codeigniter4\framework\system\Debug/Toolbar/Views/toolbarloader.js): Failed to open stream: No such file or directory
in SYSTEMPATH\Debug\Toolbar.php on line 452.
 1 SYSTEMPATH\Debug\Toolbar.php(452): CodeIgniter\Debug\Exceptions->errorHandler(2, 'include(C:\\xampp\\htdocs\\smiling\\vendor\\codeigniter4\\framework\\system\\Debug/Toolbar/Views/toolbarloader.js): Failed to open stream: No such file or directory', 'SYSTEMPATH\\Debug\\Toolbar.php', 452)
 2 SYSTEMPATH\Debug\Toolbar.php(452): include()
 3 APPPATH\Config\Events.php(46): CodeIgniter\Debug\Toolbar->respond()
 4 SYSTEMPATH\Events\Events.php(149): CodeIgniter\Events\Events::Config\{closure}()
 5 SYSTEMPATH\CodeIgniter.php(350): CodeIgniter\Events\Events::trigger('pre_system')
 6 FCPATH\index.php(67): CodeIgniter\CodeIgniter->run()
INFO - 2023-06-08 21:24:20 --> Session: Class initialized using 'CodeIgniter\Session\Handlers\FileHandler' driver.
INFO - 2023-06-08 21:26:00 --> Session: Class initialized using 'CodeIgniter\Session\Handlers\FileHandler' driver.
CRITICAL - 2023-06-08 21:26:00 --> include(C:\xampp\htdocs\smiling\vendor\codeigniter4\framework\system\Debug/Toolbar/Views/toolbarloader.js): Failed to open stream: No such file or directory
in SYSTEMPATH\Debug\Toolbar.php on line 452.
 1 SYSTEMPATH\Debug\Toolbar.php(452): CodeIgniter\Debug\Exceptions->errorHandler(2, 'include(C:\\xampp\\htdocs\\smiling\\vendor\\codeigniter4\\framework\\system\\Debug/Toolbar/Views/toolbarloader.js): Failed to open stream: No such file or directory', 'SYSTEMPATH\\Debug\\Toolbar.php', 452)
 2 SYSTEMPATH\Debug\Toolbar.php(452): include()
 3 APPPATH\Config\Events.php(46): CodeIgniter\Debug\Toolbar->respond()
 4 SYSTEMPATH\Events\Events.php(149): CodeIgniter\Events\Events::Config\{closure}()
 5 SYSTEMPATH\CodeIgniter.php(350): CodeIgniter\Events\Events::trigger('pre_system')
 6 FCPATH\index.php(67): CodeIgniter\CodeIgniter->run()
INFO - 2023-06-08 21:26:01 --> Session: Class initialized using 'CodeIgniter\Session\Handlers\FileHandler' driver.
INFO - 2023-06-08 21:26:54 --> Session: Class initialized using 'CodeIgniter\Session\Handlers\FileHandler' driver.
CRITICAL - 2023-06-08 21:26:55 --> include(C:\xampp\htdocs\smiling\vendor\codeigniter4\framework\system\Debug/Toolbar/Views/toolbarloader.js): Failed to open stream: No such file or directory
in SYSTEMPATH\Debug\Toolbar.php on line 452.
 1 SYSTEMPATH\Debug\Toolbar.php(452): CodeIgniter\Debug\Exceptions->errorHandler(2, 'include(C:\\xampp\\htdocs\\smiling\\vendor\\codeigniter4\\framework\\system\\Debug/Toolbar/Views/toolbarloader.js): Failed to open stream: No such file or directory', 'SYSTEMPATH\\Debug\\Toolbar.php', 452)
 2 SYSTEMPATH\Debug\Toolbar.php(452): include()
 3 APPPATH\Config\Events.php(46): CodeIgniter\Debug\Toolbar->respond()
 4 SYSTEMPATH\Events\Events.php(149): CodeIgniter\Events\Events::Config\{closure}()
 5 SYSTEMPATH\CodeIgniter.php(350): CodeIgniter\Events\Events::trigger('pre_system')
 6 FCPATH\index.php(67): CodeIgniter\CodeIgniter->run()
INFO - 2023-06-08 21:26:56 --> Session: Class initialized using 'CodeIgniter\Session\Handlers\FileHandler' driver.
INFO - 2023-06-08 21:28:31 --> Session: Class initialized using 'CodeIgniter\Session\Handlers\FileHandler' driver.
CRITICAL - 2023-06-08 21:28:31 --> include(C:\xampp\htdocs\smiling\vendor\codeigniter4\framework\system\Debug/Toolbar/Views/toolbarloader.js): Failed to open stream: No such file or directory
in SYSTEMPATH\Debug\Toolbar.php on line 452.
 1 SYSTEMPATH\Debug\Toolbar.php(452): CodeIgniter\Debug\Exceptions->errorHandler(2, 'include(C:\\xampp\\htdocs\\smiling\\vendor\\codeigniter4\\framework\\system\\Debug/Toolbar/Views/toolbarloader.js): Failed to open stream: No such file or directory', 'SYSTEMPATH\\Debug\\Toolbar.php', 452)
 2 SYSTEMPATH\Debug\Toolbar.php(452): include()
 3 APPPATH\Config\Events.php(46): CodeIgniter\Debug\Toolbar->respond()
 4 SYSTEMPATH\Events\Events.php(149): CodeIgniter\Events\Events::Config\{closure}()
 5 SYSTEMPATH\CodeIgniter.php(350): CodeIgniter\Events\Events::trigger('pre_system')
 6 FCPATH\index.php(67): CodeIgniter\CodeIgniter->run()
INFO - 2023-06-08 21:28:33 --> Session: Class initialized using 'CodeIgniter\Session\Handlers\FileHandler' driver.
INFO - 2023-06-08 21:39:27 --> Session: Class initialized using 'CodeIgniter\Session\Handlers\FileHandler' driver.
CRITICAL - 2023-06-08 21:39:27 --> include(C:\xampp\htdocs\smiling\vendor\codeigniter4\framework\system\Debug/Toolbar/Views/toolbarloader.js): Failed to open stream: No such file or directory
in SYSTEMPATH\Debug\Toolbar.php on line 452.
 1 SYSTEMPATH\Debug\Toolbar.php(452): CodeIgniter\Debug\Exceptions->errorHandler(2, 'include(C:\\xampp\\htdocs\\smiling\\vendor\\codeigniter4\\framework\\system\\Debug/Toolbar/Views/toolbarloader.js): Failed to open stream: No such file or directory', 'SYSTEMPATH\\Debug\\Toolbar.php', 452)
 2 SYSTEMPATH\Debug\Toolbar.php(452): include()
 3 APPPATH\Config\Events.php(46): CodeIgniter\Debug\Toolbar->respond()
 4 SYSTEMPATH\Events\Events.php(149): CodeIgniter\Events\Events::Config\{closure}()
 5 SYSTEMPATH\CodeIgniter.php(350): CodeIgniter\Events\Events::trigger('pre_system')
 6 FCPATH\index.php(67): CodeIgniter\CodeIgniter->run()
INFO - 2023-06-08 21:39:29 --> Session: Class initialized using 'CodeIgniter\Session\Handlers\FileHandler' driver.
INFO - 2023-06-08 21:49:18 --> Session: Class initialized using 'CodeIgniter\Session\Handlers\FileHandler' driver.
CRITICAL - 2023-06-08 21:49:18 --> include(C:\xampp\htdocs\smiling\vendor\codeigniter4\framework\system\Debug/Toolbar/Views/toolbarloader.js): Failed to open stream: No such file or directory
in SYSTEMPATH\Debug\Toolbar.php on line 452.
 1 SYSTEMPATH\Debug\Toolbar.php(452): CodeIgniter\Debug\Exceptions->errorHandler(2, 'include(C:\\xampp\\htdocs\\smiling\\vendor\\codeigniter4\\framework\\system\\Debug/Toolbar/Views/toolbarloader.js): Failed to open stream: No such file or directory', 'SYSTEMPATH\\Debug\\Toolbar.php', 452)
 2 SYSTEMPATH\Debug\Toolbar.php(452): include()
 3 APPPATH\Config\Events.php(46): CodeIgniter\Debug\Toolbar->respond()
 4 SYSTEMPATH\Events\Events.php(149): CodeIgniter\Events\Events::Config\{closure}()
 5 SYSTEMPATH\CodeIgniter.php(350): CodeIgniter\Events\Events::trigger('pre_system')
 6 FCPATH\index.php(67): CodeIgniter\CodeIgniter->run()
INFO - 2023-06-08 21:49:19 --> Session: Class initialized using 'CodeIgniter\Session\Handlers\FileHandler' driver.
INFO - 2023-06-08 21:49:48 --> Session: Class initialized using 'CodeIgniter\Session\Handlers\FileHandler' driver.
INFO - 2023-06-08 21:49:48 --> Session: Class initialized using 'CodeIgniter\Session\Handlers\FileHandler' driver.
INFO - 2023-06-08 21:49:48 --> Session: Class initialized using 'CodeIgniter\Session\Handlers\FileHandler' driver.
INFO - 2023-06-08 21:49:48 --> Session: Class initialized using 'CodeIgniter\Session\Handlers\FileHandler' driver.
INFO - 2023-06-08 21:50:03 --> Session: Class initialized using 'CodeIgniter\Session\Handlers\FileHandler' driver.
CRITICAL - 2023-06-08 21:50:03 --> include(C:\xampp\htdocs\smiling\vendor\codeigniter4\framework\system\Debug/Toolbar/Views/toolbarloader.js): Failed to open stream: No such file or directory
in SYSTEMPATH\Debug\Toolbar.php on line 452.
 1 SYSTEMPATH\Debug\Toolbar.php(452): CodeIgniter\Debug\Exceptions->errorHandler(2, 'include(C:\\xampp\\htdocs\\smiling\\vendor\\codeigniter4\\framework\\system\\Debug/Toolbar/Views/toolbarloader.js): Failed to open stream: No such file or directory', 'SYSTEMPATH\\Debug\\Toolbar.php', 452)
 2 SYSTEMPATH\Debug\Toolbar.php(452): include()
 3 APPPATH\Config\Events.php(46): CodeIgniter\Debug\Toolbar->respond()
 4 SYSTEMPATH\Events\Events.php(149): CodeIgniter\Events\Events::Config\{closure}()
 5 SYSTEMPATH\CodeIgniter.php(350): CodeIgniter\Events\Events::trigger('pre_system')
 6 FCPATH\index.php(67): CodeIgniter\CodeIgniter->run()
