CRITICAL - 2023-03-19 18:19:38 --> Call to undefined method CodeIgniter\Database\MySQLi\Builder::getResult()
in APPPATH/Models/TipoDocumentoModel.php on line 57.
 1 APPPATH/Controllers/DocumentosController.php(22): App\Models\TipoDocumentoModel->obtenerId(null)
 2 SYSTEMPATH/CodeIgniter.php(934): App\Controllers\DocumentosController->obtenerId()
 3 SYSTEMPATH/CodeIgniter.php(499): CodeIgniter\CodeIgniter->runController(Object(App\Controllers\DocumentosController))
 4 SYSTEMPATH/CodeIgniter.php(368): CodeIgniter\CodeIgniter->handleRequest(null, Object(Config\Cache), false)
 5 FCPATH/index.php(67): CodeIgniter\CodeIgniter->run()
ERROR - 2023-03-19 18:28:01 --> mysqli_sql_exception: Unknown column 'co_tipo_documento.id' in 'where clause' in /opt/lampp/htdocs/smiling/vendor/codeigniter4/framework/system/Database/MySQLi/Connection.php:295
Stack trace:
#0 /opt/lampp/htdocs/smiling/vendor/codeigniter4/framework/system/Database/MySQLi/Connection.php(295): mysqli->query('SELECT *\nFROM `...', 0)
#1 /opt/lampp/htdocs/smiling/vendor/codeigniter4/framework/system/Database/BaseConnection.php(691): CodeIgniter\Database\MySQLi\Connection->execute('SELECT *\nFROM `...')
#2 /opt/lampp/htdocs/smiling/vendor/codeigniter4/framework/system/Database/BaseConnection.php(605): CodeIgniter\Database\BaseConnection->simpleQuery('SELECT *\nFROM `...')
#3 /opt/lampp/htdocs/smiling/vendor/codeigniter4/framework/system/Database/BaseBuilder.php(1602): CodeIgniter\Database\BaseConnection->query('SELECT *\nFROM `...', Array, false)
#4 /opt/lampp/htdocs/smiling/vendor/codeigniter4/framework/system/Model.php(199): CodeIgniter\Database\BaseBuilder->get()
#5 /opt/lampp/htdocs/smiling/vendor/codeigniter4/framework/system/BaseModel.php(557): CodeIgniter\Model->doFind(true, '7')
#6 /opt/lampp/htdocs/smiling/app/Controllers/DocumentosController.php(22): CodeIgniter\BaseModel->find('7')
#7 /opt/lampp/htdocs/smiling/vendor/codeigniter4/framework/system/CodeIgniter.php(934): App\Controllers\DocumentosController->obtenerId()
#8 /opt/lampp/htdocs/smiling/vendor/codeigniter4/framework/system/CodeIgniter.php(499): CodeIgniter\CodeIgniter->runController(Object(App\Controllers\DocumentosController))
#9 /opt/lampp/htdocs/smiling/vendor/codeigniter4/framework/system/CodeIgniter.php(368): CodeIgniter\CodeIgniter->handleRequest(NULL, Object(Config\Cache), false)
#10 /opt/lampp/htdocs/smiling/index.php(67): CodeIgniter\CodeIgniter->run()
#11 {main}
CRITICAL - 2023-03-19 18:28:01 --> Unknown column 'co_tipo_documento.id' in 'where clause'
in SYSTEMPATH/Database/BaseConnection.php on line 645.
 1 SYSTEMPATH/Database/BaseBuilder.php(1602): CodeIgniter\Database\BaseConnection->query('SELECT *
FROM `co_tipo_documento`
WHERE `co_tipo_documento`.`id` = :co_tipo_documento.id:', [...], false)
 2 SYSTEMPATH/Model.php(199): CodeIgniter\Database\BaseBuilder->get()
 3 SYSTEMPATH/BaseModel.php(557): CodeIgniter\Model->doFind(true, '7')
 4 APPPATH/Controllers/DocumentosController.php(22): CodeIgniter\BaseModel->find('7')
 5 SYSTEMPATH/CodeIgniter.php(934): App\Controllers\DocumentosController->obtenerId()
 6 SYSTEMPATH/CodeIgniter.php(499): CodeIgniter\CodeIgniter->runController(Object(App\Controllers\DocumentosController))
 7 SYSTEMPATH/CodeIgniter.php(368): CodeIgniter\CodeIgniter->handleRequest(null, Object(Config\Cache), false)
 8 FCPATH/index.php(67): CodeIgniter\CodeIgniter->run()
ERROR - 2023-03-19 18:30:04 --> mysqli_sql_exception: Unknown column 'co_tipo_documento.id' in 'where clause' in /opt/lampp/htdocs/smiling/vendor/codeigniter4/framework/system/Database/MySQLi/Connection.php:295
Stack trace:
#0 /opt/lampp/htdocs/smiling/vendor/codeigniter4/framework/system/Database/MySQLi/Connection.php(295): mysqli->query('SELECT *\nFROM `...', 0)
#1 /opt/lampp/htdocs/smiling/vendor/codeigniter4/framework/system/Database/BaseConnection.php(691): CodeIgniter\Database\MySQLi\Connection->execute('SELECT *\nFROM `...')
#2 /opt/lampp/htdocs/smiling/vendor/codeigniter4/framework/system/Database/BaseConnection.php(605): CodeIgniter\Database\BaseConnection->simpleQuery('SELECT *\nFROM `...')
#3 /opt/lampp/htdocs/smiling/vendor/codeigniter4/framework/system/Database/BaseBuilder.php(1602): CodeIgniter\Database\BaseConnection->query('SELECT *\nFROM `...', Array, false)
#4 /opt/lampp/htdocs/smiling/vendor/codeigniter4/framework/system/Model.php(199): CodeIgniter\Database\BaseBuilder->get()
#5 /opt/lampp/htdocs/smiling/vendor/codeigniter4/framework/system/BaseModel.php(557): CodeIgniter\Model->doFind(true, '7')
#6 /opt/lampp/htdocs/smiling/app/Controllers/DocumentosController.php(22): CodeIgniter\BaseModel->find('7')
#7 /opt/lampp/htdocs/smiling/vendor/codeigniter4/framework/system/CodeIgniter.php(934): App\Controllers\DocumentosController->obtenerId()
#8 /opt/lampp/htdocs/smiling/vendor/codeigniter4/framework/system/CodeIgniter.php(499): CodeIgniter\CodeIgniter->runController(Object(App\Controllers\DocumentosController))
#9 /opt/lampp/htdocs/smiling/vendor/codeigniter4/framework/system/CodeIgniter.php(368): CodeIgniter\CodeIgniter->handleRequest(NULL, Object(Config\Cache), false)
#10 /opt/lampp/htdocs/smiling/index.php(67): CodeIgniter\CodeIgniter->run()
#11 {main}
CRITICAL - 2023-03-19 18:30:04 --> Unknown column 'co_tipo_documento.id' in 'where clause'
in SYSTEMPATH/Database/BaseConnection.php on line 645.
 1 SYSTEMPATH/Database/BaseBuilder.php(1602): CodeIgniter\Database\BaseConnection->query('SELECT *
FROM `co_tipo_documento`
WHERE `co_tipo_documento`.`id` = :co_tipo_documento.id:', [...], false)
 2 SYSTEMPATH/Model.php(199): CodeIgniter\Database\BaseBuilder->get()
 3 SYSTEMPATH/BaseModel.php(557): CodeIgniter\Model->doFind(true, '7')
 4 APPPATH/Controllers/DocumentosController.php(22): CodeIgniter\BaseModel->find('7')
 5 SYSTEMPATH/CodeIgniter.php(934): App\Controllers\DocumentosController->obtenerId()
 6 SYSTEMPATH/CodeIgniter.php(499): CodeIgniter\CodeIgniter->runController(Object(App\Controllers\DocumentosController))
 7 SYSTEMPATH/CodeIgniter.php(368): CodeIgniter\CodeIgniter->handleRequest(null, Object(Config\Cache), false)
 8 FCPATH/index.php(67): CodeIgniter\CodeIgniter->run()
ERROR - 2023-03-19 18:32:13 --> mysqli_sql_exception: Unknown column 'co_tipo_documento.id' in 'where clause' in /opt/lampp/htdocs/smiling/vendor/codeigniter4/framework/system/Database/MySQLi/Connection.php:295
Stack trace:
#0 /opt/lampp/htdocs/smiling/vendor/codeigniter4/framework/system/Database/MySQLi/Connection.php(295): mysqli->query('SELECT *\nFROM `...', 0)
#1 /opt/lampp/htdocs/smiling/vendor/codeigniter4/framework/system/Database/BaseConnection.php(691): CodeIgniter\Database\MySQLi\Connection->execute('SELECT *\nFROM `...')
#2 /opt/lampp/htdocs/smiling/vendor/codeigniter4/framework/system/Database/BaseConnection.php(605): CodeIgniter\Database\BaseConnection->simpleQuery('SELECT *\nFROM `...')
#3 /opt/lampp/htdocs/smiling/vendor/codeigniter4/framework/system/Database/BaseBuilder.php(1602): CodeIgniter\Database\BaseConnection->query('SELECT *\nFROM `...', Array, false)
#4 /opt/lampp/htdocs/smiling/vendor/codeigniter4/framework/system/Model.php(199): CodeIgniter\Database\BaseBuilder->get()
#5 /opt/lampp/htdocs/smiling/vendor/codeigniter4/framework/system/BaseModel.php(557): CodeIgniter\Model->doFind(true, '7')
#6 /opt/lampp/htdocs/smiling/app/Controllers/DocumentosController.php(22): CodeIgniter\BaseModel->find('7')
#7 /opt/lampp/htdocs/smiling/vendor/codeigniter4/framework/system/CodeIgniter.php(934): App\Controllers\DocumentosController->obtenerId()
#8 /opt/lampp/htdocs/smiling/vendor/codeigniter4/framework/system/CodeIgniter.php(499): CodeIgniter\CodeIgniter->runController(Object(App\Controllers\DocumentosController))
#9 /opt/lampp/htdocs/smiling/vendor/codeigniter4/framework/system/CodeIgniter.php(368): CodeIgniter\CodeIgniter->handleRequest(NULL, Object(Config\Cache), false)
#10 /opt/lampp/htdocs/smiling/index.php(67): CodeIgniter\CodeIgniter->run()
#11 {main}
CRITICAL - 2023-03-19 18:32:13 --> Unknown column 'co_tipo_documento.id' in 'where clause'
in SYSTEMPATH/Database/BaseConnection.php on line 645.
 1 SYSTEMPATH/Database/BaseBuilder.php(1602): CodeIgniter\Database\BaseConnection->query('SELECT *
FROM `co_tipo_documento`
WHERE `co_tipo_documento`.`id` = :co_tipo_documento.id:', [...], false)
 2 SYSTEMPATH/Model.php(199): CodeIgniter\Database\BaseBuilder->get()
 3 SYSTEMPATH/BaseModel.php(557): CodeIgniter\Model->doFind(true, '7')
 4 APPPATH/Controllers/DocumentosController.php(22): CodeIgniter\BaseModel->find('7')
 5 SYSTEMPATH/CodeIgniter.php(934): App\Controllers\DocumentosController->obtenerId()
 6 SYSTEMPATH/CodeIgniter.php(499): CodeIgniter\CodeIgniter->runController(Object(App\Controllers\DocumentosController))
 7 SYSTEMPATH/CodeIgniter.php(368): CodeIgniter\CodeIgniter->handleRequest(null, Object(Config\Cache), false)
 8 FCPATH/index.php(67): CodeIgniter\CodeIgniter->run()
ERROR - 2023-03-19 18:33:05 --> mysqli_sql_exception: Unknown column 'co_tipo_documento.id' in 'where clause' in /opt/lampp/htdocs/smiling/vendor/codeigniter4/framework/system/Database/MySQLi/Connection.php:295
Stack trace:
#0 /opt/lampp/htdocs/smiling/vendor/codeigniter4/framework/system/Database/MySQLi/Connection.php(295): mysqli->query('SELECT *\nFROM `...', 0)
#1 /opt/lampp/htdocs/smiling/vendor/codeigniter4/framework/system/Database/BaseConnection.php(691): CodeIgniter\Database\MySQLi\Connection->execute('SELECT *\nFROM `...')
#2 /opt/lampp/htdocs/smiling/vendor/codeigniter4/framework/system/Database/BaseConnection.php(605): CodeIgniter\Database\BaseConnection->simpleQuery('SELECT *\nFROM `...')
#3 /opt/lampp/htdocs/smiling/vendor/codeigniter4/framework/system/Database/BaseBuilder.php(1602): CodeIgniter\Database\BaseConnection->query('SELECT *\nFROM `...', Array, false)
#4 /opt/lampp/htdocs/smiling/vendor/codeigniter4/framework/system/Model.php(199): CodeIgniter\Database\BaseBuilder->get()
#5 /opt/lampp/htdocs/smiling/vendor/codeigniter4/framework/system/BaseModel.php(557): CodeIgniter\Model->doFind(true, '7')
#6 /opt/lampp/htdocs/smiling/app/Controllers/DocumentosController.php(22): CodeIgniter\BaseModel->find('7')
#7 /opt/lampp/htdocs/smiling/vendor/codeigniter4/framework/system/CodeIgniter.php(934): App\Controllers\DocumentosController->obtenerId()
#8 /opt/lampp/htdocs/smiling/vendor/codeigniter4/framework/system/CodeIgniter.php(499): CodeIgniter\CodeIgniter->runController(Object(App\Controllers\DocumentosController))
#9 /opt/lampp/htdocs/smiling/vendor/codeigniter4/framework/system/CodeIgniter.php(368): CodeIgniter\CodeIgniter->handleRequest(NULL, Object(Config\Cache), false)
#10 /opt/lampp/htdocs/smiling/index.php(67): CodeIgniter\CodeIgniter->run()
#11 {main}
CRITICAL - 2023-03-19 18:33:05 --> Unknown column 'co_tipo_documento.id' in 'where clause'
in SYSTEMPATH/Database/BaseConnection.php on line 645.
 1 SYSTEMPATH/Database/BaseBuilder.php(1602): CodeIgniter\Database\BaseConnection->query('SELECT *
FROM `co_tipo_documento`
WHERE `co_tipo_documento`.`id` = :co_tipo_documento.id:', [...], false)
 2 SYSTEMPATH/Model.php(199): CodeIgniter\Database\BaseBuilder->get()
 3 SYSTEMPATH/BaseModel.php(557): CodeIgniter\Model->doFind(true, '7')
 4 APPPATH/Controllers/DocumentosController.php(22): CodeIgniter\BaseModel->find('7')
 5 SYSTEMPATH/CodeIgniter.php(934): App\Controllers\DocumentosController->obtenerId()
 6 SYSTEMPATH/CodeIgniter.php(499): CodeIgniter\CodeIgniter->runController(Object(App\Controllers\DocumentosController))
 7 SYSTEMPATH/CodeIgniter.php(368): CodeIgniter\CodeIgniter->handleRequest(null, Object(Config\Cache), false)
 8 FCPATH/index.php(67): CodeIgniter\CodeIgniter->run()
ERROR - 2023-03-19 18:33:18 --> mysqli_sql_exception: Unknown column 'co_tipo_documento.id' in 'where clause' in /opt/lampp/htdocs/smiling/vendor/codeigniter4/framework/system/Database/MySQLi/Connection.php:295
Stack trace:
#0 /opt/lampp/htdocs/smiling/vendor/codeigniter4/framework/system/Database/MySQLi/Connection.php(295): mysqli->query('SELECT *\nFROM `...', 0)
#1 /opt/lampp/htdocs/smiling/vendor/codeigniter4/framework/system/Database/BaseConnection.php(691): CodeIgniter\Database\MySQLi\Connection->execute('SELECT *\nFROM `...')
#2 /opt/lampp/htdocs/smiling/vendor/codeigniter4/framework/system/Database/BaseConnection.php(605): CodeIgniter\Database\BaseConnection->simpleQuery('SELECT *\nFROM `...')
#3 /opt/lampp/htdocs/smiling/vendor/codeigniter4/framework/system/Database/BaseBuilder.php(1602): CodeIgniter\Database\BaseConnection->query('SELECT *\nFROM `...', Array, false)
#4 /opt/lampp/htdocs/smiling/vendor/codeigniter4/framework/system/Model.php(199): CodeIgniter\Database\BaseBuilder->get()
#5 /opt/lampp/htdocs/smiling/vendor/codeigniter4/framework/system/BaseModel.php(557): CodeIgniter\Model->doFind(true, '7')
#6 /opt/lampp/htdocs/smiling/app/Controllers/DocumentosController.php(22): CodeIgniter\BaseModel->find('7')
#7 /opt/lampp/htdocs/smiling/vendor/codeigniter4/framework/system/CodeIgniter.php(934): App\Controllers\DocumentosController->obtenerId()
#8 /opt/lampp/htdocs/smiling/vendor/codeigniter4/framework/system/CodeIgniter.php(499): CodeIgniter\CodeIgniter->runController(Object(App\Controllers\DocumentosController))
#9 /opt/lampp/htdocs/smiling/vendor/codeigniter4/framework/system/CodeIgniter.php(368): CodeIgniter\CodeIgniter->handleRequest(NULL, Object(Config\Cache), false)
#10 /opt/lampp/htdocs/smiling/index.php(67): CodeIgniter\CodeIgniter->run()
#11 {main}
CRITICAL - 2023-03-19 18:33:18 --> Unknown column 'co_tipo_documento.id' in 'where clause'
in SYSTEMPATH/Database/BaseConnection.php on line 645.
 1 SYSTEMPATH/Database/BaseBuilder.php(1602): CodeIgniter\Database\BaseConnection->query('SELECT *
FROM `co_tipo_documento`
WHERE `co_tipo_documento`.`id` = :co_tipo_documento.id:', [...], false)
 2 SYSTEMPATH/Model.php(199): CodeIgniter\Database\BaseBuilder->get()
 3 SYSTEMPATH/BaseModel.php(557): CodeIgniter\Model->doFind(true, '7')
 4 APPPATH/Controllers/DocumentosController.php(22): CodeIgniter\BaseModel->find('7')
 5 SYSTEMPATH/CodeIgniter.php(934): App\Controllers\DocumentosController->obtenerId()
 6 SYSTEMPATH/CodeIgniter.php(499): CodeIgniter\CodeIgniter->runController(Object(App\Controllers\DocumentosController))
 7 SYSTEMPATH/CodeIgniter.php(368): CodeIgniter\CodeIgniter->handleRequest(null, Object(Config\Cache), false)
 8 FCPATH/index.php(67): CodeIgniter\CodeIgniter->run()
ERROR - 2023-03-19 19:25:25 --> mysqli_sql_exception: Unknown column 'NIT' in 'field list' in /opt/lampp/htdocs/smiling/vendor/codeigniter4/framework/system/Database/MySQLi/Connection.php:295
Stack trace:
#0 /opt/lampp/htdocs/smiling/vendor/codeigniter4/framework/system/Database/MySQLi/Connection.php(295): mysqli->query('UPDATE `co_tipo...', 0)
#1 /opt/lampp/htdocs/smiling/vendor/codeigniter4/framework/system/Database/BaseConnection.php(691): CodeIgniter\Database\MySQLi\Connection->execute('UPDATE `co_tipo...')
#2 /opt/lampp/htdocs/smiling/vendor/codeigniter4/framework/system/Database/BaseConnection.php(605): CodeIgniter\Database\BaseConnection->simpleQuery('UPDATE `co_tipo...')
#3 /opt/lampp/htdocs/smiling/vendor/codeigniter4/framework/system/Database/BaseBuilder.php(2462): CodeIgniter\Database\BaseConnection->query('UPDATE `co_tipo...', Array, false)
#4 /opt/lampp/htdocs/smiling/app/Models/TipoDocumentoModel.php(32): CodeIgniter\Database\BaseBuilder->update('NIT')
#5 /opt/lampp/htdocs/smiling/app/Controllers/DocumentosController.php(41): App\Models\TipoDocumentoModel->actualizarDocumento('8', 'NIT')
#6 /opt/lampp/htdocs/smiling/vendor/codeigniter4/framework/system/CodeIgniter.php(934): App\Controllers\DocumentosController->actualizar()
#7 /opt/lampp/htdocs/smiling/vendor/codeigniter4/framework/system/CodeIgniter.php(499): CodeIgniter\CodeIgniter->runController(Object(App\Controllers\DocumentosController))
#8 /opt/lampp/htdocs/smiling/vendor/codeigniter4/framework/system/CodeIgniter.php(368): CodeIgniter\CodeIgniter->handleRequest(NULL, Object(Config\Cache), false)
#9 /opt/lampp/htdocs/smiling/index.php(67): CodeIgniter\CodeIgniter->run()
#10 {main}
CRITICAL - 2023-03-19 19:25:25 --> Unknown column 'NIT' in 'field list'
in SYSTEMPATH/Database/BaseConnection.php on line 645.
 1 SYSTEMPATH/Database/BaseBuilder.php(2462): CodeIgniter\Database\BaseConnection->query('UPDATE `co_tipo_documento` SET `NIT` = :NIT:
WHERE `tipoDocId` = :tipoDocId:', [...], false)
 2 APPPATH/Models/TipoDocumentoModel.php(32): CodeIgniter\Database\BaseBuilder->update('NIT')
 3 APPPATH/Controllers/DocumentosController.php(41): App\Models\TipoDocumentoModel->actualizarDocumento('8', 'NIT')
 4 SYSTEMPATH/CodeIgniter.php(934): App\Controllers\DocumentosController->actualizar()
 5 SYSTEMPATH/CodeIgniter.php(499): CodeIgniter\CodeIgniter->runController(Object(App\Controllers\DocumentosController))
 6 SYSTEMPATH/CodeIgniter.php(368): CodeIgniter\CodeIgniter->handleRequest(null, Object(Config\Cache), false)
 7 FCPATH/index.php(67): CodeIgniter\CodeIgniter->run()
ERROR - 2023-03-19 19:26:01 --> mysqli_sql_exception: Unknown column 'NIT' in 'field list' in /opt/lampp/htdocs/smiling/vendor/codeigniter4/framework/system/Database/MySQLi/Connection.php:295
Stack trace:
#0 /opt/lampp/htdocs/smiling/vendor/codeigniter4/framework/system/Database/MySQLi/Connection.php(295): mysqli->query('UPDATE `co_tipo...', 0)
#1 /opt/lampp/htdocs/smiling/vendor/codeigniter4/framework/system/Database/BaseConnection.php(691): CodeIgniter\Database\MySQLi\Connection->execute('UPDATE `co_tipo...')
#2 /opt/lampp/htdocs/smiling/vendor/codeigniter4/framework/system/Database/BaseConnection.php(605): CodeIgniter\Database\BaseConnection->simpleQuery('UPDATE `co_tipo...')
#3 /opt/lampp/htdocs/smiling/vendor/codeigniter4/framework/system/Database/BaseBuilder.php(2462): CodeIgniter\Database\BaseConnection->query('UPDATE `co_tipo...', Array, false)
#4 /opt/lampp/htdocs/smiling/app/Models/TipoDocumentoModel.php(32): CodeIgniter\Database\BaseBuilder->update('NIT')
#5 /opt/lampp/htdocs/smiling/app/Controllers/DocumentosController.php(41): App\Models\TipoDocumentoModel->actualizarDocumento('8', 'NIT')
#6 /opt/lampp/htdocs/smiling/vendor/codeigniter4/framework/system/CodeIgniter.php(934): App\Controllers\DocumentosController->actualizar()
#7 /opt/lampp/htdocs/smiling/vendor/codeigniter4/framework/system/CodeIgniter.php(499): CodeIgniter\CodeIgniter->runController(Object(App\Controllers\DocumentosController))
#8 /opt/lampp/htdocs/smiling/vendor/codeigniter4/framework/system/CodeIgniter.php(368): CodeIgniter\CodeIgniter->handleRequest(NULL, Object(Config\Cache), false)
#9 /opt/lampp/htdocs/smiling/index.php(67): CodeIgniter\CodeIgniter->run()
#10 {main}
CRITICAL - 2023-03-19 19:26:01 --> Unknown column 'NIT' in 'field list'
in SYSTEMPATH/Database/BaseConnection.php on line 645.
 1 SYSTEMPATH/Database/BaseBuilder.php(2462): CodeIgniter\Database\BaseConnection->query('UPDATE `co_tipo_documento` SET `NIT` = :NIT:
WHERE `tipoDocId` = :tipoDocId:', [...], false)
 2 APPPATH/Models/TipoDocumentoModel.php(32): CodeIgniter\Database\BaseBuilder->update('NIT')
 3 APPPATH/Controllers/DocumentosController.php(41): App\Models\TipoDocumentoModel->actualizarDocumento('8', 'NIT')
 4 SYSTEMPATH/CodeIgniter.php(934): App\Controllers\DocumentosController->actualizar()
 5 SYSTEMPATH/CodeIgniter.php(499): CodeIgniter\CodeIgniter->runController(Object(App\Controllers\DocumentosController))
 6 SYSTEMPATH/CodeIgniter.php(368): CodeIgniter\CodeIgniter->handleRequest(null, Object(Config\Cache), false)
 7 FCPATH/index.php(67): CodeIgniter\CodeIgniter->run()
CRITICAL - 2023-03-19 19:34:12 --> Array to string conversion
in APPPATH/Controllers/DocumentosController.php on line 43.
 1 APPPATH/Controllers/DocumentosController.php(43): CodeIgniter\Debug\Exceptions->errorHandler(2, 'Array to string conversion', 'APPPATH/Controllers/DocumentosController.php', 43)
 2 SYSTEMPATH/CodeIgniter.php(934): App\Controllers\DocumentosController->actualizar()
 3 SYSTEMPATH/CodeIgniter.php(499): CodeIgniter\CodeIgniter->runController(Object(App\Controllers\DocumentosController))
 4 SYSTEMPATH/CodeIgniter.php(368): CodeIgniter\CodeIgniter->handleRequest(null, Object(Config\Cache), false)
 5 FCPATH/index.php(67): CodeIgniter\CodeIgniter->run()
