CRITICAL - 2023-03-01 03:47:18 --> Undefined variable $usuarios
in APPPATH/Views/login.php on line 70.
 1 APPPATH/Views/login.php(70): CodeIgniter\Debug\Exceptions->errorHandler(2, 'Undefined variable $usuarios', 'APPPATH/Views/login.php', 70)
 2 SYSTEMPATH/View/View.php(213): include('APPPATH/Views/login.php')
 3 SYSTEMPATH/View/View.php(216): CodeIgniter\View\View->CodeIgniter\View\{closure}()
 4 SYSTEMPATH/Common.php(1177): CodeIgniter\View\View->render('login', [], true)
 5 APPPATH/Controllers/Home.php(9): view('login')
 6 SYSTEMPATH/CodeIgniter.php(934): App\Controllers\Home->index()
 7 SYSTEMPATH/CodeIgniter.php(499): CodeIgniter\CodeIgniter->runController(Object(App\Controllers\Home))
 8 SYSTEMPATH/CodeIgniter.php(368): CodeIgniter\CodeIgniter->handleRequest(null, Object(Config\Cache), false)
 9 FCPATH/index.php(67): CodeIgniter\CodeIgniter->run()
CRITICAL - 2023-03-01 03:47:25 --> Undefined variable $usuarios
in APPPATH/Views/login.php on line 70.
 1 APPPATH/Views/login.php(70): CodeIgniter\Debug\Exceptions->errorHandler(2, 'Undefined variable $usuarios', 'APPPATH/Views/login.php', 70)
 2 SYSTEMPATH/View/View.php(213): include('APPPATH/Views/login.php')
 3 SYSTEMPATH/View/View.php(216): CodeIgniter\View\View->CodeIgniter\View\{closure}()
 4 SYSTEMPATH/Common.php(1177): CodeIgniter\View\View->render('login', [], true)
 5 APPPATH/Controllers/Home.php(9): view('login')
 6 SYSTEMPATH/CodeIgniter.php(934): App\Controllers\Home->index()
 7 SYSTEMPATH/CodeIgniter.php(499): CodeIgniter\CodeIgniter->runController(Object(App\Controllers\Home))
 8 SYSTEMPATH/CodeIgniter.php(368): CodeIgniter\CodeIgniter->handleRequest(null, Object(Config\Cache), false)
 9 FCPATH/index.php(67): CodeIgniter\CodeIgniter->run()
CRITICAL - 2023-03-01 03:50:29 --> Too few arguments to function App\Controllers\LoginController::validar(), 0 passed in /opt/lampp/htdocs/coderPrueba/vendor/codeigniter4/framework/system/CodeIgniter.php on line 934 and exactly 1 expected
in APPPATH/Controllers/LoginController.php on line 11.
 1 SYSTEMPATH/CodeIgniter.php(934): App\Controllers\LoginController->validar()
 2 SYSTEMPATH/CodeIgniter.php(499): CodeIgniter\CodeIgniter->runController(Object(App\Controllers\LoginController))
 3 SYSTEMPATH/CodeIgniter.php(368): CodeIgniter\CodeIgniter->handleRequest(null, Object(Config\Cache), false)
 4 FCPATH/index.php(67): CodeIgniter\CodeIgniter->run()
CRITICAL - 2023-03-01 03:50:51 --> Too few arguments to function App\Controllers\LoginController::validar(), 0 passed in /opt/lampp/htdocs/coderPrueba/vendor/codeigniter4/framework/system/CodeIgniter.php on line 934 and exactly 1 expected
in APPPATH/Controllers/LoginController.php on line 11.
 1 SYSTEMPATH/CodeIgniter.php(934): App\Controllers\LoginController->validar()
 2 SYSTEMPATH/CodeIgniter.php(499): CodeIgniter\CodeIgniter->runController(Object(App\Controllers\LoginController))
 3 SYSTEMPATH/CodeIgniter.php(368): CodeIgniter\CodeIgniter->handleRequest(null, Object(Config\Cache), false)
 4 FCPATH/index.php(67): CodeIgniter\CodeIgniter->run()
CRITICAL - 2023-03-01 03:51:02 --> Too few arguments to function App\Controllers\LoginController::validar(), 0 passed in /opt/lampp/htdocs/coderPrueba/vendor/codeigniter4/framework/system/CodeIgniter.php on line 934 and exactly 1 expected
in APPPATH/Controllers/LoginController.php on line 11.
 1 SYSTEMPATH/CodeIgniter.php(934): App\Controllers\LoginController->validar()
 2 SYSTEMPATH/CodeIgniter.php(499): CodeIgniter\CodeIgniter->runController(Object(App\Controllers\LoginController))
 3 SYSTEMPATH/CodeIgniter.php(368): CodeIgniter\CodeIgniter->handleRequest(null, Object(Config\Cache), false)
 4 FCPATH/index.php(67): CodeIgniter\CodeIgniter->run()
CRITICAL - 2023-03-01 03:51:04 --> Too few arguments to function App\Controllers\LoginController::validar(), 0 passed in /opt/lampp/htdocs/coderPrueba/vendor/codeigniter4/framework/system/CodeIgniter.php on line 934 and exactly 1 expected
in APPPATH/Controllers/LoginController.php on line 11.
 1 SYSTEMPATH/CodeIgniter.php(934): App\Controllers\LoginController->validar()
 2 SYSTEMPATH/CodeIgniter.php(499): CodeIgniter\CodeIgniter->runController(Object(App\Controllers\LoginController))
 3 SYSTEMPATH/CodeIgniter.php(368): CodeIgniter\CodeIgniter->handleRequest(null, Object(Config\Cache), false)
 4 FCPATH/index.php(67): CodeIgniter\CodeIgniter->run()
CRITICAL - 2023-03-01 03:52:29 --> Undefined array key "x"
in APPPATH/Controllers/LoginController.php on line 15.
 1 APPPATH/Controllers/LoginController.php(15): CodeIgniter\Debug\Exceptions->errorHandler(2, 'Undefined array key "x"', 'APPPATH/Controllers/LoginController.php', 15)
 2 SYSTEMPATH/CodeIgniter.php(934): App\Controllers\LoginController->validar()
 3 SYSTEMPATH/CodeIgniter.php(499): CodeIgniter\CodeIgniter->runController(Object(App\Controllers\LoginController))
 4 SYSTEMPATH/CodeIgniter.php(368): CodeIgniter\CodeIgniter->handleRequest(null, Object(Config\Cache), false)
 5 FCPATH/index.php(67): CodeIgniter\CodeIgniter->run()
CRITICAL - 2023-03-01 03:52:31 --> Undefined array key "x"
in APPPATH/Controllers/LoginController.php on line 15.
 1 APPPATH/Controllers/LoginController.php(15): CodeIgniter\Debug\Exceptions->errorHandler(2, 'Undefined array key "x"', 'APPPATH/Controllers/LoginController.php', 15)
 2 SYSTEMPATH/CodeIgniter.php(934): App\Controllers\LoginController->validar()
 3 SYSTEMPATH/CodeIgniter.php(499): CodeIgniter\CodeIgniter->runController(Object(App\Controllers\LoginController))
 4 SYSTEMPATH/CodeIgniter.php(368): CodeIgniter\CodeIgniter->handleRequest(null, Object(Config\Cache), false)
 5 FCPATH/index.php(67): CodeIgniter\CodeIgniter->run()
CRITICAL - 2023-03-01 03:53:22 --> Undefined array key "x"
in APPPATH/Controllers/LoginController.php on line 15.
 1 APPPATH/Controllers/LoginController.php(15): CodeIgniter\Debug\Exceptions->errorHandler(2, 'Undefined array key "x"', 'APPPATH/Controllers/LoginController.php', 15)
 2 SYSTEMPATH/CodeIgniter.php(934): App\Controllers\LoginController->validar()
 3 SYSTEMPATH/CodeIgniter.php(499): CodeIgniter\CodeIgniter->runController(Object(App\Controllers\LoginController))
 4 SYSTEMPATH/CodeIgniter.php(368): CodeIgniter\CodeIgniter->handleRequest(null, Object(Config\Cache), false)
 5 FCPATH/index.php(67): CodeIgniter\CodeIgniter->run()
CRITICAL - 2023-03-01 04:02:56 --> Undefined array key "x"
in APPPATH/Controllers/LoginController.php on line 13.
 1 APPPATH/Controllers/LoginController.php(13): CodeIgniter\Debug\Exceptions->errorHandler(2, 'Undefined array key "x"', 'APPPATH/Controllers/LoginController.php', 13)
 2 SYSTEMPATH/CodeIgniter.php(934): App\Controllers\LoginController->validar()
 3 SYSTEMPATH/CodeIgniter.php(499): CodeIgniter\CodeIgniter->runController(Object(App\Controllers\LoginController))
 4 SYSTEMPATH/CodeIgniter.php(368): CodeIgniter\CodeIgniter->handleRequest(null, Object(Config\Cache), false)
 5 FCPATH/index.php(67): CodeIgniter\CodeIgniter->run()
CRITICAL - 2023-03-01 05:02:59 --> Object of class App\Models\LoginModel could not be converted to string
in APPPATH/Views/login.php on line 36.
 1 SYSTEMPATH/View/View.php(213): include()
 2 SYSTEMPATH/View/View.php(216): CodeIgniter\View\View->CodeIgniter\View\{closure}()
 3 SYSTEMPATH/Common.php(1177): CodeIgniter\View\View->render('login', [], true)
 4 APPPATH/Controllers/LoginController.php(28): view('login', [...])
 5 SYSTEMPATH/CodeIgniter.php(934): App\Controllers\LoginController->validar()
 6 SYSTEMPATH/CodeIgniter.php(499): CodeIgniter\CodeIgniter->runController(Object(App\Controllers\LoginController))
 7 SYSTEMPATH/CodeIgniter.php(368): CodeIgniter\CodeIgniter->handleRequest(null, Object(Config\Cache), false)
 8 FCPATH/index.php(67): CodeIgniter\CodeIgniter->run()
CRITICAL - 2023-03-01 05:05:08 --> Object of class App\Models\LoginModel could not be converted to string
in APPPATH/Controllers/LoginController.php on line 18.
 1 SYSTEMPATH/CodeIgniter.php(934): App\Controllers\LoginController->validar()
 2 SYSTEMPATH/CodeIgniter.php(499): CodeIgniter\CodeIgniter->runController(Object(App\Controllers\LoginController))
 3 SYSTEMPATH/CodeIgniter.php(368): CodeIgniter\CodeIgniter->handleRequest(null, Object(Config\Cache), false)
 4 FCPATH/index.php(67): CodeIgniter\CodeIgniter->run()
CRITICAL - 2023-03-01 05:09:50 --> CodeIgniter\Database\BaseBuilder::get(): Argument #1 ($limit) must be of type ?int, string given, called in /opt/lampp/htdocs/coderPrueba/vendor/codeigniter4/framework/system/Model.php on line 839
in SYSTEMPATH/Database/BaseBuilder.php on line 1594.
 1 SYSTEMPATH/Model.php(839): CodeIgniter\Database\BaseBuilder->get('tbl_Usuarios')
 2 APPPATH/Controllers/LoginController.php(20): CodeIgniter\Model->__call('get', [...])
 3 SYSTEMPATH/CodeIgniter.php(934): App\Controllers\LoginController->validar()
 4 SYSTEMPATH/CodeIgniter.php(499): CodeIgniter\CodeIgniter->runController(Object(App\Controllers\LoginController))
 5 SYSTEMPATH/CodeIgniter.php(368): CodeIgniter\CodeIgniter->handleRequest(null, Object(Config\Cache), false)
 6 FCPATH/index.php(67): CodeIgniter\CodeIgniter->run()
CRITICAL - 2023-03-01 05:10:19 --> CodeIgniter\Database\BaseBuilder::get(): Argument #1 ($limit) must be of type ?int, string given, called in /opt/lampp/htdocs/coderPrueba/vendor/codeigniter4/framework/system/Model.php on line 839
in SYSTEMPATH/Database/BaseBuilder.php on line 1594.
 1 SYSTEMPATH/Model.php(839): CodeIgniter\Database\BaseBuilder->get('tbl_Usuarios')
 2 APPPATH/Controllers/LoginController.php(20): CodeIgniter\Model->__call('get', [...])
 3 SYSTEMPATH/CodeIgniter.php(934): App\Controllers\LoginController->validar()
 4 SYSTEMPATH/CodeIgniter.php(499): CodeIgniter\CodeIgniter->runController(Object(App\Controllers\LoginController))
 5 SYSTEMPATH/CodeIgniter.php(368): CodeIgniter\CodeIgniter->handleRequest(null, Object(Config\Cache), false)
 6 FCPATH/index.php(67): CodeIgniter\CodeIgniter->run()
CRITICAL - 2023-03-01 05:14:34 --> Undefined variable $response
in APPPATH/Views/login.php on line 36.
 1 APPPATH/Views/login.php(36): CodeIgniter\Debug\Exceptions->errorHandler(2, 'Undefined variable $response', 'APPPATH/Views/login.php', 36)
 2 SYSTEMPATH/View/View.php(213): include('APPPATH/Views/login.php')
 3 SYSTEMPATH/View/View.php(216): CodeIgniter\View\View->CodeIgniter\View\{closure}()
 4 SYSTEMPATH/Common.php(1177): CodeIgniter\View\View->render('login', [], true)
 5 APPPATH/Controllers/LoginController.php(13): view('login')
 6 SYSTEMPATH/CodeIgniter.php(934): App\Controllers\LoginController->index()
 7 SYSTEMPATH/CodeIgniter.php(499): CodeIgniter\CodeIgniter->runController(Object(App\Controllers\LoginController))
 8 SYSTEMPATH/CodeIgniter.php(368): CodeIgniter\CodeIgniter->handleRequest(null, Object(Config\Cache), false)
 9 FCPATH/index.php(67): CodeIgniter\CodeIgniter->run()
CRITICAL - 2023-03-01 05:16:31 --> Undefined variable $response
in APPPATH/Views/login.php on line 36.
 1 APPPATH/Views/login.php(36): CodeIgniter\Debug\Exceptions->errorHandler(2, 'Undefined variable $response', 'APPPATH/Views/login.php', 36)
 2 SYSTEMPATH/View/View.php(213): include('APPPATH/Views/login.php')
 3 SYSTEMPATH/View/View.php(216): CodeIgniter\View\View->CodeIgniter\View\{closure}()
 4 SYSTEMPATH/Common.php(1177): CodeIgniter\View\View->render('login', [], true)
 5 APPPATH/Controllers/LoginController.php(19): view('login')
 6 SYSTEMPATH/CodeIgniter.php(934): App\Controllers\LoginController->index()
 7 SYSTEMPATH/CodeIgniter.php(499): CodeIgniter\CodeIgniter->runController(Object(App\Controllers\LoginController))
 8 SYSTEMPATH/CodeIgniter.php(368): CodeIgniter\CodeIgniter->handleRequest(null, Object(Config\Cache), false)
 9 FCPATH/index.php(67): CodeIgniter\CodeIgniter->run()
CRITICAL - 2023-03-01 05:21:53 --> Array to string conversion
in APPPATH/Controllers/LoginController.php on line 29.
 1 APPPATH/Controllers/LoginController.php(29): CodeIgniter\Debug\Exceptions->errorHandler(2, 'Array to string conversion', 'APPPATH/Controllers/LoginController.php', 29)
 2 SYSTEMPATH/CodeIgniter.php(934): App\Controllers\LoginController->validar()
 3 SYSTEMPATH/CodeIgniter.php(499): CodeIgniter\CodeIgniter->runController(Object(App\Controllers\LoginController))
 4 SYSTEMPATH/CodeIgniter.php(368): CodeIgniter\CodeIgniter->handleRequest(null, Object(Config\Cache), false)
 5 FCPATH/index.php(67): CodeIgniter\CodeIgniter->run()
ERROR - 2023-03-01 05:24:44 --> mysqli_sql_exception: Unknown column 'tbl_Usuarios.id' in 'where clause' in /opt/lampp/htdocs/coderPrueba/vendor/codeigniter4/framework/system/Database/MySQLi/Connection.php:295
Stack trace:
#0 /opt/lampp/htdocs/coderPrueba/vendor/codeigniter4/framework/system/Database/MySQLi/Connection.php(295): mysqli->query('SELECT *\nFROM `...', 0)
#1 /opt/lampp/htdocs/coderPrueba/vendor/codeigniter4/framework/system/Database/BaseConnection.php(691): CodeIgniter\Database\MySQLi\Connection->execute('SELECT *\nFROM `...')
#2 /opt/lampp/htdocs/coderPrueba/vendor/codeigniter4/framework/system/Database/BaseConnection.php(605): CodeIgniter\Database\BaseConnection->simpleQuery('SELECT *\nFROM `...')
#3 /opt/lampp/htdocs/coderPrueba/vendor/codeigniter4/framework/system/Database/BaseBuilder.php(1602): CodeIgniter\Database\BaseConnection->query('SELECT *\nFROM `...', Array, false)
#4 /opt/lampp/htdocs/coderPrueba/vendor/codeigniter4/framework/system/Model.php(195): CodeIgniter\Database\BaseBuilder->get()
#5 /opt/lampp/htdocs/coderPrueba/vendor/codeigniter4/framework/system/BaseModel.php(557): CodeIgniter\Model->doFind(false, Array)
#6 /opt/lampp/htdocs/coderPrueba/app/Controllers/LoginController.php(30): CodeIgniter\BaseModel->find(Array)
#7 /opt/lampp/htdocs/coderPrueba/vendor/codeigniter4/framework/system/CodeIgniter.php(934): App\Controllers\LoginController->validar()
#8 /opt/lampp/htdocs/coderPrueba/vendor/codeigniter4/framework/system/CodeIgniter.php(499): CodeIgniter\CodeIgniter->runController(Object(App\Controllers\LoginController))
#9 /opt/lampp/htdocs/coderPrueba/vendor/codeigniter4/framework/system/CodeIgniter.php(368): CodeIgniter\CodeIgniter->handleRequest(NULL, Object(Config\Cache), false)
#10 /opt/lampp/htdocs/coderPrueba/index.php(67): CodeIgniter\CodeIgniter->run()
#11 {main}
CRITICAL - 2023-03-01 05:24:44 --> Unknown column 'tbl_Usuarios.id' in 'where clause'
in SYSTEMPATH/Database/BaseConnection.php on line 645.
 1 SYSTEMPATH/Database/BaseBuilder.php(1602): CodeIgniter\Database\BaseConnection->query('SELECT *
FROM `tbl_Usuarios`
WHERE `tbl_Usuarios`.`id` IN :tbl_Usuarios.id:', [...], false)
 2 SYSTEMPATH/Model.php(195): CodeIgniter\Database\BaseBuilder->get()
 3 SYSTEMPATH/BaseModel.php(557): CodeIgniter\Model->doFind(false, [...])
 4 APPPATH/Controllers/LoginController.php(30): CodeIgniter\BaseModel->find([...])
 5 SYSTEMPATH/CodeIgniter.php(934): App\Controllers\LoginController->validar()
 6 SYSTEMPATH/CodeIgniter.php(499): CodeIgniter\CodeIgniter->runController(Object(App\Controllers\LoginController))
 7 SYSTEMPATH/CodeIgniter.php(368): CodeIgniter\CodeIgniter->handleRequest(null, Object(Config\Cache), false)
 8 FCPATH/index.php(67): CodeIgniter\CodeIgniter->run()
ERROR - 2023-03-01 05:24:55 --> mysqli_sql_exception: Unknown column 'tbl_Usuarios.id' in 'where clause' in /opt/lampp/htdocs/coderPrueba/vendor/codeigniter4/framework/system/Database/MySQLi/Connection.php:295
Stack trace:
#0 /opt/lampp/htdocs/coderPrueba/vendor/codeigniter4/framework/system/Database/MySQLi/Connection.php(295): mysqli->query('SELECT *\nFROM `...', 0)
#1 /opt/lampp/htdocs/coderPrueba/vendor/codeigniter4/framework/system/Database/BaseConnection.php(691): CodeIgniter\Database\MySQLi\Connection->execute('SELECT *\nFROM `...')
#2 /opt/lampp/htdocs/coderPrueba/vendor/codeigniter4/framework/system/Database/BaseConnection.php(605): CodeIgniter\Database\BaseConnection->simpleQuery('SELECT *\nFROM `...')
#3 /opt/lampp/htdocs/coderPrueba/vendor/codeigniter4/framework/system/Database/BaseBuilder.php(1602): CodeIgniter\Database\BaseConnection->query('SELECT *\nFROM `...', Array, false)
#4 /opt/lampp/htdocs/coderPrueba/vendor/codeigniter4/framework/system/Model.php(195): CodeIgniter\Database\BaseBuilder->get()
#5 /opt/lampp/htdocs/coderPrueba/vendor/codeigniter4/framework/system/BaseModel.php(557): CodeIgniter\Model->doFind(false, Array)
#6 /opt/lampp/htdocs/coderPrueba/app/Controllers/LoginController.php(30): CodeIgniter\BaseModel->find(Array)
#7 /opt/lampp/htdocs/coderPrueba/vendor/codeigniter4/framework/system/CodeIgniter.php(934): App\Controllers\LoginController->validar()
#8 /opt/lampp/htdocs/coderPrueba/vendor/codeigniter4/framework/system/CodeIgniter.php(499): CodeIgniter\CodeIgniter->runController(Object(App\Controllers\LoginController))
#9 /opt/lampp/htdocs/coderPrueba/vendor/codeigniter4/framework/system/CodeIgniter.php(368): CodeIgniter\CodeIgniter->handleRequest(NULL, Object(Config\Cache), false)
#10 /opt/lampp/htdocs/coderPrueba/index.php(67): CodeIgniter\CodeIgniter->run()
#11 {main}
CRITICAL - 2023-03-01 05:24:55 --> Unknown column 'tbl_Usuarios.id' in 'where clause'
in SYSTEMPATH/Database/BaseConnection.php on line 645.
 1 SYSTEMPATH/Database/BaseBuilder.php(1602): CodeIgniter\Database\BaseConnection->query('SELECT *
FROM `tbl_Usuarios`
WHERE `tbl_Usuarios`.`id` IN :tbl_Usuarios.id:', [...], false)
 2 SYSTEMPATH/Model.php(195): CodeIgniter\Database\BaseBuilder->get()
 3 SYSTEMPATH/BaseModel.php(557): CodeIgniter\Model->doFind(false, [...])
 4 APPPATH/Controllers/LoginController.php(30): CodeIgniter\BaseModel->find([...])
 5 SYSTEMPATH/CodeIgniter.php(934): App\Controllers\LoginController->validar()
 6 SYSTEMPATH/CodeIgniter.php(499): CodeIgniter\CodeIgniter->runController(Object(App\Controllers\LoginController))
 7 SYSTEMPATH/CodeIgniter.php(368): CodeIgniter\CodeIgniter->handleRequest(null, Object(Config\Cache), false)
 8 FCPATH/index.php(67): CodeIgniter\CodeIgniter->run()
ERROR - 2023-03-01 05:27:43 --> mysqli_sql_exception: Unknown column 'tbl_Usuarios.id' in 'where clause' in /opt/lampp/htdocs/coderPrueba/vendor/codeigniter4/framework/system/Database/MySQLi/Connection.php:295
Stack trace:
#0 /opt/lampp/htdocs/coderPrueba/vendor/codeigniter4/framework/system/Database/MySQLi/Connection.php(295): mysqli->query('SELECT *\nFROM `...', 0)
#1 /opt/lampp/htdocs/coderPrueba/vendor/codeigniter4/framework/system/Database/BaseConnection.php(691): CodeIgniter\Database\MySQLi\Connection->execute('SELECT *\nFROM `...')
#2 /opt/lampp/htdocs/coderPrueba/vendor/codeigniter4/framework/system/Database/BaseConnection.php(605): CodeIgniter\Database\BaseConnection->simpleQuery('SELECT *\nFROM `...')
#3 /opt/lampp/htdocs/coderPrueba/vendor/codeigniter4/framework/system/Database/BaseBuilder.php(1602): CodeIgniter\Database\BaseConnection->query('SELECT *\nFROM `...', Array, false)
#4 /opt/lampp/htdocs/coderPrueba/vendor/codeigniter4/framework/system/Model.php(199): CodeIgniter\Database\BaseBuilder->get()
#5 /opt/lampp/htdocs/coderPrueba/vendor/codeigniter4/framework/system/BaseModel.php(557): CodeIgniter\Model->doFind(true, 'STRIKER')
#6 /opt/lampp/htdocs/coderPrueba/app/Controllers/LoginController.php(32): CodeIgniter\BaseModel->find('STRIKER')
#7 /opt/lampp/htdocs/coderPrueba/vendor/codeigniter4/framework/system/CodeIgniter.php(934): App\Controllers\LoginController->validar()
#8 /opt/lampp/htdocs/coderPrueba/vendor/codeigniter4/framework/system/CodeIgniter.php(499): CodeIgniter\CodeIgniter->runController(Object(App\Controllers\LoginController))
#9 /opt/lampp/htdocs/coderPrueba/vendor/codeigniter4/framework/system/CodeIgniter.php(368): CodeIgniter\CodeIgniter->handleRequest(NULL, Object(Config\Cache), false)
#10 /opt/lampp/htdocs/coderPrueba/index.php(67): CodeIgniter\CodeIgniter->run()
#11 {main}
CRITICAL - 2023-03-01 05:27:43 --> Unknown column 'tbl_Usuarios.id' in 'where clause'
in SYSTEMPATH/Database/BaseConnection.php on line 645.
 1 SYSTEMPATH/Database/BaseBuilder.php(1602): CodeIgniter\Database\BaseConnection->query('SELECT *
FROM `tbl_Usuarios`
WHERE `tbl_Usuarios`.`id` = :tbl_Usuarios.id:', [...], false)
 2 SYSTEMPATH/Model.php(199): CodeIgniter\Database\BaseBuilder->get()
 3 SYSTEMPATH/BaseModel.php(557): CodeIgniter\Model->doFind(true, 'STRIKER')
 4 APPPATH/Controllers/LoginController.php(32): CodeIgniter\BaseModel->find('STRIKER')
 5 SYSTEMPATH/CodeIgniter.php(934): App\Controllers\LoginController->validar()
 6 SYSTEMPATH/CodeIgniter.php(499): CodeIgniter\CodeIgniter->runController(Object(App\Controllers\LoginController))
 7 SYSTEMPATH/CodeIgniter.php(368): CodeIgniter\CodeIgniter->handleRequest(null, Object(Config\Cache), false)
 8 FCPATH/index.php(67): CodeIgniter\CodeIgniter->run()
ERROR - 2023-03-01 05:32:42 --> mysqli_sql_exception: Unknown column 'tbl_Usuarios.id' in 'where clause' in /opt/lampp/htdocs/coderPrueba/vendor/codeigniter4/framework/system/Database/MySQLi/Connection.php:295
Stack trace:
#0 /opt/lampp/htdocs/coderPrueba/vendor/codeigniter4/framework/system/Database/MySQLi/Connection.php(295): mysqli->query('SELECT *\nFROM `...', 0)
#1 /opt/lampp/htdocs/coderPrueba/vendor/codeigniter4/framework/system/Database/BaseConnection.php(691): CodeIgniter\Database\MySQLi\Connection->execute('SELECT *\nFROM `...')
#2 /opt/lampp/htdocs/coderPrueba/vendor/codeigniter4/framework/system/Database/BaseConnection.php(605): CodeIgniter\Database\BaseConnection->simpleQuery('SELECT *\nFROM `...')
#3 /opt/lampp/htdocs/coderPrueba/vendor/codeigniter4/framework/system/Database/BaseBuilder.php(1602): CodeIgniter\Database\BaseConnection->query('SELECT *\nFROM `...', Array, false)
#4 /opt/lampp/htdocs/coderPrueba/vendor/codeigniter4/framework/system/Model.php(199): CodeIgniter\Database\BaseBuilder->get()
#5 /opt/lampp/htdocs/coderPrueba/vendor/codeigniter4/framework/system/BaseModel.php(557): CodeIgniter\Model->doFind(true, 'SUPERADMIN')
#6 /opt/lampp/htdocs/coderPrueba/app/Controllers/LoginController.php(33): CodeIgniter\BaseModel->find('SUPERADMIN')
#7 /opt/lampp/htdocs/coderPrueba/vendor/codeigniter4/framework/system/CodeIgniter.php(934): App\Controllers\LoginController->validar()
#8 /opt/lampp/htdocs/coderPrueba/vendor/codeigniter4/framework/system/CodeIgniter.php(499): CodeIgniter\CodeIgniter->runController(Object(App\Controllers\LoginController))
#9 /opt/lampp/htdocs/coderPrueba/vendor/codeigniter4/framework/system/CodeIgniter.php(368): CodeIgniter\CodeIgniter->handleRequest(NULL, Object(Config\Cache), false)
#10 /opt/lampp/htdocs/coderPrueba/index.php(67): CodeIgniter\CodeIgniter->run()
#11 {main}
CRITICAL - 2023-03-01 05:32:42 --> Unknown column 'tbl_Usuarios.id' in 'where clause'
in SYSTEMPATH/Database/BaseConnection.php on line 645.
 1 SYSTEMPATH/Database/BaseBuilder.php(1602): CodeIgniter\Database\BaseConnection->query('SELECT *
FROM `tbl_Usuarios`
WHERE `tbl_Usuarios`.`id` = :tbl_Usuarios.id:', [...], false)
 2 SYSTEMPATH/Model.php(199): CodeIgniter\Database\BaseBuilder->get()
 3 SYSTEMPATH/BaseModel.php(557): CodeIgniter\Model->doFind(true, 'SUPERADMIN')
 4 APPPATH/Controllers/LoginController.php(33): CodeIgniter\BaseModel->find('SUPERADMIN')
 5 SYSTEMPATH/CodeIgniter.php(934): App\Controllers\LoginController->validar()
 6 SYSTEMPATH/CodeIgniter.php(499): CodeIgniter\CodeIgniter->runController(Object(App\Controllers\LoginController))
 7 SYSTEMPATH/CodeIgniter.php(368): CodeIgniter\CodeIgniter->handleRequest(null, Object(Config\Cache), false)
 8 FCPATH/index.php(67): CodeIgniter\CodeIgniter->run()
ERROR - 2023-03-01 05:33:08 --> mysqli_sql_exception: Unknown column 'tbl_Usuarios.id' in 'where clause' in /opt/lampp/htdocs/coderPrueba/vendor/codeigniter4/framework/system/Database/MySQLi/Connection.php:295
Stack trace:
#0 /opt/lampp/htdocs/coderPrueba/vendor/codeigniter4/framework/system/Database/MySQLi/Connection.php(295): mysqli->query('SELECT *\nFROM `...', 0)
#1 /opt/lampp/htdocs/coderPrueba/vendor/codeigniter4/framework/system/Database/BaseConnection.php(691): CodeIgniter\Database\MySQLi\Connection->execute('SELECT *\nFROM `...')
#2 /opt/lampp/htdocs/coderPrueba/vendor/codeigniter4/framework/system/Database/BaseConnection.php(605): CodeIgniter\Database\BaseConnection->simpleQuery('SELECT *\nFROM `...')
#3 /opt/lampp/htdocs/coderPrueba/vendor/codeigniter4/framework/system/Database/BaseBuilder.php(1602): CodeIgniter\Database\BaseConnection->query('SELECT *\nFROM `...', Array, false)
#4 /opt/lampp/htdocs/coderPrueba/vendor/codeigniter4/framework/system/Model.php(199): CodeIgniter\Database\BaseBuilder->get()
#5 /opt/lampp/htdocs/coderPrueba/vendor/codeigniter4/framework/system/BaseModel.php(557): CodeIgniter\Model->doFind(true, 'SUPERADMIN')
#6 /opt/lampp/htdocs/coderPrueba/app/Controllers/LoginController.php(33): CodeIgniter\BaseModel->find('SUPERADMIN')
#7 /opt/lampp/htdocs/coderPrueba/vendor/codeigniter4/framework/system/CodeIgniter.php(934): App\Controllers\LoginController->validar()
#8 /opt/lampp/htdocs/coderPrueba/vendor/codeigniter4/framework/system/CodeIgniter.php(499): CodeIgniter\CodeIgniter->runController(Object(App\Controllers\LoginController))
#9 /opt/lampp/htdocs/coderPrueba/vendor/codeigniter4/framework/system/CodeIgniter.php(368): CodeIgniter\CodeIgniter->handleRequest(NULL, Object(Config\Cache), false)
#10 /opt/lampp/htdocs/coderPrueba/index.php(67): CodeIgniter\CodeIgniter->run()
#11 {main}
CRITICAL - 2023-03-01 05:33:08 --> Unknown column 'tbl_Usuarios.id' in 'where clause'
in SYSTEMPATH/Database/BaseConnection.php on line 645.
 1 SYSTEMPATH/Database/BaseBuilder.php(1602): CodeIgniter\Database\BaseConnection->query('SELECT *
FROM `tbl_Usuarios`
WHERE `tbl_Usuarios`.`id` = :tbl_Usuarios.id:', [...], false)
 2 SYSTEMPATH/Model.php(199): CodeIgniter\Database\BaseBuilder->get()
 3 SYSTEMPATH/BaseModel.php(557): CodeIgniter\Model->doFind(true, 'SUPERADMIN')
 4 APPPATH/Controllers/LoginController.php(33): CodeIgniter\BaseModel->find('SUPERADMIN')
 5 SYSTEMPATH/CodeIgniter.php(934): App\Controllers\LoginController->validar()
 6 SYSTEMPATH/CodeIgniter.php(499): CodeIgniter\CodeIgniter->runController(Object(App\Controllers\LoginController))
 7 SYSTEMPATH/CodeIgniter.php(368): CodeIgniter\CodeIgniter->handleRequest(null, Object(Config\Cache), false)
 8 FCPATH/index.php(67): CodeIgniter\CodeIgniter->run()
CRITICAL - 2023-03-01 05:36:51 --> CodeIgniter\Database\BaseBuilder::get(): Argument #1 ($limit) must be of type ?int, string given, called in /opt/lampp/htdocs/coderPrueba/vendor/codeigniter4/framework/system/Model.php on line 839
in SYSTEMPATH/Database/BaseBuilder.php on line 1594.
 1 SYSTEMPATH/Model.php(839): CodeIgniter\Database\BaseBuilder->get('SUPERADMIN')
 2 APPPATH/Controllers/LoginController.php(30): CodeIgniter\Model->__call('get', [...])
 3 SYSTEMPATH/CodeIgniter.php(934): App\Controllers\LoginController->validar()
 4 SYSTEMPATH/CodeIgniter.php(499): CodeIgniter\CodeIgniter->runController(Object(App\Controllers\LoginController))
 5 SYSTEMPATH/CodeIgniter.php(368): CodeIgniter\CodeIgniter->handleRequest(null, Object(Config\Cache), false)
 6 FCPATH/index.php(67): CodeIgniter\CodeIgniter->run()
CRITICAL - 2023-03-01 05:39:19 --> CodeIgniter\Database\BaseBuilder::get(): Argument #1 ($limit) must be of type ?int, string given, called in /opt/lampp/htdocs/coderPrueba/vendor/codeigniter4/framework/system/Model.php on line 839
in SYSTEMPATH/Database/BaseBuilder.php on line 1594.
 1 SYSTEMPATH/Model.php(839): CodeIgniter\Database\BaseBuilder->get('tbl_Usuarios')
 2 APPPATH/Controllers/LoginController.php(32): CodeIgniter\Model->__call('get', [...])
 3 SYSTEMPATH/CodeIgniter.php(934): App\Controllers\LoginController->validar()
 4 SYSTEMPATH/CodeIgniter.php(499): CodeIgniter\CodeIgniter->runController(Object(App\Controllers\LoginController))
 5 SYSTEMPATH/CodeIgniter.php(368): CodeIgniter\CodeIgniter->handleRequest(null, Object(Config\Cache), false)
 6 FCPATH/index.php(67): CodeIgniter\CodeIgniter->run()
