CRITICAL - 2023-03-08 04:10:56 --> Call to undefined method CodeIgniter\Database\MySQLi\Result::row_array()
in APPPATH/Controllers/LoginController.php on line 50.
 1 SYSTEMPATH/CodeIgniter.php(934): App\Controllers\LoginController->validar()
 2 SYSTEMPATH/CodeIgniter.php(499): CodeIgniter\CodeIgniter->runController(Object(App\Controllers\LoginController))
 3 SYSTEMPATH/CodeIgniter.php(368): CodeIgniter\CodeIgniter->handleRequest(null, Object(Config\Cache), false)
 4 FCPATH/index.php(67): CodeIgniter\CodeIgniter->run()
CRITICAL - 2023-03-08 04:16:47 --> Cannot use object of type CodeIgniter\Database\MySQLi\Result as array
in APPPATH/Controllers/LoginController.php on line 51.
 1 SYSTEMPATH/CodeIgniter.php(934): App\Controllers\LoginController->validar()
 2 SYSTEMPATH/CodeIgniter.php(499): CodeIgniter\CodeIgniter->runController(Object(App\Controllers\LoginController))
 3 SYSTEMPATH/CodeIgniter.php(368): CodeIgniter\CodeIgniter->handleRequest(null, Object(Config\Cache), false)
 4 FCPATH/index.php(67): CodeIgniter\CodeIgniter->run()
CRITICAL - 2023-03-08 04:25:57 --> Call to undefined method CodeIgniter\Database\MySQLi\Result::row()
in APPPATH/Controllers/LoginController.php on line 50.
 1 SYSTEMPATH/CodeIgniter.php(934): App\Controllers\LoginController->validar()
 2 SYSTEMPATH/CodeIgniter.php(499): CodeIgniter\CodeIgniter->runController(Object(App\Controllers\LoginController))
 3 SYSTEMPATH/CodeIgniter.php(368): CodeIgniter\CodeIgniter->handleRequest(null, Object(Config\Cache), false)
 4 FCPATH/index.php(67): CodeIgniter\CodeIgniter->run()
CRITICAL - 2023-03-08 04:29:17 --> Call to undefined method CodeIgniter\Database\MySQLi\Result::array()
in APPPATH/Controllers/LoginController.php on line 49.
 1 SYSTEMPATH/CodeIgniter.php(934): App\Controllers\LoginController->validar()
 2 SYSTEMPATH/CodeIgniter.php(499): CodeIgniter\CodeIgniter->runController(Object(App\Controllers\LoginController))
 3 SYSTEMPATH/CodeIgniter.php(368): CodeIgniter\CodeIgniter->handleRequest(null, Object(Config\Cache), false)
 4 FCPATH/index.php(67): CodeIgniter\CodeIgniter->run()
CRITICAL - 2023-03-08 04:37:09 --> Cannot use object of type stdClass as array
in APPPATH/Controllers/LoginController.php on line 52.
 1 SYSTEMPATH/CodeIgniter.php(934): App\Controllers\LoginController->validar()
 2 SYSTEMPATH/CodeIgniter.php(499): CodeIgniter\CodeIgniter->runController(Object(App\Controllers\LoginController))
 3 SYSTEMPATH/CodeIgniter.php(368): CodeIgniter\CodeIgniter->handleRequest(null, Object(Config\Cache), false)
 4 FCPATH/index.php(67): CodeIgniter\CodeIgniter->run()
CRITICAL - 2023-03-08 04:38:46 --> Object of class stdClass could not be converted to string
in APPPATH/Controllers/LoginController.php on line 52.
 1 SYSTEMPATH/CodeIgniter.php(934): App\Controllers\LoginController->validar()
 2 SYSTEMPATH/CodeIgniter.php(499): CodeIgniter\CodeIgniter->runController(Object(App\Controllers\LoginController))
 3 SYSTEMPATH/CodeIgniter.php(368): CodeIgniter\CodeIgniter->handleRequest(null, Object(Config\Cache), false)
 4 FCPATH/index.php(67): CodeIgniter\CodeIgniter->run()
CRITICAL - 2023-03-08 04:40:15 --> Cannot use object of type stdClass as array
in APPPATH/Controllers/LoginController.php on line 52.
 1 SYSTEMPATH/CodeIgniter.php(934): App\Controllers\LoginController->validar()
 2 SYSTEMPATH/CodeIgniter.php(499): CodeIgniter\CodeIgniter->runController(Object(App\Controllers\LoginController))
 3 SYSTEMPATH/CodeIgniter.php(368): CodeIgniter\CodeIgniter->handleRequest(null, Object(Config\Cache), false)
 4 FCPATH/index.php(67): CodeIgniter\CodeIgniter->run()
CRITICAL - 2023-03-08 04:50:14 --> Cannot use object of type stdClass as array
in APPPATH/Controllers/LoginController.php on line 51.
 1 SYSTEMPATH/CodeIgniter.php(934): App\Controllers\LoginController->validar()
 2 SYSTEMPATH/CodeIgniter.php(499): CodeIgniter\CodeIgniter->runController(Object(App\Controllers\LoginController))
 3 SYSTEMPATH/CodeIgniter.php(368): CodeIgniter\CodeIgniter->handleRequest(null, Object(Config\Cache), false)
 4 FCPATH/index.php(67): CodeIgniter\CodeIgniter->run()
CRITICAL - 2023-03-08 04:51:06 --> Cannot use object of type stdClass as array
in APPPATH/Controllers/LoginController.php on line 54.
 1 SYSTEMPATH/CodeIgniter.php(934): App\Controllers\LoginController->validar()
 2 SYSTEMPATH/CodeIgniter.php(499): CodeIgniter\CodeIgniter->runController(Object(App\Controllers\LoginController))
 3 SYSTEMPATH/CodeIgniter.php(368): CodeIgniter\CodeIgniter->handleRequest(null, Object(Config\Cache), false)
 4 FCPATH/index.php(67): CodeIgniter\CodeIgniter->run()
CRITICAL - 2023-03-08 04:54:02 --> Cannot use object of type stdClass as array
in APPPATH/Controllers/LoginController.php on line 54.
 1 SYSTEMPATH/CodeIgniter.php(934): App\Controllers\LoginController->validar()
 2 SYSTEMPATH/CodeIgniter.php(499): CodeIgniter\CodeIgniter->runController(Object(App\Controllers\LoginController))
 3 SYSTEMPATH/CodeIgniter.php(368): CodeIgniter\CodeIgniter->handleRequest(null, Object(Config\Cache), false)
 4 FCPATH/index.php(67): CodeIgniter\CodeIgniter->run()
CRITICAL - 2023-03-08 04:54:43 --> Cannot use object of type stdClass as array
in APPPATH/Controllers/LoginController.php on line 54.
 1 SYSTEMPATH/CodeIgniter.php(934): App\Controllers\LoginController->validar()
 2 SYSTEMPATH/CodeIgniter.php(499): CodeIgniter\CodeIgniter->runController(Object(App\Controllers\LoginController))
 3 SYSTEMPATH/CodeIgniter.php(368): CodeIgniter\CodeIgniter->handleRequest(null, Object(Config\Cache), false)
 4 FCPATH/index.php(67): CodeIgniter\CodeIgniter->run()
CRITICAL - 2023-03-08 04:57:07 --> Cannot use object of type stdClass as array
in APPPATH/Controllers/LoginController.php on line 52.
 1 SYSTEMPATH/CodeIgniter.php(934): App\Controllers\LoginController->validar()
 2 SYSTEMPATH/CodeIgniter.php(499): CodeIgniter\CodeIgniter->runController(Object(App\Controllers\LoginController))
 3 SYSTEMPATH/CodeIgniter.php(368): CodeIgniter\CodeIgniter->handleRequest(null, Object(Config\Cache), false)
 4 FCPATH/index.php(67): CodeIgniter\CodeIgniter->run()
CRITICAL - 2023-03-08 04:57:17 --> Cannot use object of type stdClass as array
in APPPATH/Controllers/LoginController.php on line 52.
 1 SYSTEMPATH/CodeIgniter.php(934): App\Controllers\LoginController->validar()
 2 SYSTEMPATH/CodeIgniter.php(499): CodeIgniter\CodeIgniter->runController(Object(App\Controllers\LoginController))
 3 SYSTEMPATH/CodeIgniter.php(368): CodeIgniter\CodeIgniter->handleRequest(null, Object(Config\Cache), false)
 4 FCPATH/index.php(67): CodeIgniter\CodeIgniter->run()
CRITICAL - 2023-03-08 05:12:10 --> Trying to access array offset on value of type null
in APPPATH/Controllers/LoginController.php on line 53.
 1 APPPATH/Controllers/LoginController.php(53): CodeIgniter\Debug\Exceptions->errorHandler(2, 'Trying to access array offset on value of type null', 'APPPATH/Controllers/LoginController.php', 53)
 2 SYSTEMPATH/CodeIgniter.php(934): App\Controllers\LoginController->validar()
 3 SYSTEMPATH/CodeIgniter.php(499): CodeIgniter\CodeIgniter->runController(Object(App\Controllers\LoginController))
 4 SYSTEMPATH/CodeIgniter.php(368): CodeIgniter\CodeIgniter->handleRequest(null, Object(Config\Cache), false)
 5 FCPATH/index.php(67): CodeIgniter\CodeIgniter->run()
CRITICAL - 2023-03-08 05:59:04 --> Trying to access array offset on value of type null
in APPPATH/Models/LoginModel.php on line 41.
 1 APPPATH/Models/LoginModel.php(41): CodeIgniter\Debug\Exceptions->errorHandler(2, 'Trying to access array offset on value of type null', 'APPPATH/Models/LoginModel.php', 41)
 2 APPPATH/Controllers/LoginController.php(44): App\Models\LoginModel->validarLogin('STRIKERAKSLJAS', '123456')
 3 SYSTEMPATH/CodeIgniter.php(934): App\Controllers\LoginController->validar()
 4 SYSTEMPATH/CodeIgniter.php(499): CodeIgniter\CodeIgniter->runController(Object(App\Controllers\LoginController))
 5 SYSTEMPATH/CodeIgniter.php(368): CodeIgniter\CodeIgniter->handleRequest(null, Object(Config\Cache), false)
 6 FCPATH/index.php(67): CodeIgniter\CodeIgniter->run()
CRITICAL - 2023-03-08 05:59:05 --> Trying to access array offset on value of type null
in APPPATH/Models/LoginModel.php on line 41.
 1 APPPATH/Models/LoginModel.php(41): CodeIgniter\Debug\Exceptions->errorHandler(2, 'Trying to access array offset on value of type null', 'APPPATH/Models/LoginModel.php', 41)
 2 APPPATH/Controllers/LoginController.php(44): App\Models\LoginModel->validarLogin('STRIKERAKSLJAS', '123456')
 3 SYSTEMPATH/CodeIgniter.php(934): App\Controllers\LoginController->validar()
 4 SYSTEMPATH/CodeIgniter.php(499): CodeIgniter\CodeIgniter->runController(Object(App\Controllers\LoginController))
 5 SYSTEMPATH/CodeIgniter.php(368): CodeIgniter\CodeIgniter->handleRequest(null, Object(Config\Cache), false)
 6 FCPATH/index.php(67): CodeIgniter\CodeIgniter->run()
CRITICAL - 2023-03-08 05:59:07 --> Trying to access array offset on value of type null
in APPPATH/Models/LoginModel.php on line 41.
 1 APPPATH/Models/LoginModel.php(41): CodeIgniter\Debug\Exceptions->errorHandler(2, 'Trying to access array offset on value of type null', 'APPPATH/Models/LoginModel.php', 41)
 2 APPPATH/Controllers/LoginController.php(44): App\Models\LoginModel->validarLogin('STRIKERAKSLJAS', '123456')
 3 SYSTEMPATH/CodeIgniter.php(934): App\Controllers\LoginController->validar()
 4 SYSTEMPATH/CodeIgniter.php(499): CodeIgniter\CodeIgniter->runController(Object(App\Controllers\LoginController))
 5 SYSTEMPATH/CodeIgniter.php(368): CodeIgniter\CodeIgniter->handleRequest(null, Object(Config\Cache), false)
 6 FCPATH/index.php(67): CodeIgniter\CodeIgniter->run()
CRITICAL - 2023-03-08 21:41:54 --> CodeIgniter\Database\BaseResult::getResult(): Argument #1 ($type) must be of type string, null given, called in /opt/lampp/htdocs/smiling/vendor/codeigniter4/framework/system/Model.php on line 241
in SYSTEMPATH/Database/BaseResult.php on line 103.
 1 SYSTEMPATH/Model.php(241): CodeIgniter\Database\BaseResult->getResult(null)
 2 SYSTEMPATH/BaseModel.php(618): CodeIgniter\Model->doFindAll(0, 0)
 3 APPPATH/Controllers/LoginController.php(31): CodeIgniter\BaseModel->findAll()
 4 SYSTEMPATH/CodeIgniter.php(934): App\Controllers\LoginController->home()
 5 SYSTEMPATH/CodeIgniter.php(499): CodeIgniter\CodeIgniter->runController(Object(App\Controllers\LoginController))
 6 SYSTEMPATH/CodeIgniter.php(368): CodeIgniter\CodeIgniter->handleRequest(null, Object(Config\Cache), false)
 7 FCPATH/index.php(67): CodeIgniter\CodeIgniter->run()
CRITICAL - 2023-03-08 21:42:56 --> CodeIgniter\Database\BaseResult::getResult(): Argument #1 ($type) must be of type string, null given, called in /opt/lampp/htdocs/smiling/vendor/codeigniter4/framework/system/Model.php on line 241
in SYSTEMPATH/Database/BaseResult.php on line 103.
 1 SYSTEMPATH/Model.php(241): CodeIgniter\Database\BaseResult->getResult(null)
 2 SYSTEMPATH/BaseModel.php(618): CodeIgniter\Model->doFindAll(0, 0)
 3 APPPATH/Controllers/LoginController.php(31): CodeIgniter\BaseModel->findAll()
 4 SYSTEMPATH/CodeIgniter.php(934): App\Controllers\LoginController->home()
 5 SYSTEMPATH/CodeIgniter.php(499): CodeIgniter\CodeIgniter->runController(Object(App\Controllers\LoginController))
 6 SYSTEMPATH/CodeIgniter.php(368): CodeIgniter\CodeIgniter->handleRequest(null, Object(Config\Cache), false)
 7 FCPATH/index.php(67): CodeIgniter\CodeIgniter->run()
CRITICAL - 2023-03-08 21:43:12 --> CodeIgniter\Database\BaseResult::getResult(): Argument #1 ($type) must be of type string, null given, called in /opt/lampp/htdocs/smiling/vendor/codeigniter4/framework/system/Model.php on line 241
in SYSTEMPATH/Database/BaseResult.php on line 103.
 1 SYSTEMPATH/Model.php(241): CodeIgniter\Database\BaseResult->getResult(null)
 2 SYSTEMPATH/BaseModel.php(618): CodeIgniter\Model->doFindAll(0, 0)
 3 APPPATH/Controllers/LoginController.php(31): CodeIgniter\BaseModel->findAll()
 4 SYSTEMPATH/CodeIgniter.php(934): App\Controllers\LoginController->home()
 5 SYSTEMPATH/CodeIgniter.php(499): CodeIgniter\CodeIgniter->runController(Object(App\Controllers\LoginController))
 6 SYSTEMPATH/CodeIgniter.php(368): CodeIgniter\CodeIgniter->handleRequest(null, Object(Config\Cache), false)
 7 FCPATH/index.php(67): CodeIgniter\CodeIgniter->run()
CRITICAL - 2023-03-08 21:44:08 --> CodeIgniter\Database\BaseResult::getResult(): Argument #1 ($type) must be of type string, null given, called in /opt/lampp/htdocs/smiling/vendor/codeigniter4/framework/system/Model.php on line 241
in SYSTEMPATH/Database/BaseResult.php on line 103.
 1 SYSTEMPATH/Model.php(241): CodeIgniter\Database\BaseResult->getResult(null)
 2 SYSTEMPATH/BaseModel.php(618): CodeIgniter\Model->doFindAll(0, 0)
 3 APPPATH/Controllers/LoginController.php(31): CodeIgniter\BaseModel->findAll()
 4 SYSTEMPATH/CodeIgniter.php(934): App\Controllers\LoginController->home()
 5 SYSTEMPATH/CodeIgniter.php(499): CodeIgniter\CodeIgniter->runController(Object(App\Controllers\LoginController))
 6 SYSTEMPATH/CodeIgniter.php(368): CodeIgniter\CodeIgniter->handleRequest(null, Object(Config\Cache), false)
 7 FCPATH/index.php(67): CodeIgniter\CodeIgniter->run()
CRITICAL - 2023-03-08 21:45:42 --> CodeIgniter\Database\BaseResult::getResult(): Argument #1 ($type) must be of type string, null given, called in /opt/lampp/htdocs/smiling/vendor/codeigniter4/framework/system/Model.php on line 241
in SYSTEMPATH/Database/BaseResult.php on line 103.
 1 SYSTEMPATH/Model.php(241): CodeIgniter\Database\BaseResult->getResult(null)
 2 SYSTEMPATH/BaseModel.php(618): CodeIgniter\Model->doFindAll(0, 0)
 3 APPPATH/Controllers/LoginController.php(31): CodeIgniter\BaseModel->findAll()
 4 SYSTEMPATH/CodeIgniter.php(934): App\Controllers\LoginController->home()
 5 SYSTEMPATH/CodeIgniter.php(499): CodeIgniter\CodeIgniter->runController(Object(App\Controllers\LoginController))
 6 SYSTEMPATH/CodeIgniter.php(368): CodeIgniter\CodeIgniter->handleRequest(null, Object(Config\Cache), false)
 7 FCPATH/index.php(67): CodeIgniter\CodeIgniter->run()
CRITICAL - 2023-03-08 21:45:50 --> CodeIgniter\Database\BaseResult::getResult(): Argument #1 ($type) must be of type string, null given, called in /opt/lampp/htdocs/smiling/vendor/codeigniter4/framework/system/Model.php on line 241
in SYSTEMPATH/Database/BaseResult.php on line 103.
 1 SYSTEMPATH/Model.php(241): CodeIgniter\Database\BaseResult->getResult(null)
 2 SYSTEMPATH/BaseModel.php(618): CodeIgniter\Model->doFindAll(0, 0)
 3 APPPATH/Controllers/LoginController.php(31): CodeIgniter\BaseModel->findAll()
 4 SYSTEMPATH/CodeIgniter.php(934): App\Controllers\LoginController->home()
 5 SYSTEMPATH/CodeIgniter.php(499): CodeIgniter\CodeIgniter->runController(Object(App\Controllers\LoginController))
 6 SYSTEMPATH/CodeIgniter.php(368): CodeIgniter\CodeIgniter->handleRequest(null, Object(Config\Cache), false)
 7 FCPATH/index.php(67): CodeIgniter\CodeIgniter->run()
CRITICAL - 2023-03-08 21:48:42 --> Call to undefined method CodeIgniter\Database\MySQLi\Builder::findAll()
in APPPATH/Models/LoginModel.php on line 58.
 1 APPPATH/Controllers/LoginController.php(31): App\Models\LoginModel->viewUser()
 2 SYSTEMPATH/CodeIgniter.php(934): App\Controllers\LoginController->home()
 3 SYSTEMPATH/CodeIgniter.php(499): CodeIgniter\CodeIgniter->runController(Object(App\Controllers\LoginController))
 4 SYSTEMPATH/CodeIgniter.php(368): CodeIgniter\CodeIgniter->handleRequest(null, Object(Config\Cache), false)
 5 FCPATH/index.php(67): CodeIgniter\CodeIgniter->run()
CRITICAL - 2023-03-08 21:49:23 --> Call to undefined method CodeIgniter\Database\MySQLi\Builder::findAll()
in APPPATH/Models/LoginModel.php on line 58.
 1 APPPATH/Controllers/LoginController.php(31): App\Models\LoginModel->viewUser()
 2 SYSTEMPATH/CodeIgniter.php(934): App\Controllers\LoginController->home()
 3 SYSTEMPATH/CodeIgniter.php(499): CodeIgniter\CodeIgniter->runController(Object(App\Controllers\LoginController))
 4 SYSTEMPATH/CodeIgniter.php(368): CodeIgniter\CodeIgniter->handleRequest(null, Object(Config\Cache), false)
 5 FCPATH/index.php(67): CodeIgniter\CodeIgniter->run()
CRITICAL - 2023-03-08 21:50:56 --> Call to undefined method CodeIgniter\Database\MySQLi\Builder::findAll()
in APPPATH/Models/LoginModel.php on line 58.
 1 APPPATH/Controllers/LoginController.php(31): App\Models\LoginModel->viewUser()
 2 SYSTEMPATH/CodeIgniter.php(934): App\Controllers\LoginController->home()
 3 SYSTEMPATH/CodeIgniter.php(499): CodeIgniter\CodeIgniter->runController(Object(App\Controllers\LoginController))
 4 SYSTEMPATH/CodeIgniter.php(368): CodeIgniter\CodeIgniter->handleRequest(null, Object(Config\Cache), false)
 5 FCPATH/index.php(67): CodeIgniter\CodeIgniter->run()
