CRITICAL - 2023-05-10 05:00:23 --> include(C:\xampp\htdocs\smiling\vendor\codeigniter4\framework\system\Debug/Toolbar/Views/toolbarloader.js): Failed to open stream: No such file or directory
in SYSTEMPATH\Debug\Toolbar.php on line 452.
 1 SYSTEMPATH\Debug\Toolbar.php(452): CodeIgniter\Debug\Exceptions->errorHandler(2, 'include(C:\\xampp\\htdocs\\smiling\\vendor\\codeigniter4\\framework\\system\\Debug/Toolbar/Views/toolbarloader.js): Failed to open stream: No such file or directory', 'SYSTEMPATH\\Debug\\Toolbar.php', 452)
 2 SYSTEMPATH\Debug\Toolbar.php(452): include()
 3 APPPATH\Config\Events.php(46): CodeIgniter\Debug\Toolbar->respond()
 4 SYSTEMPATH\Events\Events.php(149): CodeIgniter\Events\Events::Config\{closure}()
 5 SYSTEMPATH\CodeIgniter.php(350): CodeIgniter\Events\Events::trigger('pre_system')
 6 FCPATH\index.php(67): CodeIgniter\CodeIgniter->run()
ERROR - 2023-05-10 05:05:30 --> mysqli_sql_exception: CONSTRAINT `bi_bitacoras.detalle` failed for `smiling`.`bi_bitacoras` in C:\xampp\htdocs\smiling\vendor\codeigniter4\framework\system\Database\MySQLi\Connection.php:295
Stack trace:
#0 C:\xampp\htdocs\smiling\vendor\codeigniter4\framework\system\Database\MySQLi\Connection.php(295): mysqli->query('INSERT INTO `bi...', 0)
#1 C:\xampp\htdocs\smiling\vendor\codeigniter4\framework\system\Database\BaseConnection.php(691): CodeIgniter\Database\MySQLi\Connection->execute('INSERT INTO `bi...')
#2 C:\xampp\htdocs\smiling\vendor\codeigniter4\framework\system\Database\BaseConnection.php(605): CodeIgniter\Database\BaseConnection->simpleQuery('INSERT INTO `bi...')
#3 C:\xampp\htdocs\smiling\vendor\codeigniter4\framework\system\Database\BaseBuilder.php(2295): CodeIgniter\Database\BaseConnection->query('INSERT INTO `bi...', Array, false)
#4 C:\xampp\htdocs\smiling\app\Models\SistemaModel.php(16): CodeIgniter\Database\BaseBuilder->insert(Array)
#5 C:\xampp\htdocs\smiling\app\Controllers\LoginController.php(121): App\Models\SistemaModel->guardarBitacora(Array)
#6 C:\xampp\htdocs\smiling\vendor\codeigniter4\framework\system\CodeIgniter.php(934): App\Controllers\LoginController->validar()
#7 C:\xampp\htdocs\smiling\vendor\codeigniter4\framework\system\CodeIgniter.php(499): CodeIgniter\CodeIgniter->runController(Object(App\Controllers\LoginController))
#8 C:\xampp\htdocs\smiling\vendor\codeigniter4\framework\system\CodeIgniter.php(368): CodeIgniter\CodeIgniter->handleRequest(NULL, Object(Config\Cache), false)
#9 C:\xampp\htdocs\smiling\index.php(67): CodeIgniter\CodeIgniter->run()
#10 {main}
CRITICAL - 2023-05-10 05:05:30 --> CONSTRAINT `bi_bitacoras.detalle` failed for `smiling`.`bi_bitacoras`
in SYSTEMPATH\Database\BaseConnection.php on line 645.
 1 SYSTEMPATH\Database\BaseBuilder.php(2295): CodeIgniter\Database\BaseConnection->query('INSERT INTO `bi_bitacoras` (`idMovimiento`, `fechaHora`, `idTabla`, `tablaRelacionada`, `usuario`, `detalle`) VALUES (:idMovimiento:, :fechaHora:, :idTabla:, :tablaRelacionada:, :usuario:, :detalle:)', [...], false)
 2 APPPATH\Models\SistemaModel.php(16): CodeIgniter\Database\BaseBuilder->insert([...])
 3 APPPATH\Controllers\LoginController.php(121): App\Models\SistemaModel->guardarBitacora([...])
 4 SYSTEMPATH\CodeIgniter.php(934): App\Controllers\LoginController->validar()
 5 SYSTEMPATH\CodeIgniter.php(499): CodeIgniter\CodeIgniter->runController(Object(App\Controllers\LoginController))
 6 SYSTEMPATH\CodeIgniter.php(368): CodeIgniter\CodeIgniter->handleRequest(null, Object(Config\Cache), false)
 7 FCPATH\index.php(67): CodeIgniter\CodeIgniter->run()
CRITICAL - 2023-05-10 05:17:30 --> include(C:\xampp\htdocs\smiling\vendor\codeigniter4\framework\system\Debug/Toolbar/Views/toolbarloader.js): Failed to open stream: No such file or directory
in SYSTEMPATH\Debug\Toolbar.php on line 452.
 1 SYSTEMPATH\Debug\Toolbar.php(452): CodeIgniter\Debug\Exceptions->errorHandler(2, 'include(C:\\xampp\\htdocs\\smiling\\vendor\\codeigniter4\\framework\\system\\Debug/Toolbar/Views/toolbarloader.js): Failed to open stream: No such file or directory', 'SYSTEMPATH\\Debug\\Toolbar.php', 452)
 2 SYSTEMPATH\Debug\Toolbar.php(452): include()
 3 APPPATH\Config\Events.php(46): CodeIgniter\Debug\Toolbar->respond()
 4 SYSTEMPATH\Events\Events.php(149): CodeIgniter\Events\Events::Config\{closure}()
 5 SYSTEMPATH\CodeIgniter.php(350): CodeIgniter\Events\Events::trigger('pre_system')
 6 FCPATH\index.php(67): CodeIgniter\CodeIgniter->run()
ERROR - 2023-05-10 05:17:45 --> mysqli_sql_exception: CONSTRAINT `bi_bitacoras.detalle` failed for `smiling`.`bi_bitacoras` in C:\xampp\htdocs\smiling\vendor\codeigniter4\framework\system\Database\MySQLi\Connection.php:295
Stack trace:
#0 C:\xampp\htdocs\smiling\vendor\codeigniter4\framework\system\Database\MySQLi\Connection.php(295): mysqli->query('INSERT INTO `bi...', 0)
#1 C:\xampp\htdocs\smiling\vendor\codeigniter4\framework\system\Database\BaseConnection.php(691): CodeIgniter\Database\MySQLi\Connection->execute('INSERT INTO `bi...')
#2 C:\xampp\htdocs\smiling\vendor\codeigniter4\framework\system\Database\BaseConnection.php(605): CodeIgniter\Database\BaseConnection->simpleQuery('INSERT INTO `bi...')
#3 C:\xampp\htdocs\smiling\vendor\codeigniter4\framework\system\Database\BaseBuilder.php(2295): CodeIgniter\Database\BaseConnection->query('INSERT INTO `bi...', Array, false)
#4 C:\xampp\htdocs\smiling\app\Models\SistemaModel.php(16): CodeIgniter\Database\BaseBuilder->insert(Array)
#5 C:\xampp\htdocs\smiling\app\Controllers\LoginController.php(121): App\Models\SistemaModel->guardarBitacora(Array)
#6 C:\xampp\htdocs\smiling\vendor\codeigniter4\framework\system\CodeIgniter.php(934): App\Controllers\LoginController->validar()
#7 C:\xampp\htdocs\smiling\vendor\codeigniter4\framework\system\CodeIgniter.php(499): CodeIgniter\CodeIgniter->runController(Object(App\Controllers\LoginController))
#8 C:\xampp\htdocs\smiling\vendor\codeigniter4\framework\system\CodeIgniter.php(368): CodeIgniter\CodeIgniter->handleRequest(NULL, Object(Config\Cache), false)
#9 C:\xampp\htdocs\smiling\index.php(67): CodeIgniter\CodeIgniter->run()
#10 {main}
CRITICAL - 2023-05-10 05:17:45 --> CONSTRAINT `bi_bitacoras.detalle` failed for `smiling`.`bi_bitacoras`
in SYSTEMPATH\Database\BaseConnection.php on line 645.
 1 SYSTEMPATH\Database\BaseBuilder.php(2295): CodeIgniter\Database\BaseConnection->query('INSERT INTO `bi_bitacoras` (`idMovimiento`, `fechaHora`, `idTabla`, `tablaRelacionada`, `usuario`, `detalle`) VALUES (:idMovimiento:, :fechaHora:, :idTabla:, :tablaRelacionada:, :usuario:, :detalle:)', [...], false)
 2 APPPATH\Models\SistemaModel.php(16): CodeIgniter\Database\BaseBuilder->insert([...])
 3 APPPATH\Controllers\LoginController.php(121): App\Models\SistemaModel->guardarBitacora([...])
 4 SYSTEMPATH\CodeIgniter.php(934): App\Controllers\LoginController->validar()
 5 SYSTEMPATH\CodeIgniter.php(499): CodeIgniter\CodeIgniter->runController(Object(App\Controllers\LoginController))
 6 SYSTEMPATH\CodeIgniter.php(368): CodeIgniter\CodeIgniter->handleRequest(null, Object(Config\Cache), false)
 7 FCPATH\index.php(67): CodeIgniter\CodeIgniter->run()
CRITICAL - 2023-05-10 05:20:59 --> include(C:\xampp\htdocs\smiling\vendor\codeigniter4\framework\system\Debug/Toolbar/Views/toolbarloader.js): Failed to open stream: No such file or directory
in SYSTEMPATH\Debug\Toolbar.php on line 452.
 1 SYSTEMPATH\Debug\Toolbar.php(452): CodeIgniter\Debug\Exceptions->errorHandler(2, 'include(C:\\xampp\\htdocs\\smiling\\vendor\\codeigniter4\\framework\\system\\Debug/Toolbar/Views/toolbarloader.js): Failed to open stream: No such file or directory', 'SYSTEMPATH\\Debug\\Toolbar.php', 452)
 2 SYSTEMPATH\Debug\Toolbar.php(452): include()
 3 APPPATH\Config\Events.php(46): CodeIgniter\Debug\Toolbar->respond()
 4 SYSTEMPATH\Events\Events.php(149): CodeIgniter\Events\Events::Config\{closure}()
 5 SYSTEMPATH\CodeIgniter.php(350): CodeIgniter\Events\Events::trigger('pre_system')
 6 FCPATH\index.php(67): CodeIgniter\CodeIgniter->run()
ERROR - 2023-05-10 05:21:08 --> mysqli_sql_exception: CONSTRAINT `bi_bitacoras.detalle` failed for `smiling`.`bi_bitacoras` in C:\xampp\htdocs\smiling\vendor\codeigniter4\framework\system\Database\MySQLi\Connection.php:295
Stack trace:
#0 C:\xampp\htdocs\smiling\vendor\codeigniter4\framework\system\Database\MySQLi\Connection.php(295): mysqli->query('INSERT INTO `bi...', 0)
#1 C:\xampp\htdocs\smiling\vendor\codeigniter4\framework\system\Database\BaseConnection.php(691): CodeIgniter\Database\MySQLi\Connection->execute('INSERT INTO `bi...')
#2 C:\xampp\htdocs\smiling\vendor\codeigniter4\framework\system\Database\BaseConnection.php(605): CodeIgniter\Database\BaseConnection->simpleQuery('INSERT INTO `bi...')
#3 C:\xampp\htdocs\smiling\vendor\codeigniter4\framework\system\Database\BaseBuilder.php(2295): CodeIgniter\Database\BaseConnection->query('INSERT INTO `bi...', Array, false)
#4 C:\xampp\htdocs\smiling\app\Models\SistemaModel.php(16): CodeIgniter\Database\BaseBuilder->insert(Array)
#5 C:\xampp\htdocs\smiling\app\Controllers\LoginController.php(121): App\Models\SistemaModel->guardarBitacora(Array)
#6 C:\xampp\htdocs\smiling\vendor\codeigniter4\framework\system\CodeIgniter.php(934): App\Controllers\LoginController->validar()
#7 C:\xampp\htdocs\smiling\vendor\codeigniter4\framework\system\CodeIgniter.php(499): CodeIgniter\CodeIgniter->runController(Object(App\Controllers\LoginController))
#8 C:\xampp\htdocs\smiling\vendor\codeigniter4\framework\system\CodeIgniter.php(368): CodeIgniter\CodeIgniter->handleRequest(NULL, Object(Config\Cache), false)
#9 C:\xampp\htdocs\smiling\index.php(67): CodeIgniter\CodeIgniter->run()
#10 {main}
CRITICAL - 2023-05-10 05:21:08 --> CONSTRAINT `bi_bitacoras.detalle` failed for `smiling`.`bi_bitacoras`
in SYSTEMPATH\Database\BaseConnection.php on line 645.
 1 SYSTEMPATH\Database\BaseBuilder.php(2295): CodeIgniter\Database\BaseConnection->query('INSERT INTO `bi_bitacoras` (`idMovimiento`, `fechaHora`, `idTabla`, `tablaRelacionada`, `usuario`, `detalle`) VALUES (:idMovimiento:, :fechaHora:, :idTabla:, :tablaRelacionada:, :usuario:, :detalle:)', [...], false)
 2 APPPATH\Models\SistemaModel.php(16): CodeIgniter\Database\BaseBuilder->insert([...])
 3 APPPATH\Controllers\LoginController.php(121): App\Models\SistemaModel->guardarBitacora([...])
 4 SYSTEMPATH\CodeIgniter.php(934): App\Controllers\LoginController->validar()
 5 SYSTEMPATH\CodeIgniter.php(499): CodeIgniter\CodeIgniter->runController(Object(App\Controllers\LoginController))
 6 SYSTEMPATH\CodeIgniter.php(368): CodeIgniter\CodeIgniter->handleRequest(null, Object(Config\Cache), false)
 7 FCPATH\index.php(67): CodeIgniter\CodeIgniter->run()
CRITICAL - 2023-05-10 05:28:18 --> include(C:\xampp\htdocs\smiling\vendor\codeigniter4\framework\system\Debug/Toolbar/Views/toolbarloader.js): Failed to open stream: No such file or directory
in SYSTEMPATH\Debug\Toolbar.php on line 452.
 1 SYSTEMPATH\Debug\Toolbar.php(452): CodeIgniter\Debug\Exceptions->errorHandler(2, 'include(C:\\xampp\\htdocs\\smiling\\vendor\\codeigniter4\\framework\\system\\Debug/Toolbar/Views/toolbarloader.js): Failed to open stream: No such file or directory', 'SYSTEMPATH\\Debug\\Toolbar.php', 452)
 2 SYSTEMPATH\Debug\Toolbar.php(452): include()
 3 APPPATH\Config\Events.php(46): CodeIgniter\Debug\Toolbar->respond()
 4 SYSTEMPATH\Events\Events.php(149): CodeIgniter\Events\Events::Config\{closure}()
 5 SYSTEMPATH\CodeIgniter.php(350): CodeIgniter\Events\Events::trigger('pre_system')
 6 FCPATH\index.php(67): CodeIgniter\CodeIgniter->run()
INFO - 2023-05-10 05:28:26 --> Session: Class initialized using 'CodeIgniter\Session\Handlers\FileHandler' driver.
INFO - 2023-05-10 05:28:26 --> Session: Class initialized using 'CodeIgniter\Session\Handlers\FileHandler' driver.
CRITICAL - 2023-05-10 05:28:27 --> include(C:\xampp\htdocs\smiling\vendor\codeigniter4\framework\system\Debug/Toolbar/Views/toolbarloader.js): Failed to open stream: No such file or directory
in SYSTEMPATH\Debug\Toolbar.php on line 452.
 1 SYSTEMPATH\Debug\Toolbar.php(452): CodeIgniter\Debug\Exceptions->errorHandler(2, 'include(C:\\xampp\\htdocs\\smiling\\vendor\\codeigniter4\\framework\\system\\Debug/Toolbar/Views/toolbarloader.js): Failed to open stream: No such file or directory', 'SYSTEMPATH\\Debug\\Toolbar.php', 452)
 2 SYSTEMPATH\Debug\Toolbar.php(452): include()
 3 APPPATH\Config\Events.php(46): CodeIgniter\Debug\Toolbar->respond()
 4 SYSTEMPATH\Events\Events.php(149): CodeIgniter\Events\Events::Config\{closure}()
 5 SYSTEMPATH\CodeIgniter.php(350): CodeIgniter\Events\Events::trigger('pre_system')
 6 FCPATH\index.php(67): CodeIgniter\CodeIgniter->run()
INFO - 2023-05-10 05:28:48 --> Session: Class initialized using 'CodeIgniter\Session\Handlers\FileHandler' driver.
CRITICAL - 2023-05-10 05:28:48 --> include(C:\xampp\htdocs\smiling\vendor\codeigniter4\framework\system\Debug/Toolbar/Views/toolbarloader.js): Failed to open stream: No such file or directory
in SYSTEMPATH\Debug\Toolbar.php on line 452.
 1 SYSTEMPATH\Debug\Toolbar.php(452): CodeIgniter\Debug\Exceptions->errorHandler(2, 'include(C:\\xampp\\htdocs\\smiling\\vendor\\codeigniter4\\framework\\system\\Debug/Toolbar/Views/toolbarloader.js): Failed to open stream: No such file or directory', 'SYSTEMPATH\\Debug\\Toolbar.php', 452)
 2 SYSTEMPATH\Debug\Toolbar.php(452): include()
 3 APPPATH\Config\Events.php(46): CodeIgniter\Debug\Toolbar->respond()
 4 SYSTEMPATH\Events\Events.php(149): CodeIgniter\Events\Events::Config\{closure}()
 5 SYSTEMPATH\CodeIgniter.php(350): CodeIgniter\Events\Events::trigger('pre_system')
 6 FCPATH\index.php(67): CodeIgniter\CodeIgniter->run()
INFO - 2023-05-10 05:28:56 --> Session: Class initialized using 'CodeIgniter\Session\Handlers\FileHandler' driver.
CRITICAL - 2023-05-10 05:28:56 --> include(C:\xampp\htdocs\smiling\vendor\codeigniter4\framework\system\Debug/Toolbar/Views/toolbarloader.js): Failed to open stream: No such file or directory
in SYSTEMPATH\Debug\Toolbar.php on line 452.
 1 SYSTEMPATH\Debug\Toolbar.php(452): CodeIgniter\Debug\Exceptions->errorHandler(2, 'include(C:\\xampp\\htdocs\\smiling\\vendor\\codeigniter4\\framework\\system\\Debug/Toolbar/Views/toolbarloader.js): Failed to open stream: No such file or directory', 'SYSTEMPATH\\Debug\\Toolbar.php', 452)
 2 SYSTEMPATH\Debug\Toolbar.php(452): include()
 3 APPPATH\Config\Events.php(46): CodeIgniter\Debug\Toolbar->respond()
 4 SYSTEMPATH\Events\Events.php(149): CodeIgniter\Events\Events::Config\{closure}()
 5 SYSTEMPATH\CodeIgniter.php(350): CodeIgniter\Events\Events::trigger('pre_system')
 6 FCPATH\index.php(67): CodeIgniter\CodeIgniter->run()
INFO - 2023-05-10 05:28:57 --> Session: Class initialized using 'CodeIgniter\Session\Handlers\FileHandler' driver.
INFO - 2023-05-10 05:29:01 --> Session: Class initialized using 'CodeIgniter\Session\Handlers\FileHandler' driver.
CRITICAL - 2023-05-10 05:29:02 --> include(C:\xampp\htdocs\smiling\vendor\codeigniter4\framework\system\Debug/Toolbar/Views/toolbarloader.js): Failed to open stream: No such file or directory
in SYSTEMPATH\Debug\Toolbar.php on line 452.
 1 SYSTEMPATH\Debug\Toolbar.php(452): CodeIgniter\Debug\Exceptions->errorHandler(2, 'include(C:\\xampp\\htdocs\\smiling\\vendor\\codeigniter4\\framework\\system\\Debug/Toolbar/Views/toolbarloader.js): Failed to open stream: No such file or directory', 'SYSTEMPATH\\Debug\\Toolbar.php', 452)
 2 SYSTEMPATH\Debug\Toolbar.php(452): include()
 3 APPPATH\Config\Events.php(46): CodeIgniter\Debug\Toolbar->respond()
 4 SYSTEMPATH\Events\Events.php(149): CodeIgniter\Events\Events::Config\{closure}()
 5 SYSTEMPATH\CodeIgniter.php(350): CodeIgniter\Events\Events::trigger('pre_system')
 6 FCPATH\index.php(67): CodeIgniter\CodeIgniter->run()
INFO - 2023-05-10 05:29:02 --> Session: Class initialized using 'CodeIgniter\Session\Handlers\FileHandler' driver.
INFO - 2023-05-10 05:29:07 --> Session: Class initialized using 'CodeIgniter\Session\Handlers\FileHandler' driver.
CRITICAL - 2023-05-10 05:29:07 --> include(C:\xampp\htdocs\smiling\vendor\codeigniter4\framework\system\Debug/Toolbar/Views/toolbarloader.js): Failed to open stream: No such file or directory
in SYSTEMPATH\Debug\Toolbar.php on line 452.
 1 SYSTEMPATH\Debug\Toolbar.php(452): CodeIgniter\Debug\Exceptions->errorHandler(2, 'include(C:\\xampp\\htdocs\\smiling\\vendor\\codeigniter4\\framework\\system\\Debug/Toolbar/Views/toolbarloader.js): Failed to open stream: No such file or directory', 'SYSTEMPATH\\Debug\\Toolbar.php', 452)
 2 SYSTEMPATH\Debug\Toolbar.php(452): include()
 3 APPPATH\Config\Events.php(46): CodeIgniter\Debug\Toolbar->respond()
 4 SYSTEMPATH\Events\Events.php(149): CodeIgniter\Events\Events::Config\{closure}()
 5 SYSTEMPATH\CodeIgniter.php(350): CodeIgniter\Events\Events::trigger('pre_system')
 6 FCPATH\index.php(67): CodeIgniter\CodeIgniter->run()
INFO - 2023-05-10 05:29:07 --> Session: Class initialized using 'CodeIgniter\Session\Handlers\FileHandler' driver.
INFO - 2023-05-10 05:29:18 --> Session: Class initialized using 'CodeIgniter\Session\Handlers\FileHandler' driver.
CRITICAL - 2023-05-10 05:29:18 --> include(C:\xampp\htdocs\smiling\vendor\codeigniter4\framework\system\Debug/Toolbar/Views/toolbarloader.js): Failed to open stream: No such file or directory
in SYSTEMPATH\Debug\Toolbar.php on line 452.
 1 SYSTEMPATH\Debug\Toolbar.php(452): CodeIgniter\Debug\Exceptions->errorHandler(2, 'include(C:\\xampp\\htdocs\\smiling\\vendor\\codeigniter4\\framework\\system\\Debug/Toolbar/Views/toolbarloader.js): Failed to open stream: No such file or directory', 'SYSTEMPATH\\Debug\\Toolbar.php', 452)
 2 SYSTEMPATH\Debug\Toolbar.php(452): include()
 3 APPPATH\Config\Events.php(46): CodeIgniter\Debug\Toolbar->respond()
 4 SYSTEMPATH\Events\Events.php(149): CodeIgniter\Events\Events::Config\{closure}()
 5 SYSTEMPATH\CodeIgniter.php(350): CodeIgniter\Events\Events::trigger('pre_system')
 6 FCPATH\index.php(67): CodeIgniter\CodeIgniter->run()
INFO - 2023-05-10 05:29:19 --> Session: Class initialized using 'CodeIgniter\Session\Handlers\FileHandler' driver.
INFO - 2023-05-10 05:30:50 --> Session: Class initialized using 'CodeIgniter\Session\Handlers\FileHandler' driver.
CRITICAL - 2023-05-10 05:30:50 --> include(C:\xampp\htdocs\smiling\vendor\codeigniter4\framework\system\Debug/Toolbar/Views/toolbarloader.js): Failed to open stream: No such file or directory
in SYSTEMPATH\Debug\Toolbar.php on line 452.
 1 SYSTEMPATH\Debug\Toolbar.php(452): CodeIgniter\Debug\Exceptions->errorHandler(2, 'include(C:\\xampp\\htdocs\\smiling\\vendor\\codeigniter4\\framework\\system\\Debug/Toolbar/Views/toolbarloader.js): Failed to open stream: No such file or directory', 'SYSTEMPATH\\Debug\\Toolbar.php', 452)
 2 SYSTEMPATH\Debug\Toolbar.php(452): include()
 3 APPPATH\Config\Events.php(46): CodeIgniter\Debug\Toolbar->respond()
 4 SYSTEMPATH\Events\Events.php(149): CodeIgniter\Events\Events::Config\{closure}()
 5 SYSTEMPATH\CodeIgniter.php(350): CodeIgniter\Events\Events::trigger('pre_system')
 6 FCPATH\index.php(67): CodeIgniter\CodeIgniter->run()
INFO - 2023-05-10 05:30:51 --> Session: Class initialized using 'CodeIgniter\Session\Handlers\FileHandler' driver.
INFO - 2023-05-10 05:30:58 --> Session: Class initialized using 'CodeIgniter\Session\Handlers\FileHandler' driver.
CRITICAL - 2023-05-10 05:30:59 --> include(C:\xampp\htdocs\smiling\vendor\codeigniter4\framework\system\Debug/Toolbar/Views/toolbarloader.js): Failed to open stream: No such file or directory
in SYSTEMPATH\Debug\Toolbar.php on line 452.
 1 SYSTEMPATH\Debug\Toolbar.php(452): CodeIgniter\Debug\Exceptions->errorHandler(2, 'include(C:\\xampp\\htdocs\\smiling\\vendor\\codeigniter4\\framework\\system\\Debug/Toolbar/Views/toolbarloader.js): Failed to open stream: No such file or directory', 'SYSTEMPATH\\Debug\\Toolbar.php', 452)
 2 SYSTEMPATH\Debug\Toolbar.php(452): include()
 3 APPPATH\Config\Events.php(46): CodeIgniter\Debug\Toolbar->respond()
 4 SYSTEMPATH\Events\Events.php(149): CodeIgniter\Events\Events::Config\{closure}()
 5 SYSTEMPATH\CodeIgniter.php(350): CodeIgniter\Events\Events::trigger('pre_system')
 6 FCPATH\index.php(67): CodeIgniter\CodeIgniter->run()
INFO - 2023-05-10 05:30:59 --> Session: Class initialized using 'CodeIgniter\Session\Handlers\FileHandler' driver.
INFO - 2023-05-10 05:31:15 --> Session: Class initialized using 'CodeIgniter\Session\Handlers\FileHandler' driver.
INFO - 2023-05-10 05:32:03 --> Session: Class initialized using 'CodeIgniter\Session\Handlers\FileHandler' driver.
CRITICAL - 2023-05-10 05:32:03 --> include(C:\xampp\htdocs\smiling\vendor\codeigniter4\framework\system\Debug/Toolbar/Views/toolbarloader.js): Failed to open stream: No such file or directory
in SYSTEMPATH\Debug\Toolbar.php on line 452.
 1 SYSTEMPATH\Debug\Toolbar.php(452): CodeIgniter\Debug\Exceptions->errorHandler(2, 'include(C:\\xampp\\htdocs\\smiling\\vendor\\codeigniter4\\framework\\system\\Debug/Toolbar/Views/toolbarloader.js): Failed to open stream: No such file or directory', 'SYSTEMPATH\\Debug\\Toolbar.php', 452)
 2 SYSTEMPATH\Debug\Toolbar.php(452): include()
 3 APPPATH\Config\Events.php(46): CodeIgniter\Debug\Toolbar->respond()
 4 SYSTEMPATH\Events\Events.php(149): CodeIgniter\Events\Events::Config\{closure}()
 5 SYSTEMPATH\CodeIgniter.php(350): CodeIgniter\Events\Events::trigger('pre_system')
 6 FCPATH\index.php(67): CodeIgniter\CodeIgniter->run()
INFO - 2023-05-10 05:32:04 --> Session: Class initialized using 'CodeIgniter\Session\Handlers\FileHandler' driver.
INFO - 2023-05-10 05:32:12 --> Session: Class initialized using 'CodeIgniter\Session\Handlers\FileHandler' driver.
CRITICAL - 2023-05-10 05:32:12 --> include(C:\xampp\htdocs\smiling\vendor\codeigniter4\framework\system\Debug/Toolbar/Views/toolbarloader.js): Failed to open stream: No such file or directory
in SYSTEMPATH\Debug\Toolbar.php on line 452.
 1 SYSTEMPATH\Debug\Toolbar.php(452): CodeIgniter\Debug\Exceptions->errorHandler(2, 'include(C:\\xampp\\htdocs\\smiling\\vendor\\codeigniter4\\framework\\system\\Debug/Toolbar/Views/toolbarloader.js): Failed to open stream: No such file or directory', 'SYSTEMPATH\\Debug\\Toolbar.php', 452)
 2 SYSTEMPATH\Debug\Toolbar.php(452): include()
 3 APPPATH\Config\Events.php(46): CodeIgniter\Debug\Toolbar->respond()
 4 SYSTEMPATH\Events\Events.php(149): CodeIgniter\Events\Events::Config\{closure}()
 5 SYSTEMPATH\CodeIgniter.php(350): CodeIgniter\Events\Events::trigger('pre_system')
 6 FCPATH\index.php(67): CodeIgniter\CodeIgniter->run()
INFO - 2023-05-10 05:32:13 --> Session: Class initialized using 'CodeIgniter\Session\Handlers\FileHandler' driver.
INFO - 2023-05-10 05:32:26 --> Session: Class initialized using 'CodeIgniter\Session\Handlers\FileHandler' driver.
CRITICAL - 2023-05-10 05:32:26 --> include(C:\xampp\htdocs\smiling\vendor\codeigniter4\framework\system\Debug/Toolbar/Views/toolbarloader.js): Failed to open stream: No such file or directory
in SYSTEMPATH\Debug\Toolbar.php on line 452.
 1 SYSTEMPATH\Debug\Toolbar.php(452): CodeIgniter\Debug\Exceptions->errorHandler(2, 'include(C:\\xampp\\htdocs\\smiling\\vendor\\codeigniter4\\framework\\system\\Debug/Toolbar/Views/toolbarloader.js): Failed to open stream: No such file or directory', 'SYSTEMPATH\\Debug\\Toolbar.php', 452)
 2 SYSTEMPATH\Debug\Toolbar.php(452): include()
 3 APPPATH\Config\Events.php(46): CodeIgniter\Debug\Toolbar->respond()
 4 SYSTEMPATH\Events\Events.php(149): CodeIgniter\Events\Events::Config\{closure}()
 5 SYSTEMPATH\CodeIgniter.php(350): CodeIgniter\Events\Events::trigger('pre_system')
 6 FCPATH\index.php(67): CodeIgniter\CodeIgniter->run()
INFO - 2023-05-10 05:32:27 --> Session: Class initialized using 'CodeIgniter\Session\Handlers\FileHandler' driver.
INFO - 2023-05-10 05:32:33 --> Session: Class initialized using 'CodeIgniter\Session\Handlers\FileHandler' driver.
CRITICAL - 2023-05-10 05:32:33 --> include(C:\xampp\htdocs\smiling\vendor\codeigniter4\framework\system\Debug/Toolbar/Views/toolbarloader.js): Failed to open stream: No such file or directory
in SYSTEMPATH\Debug\Toolbar.php on line 452.
 1 SYSTEMPATH\Debug\Toolbar.php(452): CodeIgniter\Debug\Exceptions->errorHandler(2, 'include(C:\\xampp\\htdocs\\smiling\\vendor\\codeigniter4\\framework\\system\\Debug/Toolbar/Views/toolbarloader.js): Failed to open stream: No such file or directory', 'SYSTEMPATH\\Debug\\Toolbar.php', 452)
 2 SYSTEMPATH\Debug\Toolbar.php(452): include()
 3 APPPATH\Config\Events.php(46): CodeIgniter\Debug\Toolbar->respond()
 4 SYSTEMPATH\Events\Events.php(149): CodeIgniter\Events\Events::Config\{closure}()
 5 SYSTEMPATH\CodeIgniter.php(350): CodeIgniter\Events\Events::trigger('pre_system')
 6 FCPATH\index.php(67): CodeIgniter\CodeIgniter->run()
INFO - 2023-05-10 05:32:34 --> Session: Class initialized using 'CodeIgniter\Session\Handlers\FileHandler' driver.
INFO - 2023-05-10 05:32:44 --> Session: Class initialized using 'CodeIgniter\Session\Handlers\FileHandler' driver.
INFO - 2023-05-10 05:32:44 --> Session: Class initialized using 'CodeIgniter\Session\Handlers\FileHandler' driver.
INFO - 2023-05-10 05:38:15 --> Session: Class initialized using 'CodeIgniter\Session\Handlers\FileHandler' driver.
INFO - 2023-05-10 05:38:15 --> Session: Class initialized using 'CodeIgniter\Session\Handlers\FileHandler' driver.
INFO - 2023-05-10 05:45:06 --> Session: Class initialized using 'CodeIgniter\Session\Handlers\FileHandler' driver.
CRITICAL - 2023-05-10 05:45:07 --> include(C:\xampp\htdocs\smiling\vendor\codeigniter4\framework\system\Debug/Toolbar/Views/toolbarloader.js): Failed to open stream: No such file or directory
in SYSTEMPATH\Debug\Toolbar.php on line 452.
 1 SYSTEMPATH\Debug\Toolbar.php(452): CodeIgniter\Debug\Exceptions->errorHandler(2, 'include(C:\\xampp\\htdocs\\smiling\\vendor\\codeigniter4\\framework\\system\\Debug/Toolbar/Views/toolbarloader.js): Failed to open stream: No such file or directory', 'SYSTEMPATH\\Debug\\Toolbar.php', 452)
 2 SYSTEMPATH\Debug\Toolbar.php(452): include()
 3 APPPATH\Config\Events.php(46): CodeIgniter\Debug\Toolbar->respond()
 4 SYSTEMPATH\Events\Events.php(149): CodeIgniter\Events\Events::Config\{closure}()
 5 SYSTEMPATH\CodeIgniter.php(350): CodeIgniter\Events\Events::trigger('pre_system')
 6 FCPATH\index.php(67): CodeIgniter\CodeIgniter->run()
INFO - 2023-05-10 05:45:07 --> Session: Class initialized using 'CodeIgniter\Session\Handlers\FileHandler' driver.
INFO - 2023-05-10 05:45:11 --> Session: Class initialized using 'CodeIgniter\Session\Handlers\FileHandler' driver.
CRITICAL - 2023-05-10 05:45:11 --> include(C:\xampp\htdocs\smiling\vendor\codeigniter4\framework\system\Debug/Toolbar/Views/toolbarloader.js): Failed to open stream: No such file or directory
in SYSTEMPATH\Debug\Toolbar.php on line 452.
 1 SYSTEMPATH\Debug\Toolbar.php(452): CodeIgniter\Debug\Exceptions->errorHandler(2, 'include(C:\\xampp\\htdocs\\smiling\\vendor\\codeigniter4\\framework\\system\\Debug/Toolbar/Views/toolbarloader.js): Failed to open stream: No such file or directory', 'SYSTEMPATH\\Debug\\Toolbar.php', 452)
 2 SYSTEMPATH\Debug\Toolbar.php(452): include()
 3 APPPATH\Config\Events.php(46): CodeIgniter\Debug\Toolbar->respond()
 4 SYSTEMPATH\Events\Events.php(149): CodeIgniter\Events\Events::Config\{closure}()
 5 SYSTEMPATH\CodeIgniter.php(350): CodeIgniter\Events\Events::trigger('pre_system')
 6 FCPATH\index.php(67): CodeIgniter\CodeIgniter->run()
INFO - 2023-05-10 05:45:12 --> Session: Class initialized using 'CodeIgniter\Session\Handlers\FileHandler' driver.
INFO - 2023-05-10 05:45:13 --> Session: Class initialized using 'CodeIgniter\Session\Handlers\FileHandler' driver.
INFO - 2023-05-10 05:45:13 --> Session: Class initialized using 'CodeIgniter\Session\Handlers\FileHandler' driver.
INFO - 2023-05-10 05:46:25 --> Session: Class initialized using 'CodeIgniter\Session\Handlers\FileHandler' driver.
CRITICAL - 2023-05-10 05:46:25 --> include(C:\xampp\htdocs\smiling\vendor\codeigniter4\framework\system\Debug/Toolbar/Views/toolbarloader.js): Failed to open stream: No such file or directory
in SYSTEMPATH\Debug\Toolbar.php on line 452.
 1 SYSTEMPATH\Debug\Toolbar.php(452): CodeIgniter\Debug\Exceptions->errorHandler(2, 'include(C:\\xampp\\htdocs\\smiling\\vendor\\codeigniter4\\framework\\system\\Debug/Toolbar/Views/toolbarloader.js): Failed to open stream: No such file or directory', 'SYSTEMPATH\\Debug\\Toolbar.php', 452)
 2 SYSTEMPATH\Debug\Toolbar.php(452): include()
 3 APPPATH\Config\Events.php(46): CodeIgniter\Debug\Toolbar->respond()
 4 SYSTEMPATH\Events\Events.php(149): CodeIgniter\Events\Events::Config\{closure}()
 5 SYSTEMPATH\CodeIgniter.php(350): CodeIgniter\Events\Events::trigger('pre_system')
 6 FCPATH\index.php(67): CodeIgniter\CodeIgniter->run()
INFO - 2023-05-10 05:46:26 --> Session: Class initialized using 'CodeIgniter\Session\Handlers\FileHandler' driver.
INFO - 2023-05-10 05:46:27 --> Session: Class initialized using 'CodeIgniter\Session\Handlers\FileHandler' driver.
CRITICAL - 2023-05-10 05:46:28 --> include(C:\xampp\htdocs\smiling\vendor\codeigniter4\framework\system\Debug/Toolbar/Views/toolbarloader.js): Failed to open stream: No such file or directory
in SYSTEMPATH\Debug\Toolbar.php on line 452.
 1 SYSTEMPATH\Debug\Toolbar.php(452): CodeIgniter\Debug\Exceptions->errorHandler(2, 'include(C:\\xampp\\htdocs\\smiling\\vendor\\codeigniter4\\framework\\system\\Debug/Toolbar/Views/toolbarloader.js): Failed to open stream: No such file or directory', 'SYSTEMPATH\\Debug\\Toolbar.php', 452)
 2 SYSTEMPATH\Debug\Toolbar.php(452): include()
 3 APPPATH\Config\Events.php(46): CodeIgniter\Debug\Toolbar->respond()
 4 SYSTEMPATH\Events\Events.php(149): CodeIgniter\Events\Events::Config\{closure}()
 5 SYSTEMPATH\CodeIgniter.php(350): CodeIgniter\Events\Events::trigger('pre_system')
 6 FCPATH\index.php(67): CodeIgniter\CodeIgniter->run()
INFO - 2023-05-10 05:46:28 --> Session: Class initialized using 'CodeIgniter\Session\Handlers\FileHandler' driver.
INFO - 2023-05-10 05:46:29 --> Session: Class initialized using 'CodeIgniter\Session\Handlers\FileHandler' driver.
INFO - 2023-05-10 05:46:29 --> Session: Class initialized using 'CodeIgniter\Session\Handlers\FileHandler' driver.
INFO - 2023-05-10 05:46:42 --> Session: Class initialized using 'CodeIgniter\Session\Handlers\FileHandler' driver.
INFO - 2023-05-10 05:46:43 --> Session: Class initialized using 'CodeIgniter\Session\Handlers\FileHandler' driver.
INFO - 2023-05-10 05:46:59 --> Session: Class initialized using 'CodeIgniter\Session\Handlers\FileHandler' driver.
INFO - 2023-05-10 05:47:01 --> Session: Class initialized using 'CodeIgniter\Session\Handlers\FileHandler' driver.
INFO - 2023-05-10 05:48:05 --> Session: Class initialized using 'CodeIgniter\Session\Handlers\FileHandler' driver.
INFO - 2023-05-10 05:48:10 --> Session: Class initialized using 'CodeIgniter\Session\Handlers\FileHandler' driver.
INFO - 2023-05-10 05:48:10 --> Session: Class initialized using 'CodeIgniter\Session\Handlers\FileHandler' driver.
INFO - 2023-05-10 05:48:13 --> Session: Class initialized using 'CodeIgniter\Session\Handlers\FileHandler' driver.
INFO - 2023-05-10 05:48:14 --> Session: Class initialized using 'CodeIgniter\Session\Handlers\FileHandler' driver.
INFO - 2023-05-10 05:48:21 --> Session: Class initialized using 'CodeIgniter\Session\Handlers\FileHandler' driver.
INFO - 2023-05-10 05:48:21 --> Session: Class initialized using 'CodeIgniter\Session\Handlers\FileHandler' driver.
INFO - 2023-05-10 05:48:25 --> Session: Class initialized using 'CodeIgniter\Session\Handlers\FileHandler' driver.
CRITICAL - 2023-05-10 05:48:25 --> include(C:\xampp\htdocs\smiling\vendor\codeigniter4\framework\system\Debug/Toolbar/Views/toolbarloader.js): Failed to open stream: No such file or directory
in SYSTEMPATH\Debug\Toolbar.php on line 452.
 1 SYSTEMPATH\Debug\Toolbar.php(452): CodeIgniter\Debug\Exceptions->errorHandler(2, 'include(C:\\xampp\\htdocs\\smiling\\vendor\\codeigniter4\\framework\\system\\Debug/Toolbar/Views/toolbarloader.js): Failed to open stream: No such file or directory', 'SYSTEMPATH\\Debug\\Toolbar.php', 452)
 2 SYSTEMPATH\Debug\Toolbar.php(452): include()
 3 APPPATH\Config\Events.php(46): CodeIgniter\Debug\Toolbar->respond()
 4 SYSTEMPATH\Events\Events.php(149): CodeIgniter\Events\Events::Config\{closure}()
 5 SYSTEMPATH\CodeIgniter.php(350): CodeIgniter\Events\Events::trigger('pre_system')
 6 FCPATH\index.php(67): CodeIgniter\CodeIgniter->run()
INFO - 2023-05-10 05:48:26 --> Session: Class initialized using 'CodeIgniter\Session\Handlers\FileHandler' driver.
INFO - 2023-05-10 05:48:38 --> Session: Class initialized using 'CodeIgniter\Session\Handlers\FileHandler' driver.
CRITICAL - 2023-05-10 05:48:38 --> include(C:\xampp\htdocs\smiling\vendor\codeigniter4\framework\system\Debug/Toolbar/Views/toolbarloader.js): Failed to open stream: No such file or directory
in SYSTEMPATH\Debug\Toolbar.php on line 452.
 1 SYSTEMPATH\Debug\Toolbar.php(452): CodeIgniter\Debug\Exceptions->errorHandler(2, 'include(C:\\xampp\\htdocs\\smiling\\vendor\\codeigniter4\\framework\\system\\Debug/Toolbar/Views/toolbarloader.js): Failed to open stream: No such file or directory', 'SYSTEMPATH\\Debug\\Toolbar.php', 452)
 2 SYSTEMPATH\Debug\Toolbar.php(452): include()
 3 APPPATH\Config\Events.php(46): CodeIgniter\Debug\Toolbar->respond()
 4 SYSTEMPATH\Events\Events.php(149): CodeIgniter\Events\Events::Config\{closure}()
 5 SYSTEMPATH\CodeIgniter.php(350): CodeIgniter\Events\Events::trigger('pre_system')
 6 FCPATH\index.php(67): CodeIgniter\CodeIgniter->run()
INFO - 2023-05-10 05:48:39 --> Session: Class initialized using 'CodeIgniter\Session\Handlers\FileHandler' driver.
INFO - 2023-05-10 05:48:52 --> Session: Class initialized using 'CodeIgniter\Session\Handlers\FileHandler' driver.
CRITICAL - 2023-05-10 05:48:52 --> include(C:\xampp\htdocs\smiling\vendor\codeigniter4\framework\system\Debug/Toolbar/Views/toolbarloader.js): Failed to open stream: No such file or directory
in SYSTEMPATH\Debug\Toolbar.php on line 452.
 1 SYSTEMPATH\Debug\Toolbar.php(452): CodeIgniter\Debug\Exceptions->errorHandler(2, 'include(C:\\xampp\\htdocs\\smiling\\vendor\\codeigniter4\\framework\\system\\Debug/Toolbar/Views/toolbarloader.js): Failed to open stream: No such file or directory', 'SYSTEMPATH\\Debug\\Toolbar.php', 452)
 2 SYSTEMPATH\Debug\Toolbar.php(452): include()
 3 APPPATH\Config\Events.php(46): CodeIgniter\Debug\Toolbar->respond()
 4 SYSTEMPATH\Events\Events.php(149): CodeIgniter\Events\Events::Config\{closure}()
 5 SYSTEMPATH\CodeIgniter.php(350): CodeIgniter\Events\Events::trigger('pre_system')
 6 FCPATH\index.php(67): CodeIgniter\CodeIgniter->run()
INFO - 2023-05-10 05:48:53 --> Session: Class initialized using 'CodeIgniter\Session\Handlers\FileHandler' driver.
INFO - 2023-05-10 05:51:00 --> Session: Class initialized using 'CodeIgniter\Session\Handlers\FileHandler' driver.
CRITICAL - 2023-05-10 05:51:01 --> include(C:\xampp\htdocs\smiling\vendor\codeigniter4\framework\system\Debug/Toolbar/Views/toolbarloader.js): Failed to open stream: No such file or directory
in SYSTEMPATH\Debug\Toolbar.php on line 452.
 1 SYSTEMPATH\Debug\Toolbar.php(452): CodeIgniter\Debug\Exceptions->errorHandler(2, 'include(C:\\xampp\\htdocs\\smiling\\vendor\\codeigniter4\\framework\\system\\Debug/Toolbar/Views/toolbarloader.js): Failed to open stream: No such file or directory', 'SYSTEMPATH\\Debug\\Toolbar.php', 452)
 2 SYSTEMPATH\Debug\Toolbar.php(452): include()
 3 APPPATH\Config\Events.php(46): CodeIgniter\Debug\Toolbar->respond()
 4 SYSTEMPATH\Events\Events.php(149): CodeIgniter\Events\Events::Config\{closure}()
 5 SYSTEMPATH\CodeIgniter.php(350): CodeIgniter\Events\Events::trigger('pre_system')
 6 FCPATH\index.php(67): CodeIgniter\CodeIgniter->run()
INFO - 2023-05-10 05:51:01 --> Session: Class initialized using 'CodeIgniter\Session\Handlers\FileHandler' driver.
INFO - 2023-05-10 05:51:04 --> Session: Class initialized using 'CodeIgniter\Session\Handlers\FileHandler' driver.
CRITICAL - 2023-05-10 05:51:04 --> include(C:\xampp\htdocs\smiling\vendor\codeigniter4\framework\system\Debug/Toolbar/Views/toolbarloader.js): Failed to open stream: No such file or directory
in SYSTEMPATH\Debug\Toolbar.php on line 452.
 1 SYSTEMPATH\Debug\Toolbar.php(452): CodeIgniter\Debug\Exceptions->errorHandler(2, 'include(C:\\xampp\\htdocs\\smiling\\vendor\\codeigniter4\\framework\\system\\Debug/Toolbar/Views/toolbarloader.js): Failed to open stream: No such file or directory', 'SYSTEMPATH\\Debug\\Toolbar.php', 452)
 2 SYSTEMPATH\Debug\Toolbar.php(452): include()
 3 APPPATH\Config\Events.php(46): CodeIgniter\Debug\Toolbar->respond()
 4 SYSTEMPATH\Events\Events.php(149): CodeIgniter\Events\Events::Config\{closure}()
 5 SYSTEMPATH\CodeIgniter.php(350): CodeIgniter\Events\Events::trigger('pre_system')
 6 FCPATH\index.php(67): CodeIgniter\CodeIgniter->run()
INFO - 2023-05-10 05:51:05 --> Session: Class initialized using 'CodeIgniter\Session\Handlers\FileHandler' driver.
INFO - 2023-05-10 05:51:10 --> Session: Class initialized using 'CodeIgniter\Session\Handlers\FileHandler' driver.
CRITICAL - 2023-05-10 05:51:11 --> include(C:\xampp\htdocs\smiling\vendor\codeigniter4\framework\system\Debug/Toolbar/Views/toolbarloader.js): Failed to open stream: No such file or directory
in SYSTEMPATH\Debug\Toolbar.php on line 452.
 1 SYSTEMPATH\Debug\Toolbar.php(452): CodeIgniter\Debug\Exceptions->errorHandler(2, 'include(C:\\xampp\\htdocs\\smiling\\vendor\\codeigniter4\\framework\\system\\Debug/Toolbar/Views/toolbarloader.js): Failed to open stream: No such file or directory', 'SYSTEMPATH\\Debug\\Toolbar.php', 452)
 2 SYSTEMPATH\Debug\Toolbar.php(452): include()
 3 APPPATH\Config\Events.php(46): CodeIgniter\Debug\Toolbar->respond()
 4 SYSTEMPATH\Events\Events.php(149): CodeIgniter\Events\Events::Config\{closure}()
 5 SYSTEMPATH\CodeIgniter.php(350): CodeIgniter\Events\Events::trigger('pre_system')
 6 FCPATH\index.php(67): CodeIgniter\CodeIgniter->run()
INFO - 2023-05-10 05:51:11 --> Session: Class initialized using 'CodeIgniter\Session\Handlers\FileHandler' driver.
INFO - 2023-05-10 05:51:29 --> Session: Class initialized using 'CodeIgniter\Session\Handlers\FileHandler' driver.
INFO - 2023-05-10 05:54:21 --> Session: Class initialized using 'CodeIgniter\Session\Handlers\FileHandler' driver.
INFO - 2023-05-10 05:58:42 --> Session: Class initialized using 'CodeIgniter\Session\Handlers\FileHandler' driver.
INFO - 2023-05-10 20:29:27 --> Session: Class initialized using 'CodeIgniter\Session\Handlers\FileHandler' driver.
INFO - 2023-05-10 20:29:27 --> Session: Class initialized using 'CodeIgniter\Session\Handlers\FileHandler' driver.
CRITICAL - 2023-05-10 20:29:29 --> include(C:\xampp\htdocs\smiling\vendor\codeigniter4\framework\system\Debug/Toolbar/Views/toolbarloader.js): Failed to open stream: No such file or directory
in SYSTEMPATH\Debug\Toolbar.php on line 452.
 1 SYSTEMPATH\Debug\Toolbar.php(452): CodeIgniter\Debug\Exceptions->errorHandler(2, 'include(C:\\xampp\\htdocs\\smiling\\vendor\\codeigniter4\\framework\\system\\Debug/Toolbar/Views/toolbarloader.js): Failed to open stream: No such file or directory', 'SYSTEMPATH\\Debug\\Toolbar.php', 452)
 2 SYSTEMPATH\Debug\Toolbar.php(452): include()
 3 APPPATH\Config\Events.php(46): CodeIgniter\Debug\Toolbar->respond()
 4 SYSTEMPATH\Events\Events.php(149): CodeIgniter\Events\Events::Config\{closure}()
 5 SYSTEMPATH\CodeIgniter.php(350): CodeIgniter\Events\Events::trigger('pre_system')
 6 FCPATH\index.php(67): CodeIgniter\CodeIgniter->run()
INFO - 2023-05-10 20:29:38 --> Session: Class initialized using 'CodeIgniter\Session\Handlers\FileHandler' driver.
INFO - 2023-05-10 20:29:39 --> Session: Class initialized using 'CodeIgniter\Session\Handlers\FileHandler' driver.
CRITICAL - 2023-05-10 20:29:39 --> include(C:\xampp\htdocs\smiling\vendor\codeigniter4\framework\system\Debug/Toolbar/Views/toolbarloader.js): Failed to open stream: No such file or directory
in SYSTEMPATH\Debug\Toolbar.php on line 452.
 1 SYSTEMPATH\Debug\Toolbar.php(452): CodeIgniter\Debug\Exceptions->errorHandler(2, 'include(C:\\xampp\\htdocs\\smiling\\vendor\\codeigniter4\\framework\\system\\Debug/Toolbar/Views/toolbarloader.js): Failed to open stream: No such file or directory', 'SYSTEMPATH\\Debug\\Toolbar.php', 452)
 2 SYSTEMPATH\Debug\Toolbar.php(452): include()
 3 APPPATH\Config\Events.php(46): CodeIgniter\Debug\Toolbar->respond()
 4 SYSTEMPATH\Events\Events.php(149): CodeIgniter\Events\Events::Config\{closure}()
 5 SYSTEMPATH\CodeIgniter.php(350): CodeIgniter\Events\Events::trigger('pre_system')
 6 FCPATH\index.php(67): CodeIgniter\CodeIgniter->run()
INFO - 2023-05-10 20:29:40 --> Session: Class initialized using 'CodeIgniter\Session\Handlers\FileHandler' driver.
INFO - 2023-05-10 20:30:02 --> Session: Class initialized using 'CodeIgniter\Session\Handlers\FileHandler' driver.
CRITICAL - 2023-05-10 20:30:03 --> include(C:\xampp\htdocs\smiling\vendor\codeigniter4\framework\system\Debug/Toolbar/Views/toolbarloader.js): Failed to open stream: No such file or directory
in SYSTEMPATH\Debug\Toolbar.php on line 452.
 1 SYSTEMPATH\Debug\Toolbar.php(452): CodeIgniter\Debug\Exceptions->errorHandler(2, 'include(C:\\xampp\\htdocs\\smiling\\vendor\\codeigniter4\\framework\\system\\Debug/Toolbar/Views/toolbarloader.js): Failed to open stream: No such file or directory', 'SYSTEMPATH\\Debug\\Toolbar.php', 452)
 2 SYSTEMPATH\Debug\Toolbar.php(452): include()
 3 APPPATH\Config\Events.php(46): CodeIgniter\Debug\Toolbar->respond()
 4 SYSTEMPATH\Events\Events.php(149): CodeIgniter\Events\Events::Config\{closure}()
 5 SYSTEMPATH\CodeIgniter.php(350): CodeIgniter\Events\Events::trigger('pre_system')
 6 FCPATH\index.php(67): CodeIgniter\CodeIgniter->run()
INFO - 2023-05-10 20:30:04 --> Session: Class initialized using 'CodeIgniter\Session\Handlers\FileHandler' driver.
INFO - 2023-05-10 20:50:30 --> Session: Class initialized using 'CodeIgniter\Session\Handlers\FileHandler' driver.
INFO - 2023-05-10 20:50:30 --> Session: Class initialized using 'CodeIgniter\Session\Handlers\FileHandler' driver.
INFO - 2023-05-10 20:50:39 --> Session: Class initialized using 'CodeIgniter\Session\Handlers\FileHandler' driver.
INFO - 2023-05-10 20:50:39 --> Session: Class initialized using 'CodeIgniter\Session\Handlers\FileHandler' driver.
INFO - 2023-05-10 20:50:59 --> Session: Class initialized using 'CodeIgniter\Session\Handlers\FileHandler' driver.
INFO - 2023-05-10 20:50:59 --> Session: Class initialized using 'CodeIgniter\Session\Handlers\FileHandler' driver.
INFO - 2023-05-10 20:51:04 --> Session: Class initialized using 'CodeIgniter\Session\Handlers\FileHandler' driver.
INFO - 2023-05-10 20:51:05 --> Session: Class initialized using 'CodeIgniter\Session\Handlers\FileHandler' driver.
INFO - 2023-05-10 21:08:59 --> Session: Class initialized using 'CodeIgniter\Session\Handlers\FileHandler' driver.
CRITICAL - 2023-05-10 21:08:59 --> include(C:\xampp\htdocs\smiling\vendor\codeigniter4\framework\system\Debug/Toolbar/Views/toolbarloader.js): Failed to open stream: No such file or directory
in SYSTEMPATH\Debug\Toolbar.php on line 452.
 1 SYSTEMPATH\Debug\Toolbar.php(452): CodeIgniter\Debug\Exceptions->errorHandler(2, 'include(C:\\xampp\\htdocs\\smiling\\vendor\\codeigniter4\\framework\\system\\Debug/Toolbar/Views/toolbarloader.js): Failed to open stream: No such file or directory', 'SYSTEMPATH\\Debug\\Toolbar.php', 452)
 2 SYSTEMPATH\Debug\Toolbar.php(452): include()
 3 APPPATH\Config\Events.php(46): CodeIgniter\Debug\Toolbar->respond()
 4 SYSTEMPATH\Events\Events.php(149): CodeIgniter\Events\Events::Config\{closure}()
 5 SYSTEMPATH\CodeIgniter.php(350): CodeIgniter\Events\Events::trigger('pre_system')
 6 FCPATH\index.php(67): CodeIgniter\CodeIgniter->run()
INFO - 2023-05-10 21:09:00 --> Session: Class initialized using 'CodeIgniter\Session\Handlers\FileHandler' driver.
INFO - 2023-05-10 21:09:47 --> Session: Class initialized using 'CodeIgniter\Session\Handlers\FileHandler' driver.
CRITICAL - 2023-05-10 21:09:48 --> include(C:\xampp\htdocs\smiling\vendor\codeigniter4\framework\system\Debug/Toolbar/Views/toolbarloader.js): Failed to open stream: No such file or directory
in SYSTEMPATH\Debug\Toolbar.php on line 452.
 1 SYSTEMPATH\Debug\Toolbar.php(452): CodeIgniter\Debug\Exceptions->errorHandler(2, 'include(C:\\xampp\\htdocs\\smiling\\vendor\\codeigniter4\\framework\\system\\Debug/Toolbar/Views/toolbarloader.js): Failed to open stream: No such file or directory', 'SYSTEMPATH\\Debug\\Toolbar.php', 452)
 2 SYSTEMPATH\Debug\Toolbar.php(452): include()
 3 APPPATH\Config\Events.php(46): CodeIgniter\Debug\Toolbar->respond()
 4 SYSTEMPATH\Events\Events.php(149): CodeIgniter\Events\Events::Config\{closure}()
 5 SYSTEMPATH\CodeIgniter.php(350): CodeIgniter\Events\Events::trigger('pre_system')
 6 FCPATH\index.php(67): CodeIgniter\CodeIgniter->run()
INFO - 2023-05-10 21:09:48 --> Session: Class initialized using 'CodeIgniter\Session\Handlers\FileHandler' driver.
INFO - 2023-05-10 21:14:53 --> Session: Class initialized using 'CodeIgniter\Session\Handlers\FileHandler' driver.
CRITICAL - 2023-05-10 21:14:55 --> include(C:\xampp\htdocs\smiling\vendor\codeigniter4\framework\system\Debug/Toolbar/Views/toolbarloader.js): Failed to open stream: No such file or directory
in SYSTEMPATH\Debug\Toolbar.php on line 452.
 1 SYSTEMPATH\Debug\Toolbar.php(452): CodeIgniter\Debug\Exceptions->errorHandler(2, 'include(C:\\xampp\\htdocs\\smiling\\vendor\\codeigniter4\\framework\\system\\Debug/Toolbar/Views/toolbarloader.js): Failed to open stream: No such file or directory', 'SYSTEMPATH\\Debug\\Toolbar.php', 452)
 2 SYSTEMPATH\Debug\Toolbar.php(452): include()
 3 APPPATH\Config\Events.php(46): CodeIgniter\Debug\Toolbar->respond()
 4 SYSTEMPATH\Events\Events.php(149): CodeIgniter\Events\Events::Config\{closure}()
 5 SYSTEMPATH\CodeIgniter.php(350): CodeIgniter\Events\Events::trigger('pre_system')
 6 FCPATH\index.php(67): CodeIgniter\CodeIgniter->run()
INFO - 2023-05-10 21:14:56 --> Session: Class initialized using 'CodeIgniter\Session\Handlers\FileHandler' driver.
INFO - 2023-05-10 21:15:19 --> Session: Class initialized using 'CodeIgniter\Session\Handlers\FileHandler' driver.
INFO - 2023-05-10 21:19:30 --> Session: Class initialized using 'CodeIgniter\Session\Handlers\FileHandler' driver.
CRITICAL - 2023-05-10 21:19:31 --> Invalid file: "modulos/config/franjahorario.php"
in SYSTEMPATH\Exceptions\FrameworkException.php on line 33.
 1 SYSTEMPATH\View\View.php(201): CodeIgniter\Exceptions\FrameworkException::forInvalidFile('modulos/config/franjahorario.php')
 2 SYSTEMPATH\Common.php(1177): CodeIgniter\View\View->render('modulos/config/franjahorario', [], true)
 3 APPPATH\Controllers\Configuracion\ModulosController.php(143): view('modulos/config/franjahorario', [...])
 4 SYSTEMPATH\CodeIgniter.php(934): App\Controllers\Configuracion\ModulosController->franjahorario()
 5 SYSTEMPATH\CodeIgniter.php(499): CodeIgniter\CodeIgniter->runController(Object(App\Controllers\Configuracion\ModulosController))
 6 SYSTEMPATH\CodeIgniter.php(368): CodeIgniter\CodeIgniter->handleRequest(null, Object(Config\Cache), false)
 7 FCPATH\index.php(67): CodeIgniter\CodeIgniter->run()
CRITICAL - 2023-05-10 21:19:31 --> Uncaught ErrorException: file_get_contents(C:\xampp\htdocs\smiling\app\Views\errors\html\debug.js): Failed to open stream: No such file or directory in C:\xampp\htdocs\smiling\app\Views\errors\html\error_exception.php:14
Stack trace:
#0 [internal function]: CodeIgniter\Debug\Exceptions->errorHandler(2, 'file_get_conten...', 'C:\\xampp\\htdocs...', 14)
#1 C:\xampp\htdocs\smiling\app\Views\errors\html\error_exception.php(14): file_get_contents('C:\\xampp\\htdocs...')
#2 C:\xampp\htdocs\smiling\vendor\codeigniter4\framework\system\Debug\Exceptions.php(266): include('C:\\xampp\\htdocs...')
#3 C:\xampp\htdocs\smiling\vendor\codeigniter4\framework\system\Debug\Exceptions.php(269): CodeIgniter\Debug\Exceptions->CodeIgniter\Debug\{closure}()
#4 C:\xampp\htdocs\smiling\vendor\codeigniter4\framework\system\Debug\Exceptions.php(147): CodeIgniter\Debug\Exceptions->render(Object(CodeIgniter\View\Exceptions\ViewException), 500)
#5 [internal function]: CodeIgniter\Debug\Exceptions->exceptionHandler(Object(CodeIgniter\View\Exceptions\ViewException))
#6 {main}
  thrown
in APPPATH\Views\errors\html\error_exception.php on line 14.
 1 [internal function]: CodeIgniter\Debug\Exceptions->shutdownHandler()
INFO - 2023-05-10 21:20:09 --> Session: Class initialized using 'CodeIgniter\Session\Handlers\FileHandler' driver.
CRITICAL - 2023-05-10 21:20:10 --> include(C:\xampp\htdocs\smiling\vendor\codeigniter4\framework\system\Debug/Toolbar/Views/toolbarloader.js): Failed to open stream: No such file or directory
in SYSTEMPATH\Debug\Toolbar.php on line 452.
 1 SYSTEMPATH\Debug\Toolbar.php(452): CodeIgniter\Debug\Exceptions->errorHandler(2, 'include(C:\\xampp\\htdocs\\smiling\\vendor\\codeigniter4\\framework\\system\\Debug/Toolbar/Views/toolbarloader.js): Failed to open stream: No such file or directory', 'SYSTEMPATH\\Debug\\Toolbar.php', 452)
 2 SYSTEMPATH\Debug\Toolbar.php(452): include()
 3 APPPATH\Config\Events.php(46): CodeIgniter\Debug\Toolbar->respond()
 4 SYSTEMPATH\Events\Events.php(149): CodeIgniter\Events\Events::Config\{closure}()
 5 SYSTEMPATH\CodeIgniter.php(350): CodeIgniter\Events\Events::trigger('pre_system')
 6 FCPATH\index.php(67): CodeIgniter\CodeIgniter->run()
INFO - 2023-05-10 21:20:10 --> Session: Class initialized using 'CodeIgniter\Session\Handlers\FileHandler' driver.
INFO - 2023-05-10 21:27:42 --> Session: Class initialized using 'CodeIgniter\Session\Handlers\FileHandler' driver.
CRITICAL - 2023-05-10 21:27:43 --> include(C:\xampp\htdocs\smiling\vendor\codeigniter4\framework\system\Debug/Toolbar/Views/toolbarloader.js): Failed to open stream: No such file or directory
in SYSTEMPATH\Debug\Toolbar.php on line 452.
 1 SYSTEMPATH\Debug\Toolbar.php(452): CodeIgniter\Debug\Exceptions->errorHandler(2, 'include(C:\\xampp\\htdocs\\smiling\\vendor\\codeigniter4\\framework\\system\\Debug/Toolbar/Views/toolbarloader.js): Failed to open stream: No such file or directory', 'SYSTEMPATH\\Debug\\Toolbar.php', 452)
 2 SYSTEMPATH\Debug\Toolbar.php(452): include()
 3 APPPATH\Config\Events.php(46): CodeIgniter\Debug\Toolbar->respond()
 4 SYSTEMPATH\Events\Events.php(149): CodeIgniter\Events\Events::Config\{closure}()
 5 SYSTEMPATH\CodeIgniter.php(350): CodeIgniter\Events\Events::trigger('pre_system')
 6 FCPATH\index.php(67): CodeIgniter\CodeIgniter->run()
INFO - 2023-05-10 21:27:44 --> Session: Class initialized using 'CodeIgniter\Session\Handlers\FileHandler' driver.
INFO - 2023-05-10 21:27:57 --> Session: Class initialized using 'CodeIgniter\Session\Handlers\FileHandler' driver.
CRITICAL - 2023-05-10 21:27:58 --> include(C:\xampp\htdocs\smiling\vendor\codeigniter4\framework\system\Debug/Toolbar/Views/toolbarloader.js): Failed to open stream: No such file or directory
in SYSTEMPATH\Debug\Toolbar.php on line 452.
 1 SYSTEMPATH\Debug\Toolbar.php(452): CodeIgniter\Debug\Exceptions->errorHandler(2, 'include(C:\\xampp\\htdocs\\smiling\\vendor\\codeigniter4\\framework\\system\\Debug/Toolbar/Views/toolbarloader.js): Failed to open stream: No such file or directory', 'SYSTEMPATH\\Debug\\Toolbar.php', 452)
 2 SYSTEMPATH\Debug\Toolbar.php(452): include()
 3 APPPATH\Config\Events.php(46): CodeIgniter\Debug\Toolbar->respond()
 4 SYSTEMPATH\Events\Events.php(149): CodeIgniter\Events\Events::Config\{closure}()
 5 SYSTEMPATH\CodeIgniter.php(350): CodeIgniter\Events\Events::trigger('pre_system')
 6 FCPATH\index.php(67): CodeIgniter\CodeIgniter->run()
INFO - 2023-05-10 21:27:59 --> Session: Class initialized using 'CodeIgniter\Session\Handlers\FileHandler' driver.
INFO - 2023-05-10 21:28:10 --> Session: Class initialized using 'CodeIgniter\Session\Handlers\FileHandler' driver.
CRITICAL - 2023-05-10 21:28:10 --> include(C:\xampp\htdocs\smiling\vendor\codeigniter4\framework\system\Debug/Toolbar/Views/toolbarloader.js): Failed to open stream: No such file or directory
in SYSTEMPATH\Debug\Toolbar.php on line 452.
 1 SYSTEMPATH\Debug\Toolbar.php(452): CodeIgniter\Debug\Exceptions->errorHandler(2, 'include(C:\\xampp\\htdocs\\smiling\\vendor\\codeigniter4\\framework\\system\\Debug/Toolbar/Views/toolbarloader.js): Failed to open stream: No such file or directory', 'SYSTEMPATH\\Debug\\Toolbar.php', 452)
 2 SYSTEMPATH\Debug\Toolbar.php(452): include()
 3 APPPATH\Config\Events.php(46): CodeIgniter\Debug\Toolbar->respond()
 4 SYSTEMPATH\Events\Events.php(149): CodeIgniter\Events\Events::Config\{closure}()
 5 SYSTEMPATH\CodeIgniter.php(350): CodeIgniter\Events\Events::trigger('pre_system')
 6 FCPATH\index.php(67): CodeIgniter\CodeIgniter->run()
INFO - 2023-05-10 21:28:11 --> Session: Class initialized using 'CodeIgniter\Session\Handlers\FileHandler' driver.
INFO - 2023-05-10 21:33:57 --> Session: Class initialized using 'CodeIgniter\Session\Handlers\FileHandler' driver.
CRITICAL - 2023-05-10 21:33:57 --> include(C:\xampp\htdocs\smiling\vendor\codeigniter4\framework\system\Debug/Toolbar/Views/toolbarloader.js): Failed to open stream: No such file or directory
in SYSTEMPATH\Debug\Toolbar.php on line 452.
 1 SYSTEMPATH\Debug\Toolbar.php(452): CodeIgniter\Debug\Exceptions->errorHandler(2, 'include(C:\\xampp\\htdocs\\smiling\\vendor\\codeigniter4\\framework\\system\\Debug/Toolbar/Views/toolbarloader.js): Failed to open stream: No such file or directory', 'SYSTEMPATH\\Debug\\Toolbar.php', 452)
 2 SYSTEMPATH\Debug\Toolbar.php(452): include()
 3 APPPATH\Config\Events.php(46): CodeIgniter\Debug\Toolbar->respond()
 4 SYSTEMPATH\Events\Events.php(149): CodeIgniter\Events\Events::Config\{closure}()
 5 SYSTEMPATH\CodeIgniter.php(350): CodeIgniter\Events\Events::trigger('pre_system')
 6 FCPATH\index.php(67): CodeIgniter\CodeIgniter->run()
INFO - 2023-05-10 21:33:58 --> Session: Class initialized using 'CodeIgniter\Session\Handlers\FileHandler' driver.
INFO - 2023-05-10 21:35:09 --> Session: Class initialized using 'CodeIgniter\Session\Handlers\FileHandler' driver.
CRITICAL - 2023-05-10 21:35:09 --> include(C:\xampp\htdocs\smiling\vendor\codeigniter4\framework\system\Debug/Toolbar/Views/toolbarloader.js): Failed to open stream: No such file or directory
in SYSTEMPATH\Debug\Toolbar.php on line 452.
 1 SYSTEMPATH\Debug\Toolbar.php(452): CodeIgniter\Debug\Exceptions->errorHandler(2, 'include(C:\\xampp\\htdocs\\smiling\\vendor\\codeigniter4\\framework\\system\\Debug/Toolbar/Views/toolbarloader.js): Failed to open stream: No such file or directory', 'SYSTEMPATH\\Debug\\Toolbar.php', 452)
 2 SYSTEMPATH\Debug\Toolbar.php(452): include()
 3 APPPATH\Config\Events.php(46): CodeIgniter\Debug\Toolbar->respond()
 4 SYSTEMPATH\Events\Events.php(149): CodeIgniter\Events\Events::Config\{closure}()
 5 SYSTEMPATH\CodeIgniter.php(350): CodeIgniter\Events\Events::trigger('pre_system')
 6 FCPATH\index.php(67): CodeIgniter\CodeIgniter->run()
INFO - 2023-05-10 21:35:10 --> Session: Class initialized using 'CodeIgniter\Session\Handlers\FileHandler' driver.
INFO - 2023-05-10 21:35:16 --> Session: Class initialized using 'CodeIgniter\Session\Handlers\FileHandler' driver.
CRITICAL - 2023-05-10 21:35:16 --> include(C:\xampp\htdocs\smiling\vendor\codeigniter4\framework\system\Debug/Toolbar/Views/toolbarloader.js): Failed to open stream: No such file or directory
in SYSTEMPATH\Debug\Toolbar.php on line 452.
 1 SYSTEMPATH\Debug\Toolbar.php(452): CodeIgniter\Debug\Exceptions->errorHandler(2, 'include(C:\\xampp\\htdocs\\smiling\\vendor\\codeigniter4\\framework\\system\\Debug/Toolbar/Views/toolbarloader.js): Failed to open stream: No such file or directory', 'SYSTEMPATH\\Debug\\Toolbar.php', 452)
 2 SYSTEMPATH\Debug\Toolbar.php(452): include()
 3 APPPATH\Config\Events.php(46): CodeIgniter\Debug\Toolbar->respond()
 4 SYSTEMPATH\Events\Events.php(149): CodeIgniter\Events\Events::Config\{closure}()
 5 SYSTEMPATH\CodeIgniter.php(350): CodeIgniter\Events\Events::trigger('pre_system')
 6 FCPATH\index.php(67): CodeIgniter\CodeIgniter->run()
INFO - 2023-05-10 21:35:17 --> Session: Class initialized using 'CodeIgniter\Session\Handlers\FileHandler' driver.
INFO - 2023-05-10 21:35:39 --> Session: Class initialized using 'CodeIgniter\Session\Handlers\FileHandler' driver.
CRITICAL - 2023-05-10 21:35:39 --> include(C:\xampp\htdocs\smiling\vendor\codeigniter4\framework\system\Debug/Toolbar/Views/toolbarloader.js): Failed to open stream: No such file or directory
in SYSTEMPATH\Debug\Toolbar.php on line 452.
 1 SYSTEMPATH\Debug\Toolbar.php(452): CodeIgniter\Debug\Exceptions->errorHandler(2, 'include(C:\\xampp\\htdocs\\smiling\\vendor\\codeigniter4\\framework\\system\\Debug/Toolbar/Views/toolbarloader.js): Failed to open stream: No such file or directory', 'SYSTEMPATH\\Debug\\Toolbar.php', 452)
 2 SYSTEMPATH\Debug\Toolbar.php(452): include()
 3 APPPATH\Config\Events.php(46): CodeIgniter\Debug\Toolbar->respond()
 4 SYSTEMPATH\Events\Events.php(149): CodeIgniter\Events\Events::Config\{closure}()
 5 SYSTEMPATH\CodeIgniter.php(350): CodeIgniter\Events\Events::trigger('pre_system')
 6 FCPATH\index.php(67): CodeIgniter\CodeIgniter->run()
INFO - 2023-05-10 21:35:40 --> Session: Class initialized using 'CodeIgniter\Session\Handlers\FileHandler' driver.
INFO - 2023-05-10 21:35:55 --> Session: Class initialized using 'CodeIgniter\Session\Handlers\FileHandler' driver.
INFO - 2023-05-10 21:39:16 --> Session: Class initialized using 'CodeIgniter\Session\Handlers\FileHandler' driver.
CRITICAL - 2023-05-10 21:39:17 --> include(C:\xampp\htdocs\smiling\vendor\codeigniter4\framework\system\Debug/Toolbar/Views/toolbarloader.js): Failed to open stream: No such file or directory
in SYSTEMPATH\Debug\Toolbar.php on line 452.
 1 SYSTEMPATH\Debug\Toolbar.php(452): CodeIgniter\Debug\Exceptions->errorHandler(2, 'include(C:\\xampp\\htdocs\\smiling\\vendor\\codeigniter4\\framework\\system\\Debug/Toolbar/Views/toolbarloader.js): Failed to open stream: No such file or directory', 'SYSTEMPATH\\Debug\\Toolbar.php', 452)
 2 SYSTEMPATH\Debug\Toolbar.php(452): include()
 3 APPPATH\Config\Events.php(46): CodeIgniter\Debug\Toolbar->respond()
 4 SYSTEMPATH\Events\Events.php(149): CodeIgniter\Events\Events::Config\{closure}()
 5 SYSTEMPATH\CodeIgniter.php(350): CodeIgniter\Events\Events::trigger('pre_system')
 6 FCPATH\index.php(67): CodeIgniter\CodeIgniter->run()
INFO - 2023-05-10 21:39:17 --> Session: Class initialized using 'CodeIgniter\Session\Handlers\FileHandler' driver.
INFO - 2023-05-10 21:41:41 --> Session: Class initialized using 'CodeIgniter\Session\Handlers\FileHandler' driver.
CRITICAL - 2023-05-10 21:41:42 --> include(C:\xampp\htdocs\smiling\vendor\codeigniter4\framework\system\Debug/Toolbar/Views/toolbarloader.js): Failed to open stream: No such file or directory
in SYSTEMPATH\Debug\Toolbar.php on line 452.
 1 SYSTEMPATH\Debug\Toolbar.php(452): CodeIgniter\Debug\Exceptions->errorHandler(2, 'include(C:\\xampp\\htdocs\\smiling\\vendor\\codeigniter4\\framework\\system\\Debug/Toolbar/Views/toolbarloader.js): Failed to open stream: No such file or directory', 'SYSTEMPATH\\Debug\\Toolbar.php', 452)
 2 SYSTEMPATH\Debug\Toolbar.php(452): include()
 3 APPPATH\Config\Events.php(46): CodeIgniter\Debug\Toolbar->respond()
 4 SYSTEMPATH\Events\Events.php(149): CodeIgniter\Events\Events::Config\{closure}()
 5 SYSTEMPATH\CodeIgniter.php(350): CodeIgniter\Events\Events::trigger('pre_system')
 6 FCPATH\index.php(67): CodeIgniter\CodeIgniter->run()
INFO - 2023-05-10 21:41:42 --> Session: Class initialized using 'CodeIgniter\Session\Handlers\FileHandler' driver.
