INFO - 2023-06-16 00:00:10 --> Session: Class initialized using 'CodeIgniter\Session\Handlers\FileHandler' driver.
CRITICAL - 2023-06-16 00:00:11 --> include(C:\xampp\htdocs\smiling\vendor\codeigniter4\framework\system\Debug/Toolbar/Views/toolbarloader.js): Failed to open stream: No such file or directory
in SYSTEMPATH\Debug\Toolbar.php on line 452.
 1 SYSTEMPATH\Debug\Toolbar.php(452): CodeIgniter\Debug\Exceptions->errorHandler(2, 'include(C:\\xampp\\htdocs\\smiling\\vendor\\codeigniter4\\framework\\system\\Debug/Toolbar/Views/toolbarloader.js): Failed to open stream: No such file or directory', 'SYSTEMPATH\\Debug\\Toolbar.php', 452)
 2 SYSTEMPATH\Debug\Toolbar.php(452): include()
 3 APPPATH\Config\Events.php(46): CodeIgniter\Debug\Toolbar->respond()
 4 SYSTEMPATH\Events\Events.php(149): CodeIgniter\Events\Events::Config\{closure}()
 5 SYSTEMPATH\CodeIgniter.php(350): CodeIgniter\Events\Events::trigger('pre_system')
 6 FCPATH\index.php(67): CodeIgniter\CodeIgniter->run()
INFO - 2023-06-16 00:00:11 --> Session: Class initialized using 'CodeIgniter\Session\Handlers\FileHandler' driver.
INFO - 2023-06-16 00:00:13 --> Session: Class initialized using 'CodeIgniter\Session\Handlers\FileHandler' driver.
INFO - 2023-06-16 00:00:13 --> Session: Class initialized using 'CodeIgniter\Session\Handlers\FileHandler' driver.
INFO - 2023-06-16 00:00:19 --> Session: Class initialized using 'CodeIgniter\Session\Handlers\FileHandler' driver.
INFO - 2023-06-16 00:00:19 --> Session: Class initialized using 'CodeIgniter\Session\Handlers\FileHandler' driver.
INFO - 2023-06-16 00:00:23 --> Session: Class initialized using 'CodeIgniter\Session\Handlers\FileHandler' driver.
CRITICAL - 2023-06-16 00:00:23 --> include(C:\xampp\htdocs\smiling\vendor\codeigniter4\framework\system\Debug/Toolbar/Views/toolbarloader.js): Failed to open stream: No such file or directory
in SYSTEMPATH\Debug\Toolbar.php on line 452.
 1 SYSTEMPATH\Debug\Toolbar.php(452): CodeIgniter\Debug\Exceptions->errorHandler(2, 'include(C:\\xampp\\htdocs\\smiling\\vendor\\codeigniter4\\framework\\system\\Debug/Toolbar/Views/toolbarloader.js): Failed to open stream: No such file or directory', 'SYSTEMPATH\\Debug\\Toolbar.php', 452)
 2 SYSTEMPATH\Debug\Toolbar.php(452): include()
 3 APPPATH\Config\Events.php(46): CodeIgniter\Debug\Toolbar->respond()
 4 SYSTEMPATH\Events\Events.php(149): CodeIgniter\Events\Events::Config\{closure}()
 5 SYSTEMPATH\CodeIgniter.php(350): CodeIgniter\Events\Events::trigger('pre_system')
 6 FCPATH\index.php(67): CodeIgniter\CodeIgniter->run()
INFO - 2023-06-16 00:00:24 --> Session: Class initialized using 'CodeIgniter\Session\Handlers\FileHandler' driver.
INFO - 2023-06-16 00:00:28 --> Session: Class initialized using 'CodeIgniter\Session\Handlers\FileHandler' driver.
INFO - 2023-06-16 00:00:28 --> Session: Class initialized using 'CodeIgniter\Session\Handlers\FileHandler' driver.
INFO - 2023-06-16 00:00:41 --> Session: Class initialized using 'CodeIgniter\Session\Handlers\FileHandler' driver.
INFO - 2023-06-16 00:00:41 --> Session: Class initialized using 'CodeIgniter\Session\Handlers\FileHandler' driver.
INFO - 2023-06-16 00:00:42 --> Session: Class initialized using 'CodeIgniter\Session\Handlers\FileHandler' driver.
INFO - 2023-06-16 00:00:42 --> Session: Class initialized using 'CodeIgniter\Session\Handlers\FileHandler' driver.
INFO - 2023-06-16 00:00:49 --> Session: Class initialized using 'CodeIgniter\Session\Handlers\FileHandler' driver.
CRITICAL - 2023-06-16 00:00:49 --> include(C:\xampp\htdocs\smiling\vendor\codeigniter4\framework\system\Debug/Toolbar/Views/toolbarloader.js): Failed to open stream: No such file or directory
in SYSTEMPATH\Debug\Toolbar.php on line 452.
 1 SYSTEMPATH\Debug\Toolbar.php(452): CodeIgniter\Debug\Exceptions->errorHandler(2, 'include(C:\\xampp\\htdocs\\smiling\\vendor\\codeigniter4\\framework\\system\\Debug/Toolbar/Views/toolbarloader.js): Failed to open stream: No such file or directory', 'SYSTEMPATH\\Debug\\Toolbar.php', 452)
 2 SYSTEMPATH\Debug\Toolbar.php(452): include()
 3 APPPATH\Config\Events.php(46): CodeIgniter\Debug\Toolbar->respond()
 4 SYSTEMPATH\Events\Events.php(149): CodeIgniter\Events\Events::Config\{closure}()
 5 SYSTEMPATH\CodeIgniter.php(350): CodeIgniter\Events\Events::trigger('pre_system')
 6 FCPATH\index.php(67): CodeIgniter\CodeIgniter->run()
INFO - 2023-06-16 00:00:50 --> Session: Class initialized using 'CodeIgniter\Session\Handlers\FileHandler' driver.
INFO - 2023-06-16 00:00:52 --> Session: Class initialized using 'CodeIgniter\Session\Handlers\FileHandler' driver.
INFO - 2023-06-16 00:00:53 --> Session: Class initialized using 'CodeIgniter\Session\Handlers\FileHandler' driver.
INFO - 2023-06-16 00:05:39 --> Session: Class initialized using 'CodeIgniter\Session\Handlers\FileHandler' driver.
CRITICAL - 2023-06-16 00:05:40 --> include(C:\xampp\htdocs\smiling\vendor\codeigniter4\framework\system\Debug/Toolbar/Views/toolbarloader.js): Failed to open stream: No such file or directory
in SYSTEMPATH\Debug\Toolbar.php on line 452.
 1 SYSTEMPATH\Debug\Toolbar.php(452): CodeIgniter\Debug\Exceptions->errorHandler(2, 'include(C:\\xampp\\htdocs\\smiling\\vendor\\codeigniter4\\framework\\system\\Debug/Toolbar/Views/toolbarloader.js): Failed to open stream: No such file or directory', 'SYSTEMPATH\\Debug\\Toolbar.php', 452)
 2 SYSTEMPATH\Debug\Toolbar.php(452): include()
 3 APPPATH\Config\Events.php(46): CodeIgniter\Debug\Toolbar->respond()
 4 SYSTEMPATH\Events\Events.php(149): CodeIgniter\Events\Events::Config\{closure}()
 5 SYSTEMPATH\CodeIgniter.php(350): CodeIgniter\Events\Events::trigger('pre_system')
 6 FCPATH\index.php(67): CodeIgniter\CodeIgniter->run()
INFO - 2023-06-16 00:05:40 --> Session: Class initialized using 'CodeIgniter\Session\Handlers\FileHandler' driver.
INFO - 2023-06-16 00:05:41 --> Session: Class initialized using 'CodeIgniter\Session\Handlers\FileHandler' driver.
INFO - 2023-06-16 00:05:41 --> Session: Class initialized using 'CodeIgniter\Session\Handlers\FileHandler' driver.
INFO - 2023-06-16 00:05:44 --> Session: Class initialized using 'CodeIgniter\Session\Handlers\FileHandler' driver.
INFO - 2023-06-16 00:06:52 --> Session: Class initialized using 'CodeIgniter\Session\Handlers\FileHandler' driver.
CRITICAL - 2023-06-16 00:06:52 --> include(C:\xampp\htdocs\smiling\vendor\codeigniter4\framework\system\Debug/Toolbar/Views/toolbarloader.js): Failed to open stream: No such file or directory
in SYSTEMPATH\Debug\Toolbar.php on line 452.
 1 SYSTEMPATH\Debug\Toolbar.php(452): CodeIgniter\Debug\Exceptions->errorHandler(2, 'include(C:\\xampp\\htdocs\\smiling\\vendor\\codeigniter4\\framework\\system\\Debug/Toolbar/Views/toolbarloader.js): Failed to open stream: No such file or directory', 'SYSTEMPATH\\Debug\\Toolbar.php', 452)
 2 SYSTEMPATH\Debug\Toolbar.php(452): include()
 3 APPPATH\Config\Events.php(46): CodeIgniter\Debug\Toolbar->respond()
 4 SYSTEMPATH\Events\Events.php(149): CodeIgniter\Events\Events::Config\{closure}()
 5 SYSTEMPATH\CodeIgniter.php(350): CodeIgniter\Events\Events::trigger('pre_system')
 6 FCPATH\index.php(67): CodeIgniter\CodeIgniter->run()
INFO - 2023-06-16 00:06:53 --> Session: Class initialized using 'CodeIgniter\Session\Handlers\FileHandler' driver.
INFO - 2023-06-16 00:07:00 --> Session: Class initialized using 'CodeIgniter\Session\Handlers\FileHandler' driver.
INFO - 2023-06-16 00:07:00 --> Session: Class initialized using 'CodeIgniter\Session\Handlers\FileHandler' driver.
INFO - 2023-06-16 00:07:03 --> Session: Class initialized using 'CodeIgniter\Session\Handlers\FileHandler' driver.
INFO - 2023-06-16 00:07:03 --> Session: Class initialized using 'CodeIgniter\Session\Handlers\FileHandler' driver.
INFO - 2023-06-16 00:07:07 --> Session: Class initialized using 'CodeIgniter\Session\Handlers\FileHandler' driver.
INFO - 2023-06-16 00:07:07 --> Session: Class initialized using 'CodeIgniter\Session\Handlers\FileHandler' driver.
INFO - 2023-06-16 00:07:21 --> Session: Class initialized using 'CodeIgniter\Session\Handlers\FileHandler' driver.
INFO - 2023-06-16 00:07:21 --> Session: Class initialized using 'CodeIgniter\Session\Handlers\FileHandler' driver.
INFO - 2023-06-16 00:07:23 --> Session: Class initialized using 'CodeIgniter\Session\Handlers\FileHandler' driver.
INFO - 2023-06-16 00:07:23 --> Session: Class initialized using 'CodeIgniter\Session\Handlers\FileHandler' driver.
INFO - 2023-06-16 00:07:37 --> Session: Class initialized using 'CodeIgniter\Session\Handlers\FileHandler' driver.
INFO - 2023-06-16 00:07:37 --> Session: Class initialized using 'CodeIgniter\Session\Handlers\FileHandler' driver.
INFO - 2023-06-16 00:07:37 --> Session: Class initialized using 'CodeIgniter\Session\Handlers\FileHandler' driver.
INFO - 2023-06-16 00:07:37 --> Session: Class initialized using 'CodeIgniter\Session\Handlers\FileHandler' driver.
INFO - 2023-06-16 00:07:45 --> Session: Class initialized using 'CodeIgniter\Session\Handlers\FileHandler' driver.
CRITICAL - 2023-06-16 00:07:45 --> include(C:\xampp\htdocs\smiling\vendor\codeigniter4\framework\system\Debug/Toolbar/Views/toolbarloader.js): Failed to open stream: No such file or directory
in SYSTEMPATH\Debug\Toolbar.php on line 452.
 1 SYSTEMPATH\Debug\Toolbar.php(452): CodeIgniter\Debug\Exceptions->errorHandler(2, 'include(C:\\xampp\\htdocs\\smiling\\vendor\\codeigniter4\\framework\\system\\Debug/Toolbar/Views/toolbarloader.js): Failed to open stream: No such file or directory', 'SYSTEMPATH\\Debug\\Toolbar.php', 452)
 2 SYSTEMPATH\Debug\Toolbar.php(452): include()
 3 APPPATH\Config\Events.php(46): CodeIgniter\Debug\Toolbar->respond()
 4 SYSTEMPATH\Events\Events.php(149): CodeIgniter\Events\Events::Config\{closure}()
 5 SYSTEMPATH\CodeIgniter.php(350): CodeIgniter\Events\Events::trigger('pre_system')
 6 FCPATH\index.php(67): CodeIgniter\CodeIgniter->run()
INFO - 2023-06-16 00:07:46 --> Session: Class initialized using 'CodeIgniter\Session\Handlers\FileHandler' driver.
INFO - 2023-06-16 00:07:47 --> Session: Class initialized using 'CodeIgniter\Session\Handlers\FileHandler' driver.
INFO - 2023-06-16 00:07:47 --> Session: Class initialized using 'CodeIgniter\Session\Handlers\FileHandler' driver.
INFO - 2023-06-16 00:07:57 --> Session: Class initialized using 'CodeIgniter\Session\Handlers\FileHandler' driver.
INFO - 2023-06-16 00:07:58 --> Session: Class initialized using 'CodeIgniter\Session\Handlers\FileHandler' driver.
INFO - 2023-06-16 00:08:01 --> Session: Class initialized using 'CodeIgniter\Session\Handlers\FileHandler' driver.
INFO - 2023-06-16 00:08:02 --> Session: Class initialized using 'CodeIgniter\Session\Handlers\FileHandler' driver.
