CRITICAL - 2023-01-23 02:12:50 --> Undefined variable $numero
in APPPATH/Views/contacto/documentacion.php on line 12.
 1 APPPATH/Views/contacto/documentacion.php(12): CodeIgniter\Debug\Exceptions->errorHandler(2, 'Undefined variable $numero', 'APPPATH/Views/contacto/documentacion.php', 12)
 2 SYSTEMPATH/View/View.php(213): include('APPPATH/Views/contacto/documentacion.php')
 3 SYSTEMPATH/View/View.php(216): CodeIgniter\View\View->CodeIgniter\View\{closure}()
 4 SYSTEMPATH/Common.php(1177): CodeIgniter\View\View->render('contacto/documentacion', [], true)
 5 APPPATH/Controllers/ContactoController.php(38): view('contacto/documentacion')
 6 SYSTEMPATH/CodeIgniter.php(934): App\Controllers\ContactoController->documentacion('1')
 7 SYSTEMPATH/CodeIgniter.php(499): CodeIgniter\CodeIgniter->runController(Object(App\Controllers\ContactoController))
 8 SYSTEMPATH/CodeIgniter.php(368): CodeIgniter\CodeIgniter->handleRequest(null, Object(Config\Cache), false)
 9 FCPATH/index.php(67): CodeIgniter\CodeIgniter->run()
CRITICAL - 2023-01-23 02:13:33 --> Undefined variable $numero
in APPPATH/Views/contacto/documentacion.php on line 13.
 1 APPPATH/Views/contacto/documentacion.php(13): CodeIgniter\Debug\Exceptions->errorHandler(2, 'Undefined variable $numero', 'APPPATH/Views/contacto/documentacion.php', 13)
 2 SYSTEMPATH/View/View.php(213): include('APPPATH/Views/contacto/documentacion.php')
 3 SYSTEMPATH/View/View.php(216): CodeIgniter\View\View->CodeIgniter\View\{closure}()
 4 SYSTEMPATH/Common.php(1177): CodeIgniter\View\View->render('contacto/documentacion', [], true)
 5 APPPATH/Controllers/ContactoController.php(38): view('contacto/documentacion')
 6 SYSTEMPATH/CodeIgniter.php(934): App\Controllers\ContactoController->documentacion('1')
 7 SYSTEMPATH/CodeIgniter.php(499): CodeIgniter\CodeIgniter->runController(Object(App\Controllers\ContactoController))
 8 SYSTEMPATH/CodeIgniter.php(368): CodeIgniter\CodeIgniter->handleRequest(null, Object(Config\Cache), false)
 9 FCPATH/index.php(67): CodeIgniter\CodeIgniter->run()
CRITICAL - 2023-01-23 02:13:37 --> Undefined variable $numero
in APPPATH/Views/contacto/documentacion.php on line 13.
 1 APPPATH/Views/contacto/documentacion.php(13): CodeIgniter\Debug\Exceptions->errorHandler(2, 'Undefined variable $numero', 'APPPATH/Views/contacto/documentacion.php', 13)
 2 SYSTEMPATH/View/View.php(213): include('APPPATH/Views/contacto/documentacion.php')
 3 SYSTEMPATH/View/View.php(216): CodeIgniter\View\View->CodeIgniter\View\{closure}()
 4 SYSTEMPATH/Common.php(1177): CodeIgniter\View\View->render('contacto/documentacion', [], true)
 5 APPPATH/Controllers/ContactoController.php(38): view('contacto/documentacion')
 6 SYSTEMPATH/CodeIgniter.php(934): App\Controllers\ContactoController->documentacion('2')
 7 SYSTEMPATH/CodeIgniter.php(499): CodeIgniter\CodeIgniter->runController(Object(App\Controllers\ContactoController))
 8 SYSTEMPATH/CodeIgniter.php(368): CodeIgniter\CodeIgniter->handleRequest(null, Object(Config\Cache), false)
 9 FCPATH/index.php(67): CodeIgniter\CodeIgniter->run()
