CRITICAL - 2023-02-08 04:10:36 --> Undefined variable $baseURL
in APPPATH/Views/contacto/navegacion.php on line 16.
 1 APPPATH/Views/contacto/navegacion.php(16): CodeIgniter\Debug\Exceptions->errorHandler(2, 'Undefined variable $baseURL', 'APPPATH/Views/contacto/navegacion.php', 16)
 2 SYSTEMPATH/View/View.php(213): include('APPPATH/Views/contacto/navegacion.php')
 3 SYSTEMPATH/View/View.php(216): CodeIgniter\View\View->CodeIgniter\View\{closure}()
 4 SYSTEMPATH/Common.php(1177): CodeIgniter\View\View->render('contacto/navegacion', [], true)
 5 APPPATH/Controllers/ContactoController.php(37): view('contacto/navegacion')
 6 SYSTEMPATH/CodeIgniter.php(934): App\Controllers\ContactoController->documentacion('1')
 7 SYSTEMPATH/CodeIgniter.php(499): CodeIgniter\CodeIgniter->runController(Object(App\Controllers\ContactoController))
 8 SYSTEMPATH/CodeIgniter.php(368): CodeIgniter\CodeIgniter->handleRequest(null, Object(Config\Cache), false)
 9 FCPATH/index.php(67): CodeIgniter\CodeIgniter->run()
CRITICAL - 2023-02-08 04:10:54 --> Undefined variable $baseURL
in APPPATH/Views/contacto/navegacion.php on line 16.
 1 APPPATH/Views/contacto/navegacion.php(16): CodeIgniter\Debug\Exceptions->errorHandler(2, 'Undefined variable $baseURL', 'APPPATH/Views/contacto/navegacion.php', 16)
 2 SYSTEMPATH/View/View.php(213): include('APPPATH/Views/contacto/navegacion.php')
 3 SYSTEMPATH/View/View.php(216): CodeIgniter\View\View->CodeIgniter\View\{closure}()
 4 SYSTEMPATH/Common.php(1177): CodeIgniter\View\View->render('contacto/navegacion', [], true)
 5 APPPATH/Controllers/ContactoController.php(17): view('contacto/navegacion')
 6 SYSTEMPATH/CodeIgniter.php(934): App\Controllers\ContactoController->index()
 7 SYSTEMPATH/CodeIgniter.php(499): CodeIgniter\CodeIgniter->runController(Object(App\Controllers\ContactoController))
 8 SYSTEMPATH/CodeIgniter.php(368): CodeIgniter\CodeIgniter->handleRequest(null, Object(Config\Cache), false)
 9 FCPATH/index.php(67): CodeIgniter\CodeIgniter->run()
CRITICAL - 2023-02-08 04:16:17 --> Undefined variable $baseURL
in APPPATH/Views/contacto/navegacion.php on line 16.
 1 APPPATH/Views/contacto/navegacion.php(16): CodeIgniter\Debug\Exceptions->errorHandler(2, 'Undefined variable $baseURL', 'APPPATH/Views/contacto/navegacion.php', 16)
 2 SYSTEMPATH/View/View.php(213): include('APPPATH/Views/contacto/navegacion.php')
 3 SYSTEMPATH/View/View.php(216): CodeIgniter\View\View->CodeIgniter\View\{closure}()
 4 SYSTEMPATH/Common.php(1177): CodeIgniter\View\View->render('contacto/navegacion', [], true)
 5 APPPATH/Controllers/ContactoController.php(17): view('contacto/navegacion')
 6 SYSTEMPATH/CodeIgniter.php(934): App\Controllers\ContactoController->index()
 7 SYSTEMPATH/CodeIgniter.php(499): CodeIgniter\CodeIgniter->runController(Object(App\Controllers\ContactoController))
 8 SYSTEMPATH/CodeIgniter.php(368): CodeIgniter\CodeIgniter->handleRequest(null, Object(Config\Cache), false)
 9 FCPATH/index.php(67): CodeIgniter\CodeIgniter->run()
CRITICAL - 2023-02-08 04:16:26 --> Undefined variable $baseURL
in APPPATH/Views/contacto/navegacion.php on line 16.
 1 APPPATH/Views/contacto/navegacion.php(16): CodeIgniter\Debug\Exceptions->errorHandler(2, 'Undefined variable $baseURL', 'APPPATH/Views/contacto/navegacion.php', 16)
 2 SYSTEMPATH/View/View.php(213): include('APPPATH/Views/contacto/navegacion.php')
 3 SYSTEMPATH/View/View.php(216): CodeIgniter\View\View->CodeIgniter\View\{closure}()
 4 SYSTEMPATH/Common.php(1177): CodeIgniter\View\View->render('contacto/navegacion', [], true)
 5 APPPATH/Controllers/ContactoController.php(17): view('contacto/navegacion')
 6 SYSTEMPATH/CodeIgniter.php(934): App\Controllers\ContactoController->index()
 7 SYSTEMPATH/CodeIgniter.php(499): CodeIgniter\CodeIgniter->runController(Object(App\Controllers\ContactoController))
 8 SYSTEMPATH/CodeIgniter.php(368): CodeIgniter\CodeIgniter->handleRequest(null, Object(Config\Cache), false)
 9 FCPATH/index.php(67): CodeIgniter\CodeIgniter->run()
CRITICAL - 2023-02-08 04:18:44 --> Undefined variable $baseURL
in APPPATH/Views/contacto/navegacion.php on line 16.
 1 APPPATH/Views/contacto/navegacion.php(16): CodeIgniter\Debug\Exceptions->errorHandler(2, 'Undefined variable $baseURL', 'APPPATH/Views/contacto/navegacion.php', 16)
 2 SYSTEMPATH/View/View.php(213): include('APPPATH/Views/contacto/navegacion.php')
 3 SYSTEMPATH/View/View.php(216): CodeIgniter\View\View->CodeIgniter\View\{closure}()
 4 SYSTEMPATH/Common.php(1177): CodeIgniter\View\View->render('contacto/navegacion', [], true)
 5 APPPATH/Controllers/ContactoController.php(17): view('contacto/navegacion')
 6 SYSTEMPATH/CodeIgniter.php(934): App\Controllers\ContactoController->index()
 7 SYSTEMPATH/CodeIgniter.php(499): CodeIgniter\CodeIgniter->runController(Object(App\Controllers\ContactoController))
 8 SYSTEMPATH/CodeIgniter.php(368): CodeIgniter\CodeIgniter->handleRequest(null, Object(Config\Cache), false)
 9 FCPATH/index.php(67): CodeIgniter\CodeIgniter->run()
CRITICAL - 2023-02-08 04:19:18 --> Undefined variable $baseURL
in APPPATH/Views/contacto/navegacion.php on line 16.
 1 APPPATH/Views/contacto/navegacion.php(16): CodeIgniter\Debug\Exceptions->errorHandler(2, 'Undefined variable $baseURL', 'APPPATH/Views/contacto/navegacion.php', 16)
 2 SYSTEMPATH/View/View.php(213): include('APPPATH/Views/contacto/navegacion.php')
 3 SYSTEMPATH/View/View.php(216): CodeIgniter\View\View->CodeIgniter\View\{closure}()
 4 SYSTEMPATH/Common.php(1177): CodeIgniter\View\View->render('contacto/navegacion', [], true)
 5 APPPATH/Controllers/ContactoController.php(17): view('contacto/navegacion')
 6 SYSTEMPATH/CodeIgniter.php(934): App\Controllers\ContactoController->index()
 7 SYSTEMPATH/CodeIgniter.php(499): CodeIgniter\CodeIgniter->runController(Object(App\Controllers\ContactoController))
 8 SYSTEMPATH/CodeIgniter.php(368): CodeIgniter\CodeIgniter->handleRequest(null, Object(Config\Cache), false)
 9 FCPATH/index.php(67): CodeIgniter\CodeIgniter->run()
CRITICAL - 2023-02-08 04:23:00 --> Undefined variable $baseURL
in APPPATH/Views/contacto/navegacion.php on line 16.
 1 APPPATH/Views/contacto/navegacion.php(16): CodeIgniter\Debug\Exceptions->errorHandler(2, 'Undefined variable $baseURL', 'APPPATH/Views/contacto/navegacion.php', 16)
 2 SYSTEMPATH/View/View.php(213): include('APPPATH/Views/contacto/navegacion.php')
 3 SYSTEMPATH/View/View.php(216): CodeIgniter\View\View->CodeIgniter\View\{closure}()
 4 SYSTEMPATH/Common.php(1177): CodeIgniter\View\View->render('contacto/navegacion', [], true)
 5 APPPATH/Controllers/ContactoController.php(17): view('contacto/navegacion')
 6 SYSTEMPATH/CodeIgniter.php(934): App\Controllers\ContactoController->index()
 7 SYSTEMPATH/CodeIgniter.php(499): CodeIgniter\CodeIgniter->runController(Object(App\Controllers\ContactoController))
 8 SYSTEMPATH/CodeIgniter.php(368): CodeIgniter\CodeIgniter->handleRequest(null, Object(Config\Cache), false)
 9 FCPATH/index.php(67): CodeIgniter\CodeIgniter->run()
CRITICAL - 2023-02-08 04:23:51 --> Undefined variable $baseURL
in APPPATH/Views/contacto/navegacion.php on line 16.
 1 APPPATH/Views/contacto/navegacion.php(16): CodeIgniter\Debug\Exceptions->errorHandler(2, 'Undefined variable $baseURL', 'APPPATH/Views/contacto/navegacion.php', 16)
 2 SYSTEMPATH/View/View.php(213): include('APPPATH/Views/contacto/navegacion.php')
 3 SYSTEMPATH/View/View.php(216): CodeIgniter\View\View->CodeIgniter\View\{closure}()
 4 SYSTEMPATH/Common.php(1177): CodeIgniter\View\View->render('contacto/navegacion', [], true)
 5 APPPATH/Controllers/ContactoController.php(17): view('contacto/navegacion')
 6 SYSTEMPATH/CodeIgniter.php(934): App\Controllers\ContactoController->index()
 7 SYSTEMPATH/CodeIgniter.php(499): CodeIgniter\CodeIgniter->runController(Object(App\Controllers\ContactoController))
 8 SYSTEMPATH/CodeIgniter.php(368): CodeIgniter\CodeIgniter->handleRequest(null, Object(Config\Cache), false)
 9 FCPATH/index.php(67): CodeIgniter\CodeIgniter->run()
CRITICAL - 2023-02-08 04:24:27 --> Undefined variable $baseURL
in APPPATH/Views/contacto/navegacion.php on line 21.
 1 APPPATH/Views/contacto/navegacion.php(21): CodeIgniter\Debug\Exceptions->errorHandler(2, 'Undefined variable $baseURL', 'APPPATH/Views/contacto/navegacion.php', 21)
 2 SYSTEMPATH/View/View.php(213): include('APPPATH/Views/contacto/navegacion.php')
 3 SYSTEMPATH/View/View.php(216): CodeIgniter\View\View->CodeIgniter\View\{closure}()
 4 SYSTEMPATH/Common.php(1177): CodeIgniter\View\View->render('contacto/navegacion', [], true)
 5 APPPATH/Controllers/ContactoController.php(17): view('contacto/navegacion')
 6 SYSTEMPATH/CodeIgniter.php(934): App\Controllers\ContactoController->index()
 7 SYSTEMPATH/CodeIgniter.php(499): CodeIgniter\CodeIgniter->runController(Object(App\Controllers\ContactoController))
 8 SYSTEMPATH/CodeIgniter.php(368): CodeIgniter\CodeIgniter->handleRequest(null, Object(Config\Cache), false)
 9 FCPATH/index.php(67): CodeIgniter\CodeIgniter->run()
CRITICAL - 2023-02-08 04:24:31 --> Undefined variable $baseURL
in APPPATH/Views/contacto/navegacion.php on line 21.
 1 APPPATH/Views/contacto/navegacion.php(21): CodeIgniter\Debug\Exceptions->errorHandler(2, 'Undefined variable $baseURL', 'APPPATH/Views/contacto/navegacion.php', 21)
 2 SYSTEMPATH/View/View.php(213): include('APPPATH/Views/contacto/navegacion.php')
 3 SYSTEMPATH/View/View.php(216): CodeIgniter\View\View->CodeIgniter\View\{closure}()
 4 SYSTEMPATH/Common.php(1177): CodeIgniter\View\View->render('contacto/navegacion', [], true)
 5 APPPATH/Controllers/ContactoController.php(17): view('contacto/navegacion')
 6 SYSTEMPATH/CodeIgniter.php(934): App\Controllers\ContactoController->index()
 7 SYSTEMPATH/CodeIgniter.php(499): CodeIgniter\CodeIgniter->runController(Object(App\Controllers\ContactoController))
 8 SYSTEMPATH/CodeIgniter.php(368): CodeIgniter\CodeIgniter->handleRequest(null, Object(Config\Cache), false)
 9 FCPATH/index.php(67): CodeIgniter\CodeIgniter->run()
CRITICAL - 2023-02-08 04:24:37 --> Undefined variable $baseURL
in APPPATH/Views/contacto/navegacion.php on line 21.
 1 APPPATH/Views/contacto/navegacion.php(21): CodeIgniter\Debug\Exceptions->errorHandler(2, 'Undefined variable $baseURL', 'APPPATH/Views/contacto/navegacion.php', 21)
 2 SYSTEMPATH/View/View.php(213): include('APPPATH/Views/contacto/navegacion.php')
 3 SYSTEMPATH/View/View.php(216): CodeIgniter\View\View->CodeIgniter\View\{closure}()
 4 SYSTEMPATH/Common.php(1177): CodeIgniter\View\View->render('contacto/navegacion', [], true)
 5 APPPATH/Controllers/ContactoController.php(17): view('contacto/navegacion')
 6 SYSTEMPATH/CodeIgniter.php(934): App\Controllers\ContactoController->index()
 7 SYSTEMPATH/CodeIgniter.php(499): CodeIgniter\CodeIgniter->runController(Object(App\Controllers\ContactoController))
 8 SYSTEMPATH/CodeIgniter.php(368): CodeIgniter\CodeIgniter->handleRequest(null, Object(Config\Cache), false)
 9 FCPATH/index.php(67): CodeIgniter\CodeIgniter->run()
CRITICAL - 2023-02-08 04:28:42 --> Undefined variable $baseURL
in APPPATH/Views/contacto/navegacion.php on line 21.
 1 APPPATH/Views/contacto/navegacion.php(21): CodeIgniter\Debug\Exceptions->errorHandler(2, 'Undefined variable $baseURL', 'APPPATH/Views/contacto/navegacion.php', 21)
 2 SYSTEMPATH/View/View.php(213): include('APPPATH/Views/contacto/navegacion.php')
 3 SYSTEMPATH/View/View.php(216): CodeIgniter\View\View->CodeIgniter\View\{closure}()
 4 SYSTEMPATH/Common.php(1177): CodeIgniter\View\View->render('contacto/navegacion', [], true)
 5 APPPATH/Controllers/ContactoController.php(17): view('contacto/navegacion')
 6 SYSTEMPATH/CodeIgniter.php(934): App\Controllers\ContactoController->index()
 7 SYSTEMPATH/CodeIgniter.php(499): CodeIgniter\CodeIgniter->runController(Object(App\Controllers\ContactoController))
 8 SYSTEMPATH/CodeIgniter.php(368): CodeIgniter\CodeIgniter->handleRequest(null, Object(Config\Cache), false)
 9 FCPATH/index.php(67): CodeIgniter\CodeIgniter->run()
CRITICAL - 2023-02-08 04:28:50 --> Undefined variable $baseURL
in APPPATH/Views/contacto/navegacion.php on line 21.
 1 APPPATH/Views/contacto/navegacion.php(21): CodeIgniter\Debug\Exceptions->errorHandler(2, 'Undefined variable $baseURL', 'APPPATH/Views/contacto/navegacion.php', 21)
 2 SYSTEMPATH/View/View.php(213): include('APPPATH/Views/contacto/navegacion.php')
 3 SYSTEMPATH/View/View.php(216): CodeIgniter\View\View->CodeIgniter\View\{closure}()
 4 SYSTEMPATH/Common.php(1177): CodeIgniter\View\View->render('contacto/navegacion', [], true)
 5 APPPATH/Controllers/ContactoController.php(17): view('contacto/navegacion')
 6 SYSTEMPATH/CodeIgniter.php(934): App\Controllers\ContactoController->index()
 7 SYSTEMPATH/CodeIgniter.php(499): CodeIgniter\CodeIgniter->runController(Object(App\Controllers\ContactoController))
 8 SYSTEMPATH/CodeIgniter.php(368): CodeIgniter\CodeIgniter->handleRequest(null, Object(Config\Cache), false)
 9 FCPATH/index.php(67): CodeIgniter\CodeIgniter->run()
CRITICAL - 2023-02-08 04:29:00 --> Undefined variable $baseURL
in APPPATH/Views/contacto/navegacion.php on line 21.
 1 APPPATH/Views/contacto/navegacion.php(21): CodeIgniter\Debug\Exceptions->errorHandler(2, 'Undefined variable $baseURL', 'APPPATH/Views/contacto/navegacion.php', 21)
 2 SYSTEMPATH/View/View.php(213): include('APPPATH/Views/contacto/navegacion.php')
 3 SYSTEMPATH/View/View.php(216): CodeIgniter\View\View->CodeIgniter\View\{closure}()
 4 SYSTEMPATH/Common.php(1177): CodeIgniter\View\View->render('contacto/navegacion', [], true)
 5 APPPATH/Controllers/ContactoController.php(17): view('contacto/navegacion')
 6 SYSTEMPATH/CodeIgniter.php(934): App\Controllers\ContactoController->index()
 7 SYSTEMPATH/CodeIgniter.php(499): CodeIgniter\CodeIgniter->runController(Object(App\Controllers\ContactoController))
 8 SYSTEMPATH/CodeIgniter.php(368): CodeIgniter\CodeIgniter->handleRequest(null, Object(Config\Cache), false)
 9 FCPATH/index.php(67): CodeIgniter\CodeIgniter->run()
CRITICAL - 2023-02-08 04:39:27 --> Undefined variable $baseURL
in APPPATH/Views/contacto/inicio.php on line 16.
 1 APPPATH/Views/contacto/inicio.php(16): CodeIgniter\Debug\Exceptions->errorHandler(2, 'Undefined variable $baseURL', 'APPPATH/Views/contacto/inicio.php', 16)
 2 SYSTEMPATH/View/View.php(213): include('APPPATH/Views/contacto/inicio.php')
 3 SYSTEMPATH/View/View.php(216): CodeIgniter\View\View->CodeIgniter\View\{closure}()
 4 SYSTEMPATH/Common.php(1177): CodeIgniter\View\View->render('contacto/inicio', [], true)
 5 APPPATH/Controllers/ContactoController.php(18): view('contacto/inicio')
 6 SYSTEMPATH/CodeIgniter.php(934): App\Controllers\ContactoController->index()
 7 SYSTEMPATH/CodeIgniter.php(499): CodeIgniter\CodeIgniter->runController(Object(App\Controllers\ContactoController))
 8 SYSTEMPATH/CodeIgniter.php(368): CodeIgniter\CodeIgniter->handleRequest(null, Object(Config\Cache), false)
 9 FCPATH/index.php(67): CodeIgniter\CodeIgniter->run()
CRITICAL - 2023-02-08 04:39:33 --> Undefined variable $baseURL
in APPPATH/Views/contacto/inicio.php on line 16.
 1 APPPATH/Views/contacto/inicio.php(16): CodeIgniter\Debug\Exceptions->errorHandler(2, 'Undefined variable $baseURL', 'APPPATH/Views/contacto/inicio.php', 16)
 2 SYSTEMPATH/View/View.php(213): include('APPPATH/Views/contacto/inicio.php')
 3 SYSTEMPATH/View/View.php(216): CodeIgniter\View\View->CodeIgniter\View\{closure}()
 4 SYSTEMPATH/Common.php(1177): CodeIgniter\View\View->render('contacto/inicio', [], true)
 5 APPPATH/Controllers/ContactoController.php(18): view('contacto/inicio')
 6 SYSTEMPATH/CodeIgniter.php(934): App\Controllers\ContactoController->index()
 7 SYSTEMPATH/CodeIgniter.php(499): CodeIgniter\CodeIgniter->runController(Object(App\Controllers\ContactoController))
 8 SYSTEMPATH/CodeIgniter.php(368): CodeIgniter\CodeIgniter->handleRequest(null, Object(Config\Cache), false)
 9 FCPATH/index.php(67): CodeIgniter\CodeIgniter->run()
CRITICAL - 2023-02-08 04:39:53 --> Undefined variable $baseURL
in APPPATH/Views/contacto/inicio.php on line 16.
 1 APPPATH/Views/contacto/inicio.php(16): CodeIgniter\Debug\Exceptions->errorHandler(2, 'Undefined variable $baseURL', 'APPPATH/Views/contacto/inicio.php', 16)
 2 SYSTEMPATH/View/View.php(213): include('APPPATH/Views/contacto/inicio.php')
 3 SYSTEMPATH/View/View.php(216): CodeIgniter\View\View->CodeIgniter\View\{closure}()
 4 SYSTEMPATH/Common.php(1177): CodeIgniter\View\View->render('contacto/inicio', [], true)
 5 APPPATH/Controllers/ContactoController.php(18): view('contacto/inicio')
 6 SYSTEMPATH/CodeIgniter.php(934): App\Controllers\ContactoController->index()
 7 SYSTEMPATH/CodeIgniter.php(499): CodeIgniter\CodeIgniter->runController(Object(App\Controllers\ContactoController))
 8 SYSTEMPATH/CodeIgniter.php(368): CodeIgniter\CodeIgniter->handleRequest(null, Object(Config\Cache), false)
 9 FCPATH/index.php(67): CodeIgniter\CodeIgniter->run()
CRITICAL - 2023-02-08 04:39:54 --> Undefined variable $baseURL
in APPPATH/Views/contacto/inicio.php on line 16.
 1 APPPATH/Views/contacto/inicio.php(16): CodeIgniter\Debug\Exceptions->errorHandler(2, 'Undefined variable $baseURL', 'APPPATH/Views/contacto/inicio.php', 16)
 2 SYSTEMPATH/View/View.php(213): include('APPPATH/Views/contacto/inicio.php')
 3 SYSTEMPATH/View/View.php(216): CodeIgniter\View\View->CodeIgniter\View\{closure}()
 4 SYSTEMPATH/Common.php(1177): CodeIgniter\View\View->render('contacto/inicio', [], true)
 5 APPPATH/Controllers/ContactoController.php(18): view('contacto/inicio')
 6 SYSTEMPATH/CodeIgniter.php(934): App\Controllers\ContactoController->index()
 7 SYSTEMPATH/CodeIgniter.php(499): CodeIgniter\CodeIgniter->runController(Object(App\Controllers\ContactoController))
 8 SYSTEMPATH/CodeIgniter.php(368): CodeIgniter\CodeIgniter->handleRequest(null, Object(Config\Cache), false)
 9 FCPATH/index.php(67): CodeIgniter\CodeIgniter->run()
CRITICAL - 2023-02-08 04:39:54 --> Undefined variable $baseURL
in APPPATH/Views/contacto/inicio.php on line 16.
 1 APPPATH/Views/contacto/inicio.php(16): CodeIgniter\Debug\Exceptions->errorHandler(2, 'Undefined variable $baseURL', 'APPPATH/Views/contacto/inicio.php', 16)
 2 SYSTEMPATH/View/View.php(213): include('APPPATH/Views/contacto/inicio.php')
 3 SYSTEMPATH/View/View.php(216): CodeIgniter\View\View->CodeIgniter\View\{closure}()
 4 SYSTEMPATH/Common.php(1177): CodeIgniter\View\View->render('contacto/inicio', [], true)
 5 APPPATH/Controllers/ContactoController.php(18): view('contacto/inicio')
 6 SYSTEMPATH/CodeIgniter.php(934): App\Controllers\ContactoController->index()
 7 SYSTEMPATH/CodeIgniter.php(499): CodeIgniter\CodeIgniter->runController(Object(App\Controllers\ContactoController))
 8 SYSTEMPATH/CodeIgniter.php(368): CodeIgniter\CodeIgniter->handleRequest(null, Object(Config\Cache), false)
 9 FCPATH/index.php(67): CodeIgniter\CodeIgniter->run()
CRITICAL - 2023-02-08 04:43:40 --> Undefined variable $numero
in APPPATH/Views/contacto/documentacion.php on line 13.
 1 APPPATH/Views/contacto/documentacion.php(13): CodeIgniter\Debug\Exceptions->errorHandler(2, 'Undefined variable $numero', 'APPPATH/Views/contacto/documentacion.php', 13)
 2 SYSTEMPATH/View/View.php(213): include('APPPATH/Views/contacto/documentacion.php')
 3 SYSTEMPATH/View/View.php(216): CodeIgniter\View\View->CodeIgniter\View\{closure}()
 4 SYSTEMPATH/Common.php(1177): CodeIgniter\View\View->render('contacto/documentacion', [], true)
 5 APPPATH/Controllers/ContactoController.php(34): view('contacto/documentacion')
 6 SYSTEMPATH/CodeIgniter.php(934): App\Controllers\ContactoController->documentacion()
 7 SYSTEMPATH/CodeIgniter.php(499): CodeIgniter\CodeIgniter->runController(Object(App\Controllers\ContactoController))
 8 SYSTEMPATH/CodeIgniter.php(368): CodeIgniter\CodeIgniter->handleRequest(null, Object(Config\Cache), false)
 9 FCPATH/index.php(67): CodeIgniter\CodeIgniter->run()
CRITICAL - 2023-02-08 04:46:24 --> Undefined variable $numero
in APPPATH/Views/contacto/documentacion.php on line 13.
 1 APPPATH/Views/contacto/documentacion.php(13): CodeIgniter\Debug\Exceptions->errorHandler(2, 'Undefined variable $numero', 'APPPATH/Views/contacto/documentacion.php', 13)
 2 SYSTEMPATH/View/View.php(213): include('APPPATH/Views/contacto/documentacion.php')
 3 SYSTEMPATH/View/View.php(216): CodeIgniter\View\View->CodeIgniter\View\{closure}()
 4 SYSTEMPATH/Common.php(1177): CodeIgniter\View\View->render('contacto/documentacion', [], true)
 5 APPPATH/Controllers/ContactoController.php(40): view('contacto/documentacion', [...])
 6 SYSTEMPATH/CodeIgniter.php(934): App\Controllers\ContactoController->documentacion()
 7 SYSTEMPATH/CodeIgniter.php(499): CodeIgniter\CodeIgniter->runController(Object(App\Controllers\ContactoController))
 8 SYSTEMPATH/CodeIgniter.php(368): CodeIgniter\CodeIgniter->handleRequest(null, Object(Config\Cache), false)
 9 FCPATH/index.php(67): CodeIgniter\CodeIgniter->run()
CRITICAL - 2023-02-08 05:02:07 --> Undefined variable $numero
in APPPATH/Views/contacto/documentacion.php on line 13.
 1 APPPATH/Views/contacto/documentacion.php(13): CodeIgniter\Debug\Exceptions->errorHandler(2, 'Undefined variable $numero', 'APPPATH/Views/contacto/documentacion.php', 13)
 2 SYSTEMPATH/View/View.php(213): include('APPPATH/Views/contacto/documentacion.php')
 3 SYSTEMPATH/View/View.php(216): CodeIgniter\View\View->CodeIgniter\View\{closure}()
 4 SYSTEMPATH/Common.php(1177): CodeIgniter\View\View->render('contacto/documentacion', [], true)
 5 APPPATH/Controllers/ContactoController.php(58): view('contacto/documentacion', [...])
 6 SYSTEMPATH/CodeIgniter.php(934): App\Controllers\ContactoController->recibirDatos()
 7 SYSTEMPATH/CodeIgniter.php(499): CodeIgniter\CodeIgniter->runController(Object(App\Controllers\ContactoController))
 8 SYSTEMPATH/CodeIgniter.php(368): CodeIgniter\CodeIgniter->handleRequest(null, Object(Config\Cache), false)
 9 FCPATH/index.php(67): CodeIgniter\CodeIgniter->run()
