CRITICAL - 2023-03-16 00:28:35 --> Call to undefined method App\Models\TipoDocumentoModel::buscar
in SYSTEMPATH/Model.php on line 841.
 1 APPPATH/Controllers/DocumentosController.php(12): CodeIgniter\Model->__call('buscar', [])
 2 SYSTEMPATH/CodeIgniter.php(934): App\Controllers\DocumentosController->buscar()
 3 SYSTEMPATH/CodeIgniter.php(499): CodeIgniter\CodeIgniter->runController(Object(App\Controllers\DocumentosController))
 4 SYSTEMPATH/CodeIgniter.php(368): CodeIgniter\CodeIgniter->handleRequest(null, Object(Config\Cache), false)
 5 FCPATH/index.php(67): CodeIgniter\CodeIgniter->run()
CRITICAL - 2023-03-16 00:30:13 --> Call to undefined method App\Models\TipoDocumentoModel2::buscar
in SYSTEMPATH/Model.php on line 841.
 1 APPPATH/Controllers/DocumentosController.php(13): CodeIgniter\Model->__call('buscar', [])
 2 SYSTEMPATH/CodeIgniter.php(934): App\Controllers\DocumentosController->buscar()
 3 SYSTEMPATH/CodeIgniter.php(499): CodeIgniter\CodeIgniter->runController(Object(App\Controllers\DocumentosController))
 4 SYSTEMPATH/CodeIgniter.php(368): CodeIgniter\CodeIgniter->handleRequest(null, Object(Config\Cache), false)
 5 FCPATH/index.php(67): CodeIgniter\CodeIgniter->run()
CRITICAL - 2023-03-16 00:31:09 --> Call to undefined method App\Models\TipoDocumentoModel2::buscar
in SYSTEMPATH/Model.php on line 841.
 1 APPPATH/Controllers/DocumentosController.php(13): CodeIgniter\Model->__call('buscar', [])
 2 SYSTEMPATH/CodeIgniter.php(934): App\Controllers\DocumentosController->buscar()
 3 SYSTEMPATH/CodeIgniter.php(499): CodeIgniter\CodeIgniter->runController(Object(App\Controllers\DocumentosController))
 4 SYSTEMPATH/CodeIgniter.php(368): CodeIgniter\CodeIgniter->handleRequest(null, Object(Config\Cache), false)
 5 FCPATH/index.php(67): CodeIgniter\CodeIgniter->run()
CRITICAL - 2023-03-16 00:31:16 --> Call to undefined method App\Models\TipoDocumentoModel2::buscar
in SYSTEMPATH/Model.php on line 841.
 1 APPPATH/Controllers/DocumentosController.php(13): CodeIgniter\Model->__call('buscar', [])
 2 SYSTEMPATH/CodeIgniter.php(934): App\Controllers\DocumentosController->buscar()
 3 SYSTEMPATH/CodeIgniter.php(499): CodeIgniter\CodeIgniter->runController(Object(App\Controllers\DocumentosController))
 4 SYSTEMPATH/CodeIgniter.php(368): CodeIgniter\CodeIgniter->handleRequest(null, Object(Config\Cache), false)
 5 FCPATH/index.php(67): CodeIgniter\CodeIgniter->run()
