CRITICAL - 2023-03-11 20:29:06 --> Undefined array key "nombreUsuario"
in APPPATH/Views/personas/body.php on line 25.
 1 APPPATH/Views/personas/body.php(25): CodeIgniter\Debug\Exceptions->errorHandler(2, 'Undefined array key "nombreUsuario"', 'APPPATH/Views/personas/body.php', 25)
 2 SYSTEMPATH/View/View.php(213): include('APPPATH/Views/personas/body.php')
 3 SYSTEMPATH/View/View.php(216): CodeIgniter\View\View->CodeIgniter\View\{closure}()
 4 SYSTEMPATH/Common.php(1177): CodeIgniter\View\View->render('personas/body', [], true)
 5 APPPATH/Controllers/LoginController.php(41): view('personas/body', [...])
 6 SYSTEMPATH/CodeIgniter.php(934): App\Controllers\LoginController->home()
 7 SYSTEMPATH/CodeIgniter.php(499): CodeIgniter\CodeIgniter->runController(Object(App\Controllers\LoginController))
 8 SYSTEMPATH/CodeIgniter.php(368): CodeIgniter\CodeIgniter->handleRequest(null, Object(Config\Cache), false)
 9 FCPATH/index.php(67): CodeIgniter\CodeIgniter->run()
CRITICAL - 2023-03-11 20:29:22 --> Trying to access array offset on value of type null
in APPPATH/Models/LoginModel.php on line 41.
 1 APPPATH/Models/LoginModel.php(41): CodeIgniter\Debug\Exceptions->errorHandler(2, 'Trying to access array offset on value of type null', 'APPPATH/Models/LoginModel.php', 41)
 2 APPPATH/Controllers/LoginController.php(52): App\Models\LoginModel->validarLogin('askjas', 'asas')
 3 SYSTEMPATH/CodeIgniter.php(934): App\Controllers\LoginController->validar()
 4 SYSTEMPATH/CodeIgniter.php(499): CodeIgniter\CodeIgniter->runController(Object(App\Controllers\LoginController))
 5 SYSTEMPATH/CodeIgniter.php(368): CodeIgniter\CodeIgniter->handleRequest(null, Object(Config\Cache), false)
 6 FCPATH/index.php(67): CodeIgniter\CodeIgniter->run()
CRITICAL - 2023-03-11 20:29:26 --> Trying to access array offset on value of type null
in APPPATH/Models/LoginModel.php on line 41.
 1 APPPATH/Models/LoginModel.php(41): CodeIgniter\Debug\Exceptions->errorHandler(2, 'Trying to access array offset on value of type null', 'APPPATH/Models/LoginModel.php', 41)
 2 APPPATH/Controllers/LoginController.php(52): App\Models\LoginModel->validarLogin('askjas', 'asas')
 3 SYSTEMPATH/CodeIgniter.php(934): App\Controllers\LoginController->validar()
 4 SYSTEMPATH/CodeIgniter.php(499): CodeIgniter\CodeIgniter->runController(Object(App\Controllers\LoginController))
 5 SYSTEMPATH/CodeIgniter.php(368): CodeIgniter\CodeIgniter->handleRequest(null, Object(Config\Cache), false)
 6 FCPATH/index.php(67): CodeIgniter\CodeIgniter->run()
CRITICAL - 2023-03-11 20:31:06 --> Trying to access array offset on value of type null
in APPPATH/Models/LoginModel.php on line 41.
 1 APPPATH/Models/LoginModel.php(41): CodeIgniter\Debug\Exceptions->errorHandler(2, 'Trying to access array offset on value of type null', 'APPPATH/Models/LoginModel.php', 41)
 2 APPPATH/Controllers/LoginController.php(52): App\Models\LoginModel->validarLogin('asklasja', 'sakjsa')
 3 SYSTEMPATH/CodeIgniter.php(934): App\Controllers\LoginController->validar()
 4 SYSTEMPATH/CodeIgniter.php(499): CodeIgniter\CodeIgniter->runController(Object(App\Controllers\LoginController))
 5 SYSTEMPATH/CodeIgniter.php(368): CodeIgniter\CodeIgniter->handleRequest(null, Object(Config\Cache), false)
 6 FCPATH/index.php(67): CodeIgniter\CodeIgniter->run()
CRITICAL - 2023-03-11 20:35:45 --> Trying to access array offset on value of type null
in APPPATH/Models/LoginModel.php on line 42.
 1 APPPATH/Models/LoginModel.php(42): CodeIgniter\Debug\Exceptions->errorHandler(2, 'Trying to access array offset on value of type null', 'APPPATH/Models/LoginModel.php', 42)
 2 APPPATH/Controllers/LoginController.php(52): App\Models\LoginModel->validarLogin('SDJ', 'SLKAS')
 3 SYSTEMPATH/CodeIgniter.php(934): App\Controllers\LoginController->validar()
 4 SYSTEMPATH/CodeIgniter.php(499): CodeIgniter\CodeIgniter->runController(Object(App\Controllers\LoginController))
 5 SYSTEMPATH/CodeIgniter.php(368): CodeIgniter\CodeIgniter->handleRequest(null, Object(Config\Cache), false)
 6 FCPATH/index.php(67): CodeIgniter\CodeIgniter->run()
CRITICAL - 2023-03-11 20:39:00 --> Trying to access array offset on value of type null
in APPPATH/Models/LoginModel.php on line 46.
 1 APPPATH/Models/LoginModel.php(46): CodeIgniter\Debug\Exceptions->errorHandler(2, 'Trying to access array offset on value of type null', 'APPPATH/Models/LoginModel.php', 46)
 2 APPPATH/Controllers/LoginController.php(52): App\Models\LoginModel->validarLogin('ASKL', 'ASKJAS')
 3 SYSTEMPATH/CodeIgniter.php(934): App\Controllers\LoginController->validar()
 4 SYSTEMPATH/CodeIgniter.php(499): CodeIgniter\CodeIgniter->runController(Object(App\Controllers\LoginController))
 5 SYSTEMPATH/CodeIgniter.php(368): CodeIgniter\CodeIgniter->handleRequest(null, Object(Config\Cache), false)
 6 FCPATH/index.php(67): CodeIgniter\CodeIgniter->run()
CRITICAL - 2023-03-11 21:02:45 --> Cannot use object of type stdClass as array
in APPPATH/Models/LoginModel.php on line 42.
 1 APPPATH/Controllers/LoginController.php(52): App\Models\LoginModel->validarLogin('ADMIN', 'ASKAJS')
 2 SYSTEMPATH/CodeIgniter.php(934): App\Controllers\LoginController->validar()
 3 SYSTEMPATH/CodeIgniter.php(499): CodeIgniter\CodeIgniter->runController(Object(App\Controllers\LoginController))
 4 SYSTEMPATH/CodeIgniter.php(368): CodeIgniter\CodeIgniter->handleRequest(null, Object(Config\Cache), false)
 5 FCPATH/index.php(67): CodeIgniter\CodeIgniter->run()
CRITICAL - 2023-03-11 21:04:38 --> Cannot use object of type stdClass as array
in APPPATH/Models/LoginModel.php on line 41.
 1 APPPATH/Controllers/LoginController.php(52): App\Models\LoginModel->validarLogin('ADMIN', 'ALKSAJLSKAS')
 2 SYSTEMPATH/CodeIgniter.php(934): App\Controllers\LoginController->validar()
 3 SYSTEMPATH/CodeIgniter.php(499): CodeIgniter\CodeIgniter->runController(Object(App\Controllers\LoginController))
 4 SYSTEMPATH/CodeIgniter.php(368): CodeIgniter\CodeIgniter->handleRequest(null, Object(Config\Cache), false)
 5 FCPATH/index.php(67): CodeIgniter\CodeIgniter->run()
CRITICAL - 2023-03-11 21:28:33 --> Undefined array key "nombreUsuario"
in APPPATH/Views/personas/body.php on line 25.
 1 APPPATH/Views/personas/body.php(25): CodeIgniter\Debug\Exceptions->errorHandler(2, 'Undefined array key "nombreUsuario"', 'APPPATH/Views/personas/body.php', 25)
 2 SYSTEMPATH/View/View.php(213): include('APPPATH/Views/personas/body.php')
 3 SYSTEMPATH/View/View.php(216): CodeIgniter\View\View->CodeIgniter\View\{closure}()
 4 SYSTEMPATH/Common.php(1177): CodeIgniter\View\View->render('personas/body', [], true)
 5 APPPATH/Controllers/LoginController.php(34): view('personas/body', [...])
 6 SYSTEMPATH/CodeIgniter.php(934): App\Controllers\LoginController->home()
 7 SYSTEMPATH/CodeIgniter.php(499): CodeIgniter\CodeIgniter->runController(Object(App\Controllers\LoginController))
 8 SYSTEMPATH/CodeIgniter.php(368): CodeIgniter\CodeIgniter->handleRequest(null, Object(Config\Cache), false)
 9 FCPATH/index.php(67): CodeIgniter\CodeIgniter->run()
CRITICAL - 2023-03-11 21:49:19 --> Call to a member function bitacora() on null
in APPPATH/Models/LoginModel.php on line 68.
 1 APPPATH/Controllers/LoginController.php(45): App\Models\LoginModel->validarLogin('ADMIN', 'ASKJASLKAS')
 2 SYSTEMPATH/CodeIgniter.php(934): App\Controllers\LoginController->validar()
 3 SYSTEMPATH/CodeIgniter.php(499): CodeIgniter\CodeIgniter->runController(Object(App\Controllers\LoginController))
 4 SYSTEMPATH/CodeIgniter.php(368): CodeIgniter\CodeIgniter->handleRequest(null, Object(Config\Cache), false)
 5 FCPATH/index.php(67): CodeIgniter\CodeIgniter->run()
CRITICAL - 2023-03-11 21:55:19 --> Call to undefined method App\Models\LoginModel::bitacora
in SYSTEMPATH/Model.php on line 841.
 1 APPPATH/Models/LoginModel.php(69): CodeIgniter\Model->__call('bitacora', [...])
 2 APPPATH/Controllers/LoginController.php(45): App\Models\LoginModel->validarLogin('ADMIN', 'ASKJASLKAS')
 3 SYSTEMPATH/CodeIgniter.php(934): App\Controllers\LoginController->validar()
 4 SYSTEMPATH/CodeIgniter.php(499): CodeIgniter\CodeIgniter->runController(Object(App\Controllers\LoginController))
 5 SYSTEMPATH/CodeIgniter.php(368): CodeIgniter\CodeIgniter->handleRequest(null, Object(Config\Cache), false)
 6 FCPATH/index.php(67): CodeIgniter\CodeIgniter->run()
CRITICAL - 2023-03-11 21:59:14 --> Call to a member function model() on null
in APPPATH/Models/LoginModel.php on line 69.
 1 APPPATH/Controllers/LoginController.php(45): App\Models\LoginModel->validarLogin('ADMIN', 'ASKJASLKAS')
 2 SYSTEMPATH/CodeIgniter.php(934): App\Controllers\LoginController->validar()
 3 SYSTEMPATH/CodeIgniter.php(499): CodeIgniter\CodeIgniter->runController(Object(App\Controllers\LoginController))
 4 SYSTEMPATH/CodeIgniter.php(368): CodeIgniter\CodeIgniter->handleRequest(null, Object(Config\Cache), false)
 5 FCPATH/index.php(67): CodeIgniter\CodeIgniter->run()
CRITICAL - 2023-03-11 22:04:36 --> Class "CodeIgniter\SistemaModel" not found
in APPPATH/Models/LoginModel.php on line 23.
 1 APPPATH/Controllers/LoginController.php(15): App\Models\LoginModel->__construct()
 2 SYSTEMPATH/CodeIgniter.php(906): App\Controllers\LoginController->__construct()
 3 SYSTEMPATH/CodeIgniter.php(490): CodeIgniter\CodeIgniter->createController()
 4 SYSTEMPATH/CodeIgniter.php(368): CodeIgniter\CodeIgniter->handleRequest(null, Object(Config\Cache), false)
 5 FCPATH/index.php(67): CodeIgniter\CodeIgniter->run()
ERROR - 2023-03-11 22:05:34 --> mysqli_sql_exception: CONSTRAINT `bi_bitacoras.detalle` failed for `smiling`.`bi_bitacoras` in /opt/lampp/htdocs/smiling/vendor/codeigniter4/framework/system/Database/MySQLi/Connection.php:295
Stack trace:
#0 /opt/lampp/htdocs/smiling/vendor/codeigniter4/framework/system/Database/MySQLi/Connection.php(295): mysqli->query('INSERT INTO `bi...', 0)
#1 /opt/lampp/htdocs/smiling/vendor/codeigniter4/framework/system/Database/BaseConnection.php(691): CodeIgniter\Database\MySQLi\Connection->execute('INSERT INTO `bi...')
#2 /opt/lampp/htdocs/smiling/vendor/codeigniter4/framework/system/Database/BaseConnection.php(605): CodeIgniter\Database\BaseConnection->simpleQuery('INSERT INTO `bi...')
#3 /opt/lampp/htdocs/smiling/vendor/codeigniter4/framework/system/Database/BaseBuilder.php(2295): CodeIgniter\Database\BaseConnection->query('INSERT INTO `bi...', Array, false)
#4 /opt/lampp/htdocs/smiling/app/Models/SistemaModel.php(33): CodeIgniter\Database\BaseBuilder->insert(Array)
#5 /opt/lampp/htdocs/smiling/app/Models/LoginModel.php(69): App\Models\SistemaModel->bitacora(3, 1, 'Intento fallido...')
#6 /opt/lampp/htdocs/smiling/app/Controllers/LoginController.php(45): App\Models\LoginModel->validarLogin('ADMIN', 'SKAJS')
#7 /opt/lampp/htdocs/smiling/vendor/codeigniter4/framework/system/CodeIgniter.php(934): App\Controllers\LoginController->validar()
#8 /opt/lampp/htdocs/smiling/vendor/codeigniter4/framework/system/CodeIgniter.php(499): CodeIgniter\CodeIgniter->runController(Object(App\Controllers\LoginController))
#9 /opt/lampp/htdocs/smiling/vendor/codeigniter4/framework/system/CodeIgniter.php(368): CodeIgniter\CodeIgniter->handleRequest(NULL, Object(Config\Cache), false)
#10 /opt/lampp/htdocs/smiling/index.php(67): CodeIgniter\CodeIgniter->run()
#11 {main}
CRITICAL - 2023-03-11 22:05:34 --> CONSTRAINT `bi_bitacoras.detalle` failed for `smiling`.`bi_bitacoras`
in SYSTEMPATH/Database/BaseConnection.php on line 645.
 1 SYSTEMPATH/Database/BaseBuilder.php(2295): CodeIgniter\Database\BaseConnection->query('INSERT INTO `bi_bitacoras` (`idMovimiento`, `fechaHora`, `idTabla`, `tablaRelacionada`, `usuario`, `detalle`) VALUES (:idMovimiento:, :fechaHora:, :idTabla:, :tablaRelacionada:, :usuario:, :detalle:)', [...], false)
 2 APPPATH/Models/SistemaModel.php(33): CodeIgniter\Database\BaseBuilder->insert([...])
 3 APPPATH/Models/LoginModel.php(69): App\Models\SistemaModel->bitacora(3, 1, 'Intento fallido al iniciar sesión')
 4 APPPATH/Controllers/LoginController.php(45): App\Models\LoginModel->validarLogin('ADMIN', 'SKAJS')
 5 SYSTEMPATH/CodeIgniter.php(934): App\Controllers\LoginController->validar()
 6 SYSTEMPATH/CodeIgniter.php(499): CodeIgniter\CodeIgniter->runController(Object(App\Controllers\LoginController))
 7 SYSTEMPATH/CodeIgniter.php(368): CodeIgniter\CodeIgniter->handleRequest(null, Object(Config\Cache), false)
 8 FCPATH/index.php(67): CodeIgniter\CodeIgniter->run()
ERROR - 2023-03-11 22:06:53 --> mysqli_sql_exception: CONSTRAINT `bi_bitacoras.detalle` failed for `smiling`.`bi_bitacoras` in /opt/lampp/htdocs/smiling/vendor/codeigniter4/framework/system/Database/MySQLi/Connection.php:295
Stack trace:
#0 /opt/lampp/htdocs/smiling/vendor/codeigniter4/framework/system/Database/MySQLi/Connection.php(295): mysqli->query('INSERT INTO `bi...', 0)
#1 /opt/lampp/htdocs/smiling/vendor/codeigniter4/framework/system/Database/BaseConnection.php(691): CodeIgniter\Database\MySQLi\Connection->execute('INSERT INTO `bi...')
#2 /opt/lampp/htdocs/smiling/vendor/codeigniter4/framework/system/Database/BaseConnection.php(605): CodeIgniter\Database\BaseConnection->simpleQuery('INSERT INTO `bi...')
#3 /opt/lampp/htdocs/smiling/vendor/codeigniter4/framework/system/Database/BaseBuilder.php(2295): CodeIgniter\Database\BaseConnection->query('INSERT INTO `bi...', Array, false)
#4 /opt/lampp/htdocs/smiling/app/Models/SistemaModel.php(33): CodeIgniter\Database\BaseBuilder->insert(Array)
#5 /opt/lampp/htdocs/smiling/app/Models/LoginModel.php(69): App\Models\SistemaModel->bitacora(3, 1, 'Intento fallido...', 1, 'co_usuarios')
#6 /opt/lampp/htdocs/smiling/app/Controllers/LoginController.php(45): App\Models\LoginModel->validarLogin('ADMIN', 'SKAJS')
#7 /opt/lampp/htdocs/smiling/vendor/codeigniter4/framework/system/CodeIgniter.php(934): App\Controllers\LoginController->validar()
#8 /opt/lampp/htdocs/smiling/vendor/codeigniter4/framework/system/CodeIgniter.php(499): CodeIgniter\CodeIgniter->runController(Object(App\Controllers\LoginController))
#9 /opt/lampp/htdocs/smiling/vendor/codeigniter4/framework/system/CodeIgniter.php(368): CodeIgniter\CodeIgniter->handleRequest(NULL, Object(Config\Cache), false)
#10 /opt/lampp/htdocs/smiling/index.php(67): CodeIgniter\CodeIgniter->run()
#11 {main}
CRITICAL - 2023-03-11 22:06:53 --> CONSTRAINT `bi_bitacoras.detalle` failed for `smiling`.`bi_bitacoras`
in SYSTEMPATH/Database/BaseConnection.php on line 645.
 1 SYSTEMPATH/Database/BaseBuilder.php(2295): CodeIgniter\Database\BaseConnection->query('INSERT INTO `bi_bitacoras` (`idMovimiento`, `fechaHora`, `idTabla`, `tablaRelacionada`, `usuario`, `detalle`) VALUES (:idMovimiento:, :fechaHora:, :idTabla:, :tablaRelacionada:, :usuario:, :detalle:)', [...], false)
 2 APPPATH/Models/SistemaModel.php(33): CodeIgniter\Database\BaseBuilder->insert([...])
 3 APPPATH/Models/LoginModel.php(69): App\Models\SistemaModel->bitacora(3, 1, 'Intento fallido al iniciar sesión', 1, 'co_usuarios')
 4 APPPATH/Controllers/LoginController.php(45): App\Models\LoginModel->validarLogin('ADMIN', 'SKAJS')
 5 SYSTEMPATH/CodeIgniter.php(934): App\Controllers\LoginController->validar()
 6 SYSTEMPATH/CodeIgniter.php(499): CodeIgniter\CodeIgniter->runController(Object(App\Controllers\LoginController))
 7 SYSTEMPATH/CodeIgniter.php(368): CodeIgniter\CodeIgniter->handleRequest(null, Object(Config\Cache), false)
 8 FCPATH/index.php(67): CodeIgniter\CodeIgniter->run()
CRITICAL - 2023-03-11 22:07:11 --> Call to undefined method App\Models\LoginModel::bitacora
in SYSTEMPATH/Model.php on line 841.
 1 APPPATH/Models/LoginModel.php(69): CodeIgniter\Model->__call('bitacora', [...])
 2 APPPATH/Controllers/LoginController.php(45): App\Models\LoginModel->validarLogin('ADMIN', 'SKAJS')
 3 SYSTEMPATH/CodeIgniter.php(934): App\Controllers\LoginController->validar()
 4 SYSTEMPATH/CodeIgniter.php(499): CodeIgniter\CodeIgniter->runController(Object(App\Controllers\LoginController))
 5 SYSTEMPATH/CodeIgniter.php(368): CodeIgniter\CodeIgniter->handleRequest(null, Object(Config\Cache), false)
 6 FCPATH/index.php(67): CodeIgniter\CodeIgniter->run()
CRITICAL - 2023-03-11 22:14:34 --> Call to undefined method App\Models\LoginModel::bitacora
in SYSTEMPATH/Model.php on line 841.
 1 APPPATH/Models/LoginModel.php(68): CodeIgniter\Model->__call('bitacora', [...])
 2 APPPATH/Controllers/LoginController.php(45): App\Models\LoginModel->validarLogin('ADMIN', 'SKAJS')
 3 SYSTEMPATH/CodeIgniter.php(934): App\Controllers\LoginController->validar()
 4 SYSTEMPATH/CodeIgniter.php(499): CodeIgniter\CodeIgniter->runController(Object(App\Controllers\LoginController))
 5 SYSTEMPATH/CodeIgniter.php(368): CodeIgniter\CodeIgniter->handleRequest(null, Object(Config\Cache), false)
 6 FCPATH/index.php(67): CodeIgniter\CodeIgniter->run()
CRITICAL - 2023-03-11 22:15:50 --> Call to a member function bitacora() on null
in APPPATH/Models/LoginModel.php on line 68.
 1 APPPATH/Controllers/LoginController.php(45): App\Models\LoginModel->validarLogin('ADMIN', 'SKAJS')
 2 SYSTEMPATH/CodeIgniter.php(934): App\Controllers\LoginController->validar()
 3 SYSTEMPATH/CodeIgniter.php(499): CodeIgniter\CodeIgniter->runController(Object(App\Controllers\LoginController))
 4 SYSTEMPATH/CodeIgniter.php(368): CodeIgniter\CodeIgniter->handleRequest(null, Object(Config\Cache), false)
 5 FCPATH/index.php(67): CodeIgniter\CodeIgniter->run()
ERROR - 2023-03-11 22:17:08 --> mysqli_sql_exception: CONSTRAINT `bi_bitacoras.detalle` failed for `smiling`.`bi_bitacoras` in /opt/lampp/htdocs/smiling/vendor/codeigniter4/framework/system/Database/MySQLi/Connection.php:295
Stack trace:
#0 /opt/lampp/htdocs/smiling/vendor/codeigniter4/framework/system/Database/MySQLi/Connection.php(295): mysqli->query('INSERT INTO `bi...', 0)
#1 /opt/lampp/htdocs/smiling/vendor/codeigniter4/framework/system/Database/BaseConnection.php(691): CodeIgniter\Database\MySQLi\Connection->execute('INSERT INTO `bi...')
#2 /opt/lampp/htdocs/smiling/vendor/codeigniter4/framework/system/Database/BaseConnection.php(605): CodeIgniter\Database\BaseConnection->simpleQuery('INSERT INTO `bi...')
#3 /opt/lampp/htdocs/smiling/vendor/codeigniter4/framework/system/Database/BaseBuilder.php(2295): CodeIgniter\Database\BaseConnection->query('INSERT INTO `bi...', Array, false)
#4 /opt/lampp/htdocs/smiling/app/Models/SistemaModel.php(32): CodeIgniter\Database\BaseBuilder->insert(Array)
#5 /opt/lampp/htdocs/smiling/app/Models/LoginModel.php(69): App\Models\SistemaModel->bitacora(3, 1, 'Intento fallido...', 1, 'co_usuarios')
#6 /opt/lampp/htdocs/smiling/app/Controllers/LoginController.php(45): App\Models\LoginModel->validarLogin('ADMIN', 'SKAJS')
#7 /opt/lampp/htdocs/smiling/vendor/codeigniter4/framework/system/CodeIgniter.php(934): App\Controllers\LoginController->validar()
#8 /opt/lampp/htdocs/smiling/vendor/codeigniter4/framework/system/CodeIgniter.php(499): CodeIgniter\CodeIgniter->runController(Object(App\Controllers\LoginController))
#9 /opt/lampp/htdocs/smiling/vendor/codeigniter4/framework/system/CodeIgniter.php(368): CodeIgniter\CodeIgniter->handleRequest(NULL, Object(Config\Cache), false)
#10 /opt/lampp/htdocs/smiling/index.php(67): CodeIgniter\CodeIgniter->run()
#11 {main}
CRITICAL - 2023-03-11 22:17:08 --> CONSTRAINT `bi_bitacoras.detalle` failed for `smiling`.`bi_bitacoras`
in SYSTEMPATH/Database/BaseConnection.php on line 645.
 1 SYSTEMPATH/Database/BaseBuilder.php(2295): CodeIgniter\Database\BaseConnection->query('INSERT INTO `bi_bitacoras` (`idMovimiento`, `fechaHora`, `idTabla`, `tablaRelacionada`, `usuario`, `detalle`) VALUES (:idMovimiento:, :fechaHora:, :idTabla:, :tablaRelacionada:, :usuario:, :detalle:)', [...], false)
 2 APPPATH/Models/SistemaModel.php(32): CodeIgniter\Database\BaseBuilder->insert([...])
 3 APPPATH/Models/LoginModel.php(69): App\Models\SistemaModel->bitacora(3, 1, 'Intento fallido al iniciar sesión', 1, 'co_usuarios')
 4 APPPATH/Controllers/LoginController.php(45): App\Models\LoginModel->validarLogin('ADMIN', 'SKAJS')
 5 SYSTEMPATH/CodeIgniter.php(934): App\Controllers\LoginController->validar()
 6 SYSTEMPATH/CodeIgniter.php(499): CodeIgniter\CodeIgniter->runController(Object(App\Controllers\LoginController))
 7 SYSTEMPATH/CodeIgniter.php(368): CodeIgniter\CodeIgniter->handleRequest(null, Object(Config\Cache), false)
 8 FCPATH/index.php(67): CodeIgniter\CodeIgniter->run()
ERROR - 2023-03-11 22:24:24 --> mysqli_sql_exception: CONSTRAINT `bi_bitacoras.detalle` failed for `smiling`.`bi_bitacoras` in /opt/lampp/htdocs/smiling/vendor/codeigniter4/framework/system/Database/MySQLi/Connection.php:295
Stack trace:
#0 /opt/lampp/htdocs/smiling/vendor/codeigniter4/framework/system/Database/MySQLi/Connection.php(295): mysqli->query('INSERT INTO `bi...', 0)
#1 /opt/lampp/htdocs/smiling/vendor/codeigniter4/framework/system/Database/BaseConnection.php(691): CodeIgniter\Database\MySQLi\Connection->execute('INSERT INTO `bi...')
#2 /opt/lampp/htdocs/smiling/vendor/codeigniter4/framework/system/Database/BaseConnection.php(605): CodeIgniter\Database\BaseConnection->simpleQuery('INSERT INTO `bi...')
#3 /opt/lampp/htdocs/smiling/vendor/codeigniter4/framework/system/Database/BaseBuilder.php(2295): CodeIgniter\Database\BaseConnection->query('INSERT INTO `bi...', Array, false)
#4 /opt/lampp/htdocs/smiling/app/Models/SistemaModel.php(32): CodeIgniter\Database\BaseBuilder->insert(Array)
#5 /opt/lampp/htdocs/smiling/app/Models/LoginModel.php(70): App\Models\SistemaModel->bitacora(3, 1, 'Intento fallido...', 1, 'co_usuarios')
#6 /opt/lampp/htdocs/smiling/app/Controllers/LoginController.php(45): App\Models\LoginModel->validarLogin('ADMIN', 'SKAJS')
#7 /opt/lampp/htdocs/smiling/vendor/codeigniter4/framework/system/CodeIgniter.php(934): App\Controllers\LoginController->validar()
#8 /opt/lampp/htdocs/smiling/vendor/codeigniter4/framework/system/CodeIgniter.php(499): CodeIgniter\CodeIgniter->runController(Object(App\Controllers\LoginController))
#9 /opt/lampp/htdocs/smiling/vendor/codeigniter4/framework/system/CodeIgniter.php(368): CodeIgniter\CodeIgniter->handleRequest(NULL, Object(Config\Cache), false)
#10 /opt/lampp/htdocs/smiling/index.php(67): CodeIgniter\CodeIgniter->run()
#11 {main}
CRITICAL - 2023-03-11 22:24:24 --> CONSTRAINT `bi_bitacoras.detalle` failed for `smiling`.`bi_bitacoras`
in SYSTEMPATH/Database/BaseConnection.php on line 645.
 1 SYSTEMPATH/Database/BaseBuilder.php(2295): CodeIgniter\Database\BaseConnection->query('INSERT INTO `bi_bitacoras` (`idMovimiento`, `fechaHora`, `idTabla`, `tablaRelacionada`, `usuario`, `detalle`) VALUES (:idMovimiento:, :fechaHora:, :idTabla:, :tablaRelacionada:, :usuario:, :detalle:)', [...], false)
 2 APPPATH/Models/SistemaModel.php(32): CodeIgniter\Database\BaseBuilder->insert([...])
 3 APPPATH/Models/LoginModel.php(70): App\Models\SistemaModel->bitacora(3, 1, 'Intento fallido al iniciar sesión', 1, 'co_usuarios')
 4 APPPATH/Controllers/LoginController.php(45): App\Models\LoginModel->validarLogin('ADMIN', 'SKAJS')
 5 SYSTEMPATH/CodeIgniter.php(934): App\Controllers\LoginController->validar()
 6 SYSTEMPATH/CodeIgniter.php(499): CodeIgniter\CodeIgniter->runController(Object(App\Controllers\LoginController))
 7 SYSTEMPATH/CodeIgniter.php(368): CodeIgniter\CodeIgniter->handleRequest(null, Object(Config\Cache), false)
 8 FCPATH/index.php(67): CodeIgniter\CodeIgniter->run()
ERROR - 2023-03-11 22:27:09 --> mysqli_sql_exception: CONSTRAINT `bi_bitacoras.detalle` failed for `smiling`.`bi_bitacoras` in /opt/lampp/htdocs/smiling/vendor/codeigniter4/framework/system/Database/MySQLi/Connection.php:295
Stack trace:
#0 /opt/lampp/htdocs/smiling/vendor/codeigniter4/framework/system/Database/MySQLi/Connection.php(295): mysqli->query('INSERT INTO `bi...', 0)
#1 /opt/lampp/htdocs/smiling/vendor/codeigniter4/framework/system/Database/BaseConnection.php(691): CodeIgniter\Database\MySQLi\Connection->execute('INSERT INTO `bi...')
#2 /opt/lampp/htdocs/smiling/vendor/codeigniter4/framework/system/Database/BaseConnection.php(605): CodeIgniter\Database\BaseConnection->simpleQuery('INSERT INTO `bi...')
#3 /opt/lampp/htdocs/smiling/vendor/codeigniter4/framework/system/Database/BaseBuilder.php(2295): CodeIgniter\Database\BaseConnection->query('INSERT INTO `bi...', Array, false)
#4 /opt/lampp/htdocs/smiling/app/Models/SistemaModel.php(32): CodeIgniter\Database\BaseBuilder->insert(Array)
#5 /opt/lampp/htdocs/smiling/app/Models/LoginModel.php(70): App\Models\SistemaModel->bitacora(3, 1, 'Intento fallido...', 1, 'co_usuarios')
#6 /opt/lampp/htdocs/smiling/app/Controllers/LoginController.php(45): App\Models\LoginModel->validarLogin('ADMIN', 'SKAJS')
#7 /opt/lampp/htdocs/smiling/vendor/codeigniter4/framework/system/CodeIgniter.php(934): App\Controllers\LoginController->validar()
#8 /opt/lampp/htdocs/smiling/vendor/codeigniter4/framework/system/CodeIgniter.php(499): CodeIgniter\CodeIgniter->runController(Object(App\Controllers\LoginController))
#9 /opt/lampp/htdocs/smiling/vendor/codeigniter4/framework/system/CodeIgniter.php(368): CodeIgniter\CodeIgniter->handleRequest(NULL, Object(Config\Cache), false)
#10 /opt/lampp/htdocs/smiling/index.php(67): CodeIgniter\CodeIgniter->run()
#11 {main}
CRITICAL - 2023-03-11 22:27:09 --> CONSTRAINT `bi_bitacoras.detalle` failed for `smiling`.`bi_bitacoras`
in SYSTEMPATH/Database/BaseConnection.php on line 645.
 1 SYSTEMPATH/Database/BaseBuilder.php(2295): CodeIgniter\Database\BaseConnection->query('INSERT INTO `bi_bitacoras` (`idMovimiento`, `fechaHora`, `idTabla`, `tablaRelacionada`, `usuario`, `detalle`) VALUES (:idMovimiento:, :fechaHora:, :idTabla:, :tablaRelacionada:, :usuario:, :detalle:)', [...], false)
 2 APPPATH/Models/SistemaModel.php(32): CodeIgniter\Database\BaseBuilder->insert([...])
 3 APPPATH/Models/LoginModel.php(70): App\Models\SistemaModel->bitacora(3, 1, 'Intento fallido al iniciar sesión', 1, 'co_usuarios')
 4 APPPATH/Controllers/LoginController.php(45): App\Models\LoginModel->validarLogin('ADMIN', 'SKAJS')
 5 SYSTEMPATH/CodeIgniter.php(934): App\Controllers\LoginController->validar()
 6 SYSTEMPATH/CodeIgniter.php(499): CodeIgniter\CodeIgniter->runController(Object(App\Controllers\LoginController))
 7 SYSTEMPATH/CodeIgniter.php(368): CodeIgniter\CodeIgniter->handleRequest(null, Object(Config\Cache), false)
 8 FCPATH/index.php(67): CodeIgniter\CodeIgniter->run()
ERROR - 2023-03-11 22:27:31 --> mysqli_sql_exception: CONSTRAINT `bi_bitacoras.detalle` failed for `smiling`.`bi_bitacoras` in /opt/lampp/htdocs/smiling/vendor/codeigniter4/framework/system/Database/MySQLi/Connection.php:295
Stack trace:
#0 /opt/lampp/htdocs/smiling/vendor/codeigniter4/framework/system/Database/MySQLi/Connection.php(295): mysqli->query('INSERT INTO `bi...', 0)
#1 /opt/lampp/htdocs/smiling/vendor/codeigniter4/framework/system/Database/BaseConnection.php(691): CodeIgniter\Database\MySQLi\Connection->execute('INSERT INTO `bi...')
#2 /opt/lampp/htdocs/smiling/vendor/codeigniter4/framework/system/Database/BaseConnection.php(605): CodeIgniter\Database\BaseConnection->simpleQuery('INSERT INTO `bi...')
#3 /opt/lampp/htdocs/smiling/vendor/codeigniter4/framework/system/Database/BaseBuilder.php(2295): CodeIgniter\Database\BaseConnection->query('INSERT INTO `bi...', Array, false)
#4 /opt/lampp/htdocs/smiling/app/Models/SistemaModel.php(32): CodeIgniter\Database\BaseBuilder->insert(Array)
#5 /opt/lampp/htdocs/smiling/app/Models/LoginModel.php(70): App\Models\SistemaModel->bitacora(3, 1, 'Intento fallido...', 1, 'co_usuarios')
#6 /opt/lampp/htdocs/smiling/app/Controllers/LoginController.php(45): App\Models\LoginModel->validarLogin('ADMIN', 'SKAJS')
#7 /opt/lampp/htdocs/smiling/vendor/codeigniter4/framework/system/CodeIgniter.php(934): App\Controllers\LoginController->validar()
#8 /opt/lampp/htdocs/smiling/vendor/codeigniter4/framework/system/CodeIgniter.php(499): CodeIgniter\CodeIgniter->runController(Object(App\Controllers\LoginController))
#9 /opt/lampp/htdocs/smiling/vendor/codeigniter4/framework/system/CodeIgniter.php(368): CodeIgniter\CodeIgniter->handleRequest(NULL, Object(Config\Cache), false)
#10 /opt/lampp/htdocs/smiling/index.php(67): CodeIgniter\CodeIgniter->run()
#11 {main}
CRITICAL - 2023-03-11 22:27:31 --> CONSTRAINT `bi_bitacoras.detalle` failed for `smiling`.`bi_bitacoras`
in SYSTEMPATH/Database/BaseConnection.php on line 645.
 1 SYSTEMPATH/Database/BaseBuilder.php(2295): CodeIgniter\Database\BaseConnection->query('INSERT INTO `bi_bitacoras` (`idMovimiento`, `fechaHora`, `idTabla`, `tablaRelacionada`, `usuario`, `detalle`) VALUES (:idMovimiento:, :fechaHora:, :idTabla:, :tablaRelacionada:, :usuario:, :detalle:)', [...], false)
 2 APPPATH/Models/SistemaModel.php(32): CodeIgniter\Database\BaseBuilder->insert([...])
 3 APPPATH/Models/LoginModel.php(70): App\Models\SistemaModel->bitacora(3, 1, 'Intento fallido al iniciar sesión', 1, 'co_usuarios')
 4 APPPATH/Controllers/LoginController.php(45): App\Models\LoginModel->validarLogin('ADMIN', 'SKAJS')
 5 SYSTEMPATH/CodeIgniter.php(934): App\Controllers\LoginController->validar()
 6 SYSTEMPATH/CodeIgniter.php(499): CodeIgniter\CodeIgniter->runController(Object(App\Controllers\LoginController))
 7 SYSTEMPATH/CodeIgniter.php(368): CodeIgniter\CodeIgniter->handleRequest(null, Object(Config\Cache), false)
 8 FCPATH/index.php(67): CodeIgniter\CodeIgniter->run()
