INFO - 2023-05-24 13:32:46 --> Session: Class initialized using 'CodeIgniter\Session\Handlers\FileHandler' driver.
INFO - 2023-05-24 13:32:48 --> Session: Class initialized using 'CodeIgniter\Session\Handlers\FileHandler' driver.
CRITICAL - 2023-05-24 13:32:53 --> include(C:\xampp\htdocs\smiling\vendor\codeigniter4\framework\system\Debug/Toolbar/Views/toolbarloader.js): Failed to open stream: No such file or directory
in SYSTEMPATH\Debug\Toolbar.php on line 452.
 1 SYSTEMPATH\Debug\Toolbar.php(452): CodeIgniter\Debug\Exceptions->errorHandler(2, 'include(C:\\xampp\\htdocs\\smiling\\vendor\\codeigniter4\\framework\\system\\Debug/Toolbar/Views/toolbarloader.js): Failed to open stream: No such file or directory', 'SYSTEMPATH\\Debug\\Toolbar.php', 452)
 2 SYSTEMPATH\Debug\Toolbar.php(452): include()
 3 APPPATH\Config\Events.php(46): CodeIgniter\Debug\Toolbar->respond()
 4 SYSTEMPATH\Events\Events.php(149): CodeIgniter\Events\Events::Config\{closure}()
 5 SYSTEMPATH\CodeIgniter.php(350): CodeIgniter\Events\Events::trigger('pre_system')
 6 FCPATH\index.php(67): CodeIgniter\CodeIgniter->run()
INFO - 2023-05-24 13:32:55 --> Session: Class initialized using 'CodeIgniter\Session\Handlers\FileHandler' driver.
INFO - 2023-05-24 13:33:36 --> Session: Class initialized using 'CodeIgniter\Session\Handlers\FileHandler' driver.
CRITICAL - 2023-05-24 13:33:38 --> include(C:\xampp\htdocs\smiling\vendor\codeigniter4\framework\system\Debug/Toolbar/Views/toolbarloader.js): Failed to open stream: No such file or directory
in SYSTEMPATH\Debug\Toolbar.php on line 452.
 1 SYSTEMPATH\Debug\Toolbar.php(452): CodeIgniter\Debug\Exceptions->errorHandler(2, 'include(C:\\xampp\\htdocs\\smiling\\vendor\\codeigniter4\\framework\\system\\Debug/Toolbar/Views/toolbarloader.js): Failed to open stream: No such file or directory', 'SYSTEMPATH\\Debug\\Toolbar.php', 452)
 2 SYSTEMPATH\Debug\Toolbar.php(452): include()
 3 APPPATH\Config\Events.php(46): CodeIgniter\Debug\Toolbar->respond()
 4 SYSTEMPATH\Events\Events.php(149): CodeIgniter\Events\Events::Config\{closure}()
 5 SYSTEMPATH\CodeIgniter.php(350): CodeIgniter\Events\Events::trigger('pre_system')
 6 FCPATH\index.php(67): CodeIgniter\CodeIgniter->run()
INFO - 2023-05-24 13:33:39 --> Session: Class initialized using 'CodeIgniter\Session\Handlers\FileHandler' driver.
INFO - 2023-05-24 13:50:43 --> Session: Class initialized using 'CodeIgniter\Session\Handlers\FileHandler' driver.
CRITICAL - 2023-05-24 13:50:44 --> include(C:\xampp\htdocs\smiling\vendor\codeigniter4\framework\system\Debug/Toolbar/Views/toolbarloader.js): Failed to open stream: No such file or directory
in SYSTEMPATH\Debug\Toolbar.php on line 452.
 1 SYSTEMPATH\Debug\Toolbar.php(452): CodeIgniter\Debug\Exceptions->errorHandler(2, 'include(C:\\xampp\\htdocs\\smiling\\vendor\\codeigniter4\\framework\\system\\Debug/Toolbar/Views/toolbarloader.js): Failed to open stream: No such file or directory', 'SYSTEMPATH\\Debug\\Toolbar.php', 452)
 2 SYSTEMPATH\Debug\Toolbar.php(452): include()
 3 APPPATH\Config\Events.php(46): CodeIgniter\Debug\Toolbar->respond()
 4 SYSTEMPATH\Events\Events.php(149): CodeIgniter\Events\Events::Config\{closure}()
 5 SYSTEMPATH\CodeIgniter.php(350): CodeIgniter\Events\Events::trigger('pre_system')
 6 FCPATH\index.php(67): CodeIgniter\CodeIgniter->run()
INFO - 2023-05-24 13:50:47 --> Session: Class initialized using 'CodeIgniter\Session\Handlers\FileHandler' driver.
